[2022-12-05T19:22:39.385+0000] {taskinstance.py:1165} INFO - Dependencies all met for <TaskInstance: first_dag.world scheduled__2022-12-05T05:30:00+00:00 [queued]>
[2022-12-05T19:22:39.404+0000] {taskinstance.py:1165} INFO - Dependencies all met for <TaskInstance: first_dag.world scheduled__2022-12-05T05:30:00+00:00 [queued]>
[2022-12-05T19:22:39.406+0000] {taskinstance.py:1362} INFO - 
--------------------------------------------------------------------------------
[2022-12-05T19:22:39.407+0000] {taskinstance.py:1363} INFO - Starting attempt 1 of 1
[2022-12-05T19:22:39.408+0000] {taskinstance.py:1364} INFO - 
--------------------------------------------------------------------------------
[2022-12-05T19:22:39.499+0000] {taskinstance.py:1383} INFO - Executing <Task(PythonOperator): world> on 2022-12-05 05:30:00+00:00
[2022-12-05T19:22:39.513+0000] {standard_task_runner.py:55} INFO - Started process 12584 to run task
[2022-12-05T19:22:39.518+0000] {standard_task_runner.py:82} INFO - Running: ['***', 'tasks', 'run', 'first_dag', 'world', 'scheduled__2022-12-05T05:30:00+00:00', '--job-id', '1793', '--raw', '--subdir', 'DAGS_FOLDER/***1t.py', '--cfg-path', '/tmp/tmp7wjmrf_9']
[2022-12-05T19:22:39.541+0000] {standard_task_runner.py:83} INFO - Job 1793: Subtask world
[2022-12-05T19:22:39.768+0000] {task_command.py:376} INFO - Running <TaskInstance: first_dag.world scheduled__2022-12-05T05:30:00+00:00 [running]> on host debdf09646d4
[2022-12-05T19:22:39.973+0000] {taskinstance.py:1592} INFO - Exporting the following env vars:
AIRFLOW_CTX_DAG_OWNER=***
AIRFLOW_CTX_DAG_ID=first_dag
AIRFLOW_CTX_TASK_ID=world
AIRFLOW_CTX_EXECUTION_DATE=2022-12-05T05:30:00+00:00
AIRFLOW_CTX_TRY_NUMBER=1
AIRFLOW_CTX_DAG_RUN_ID=scheduled__2022-12-05T05:30:00+00:00
[2022-12-05T19:22:39.975+0000] {logging_mixin.py:137} INFO - Hello!
[2022-12-05T19:22:39.976+0000] {python.py:177} INFO - Done. Returned value was: None
[2022-12-05T19:22:40.051+0000] {taskinstance.py:1406} INFO - Marking task as SUCCESS. dag_id=first_dag, task_id=world, execution_date=20221205T053000, start_date=20221205T192239, end_date=20221205T192240
[2022-12-05T19:22:40.140+0000] {local_task_job.py:159} INFO - Task exited with return code 0
[2022-12-05T19:22:40.216+0000] {taskinstance.py:2623} INFO - 1 downstream tasks scheduled from follow-on schedule check
