[2022-12-05T19:26:11.218+0000] {taskinstance.py:1165} INFO - Dependencies all met for <TaskInstance: first_dag.number_task scheduled__2022-12-05T14:10:00+00:00 [queued]>
[2022-12-05T19:26:11.235+0000] {taskinstance.py:1165} INFO - Dependencies all met for <TaskInstance: first_dag.number_task scheduled__2022-12-05T14:10:00+00:00 [queued]>
[2022-12-05T19:26:11.236+0000] {taskinstance.py:1362} INFO - 
--------------------------------------------------------------------------------
[2022-12-05T19:26:11.236+0000] {taskinstance.py:1363} INFO - Starting attempt 1 of 1
[2022-12-05T19:26:11.237+0000] {taskinstance.py:1364} INFO - 
--------------------------------------------------------------------------------
[2022-12-05T19:26:11.272+0000] {taskinstance.py:1383} INFO - Executing <Task(PythonOperator): number_task> on 2022-12-05 14:10:00+00:00
[2022-12-05T19:26:11.281+0000] {standard_task_runner.py:55} INFO - Started process 15098 to run task
[2022-12-05T19:26:11.286+0000] {standard_task_runner.py:82} INFO - Running: ['***', 'tasks', 'run', 'first_dag', 'number_task', 'scheduled__2022-12-05T14:10:00+00:00', '--job-id', '2547', '--raw', '--subdir', 'DAGS_FOLDER/***1t.py', '--cfg-path', '/tmp/tmpbgqmranb']
[2022-12-05T19:26:11.289+0000] {standard_task_runner.py:83} INFO - Job 2547: Subtask number_task
[2022-12-05T19:26:11.409+0000] {task_command.py:376} INFO - Running <TaskInstance: first_dag.number_task scheduled__2022-12-05T14:10:00+00:00 [running]> on host debdf09646d4
[2022-12-05T19:26:11.584+0000] {taskinstance.py:1592} INFO - Exporting the following env vars:
AIRFLOW_CTX_DAG_OWNER=***
AIRFLOW_CTX_DAG_ID=first_dag
AIRFLOW_CTX_TASK_ID=number_task
AIRFLOW_CTX_EXECUTION_DATE=2022-12-05T14:10:00+00:00
AIRFLOW_CTX_TRY_NUMBER=1
AIRFLOW_CTX_DAG_RUN_ID=scheduled__2022-12-05T14:10:00+00:00
[2022-12-05T19:26:11.587+0000] {logging_mixin.py:137} INFO - 14   31
[2022-12-05T19:26:11.588+0000] {logging_mixin.py:137} INFO - <_io.TextIOWrapper name='file.txt' mode='a' encoding='UTF-8'>
[2022-12-05T19:26:11.588+0000] {python.py:177} INFO - Done. Returned value was: None
[2022-12-05T19:26:11.602+0000] {taskinstance.py:1406} INFO - Marking task as SUCCESS. dag_id=first_dag, task_id=number_task, execution_date=20221205T141000, start_date=20221205T192611, end_date=20221205T192611
[2022-12-05T19:26:11.630+0000] {local_task_job.py:159} INFO - Task exited with return code 0
[2022-12-05T19:26:11.660+0000] {taskinstance.py:2623} INFO - 1 downstream tasks scheduled from follow-on schedule check
