[2022-11-30T18:56:35.401+0000] {taskinstance.py:1165} INFO - Dependencies all met for <TaskInstance: first_dag.world manual__2022-11-30T18:56:33.241862+00:00 [queued]>
[2022-11-30T18:56:35.410+0000] {taskinstance.py:1165} INFO - Dependencies all met for <TaskInstance: first_dag.world manual__2022-11-30T18:56:33.241862+00:00 [queued]>
[2022-11-30T18:56:35.410+0000] {taskinstance.py:1362} INFO - 
--------------------------------------------------------------------------------
[2022-11-30T18:56:35.411+0000] {taskinstance.py:1363} INFO - Starting attempt 1 of 1
[2022-11-30T18:56:35.411+0000] {taskinstance.py:1364} INFO - 
--------------------------------------------------------------------------------
[2022-11-30T18:56:35.425+0000] {taskinstance.py:1383} INFO - Executing <Task(PythonOperator): world> on 2022-11-30 18:56:33.241862+00:00
[2022-11-30T18:56:35.430+0000] {standard_task_runner.py:55} INFO - Started process 7232 to run task
[2022-11-30T18:56:35.433+0000] {standard_task_runner.py:82} INFO - Running: ['***', 'tasks', 'run', 'first_dag', 'world', 'manual__2022-11-30T18:56:33.241862+00:00', '--job-id', '713', '--raw', '--subdir', 'DAGS_FOLDER/***1t.py', '--cfg-path', '/tmp/tmpq9kwuzez']
[2022-11-30T18:56:35.435+0000] {standard_task_runner.py:83} INFO - Job 713: Subtask world
[2022-11-30T18:56:35.499+0000] {task_command.py:376} INFO - Running <TaskInstance: first_dag.world manual__2022-11-30T18:56:33.241862+00:00 [running]> on host debdf09646d4
[2022-11-30T18:56:35.576+0000] {taskinstance.py:1592} INFO - Exporting the following env vars:
AIRFLOW_CTX_DAG_OWNER=***
AIRFLOW_CTX_DAG_ID=first_dag
AIRFLOW_CTX_TASK_ID=world
AIRFLOW_CTX_EXECUTION_DATE=2022-11-30T18:56:33.241862+00:00
AIRFLOW_CTX_TRY_NUMBER=1
AIRFLOW_CTX_DAG_RUN_ID=manual__2022-11-30T18:56:33.241862+00:00
[2022-11-30T18:56:35.577+0000] {logging_mixin.py:137} INFO - Hello!
[2022-11-30T18:56:35.577+0000] {python.py:177} INFO - Done. Returned value was: None
[2022-11-30T18:56:35.637+0000] {taskinstance.py:1406} INFO - Marking task as SUCCESS. dag_id=first_dag, task_id=world, execution_date=20221130T185633, start_date=20221130T185635, end_date=20221130T185635
[2022-11-30T18:56:35.686+0000] {local_task_job.py:159} INFO - Task exited with return code 0
[2022-11-30T18:56:35.711+0000] {taskinstance.py:2623} INFO - 1 downstream tasks scheduled from follow-on schedule check
