[2022-11-30T20:15:07.439+0000] {taskinstance.py:1165} INFO - Dependencies all met for <TaskInstance: first_dag.world manual__2022-11-30T20:15:05.229105+00:00 [queued]>
[2022-11-30T20:15:07.449+0000] {taskinstance.py:1165} INFO - Dependencies all met for <TaskInstance: first_dag.world manual__2022-11-30T20:15:05.229105+00:00 [queued]>
[2022-11-30T20:15:07.449+0000] {taskinstance.py:1362} INFO - 
--------------------------------------------------------------------------------
[2022-11-30T20:15:07.450+0000] {taskinstance.py:1363} INFO - Starting attempt 1 of 1
[2022-11-30T20:15:07.450+0000] {taskinstance.py:1364} INFO - 
--------------------------------------------------------------------------------
[2022-11-30T20:15:07.464+0000] {taskinstance.py:1383} INFO - Executing <Task(PythonOperator): world> on 2022-11-30 20:15:05.229105+00:00
[2022-11-30T20:15:07.469+0000] {standard_task_runner.py:55} INFO - Started process 11194 to run task
[2022-11-30T20:15:07.472+0000] {standard_task_runner.py:82} INFO - Running: ['***', 'tasks', 'run', 'first_dag', 'world', 'manual__2022-11-30T20:15:05.229105+00:00', '--job-id', '781', '--raw', '--subdir', 'DAGS_FOLDER/***1t.py', '--cfg-path', '/tmp/tmpphpcgrmy']
[2022-11-30T20:15:07.474+0000] {standard_task_runner.py:83} INFO - Job 781: Subtask world
[2022-11-30T20:15:07.536+0000] {task_command.py:376} INFO - Running <TaskInstance: first_dag.world manual__2022-11-30T20:15:05.229105+00:00 [running]> on host debdf09646d4
[2022-11-30T20:15:07.604+0000] {taskinstance.py:1592} INFO - Exporting the following env vars:
AIRFLOW_CTX_DAG_OWNER=***
AIRFLOW_CTX_DAG_ID=first_dag
AIRFLOW_CTX_TASK_ID=world
AIRFLOW_CTX_EXECUTION_DATE=2022-11-30T20:15:05.229105+00:00
AIRFLOW_CTX_TRY_NUMBER=1
AIRFLOW_CTX_DAG_RUN_ID=manual__2022-11-30T20:15:05.229105+00:00
[2022-11-30T20:15:07.605+0000] {logging_mixin.py:137} INFO - Hello!
[2022-11-30T20:15:07.606+0000] {python.py:177} INFO - Done. Returned value was: None
[2022-11-30T20:15:07.614+0000] {taskinstance.py:1406} INFO - Marking task as SUCCESS. dag_id=first_dag, task_id=world, execution_date=20221130T201505, start_date=20221130T201507, end_date=20221130T201507
[2022-11-30T20:15:07.645+0000] {local_task_job.py:159} INFO - Task exited with return code 0
[2022-11-30T20:15:07.671+0000] {taskinstance.py:2623} INFO - 1 downstream tasks scheduled from follow-on schedule check
