[2022-11-28T20:12:55.227+0000] {taskinstance.py:1165} INFO - Dependencies all met for <TaskInstance: first_dag.hello scheduled__2022-10-13T00:00:00+00:00 [queued]>
[2022-11-28T20:12:55.237+0000] {taskinstance.py:1165} INFO - Dependencies all met for <TaskInstance: first_dag.hello scheduled__2022-10-13T00:00:00+00:00 [queued]>
[2022-11-28T20:12:55.237+0000] {taskinstance.py:1362} INFO - 
--------------------------------------------------------------------------------
[2022-11-28T20:12:55.238+0000] {taskinstance.py:1363} INFO - Starting attempt 1 of 1
[2022-11-28T20:12:55.238+0000] {taskinstance.py:1364} INFO - 
--------------------------------------------------------------------------------
[2022-11-28T20:12:55.255+0000] {taskinstance.py:1383} INFO - Executing <Task(BashOperator): hello> on 2022-10-13 00:00:00+00:00
[2022-11-28T20:12:55.259+0000] {standard_task_runner.py:55} INFO - Started process 1685 to run task
[2022-11-28T20:12:55.262+0000] {standard_task_runner.py:82} INFO - Running: ['***', 'tasks', 'run', 'first_dag', 'hello', 'scheduled__2022-10-13T00:00:00+00:00', '--job-id', '581', '--raw', '--subdir', 'DAGS_FOLDER/***1t.py', '--cfg-path', '/tmp/tmp_fi9_r4w']
[2022-11-28T20:12:55.263+0000] {standard_task_runner.py:83} INFO - Job 581: Subtask hello
[2022-11-28T20:12:55.325+0000] {task_command.py:376} INFO - Running <TaskInstance: first_dag.hello scheduled__2022-10-13T00:00:00+00:00 [running]> on host 7720011b9adc
[2022-11-28T20:12:55.397+0000] {taskinstance.py:1592} INFO - Exporting the following env vars:
AIRFLOW_CTX_DAG_OWNER=***
AIRFLOW_CTX_DAG_ID=first_dag
AIRFLOW_CTX_TASK_ID=hello
AIRFLOW_CTX_EXECUTION_DATE=2022-10-13T00:00:00+00:00
AIRFLOW_CTX_TRY_NUMBER=1
AIRFLOW_CTX_DAG_RUN_ID=scheduled__2022-10-13T00:00:00+00:00
[2022-11-28T20:12:55.399+0000] {subprocess.py:63} INFO - Tmp dir root location: 
 /tmp
[2022-11-28T20:12:55.399+0000] {subprocess.py:75} INFO - Running command: ['/bin/bash', '-c', 'echo hello']
[2022-11-28T20:12:55.407+0000] {subprocess.py:86} INFO - Output:
[2022-11-28T20:12:55.409+0000] {subprocess.py:93} INFO - hello
[2022-11-28T20:12:55.409+0000] {subprocess.py:97} INFO - Command exited with return code 0
[2022-11-28T20:12:55.435+0000] {taskinstance.py:1406} INFO - Marking task as SUCCESS. dag_id=first_dag, task_id=hello, execution_date=20221013T000000, start_date=20221128T201255, end_date=20221128T201255
[2022-11-28T20:12:55.474+0000] {local_task_job.py:159} INFO - Task exited with return code 0
[2022-11-28T20:12:55.493+0000] {taskinstance.py:2623} INFO - 1 downstream tasks scheduled from follow-on schedule check
