[2022-12-05T19:21:19.113+0000] {taskinstance.py:1165} INFO - Dependencies all met for <TaskInstance: first_dag.pull_task scheduled__2022-12-05T02:20:00+00:00 [queued]>
[2022-12-05T19:21:19.145+0000] {taskinstance.py:1165} INFO - Dependencies all met for <TaskInstance: first_dag.pull_task scheduled__2022-12-05T02:20:00+00:00 [queued]>
[2022-12-05T19:21:19.145+0000] {taskinstance.py:1362} INFO - 
--------------------------------------------------------------------------------
[2022-12-05T19:21:19.146+0000] {taskinstance.py:1363} INFO - Starting attempt 1 of 1
[2022-12-05T19:21:19.146+0000] {taskinstance.py:1364} INFO - 
--------------------------------------------------------------------------------
[2022-12-05T19:21:19.208+0000] {taskinstance.py:1383} INFO - Executing <Task(PythonOperator): pull_task> on 2022-12-05 02:20:00+00:00
[2022-12-05T19:21:19.216+0000] {standard_task_runner.py:55} INFO - Started process 11731 to run task
[2022-12-05T19:21:19.225+0000] {standard_task_runner.py:82} INFO - Running: ['***', 'tasks', 'run', 'first_dag', 'pull_task', 'scheduled__2022-12-05T02:20:00+00:00', '--job-id', '1536', '--raw', '--subdir', 'DAGS_FOLDER/***1t.py', '--cfg-path', '/tmp/tmpq4zr5j2b']
[2022-12-05T19:21:19.237+0000] {standard_task_runner.py:83} INFO - Job 1536: Subtask pull_task
[2022-12-05T19:21:19.410+0000] {task_command.py:376} INFO - Running <TaskInstance: first_dag.pull_task scheduled__2022-12-05T02:20:00+00:00 [running]> on host debdf09646d4
[2022-12-05T19:21:19.560+0000] {taskinstance.py:1592} INFO - Exporting the following env vars:
AIRFLOW_CTX_DAG_OWNER=***
AIRFLOW_CTX_DAG_ID=first_dag
AIRFLOW_CTX_TASK_ID=pull_task
AIRFLOW_CTX_EXECUTION_DATE=2022-12-05T02:20:00+00:00
AIRFLOW_CTX_TRY_NUMBER=1
AIRFLOW_CTX_DAG_RUN_ID=scheduled__2022-12-05T02:20:00+00:00
[2022-12-05T19:21:20.697+0000] {logging_mixin.py:137} INFO - 23
[2022-12-05T19:21:20.711+0000] {python.py:177} INFO - Done. Returned value was: None
[2022-12-05T19:21:20.728+0000] {taskinstance.py:1406} INFO - Marking task as SUCCESS. dag_id=first_dag, task_id=pull_task, execution_date=20221205T022000, start_date=20221205T192119, end_date=20221205T192120
[2022-12-05T19:21:20.816+0000] {local_task_job.py:159} INFO - Task exited with return code 0
[2022-12-05T19:21:20.879+0000] {taskinstance.py:2623} INFO - 1 downstream tasks scheduled from follow-on schedule check
