[2022-12-05T19:27:20.929+0000] {taskinstance.py:1165} INFO - Dependencies all met for <TaskInstance: first_dag.broadcast_task scheduled__2022-12-05T17:05:00+00:00 [queued]>
[2022-12-05T19:27:20.939+0000] {taskinstance.py:1165} INFO - Dependencies all met for <TaskInstance: first_dag.broadcast_task scheduled__2022-12-05T17:05:00+00:00 [queued]>
[2022-12-05T19:27:20.940+0000] {taskinstance.py:1362} INFO - 
--------------------------------------------------------------------------------
[2022-12-05T19:27:20.940+0000] {taskinstance.py:1363} INFO - Starting attempt 1 of 1
[2022-12-05T19:27:20.940+0000] {taskinstance.py:1364} INFO - 
--------------------------------------------------------------------------------
[2022-12-05T19:27:20.957+0000] {taskinstance.py:1383} INFO - Executing <Task(PythonOperator): broadcast_task> on 2022-12-05 17:05:00+00:00
[2022-12-05T19:27:20.961+0000] {standard_task_runner.py:55} INFO - Started process 15898 to run task
[2022-12-05T19:27:20.965+0000] {standard_task_runner.py:82} INFO - Running: ['***', 'tasks', 'run', 'first_dag', 'broadcast_task', 'scheduled__2022-12-05T17:05:00+00:00', '--job-id', '2790', '--raw', '--subdir', 'DAGS_FOLDER/***1t.py', '--cfg-path', '/tmp/tmpwlyx19_o']
[2022-12-05T19:27:20.967+0000] {standard_task_runner.py:83} INFO - Job 2790: Subtask broadcast_task
[2022-12-05T19:27:21.032+0000] {task_command.py:376} INFO - Running <TaskInstance: first_dag.broadcast_task scheduled__2022-12-05T17:05:00+00:00 [running]> on host debdf09646d4
[2022-12-05T19:27:21.107+0000] {taskinstance.py:1592} INFO - Exporting the following env vars:
AIRFLOW_CTX_DAG_OWNER=***
AIRFLOW_CTX_DAG_ID=first_dag
AIRFLOW_CTX_TASK_ID=broadcast_task
AIRFLOW_CTX_EXECUTION_DATE=2022-12-05T17:05:00+00:00
AIRFLOW_CTX_TRY_NUMBER=1
AIRFLOW_CTX_DAG_RUN_ID=scheduled__2022-12-05T17:05:00+00:00
[2022-12-05T19:27:22.395+0000] {logging_mixin.py:137} INFO - 23
[2022-12-05T19:27:22.396+0000] {python.py:177} INFO - Done. Returned value was: None
[2022-12-05T19:27:22.406+0000] {taskinstance.py:1406} INFO - Marking task as SUCCESS. dag_id=first_dag, task_id=broadcast_task, execution_date=20221205T170500, start_date=20221205T192720, end_date=20221205T192722
[2022-12-05T19:27:22.502+0000] {local_task_job.py:159} INFO - Task exited with return code 0
[2022-12-05T19:27:22.541+0000] {taskinstance.py:2623} INFO - 1 downstream tasks scheduled from follow-on schedule check
