[2022-11-28T20:12:59.005+0000] {taskinstance.py:1165} INFO - Dependencies all met for <TaskInstance: first_dag.hello scheduled__2022-10-20T00:00:00+00:00 [queued]>
[2022-11-28T20:12:59.021+0000] {taskinstance.py:1165} INFO - Dependencies all met for <TaskInstance: first_dag.hello scheduled__2022-10-20T00:00:00+00:00 [queued]>
[2022-11-28T20:12:59.022+0000] {taskinstance.py:1362} INFO - 
--------------------------------------------------------------------------------
[2022-11-28T20:12:59.023+0000] {taskinstance.py:1363} INFO - Starting attempt 1 of 1
[2022-11-28T20:12:59.023+0000] {taskinstance.py:1364} INFO - 
--------------------------------------------------------------------------------
[2022-11-28T20:12:59.047+0000] {taskinstance.py:1383} INFO - Executing <Task(BashOperator): hello> on 2022-10-20 00:00:00+00:00
[2022-11-28T20:12:59.052+0000] {standard_task_runner.py:55} INFO - Started process 1715 to run task
[2022-11-28T20:12:59.059+0000] {standard_task_runner.py:82} INFO - Running: ['***', 'tasks', 'run', 'first_dag', 'hello', 'scheduled__2022-10-20T00:00:00+00:00', '--job-id', '591', '--raw', '--subdir', 'DAGS_FOLDER/***1t.py', '--cfg-path', '/tmp/tmpyj6pfhtb']
[2022-11-28T20:12:59.060+0000] {standard_task_runner.py:83} INFO - Job 591: Subtask hello
[2022-11-28T20:12:59.226+0000] {task_command.py:376} INFO - Running <TaskInstance: first_dag.hello scheduled__2022-10-20T00:00:00+00:00 [running]> on host 7720011b9adc
[2022-11-28T20:12:59.385+0000] {taskinstance.py:1592} INFO - Exporting the following env vars:
AIRFLOW_CTX_DAG_OWNER=***
AIRFLOW_CTX_DAG_ID=first_dag
AIRFLOW_CTX_TASK_ID=hello
AIRFLOW_CTX_EXECUTION_DATE=2022-10-20T00:00:00+00:00
AIRFLOW_CTX_TRY_NUMBER=1
AIRFLOW_CTX_DAG_RUN_ID=scheduled__2022-10-20T00:00:00+00:00
[2022-11-28T20:12:59.387+0000] {subprocess.py:63} INFO - Tmp dir root location: 
 /tmp
[2022-11-28T20:12:59.388+0000] {subprocess.py:75} INFO - Running command: ['/bin/bash', '-c', 'echo hello']
[2022-11-28T20:12:59.440+0000] {subprocess.py:86} INFO - Output:
[2022-11-28T20:12:59.441+0000] {subprocess.py:93} INFO - hello
[2022-11-28T20:12:59.442+0000] {subprocess.py:97} INFO - Command exited with return code 0
[2022-11-28T20:12:59.517+0000] {taskinstance.py:1406} INFO - Marking task as SUCCESS. dag_id=first_dag, task_id=hello, execution_date=20221020T000000, start_date=20221128T201259, end_date=20221128T201259
[2022-11-28T20:12:59.556+0000] {local_task_job.py:159} INFO - Task exited with return code 0
[2022-11-28T20:12:59.609+0000] {taskinstance.py:2623} INFO - 1 downstream tasks scheduled from follow-on schedule check
