[2022-12-05T19:21:39.175+0000] {taskinstance.py:1165} INFO - Dependencies all met for <TaskInstance: first_dag.pull_task scheduled__2022-12-05T02:35:00+00:00 [queued]>
[2022-12-05T19:21:39.191+0000] {taskinstance.py:1165} INFO - Dependencies all met for <TaskInstance: first_dag.pull_task scheduled__2022-12-05T02:35:00+00:00 [queued]>
[2022-12-05T19:21:39.192+0000] {taskinstance.py:1362} INFO - 
--------------------------------------------------------------------------------
[2022-12-05T19:21:39.193+0000] {taskinstance.py:1363} INFO - Starting attempt 1 of 1
[2022-12-05T19:21:39.193+0000] {taskinstance.py:1364} INFO - 
--------------------------------------------------------------------------------
[2022-12-05T19:21:39.226+0000] {taskinstance.py:1383} INFO - Executing <Task(PythonOperator): pull_task> on 2022-12-05 02:35:00+00:00
[2022-12-05T19:21:39.234+0000] {standard_task_runner.py:55} INFO - Started process 11914 to run task
[2022-12-05T19:21:39.242+0000] {standard_task_runner.py:82} INFO - Running: ['***', 'tasks', 'run', 'first_dag', 'pull_task', 'scheduled__2022-12-05T02:35:00+00:00', '--job-id', '1588', '--raw', '--subdir', 'DAGS_FOLDER/***1t.py', '--cfg-path', '/tmp/tmpm4_vwoo3']
[2022-12-05T19:21:39.249+0000] {standard_task_runner.py:83} INFO - Job 1588: Subtask pull_task
[2022-12-05T19:21:39.446+0000] {task_command.py:376} INFO - Running <TaskInstance: first_dag.pull_task scheduled__2022-12-05T02:35:00+00:00 [running]> on host debdf09646d4
[2022-12-05T19:21:39.726+0000] {taskinstance.py:1592} INFO - Exporting the following env vars:
AIRFLOW_CTX_DAG_OWNER=***
AIRFLOW_CTX_DAG_ID=first_dag
AIRFLOW_CTX_TASK_ID=pull_task
AIRFLOW_CTX_EXECUTION_DATE=2022-12-05T02:35:00+00:00
AIRFLOW_CTX_TRY_NUMBER=1
AIRFLOW_CTX_DAG_RUN_ID=scheduled__2022-12-05T02:35:00+00:00
[2022-12-05T19:21:40.783+0000] {logging_mixin.py:137} INFO - 23
[2022-12-05T19:21:40.783+0000] {python.py:177} INFO - Done. Returned value was: None
[2022-12-05T19:21:40.815+0000] {taskinstance.py:1406} INFO - Marking task as SUCCESS. dag_id=first_dag, task_id=pull_task, execution_date=20221205T023500, start_date=20221205T192139, end_date=20221205T192140
[2022-12-05T19:21:40.904+0000] {local_task_job.py:159} INFO - Task exited with return code 0
[2022-12-05T19:21:41.027+0000] {taskinstance.py:2623} INFO - 1 downstream tasks scheduled from follow-on schedule check
