[2022-12-05T17:07:26.158+0000] {taskinstance.py:1165} INFO - Dependencies all met for <TaskInstance: first_dag.world manual__2022-12-05T17:07:23.301894+00:00 [queued]>
[2022-12-05T17:07:26.170+0000] {taskinstance.py:1165} INFO - Dependencies all met for <TaskInstance: first_dag.world manual__2022-12-05T17:07:23.301894+00:00 [queued]>
[2022-12-05T17:07:26.170+0000] {taskinstance.py:1362} INFO - 
--------------------------------------------------------------------------------
[2022-12-05T17:07:26.171+0000] {taskinstance.py:1363} INFO - Starting attempt 1 of 1
[2022-12-05T17:07:26.171+0000] {taskinstance.py:1364} INFO - 
--------------------------------------------------------------------------------
[2022-12-05T17:07:26.189+0000] {taskinstance.py:1383} INFO - Executing <Task(PythonOperator): world> on 2022-12-05 17:07:23.301894+00:00
[2022-12-05T17:07:26.195+0000] {standard_task_runner.py:55} INFO - Started process 3879 to run task
[2022-12-05T17:07:26.199+0000] {standard_task_runner.py:82} INFO - Running: ['***', 'tasks', 'run', 'first_dag', 'world', 'manual__2022-12-05T17:07:23.301894+00:00', '--job-id', '1050', '--raw', '--subdir', 'DAGS_FOLDER/***1t.py', '--cfg-path', '/tmp/tmplobe6y7a']
[2022-12-05T17:07:26.200+0000] {standard_task_runner.py:83} INFO - Job 1050: Subtask world
[2022-12-05T17:07:26.267+0000] {task_command.py:376} INFO - Running <TaskInstance: first_dag.world manual__2022-12-05T17:07:23.301894+00:00 [running]> on host debdf09646d4
[2022-12-05T17:07:26.339+0000] {taskinstance.py:1592} INFO - Exporting the following env vars:
AIRFLOW_CTX_DAG_OWNER=***
AIRFLOW_CTX_DAG_ID=first_dag
AIRFLOW_CTX_TASK_ID=world
AIRFLOW_CTX_EXECUTION_DATE=2022-12-05T17:07:23.301894+00:00
AIRFLOW_CTX_TRY_NUMBER=1
AIRFLOW_CTX_DAG_RUN_ID=manual__2022-12-05T17:07:23.301894+00:00
[2022-12-05T17:07:26.340+0000] {logging_mixin.py:137} INFO - Hello!
[2022-12-05T17:07:26.340+0000] {python.py:177} INFO - Done. Returned value was: None
[2022-12-05T17:07:26.349+0000] {taskinstance.py:1406} INFO - Marking task as SUCCESS. dag_id=first_dag, task_id=world, execution_date=20221205T170723, start_date=20221205T170726, end_date=20221205T170726
[2022-12-05T17:07:26.371+0000] {local_task_job.py:159} INFO - Task exited with return code 0
[2022-12-05T17:07:26.398+0000] {taskinstance.py:2623} INFO - 1 downstream tasks scheduled from follow-on schedule check
