[2022-11-28T20:11:31.334+0000] {taskinstance.py:1165} INFO - Dependencies all met for <TaskInstance: first_dag.world scheduled__2022-06-16T00:00:00+00:00 [queued]>
[2022-11-28T20:11:31.348+0000] {taskinstance.py:1165} INFO - Dependencies all met for <TaskInstance: first_dag.world scheduled__2022-06-16T00:00:00+00:00 [queued]>
[2022-11-28T20:11:31.349+0000] {taskinstance.py:1362} INFO - 
--------------------------------------------------------------------------------
[2022-11-28T20:11:31.349+0000] {taskinstance.py:1363} INFO - Starting attempt 1 of 1
[2022-11-28T20:11:31.351+0000] {taskinstance.py:1364} INFO - 
--------------------------------------------------------------------------------
[2022-11-28T20:11:31.367+0000] {taskinstance.py:1383} INFO - Executing <Task(PythonOperator): world> on 2022-06-16 00:00:00+00:00
[2022-11-28T20:11:31.371+0000] {standard_task_runner.py:55} INFO - Started process 1037 to run task
[2022-11-28T20:11:31.375+0000] {standard_task_runner.py:82} INFO - Running: ['***', 'tasks', 'run', 'first_dag', 'world', 'scheduled__2022-06-16T00:00:00+00:00', '--job-id', '346', '--raw', '--subdir', 'DAGS_FOLDER/***1t.py', '--cfg-path', '/tmp/tmpaoqdon8t']
[2022-11-28T20:11:31.375+0000] {standard_task_runner.py:83} INFO - Job 346: Subtask world
[2022-11-28T20:11:31.436+0000] {task_command.py:376} INFO - Running <TaskInstance: first_dag.world scheduled__2022-06-16T00:00:00+00:00 [running]> on host 7720011b9adc
[2022-11-28T20:11:31.513+0000] {taskinstance.py:1592} INFO - Exporting the following env vars:
AIRFLOW_CTX_DAG_OWNER=***
AIRFLOW_CTX_DAG_ID=first_dag
AIRFLOW_CTX_TASK_ID=world
AIRFLOW_CTX_EXECUTION_DATE=2022-06-16T00:00:00+00:00
AIRFLOW_CTX_TRY_NUMBER=1
AIRFLOW_CTX_DAG_RUN_ID=scheduled__2022-06-16T00:00:00+00:00
[2022-11-28T20:11:31.514+0000] {logging_mixin.py:137} INFO - Airflow
[2022-11-28T20:11:31.514+0000] {python.py:177} INFO - Done. Returned value was: None
[2022-11-28T20:11:31.525+0000] {taskinstance.py:1406} INFO - Marking task as SUCCESS. dag_id=first_dag, task_id=world, execution_date=20220616T000000, start_date=20221128T201131, end_date=20221128T201131
[2022-11-28T20:11:31.546+0000] {local_task_job.py:159} INFO - Task exited with return code 0
[2022-11-28T20:11:31.561+0000] {taskinstance.py:2623} INFO - 0 downstream tasks scheduled from follow-on schedule check
