[2022-12-05T19:26:01.899+0000] {taskinstance.py:1165} INFO - Dependencies all met for <TaskInstance: first_dag.pull_task scheduled__2022-12-05T14:05:00+00:00 [queued]>
[2022-12-05T19:26:01.915+0000] {taskinstance.py:1165} INFO - Dependencies all met for <TaskInstance: first_dag.pull_task scheduled__2022-12-05T14:05:00+00:00 [queued]>
[2022-12-05T19:26:01.916+0000] {taskinstance.py:1362} INFO - 
--------------------------------------------------------------------------------
[2022-12-05T19:26:01.916+0000] {taskinstance.py:1363} INFO - Starting attempt 1 of 1
[2022-12-05T19:26:01.916+0000] {taskinstance.py:1364} INFO - 
--------------------------------------------------------------------------------
[2022-12-05T19:26:02.247+0000] {taskinstance.py:1383} INFO - Executing <Task(PythonOperator): pull_task> on 2022-12-05 14:05:00+00:00
[2022-12-05T19:26:02.270+0000] {standard_task_runner.py:55} INFO - Started process 14986 to run task
[2022-12-05T19:26:02.280+0000] {standard_task_runner.py:82} INFO - Running: ['***', 'tasks', 'run', 'first_dag', 'pull_task', 'scheduled__2022-12-05T14:05:00+00:00', '--job-id', '2513', '--raw', '--subdir', 'DAGS_FOLDER/***1t.py', '--cfg-path', '/tmp/tmpivc5fukm']
[2022-12-05T19:26:02.284+0000] {standard_task_runner.py:83} INFO - Job 2513: Subtask pull_task
[2022-12-05T19:26:02.534+0000] {task_command.py:376} INFO - Running <TaskInstance: first_dag.pull_task scheduled__2022-12-05T14:05:00+00:00 [running]> on host debdf09646d4
[2022-12-05T19:26:02.719+0000] {taskinstance.py:1592} INFO - Exporting the following env vars:
AIRFLOW_CTX_DAG_OWNER=***
AIRFLOW_CTX_DAG_ID=first_dag
AIRFLOW_CTX_TASK_ID=pull_task
AIRFLOW_CTX_EXECUTION_DATE=2022-12-05T14:05:00+00:00
AIRFLOW_CTX_TRY_NUMBER=1
AIRFLOW_CTX_DAG_RUN_ID=scheduled__2022-12-05T14:05:00+00:00
[2022-12-05T19:26:03.566+0000] {logging_mixin.py:137} INFO - 23
[2022-12-05T19:26:03.570+0000] {python.py:177} INFO - Done. Returned value was: None
[2022-12-05T19:26:03.606+0000] {taskinstance.py:1406} INFO - Marking task as SUCCESS. dag_id=first_dag, task_id=pull_task, execution_date=20221205T140500, start_date=20221205T192601, end_date=20221205T192603
[2022-12-05T19:26:03.679+0000] {local_task_job.py:159} INFO - Task exited with return code 0
[2022-12-05T19:26:03.757+0000] {taskinstance.py:2623} INFO - 1 downstream tasks scheduled from follow-on schedule check
