[2022-12-05T18:32:27.162+0000] {taskinstance.py:1165} INFO - Dependencies all met for <TaskInstance: first_dag.world manual__2022-12-05T18:32:23.833204+00:00 [queued]>
[2022-12-05T18:32:27.185+0000] {taskinstance.py:1165} INFO - Dependencies all met for <TaskInstance: first_dag.world manual__2022-12-05T18:32:23.833204+00:00 [queued]>
[2022-12-05T18:32:27.186+0000] {taskinstance.py:1362} INFO - 
--------------------------------------------------------------------------------
[2022-12-05T18:32:27.187+0000] {taskinstance.py:1363} INFO - Starting attempt 1 of 1
[2022-12-05T18:32:27.187+0000] {taskinstance.py:1364} INFO - 
--------------------------------------------------------------------------------
[2022-12-05T18:32:27.213+0000] {taskinstance.py:1383} INFO - Executing <Task(PythonOperator): world> on 2022-12-05 18:32:23.833204+00:00
[2022-12-05T18:32:27.220+0000] {standard_task_runner.py:55} INFO - Started process 8332 to run task
[2022-12-05T18:32:27.226+0000] {standard_task_runner.py:82} INFO - Running: ['***', 'tasks', 'run', 'first_dag', 'world', 'manual__2022-12-05T18:32:23.833204+00:00', '--job-id', '1192', '--raw', '--subdir', 'DAGS_FOLDER/***1t.py', '--cfg-path', '/tmp/tmplxtyv4bw']
[2022-12-05T18:32:27.231+0000] {standard_task_runner.py:83} INFO - Job 1192: Subtask world
[2022-12-05T18:32:27.383+0000] {task_command.py:376} INFO - Running <TaskInstance: first_dag.world manual__2022-12-05T18:32:23.833204+00:00 [running]> on host debdf09646d4
[2022-12-05T18:32:27.524+0000] {taskinstance.py:1592} INFO - Exporting the following env vars:
AIRFLOW_CTX_DAG_OWNER=***
AIRFLOW_CTX_DAG_ID=first_dag
AIRFLOW_CTX_TASK_ID=world
AIRFLOW_CTX_EXECUTION_DATE=2022-12-05T18:32:23.833204+00:00
AIRFLOW_CTX_TRY_NUMBER=1
AIRFLOW_CTX_DAG_RUN_ID=manual__2022-12-05T18:32:23.833204+00:00
[2022-12-05T18:32:27.525+0000] {logging_mixin.py:137} INFO - Hello!
[2022-12-05T18:32:27.526+0000] {python.py:177} INFO - Done. Returned value was: None
[2022-12-05T18:32:27.541+0000] {taskinstance.py:1406} INFO - Marking task as SUCCESS. dag_id=first_dag, task_id=world, execution_date=20221205T183223, start_date=20221205T183227, end_date=20221205T183227
[2022-12-05T18:32:27.599+0000] {local_task_job.py:159} INFO - Task exited with return code 0
[2022-12-05T18:32:27.655+0000] {taskinstance.py:2623} INFO - 1 downstream tasks scheduled from follow-on schedule check
