[2022-11-28T20:10:51.063+0000] {taskinstance.py:1165} INFO - Dependencies all met for <TaskInstance: first_dag.hello scheduled__2022-04-21T00:00:00+00:00 [queued]>
[2022-11-28T20:10:51.075+0000] {taskinstance.py:1165} INFO - Dependencies all met for <TaskInstance: first_dag.hello scheduled__2022-04-21T00:00:00+00:00 [queued]>
[2022-11-28T20:10:51.075+0000] {taskinstance.py:1362} INFO - 
--------------------------------------------------------------------------------
[2022-11-28T20:10:51.076+0000] {taskinstance.py:1363} INFO - Starting attempt 1 of 1
[2022-11-28T20:10:51.077+0000] {taskinstance.py:1364} INFO - 
--------------------------------------------------------------------------------
[2022-11-28T20:10:51.098+0000] {taskinstance.py:1383} INFO - Executing <Task(BashOperator): hello> on 2022-04-21 00:00:00+00:00
[2022-11-28T20:10:51.102+0000] {standard_task_runner.py:55} INFO - Started process 712 to run task
[2022-11-28T20:10:51.106+0000] {standard_task_runner.py:82} INFO - Running: ['***', 'tasks', 'run', 'first_dag', 'hello', 'scheduled__2022-04-21T00:00:00+00:00', '--job-id', '230', '--raw', '--subdir', 'DAGS_FOLDER/***1t.py', '--cfg-path', '/tmp/tmpatwt5i3l']
[2022-11-28T20:10:51.107+0000] {standard_task_runner.py:83} INFO - Job 230: Subtask hello
[2022-11-28T20:10:51.191+0000] {task_command.py:376} INFO - Running <TaskInstance: first_dag.hello scheduled__2022-04-21T00:00:00+00:00 [running]> on host 7720011b9adc
[2022-11-28T20:10:51.297+0000] {taskinstance.py:1592} INFO - Exporting the following env vars:
AIRFLOW_CTX_DAG_OWNER=***
AIRFLOW_CTX_DAG_ID=first_dag
AIRFLOW_CTX_TASK_ID=hello
AIRFLOW_CTX_EXECUTION_DATE=2022-04-21T00:00:00+00:00
AIRFLOW_CTX_TRY_NUMBER=1
AIRFLOW_CTX_DAG_RUN_ID=scheduled__2022-04-21T00:00:00+00:00
[2022-11-28T20:10:51.299+0000] {subprocess.py:63} INFO - Tmp dir root location: 
 /tmp
[2022-11-28T20:10:51.301+0000] {subprocess.py:75} INFO - Running command: ['/bin/bash', '-c', 'echo hello']
[2022-11-28T20:10:51.318+0000] {subprocess.py:86} INFO - Output:
[2022-11-28T20:10:51.320+0000] {subprocess.py:93} INFO - hello
[2022-11-28T20:10:51.321+0000] {subprocess.py:97} INFO - Command exited with return code 0
[2022-11-28T20:10:51.355+0000] {taskinstance.py:1406} INFO - Marking task as SUCCESS. dag_id=first_dag, task_id=hello, execution_date=20220421T000000, start_date=20221128T201051, end_date=20221128T201051
[2022-11-28T20:10:51.398+0000] {local_task_job.py:159} INFO - Task exited with return code 0
[2022-11-28T20:10:51.431+0000] {taskinstance.py:2623} INFO - 1 downstream tasks scheduled from follow-on schedule check
