[2022-11-28T20:11:22.597+0000] {taskinstance.py:1165} INFO - Dependencies all met for <TaskInstance: first_dag.hello scheduled__2022-06-08T00:00:00+00:00 [queued]>
[2022-11-28T20:11:22.618+0000] {taskinstance.py:1165} INFO - Dependencies all met for <TaskInstance: first_dag.hello scheduled__2022-06-08T00:00:00+00:00 [queued]>
[2022-11-28T20:11:22.619+0000] {taskinstance.py:1362} INFO - 
--------------------------------------------------------------------------------
[2022-11-28T20:11:22.619+0000] {taskinstance.py:1363} INFO - Starting attempt 1 of 1
[2022-11-28T20:11:22.620+0000] {taskinstance.py:1364} INFO - 
--------------------------------------------------------------------------------
[2022-11-28T20:11:22.654+0000] {taskinstance.py:1383} INFO - Executing <Task(BashOperator): hello> on 2022-06-08 00:00:00+00:00
[2022-11-28T20:11:22.672+0000] {standard_task_runner.py:82} INFO - Running: ['***', 'tasks', 'run', 'first_dag', 'hello', 'scheduled__2022-06-08T00:00:00+00:00', '--job-id', '322', '--raw', '--subdir', 'DAGS_FOLDER/***1t.py', '--cfg-path', '/tmp/tmpbuu7b0gt']
[2022-11-28T20:11:22.664+0000] {standard_task_runner.py:55} INFO - Started process 973 to run task
[2022-11-28T20:11:22.674+0000] {standard_task_runner.py:83} INFO - Job 322: Subtask hello
[2022-11-28T20:11:22.809+0000] {task_command.py:376} INFO - Running <TaskInstance: first_dag.hello scheduled__2022-06-08T00:00:00+00:00 [running]> on host 7720011b9adc
[2022-11-28T20:11:23.004+0000] {taskinstance.py:1592} INFO - Exporting the following env vars:
AIRFLOW_CTX_DAG_OWNER=***
AIRFLOW_CTX_DAG_ID=first_dag
AIRFLOW_CTX_TASK_ID=hello
AIRFLOW_CTX_EXECUTION_DATE=2022-06-08T00:00:00+00:00
AIRFLOW_CTX_TRY_NUMBER=1
AIRFLOW_CTX_DAG_RUN_ID=scheduled__2022-06-08T00:00:00+00:00
[2022-11-28T20:11:23.006+0000] {subprocess.py:63} INFO - Tmp dir root location: 
 /tmp
[2022-11-28T20:11:23.007+0000] {subprocess.py:75} INFO - Running command: ['/bin/bash', '-c', 'echo hello']
[2022-11-28T20:11:23.023+0000] {subprocess.py:86} INFO - Output:
[2022-11-28T20:11:23.025+0000] {subprocess.py:93} INFO - hello
[2022-11-28T20:11:23.026+0000] {subprocess.py:97} INFO - Command exited with return code 0
[2022-11-28T20:11:23.081+0000] {taskinstance.py:1406} INFO - Marking task as SUCCESS. dag_id=first_dag, task_id=hello, execution_date=20220608T000000, start_date=20221128T201122, end_date=20221128T201123
[2022-11-28T20:11:23.218+0000] {local_task_job.py:159} INFO - Task exited with return code 0
[2022-11-28T20:11:23.259+0000] {taskinstance.py:2623} INFO - 1 downstream tasks scheduled from follow-on schedule check
