[2022-12-05T19:26:35.500+0000] {taskinstance.py:1165} INFO - Dependencies all met for <TaskInstance: first_dag.number_task scheduled__2022-12-05T14:45:00+00:00 [queued]>
[2022-12-05T19:26:35.531+0000] {taskinstance.py:1165} INFO - Dependencies all met for <TaskInstance: first_dag.number_task scheduled__2022-12-05T14:45:00+00:00 [queued]>
[2022-12-05T19:26:35.532+0000] {taskinstance.py:1362} INFO - 
--------------------------------------------------------------------------------
[2022-12-05T19:26:35.533+0000] {taskinstance.py:1363} INFO - Starting attempt 1 of 1
[2022-12-05T19:26:35.533+0000] {taskinstance.py:1364} INFO - 
--------------------------------------------------------------------------------
[2022-12-05T19:26:35.581+0000] {taskinstance.py:1383} INFO - Executing <Task(PythonOperator): number_task> on 2022-12-05 14:45:00+00:00
[2022-12-05T19:26:35.588+0000] {standard_task_runner.py:55} INFO - Started process 15411 to run task
[2022-12-05T19:26:35.604+0000] {standard_task_runner.py:82} INFO - Running: ['***', 'tasks', 'run', 'first_dag', 'number_task', 'scheduled__2022-12-05T14:45:00+00:00', '--job-id', '2641', '--raw', '--subdir', 'DAGS_FOLDER/***1t.py', '--cfg-path', '/tmp/tmphxtoa_ww']
[2022-12-05T19:26:35.608+0000] {standard_task_runner.py:83} INFO - Job 2641: Subtask number_task
[2022-12-05T19:26:35.735+0000] {task_command.py:376} INFO - Running <TaskInstance: first_dag.number_task scheduled__2022-12-05T14:45:00+00:00 [running]> on host debdf09646d4
[2022-12-05T19:26:35.901+0000] {taskinstance.py:1592} INFO - Exporting the following env vars:
AIRFLOW_CTX_DAG_OWNER=***
AIRFLOW_CTX_DAG_ID=first_dag
AIRFLOW_CTX_TASK_ID=number_task
AIRFLOW_CTX_EXECUTION_DATE=2022-12-05T14:45:00+00:00
AIRFLOW_CTX_TRY_NUMBER=1
AIRFLOW_CTX_DAG_RUN_ID=scheduled__2022-12-05T14:45:00+00:00
[2022-12-05T19:26:35.904+0000] {logging_mixin.py:137} INFO - 116   100
[2022-12-05T19:26:35.905+0000] {logging_mixin.py:137} INFO - <_io.TextIOWrapper name='file.txt' mode='a' encoding='UTF-8'>
[2022-12-05T19:26:35.906+0000] {python.py:177} INFO - Done. Returned value was: None
[2022-12-05T19:26:35.919+0000] {taskinstance.py:1406} INFO - Marking task as SUCCESS. dag_id=first_dag, task_id=number_task, execution_date=20221205T144500, start_date=20221205T192635, end_date=20221205T192635
[2022-12-05T19:26:35.992+0000] {local_task_job.py:159} INFO - Task exited with return code 0
[2022-12-05T19:26:36.034+0000] {taskinstance.py:2623} INFO - 1 downstream tasks scheduled from follow-on schedule check
