[2022-11-30T20:34:53.640+0000] {taskinstance.py:1165} INFO - Dependencies all met for <TaskInstance: first_dag.hello manual__2022-11-30T20:34:52.592424+00:00 [queued]>
[2022-11-30T20:34:53.650+0000] {taskinstance.py:1165} INFO - Dependencies all met for <TaskInstance: first_dag.hello manual__2022-11-30T20:34:52.592424+00:00 [queued]>
[2022-11-30T20:34:53.651+0000] {taskinstance.py:1362} INFO - 
--------------------------------------------------------------------------------
[2022-11-30T20:34:53.652+0000] {taskinstance.py:1363} INFO - Starting attempt 1 of 1
[2022-11-30T20:34:53.652+0000] {taskinstance.py:1364} INFO - 
--------------------------------------------------------------------------------
[2022-11-30T20:34:53.668+0000] {taskinstance.py:1383} INFO - Executing <Task(BashOperator): hello> on 2022-11-30 20:34:52.592424+00:00
[2022-11-30T20:34:53.672+0000] {standard_task_runner.py:55} INFO - Started process 12238 to run task
[2022-11-30T20:34:53.676+0000] {standard_task_runner.py:82} INFO - Running: ['***', 'tasks', 'run', 'first_dag', 'hello', 'manual__2022-11-30T20:34:52.592424+00:00', '--job-id', '808', '--raw', '--subdir', 'DAGS_FOLDER/***1t.py', '--cfg-path', '/tmp/tmpacb7ri57']
[2022-11-30T20:34:53.678+0000] {standard_task_runner.py:83} INFO - Job 808: Subtask hello
[2022-11-30T20:34:53.738+0000] {task_command.py:376} INFO - Running <TaskInstance: first_dag.hello manual__2022-11-30T20:34:52.592424+00:00 [running]> on host debdf09646d4
[2022-11-30T20:34:53.805+0000] {taskinstance.py:1592} INFO - Exporting the following env vars:
AIRFLOW_CTX_DAG_OWNER=***
AIRFLOW_CTX_DAG_ID=first_dag
AIRFLOW_CTX_TASK_ID=hello
AIRFLOW_CTX_EXECUTION_DATE=2022-11-30T20:34:52.592424+00:00
AIRFLOW_CTX_TRY_NUMBER=1
AIRFLOW_CTX_DAG_RUN_ID=manual__2022-11-30T20:34:52.592424+00:00
[2022-11-30T20:34:53.807+0000] {subprocess.py:63} INFO - Tmp dir root location: 
 /tmp
[2022-11-30T20:34:53.808+0000] {subprocess.py:75} INFO - Running command: ['/bin/bash', '-c', 'echo hello']
[2022-11-30T20:34:53.816+0000] {subprocess.py:86} INFO - Output:
[2022-11-30T20:34:53.818+0000] {subprocess.py:93} INFO - hello
[2022-11-30T20:34:53.818+0000] {subprocess.py:97} INFO - Command exited with return code 0
[2022-11-30T20:34:53.843+0000] {taskinstance.py:1406} INFO - Marking task as SUCCESS. dag_id=first_dag, task_id=hello, execution_date=20221130T203452, start_date=20221130T203453, end_date=20221130T203453
[2022-11-30T20:34:53.887+0000] {local_task_job.py:159} INFO - Task exited with return code 0
[2022-11-30T20:34:53.937+0000] {taskinstance.py:2623} INFO - 1 downstream tasks scheduled from follow-on schedule check
