[2022-12-05T19:22:46.999+0000] {taskinstance.py:1165} INFO - Dependencies all met for <TaskInstance: first_dag.world scheduled__2022-12-05T06:10:00+00:00 [queued]>
[2022-12-05T19:22:47.019+0000] {taskinstance.py:1165} INFO - Dependencies all met for <TaskInstance: first_dag.world scheduled__2022-12-05T06:10:00+00:00 [queued]>
[2022-12-05T19:22:47.020+0000] {taskinstance.py:1362} INFO - 
--------------------------------------------------------------------------------
[2022-12-05T19:22:47.022+0000] {taskinstance.py:1363} INFO - Starting attempt 1 of 1
[2022-12-05T19:22:47.026+0000] {taskinstance.py:1364} INFO - 
--------------------------------------------------------------------------------
[2022-12-05T19:22:47.434+0000] {taskinstance.py:1383} INFO - Executing <Task(PythonOperator): world> on 2022-12-05 06:10:00+00:00
[2022-12-05T19:22:47.458+0000] {standard_task_runner.py:55} INFO - Started process 12700 to run task
[2022-12-05T19:22:47.475+0000] {standard_task_runner.py:82} INFO - Running: ['***', 'tasks', 'run', 'first_dag', 'world', 'scheduled__2022-12-05T06:10:00+00:00', '--job-id', '1822', '--raw', '--subdir', 'DAGS_FOLDER/***1t.py', '--cfg-path', '/tmp/tmpmbnw6gln']
[2022-12-05T19:22:47.493+0000] {standard_task_runner.py:83} INFO - Job 1822: Subtask world
[2022-12-05T19:22:47.851+0000] {task_command.py:376} INFO - Running <TaskInstance: first_dag.world scheduled__2022-12-05T06:10:00+00:00 [running]> on host debdf09646d4
[2022-12-05T19:22:48.180+0000] {taskinstance.py:1592} INFO - Exporting the following env vars:
AIRFLOW_CTX_DAG_OWNER=***
AIRFLOW_CTX_DAG_ID=first_dag
AIRFLOW_CTX_TASK_ID=world
AIRFLOW_CTX_EXECUTION_DATE=2022-12-05T06:10:00+00:00
AIRFLOW_CTX_TRY_NUMBER=1
AIRFLOW_CTX_DAG_RUN_ID=scheduled__2022-12-05T06:10:00+00:00
[2022-12-05T19:22:48.184+0000] {logging_mixin.py:137} INFO - Hello!
[2022-12-05T19:22:48.188+0000] {python.py:177} INFO - Done. Returned value was: None
[2022-12-05T19:22:48.240+0000] {taskinstance.py:1406} INFO - Marking task as SUCCESS. dag_id=first_dag, task_id=world, execution_date=20221205T061000, start_date=20221205T192247, end_date=20221205T192248
[2022-12-05T19:22:48.306+0000] {local_task_job.py:159} INFO - Task exited with return code 0
[2022-12-05T19:22:48.707+0000] {taskinstance.py:2623} INFO - 0 downstream tasks scheduled from follow-on schedule check
