[2022-12-05T19:22:54.589+0000] {taskinstance.py:1165} INFO - Dependencies all met for <TaskInstance: first_dag.number_task scheduled__2022-12-05T05:30:00+00:00 [queued]>
[2022-12-05T19:22:54.604+0000] {taskinstance.py:1165} INFO - Dependencies all met for <TaskInstance: first_dag.number_task scheduled__2022-12-05T05:30:00+00:00 [queued]>
[2022-12-05T19:22:54.605+0000] {taskinstance.py:1362} INFO - 
--------------------------------------------------------------------------------
[2022-12-05T19:22:54.605+0000] {taskinstance.py:1363} INFO - Starting attempt 1 of 1
[2022-12-05T19:22:54.605+0000] {taskinstance.py:1364} INFO - 
--------------------------------------------------------------------------------
[2022-12-05T19:22:54.650+0000] {taskinstance.py:1383} INFO - Executing <Task(PythonOperator): number_task> on 2022-12-05 05:30:00+00:00
[2022-12-05T19:22:54.662+0000] {standard_task_runner.py:55} INFO - Started process 12785 to run task
[2022-12-05T19:22:54.667+0000] {standard_task_runner.py:82} INFO - Running: ['***', 'tasks', 'run', 'first_dag', 'number_task', 'scheduled__2022-12-05T05:30:00+00:00', '--job-id', '1854', '--raw', '--subdir', 'DAGS_FOLDER/***1t.py', '--cfg-path', '/tmp/tmpsyp95rwo']
[2022-12-05T19:22:54.670+0000] {standard_task_runner.py:83} INFO - Job 1854: Subtask number_task
[2022-12-05T19:22:54.847+0000] {task_command.py:376} INFO - Running <TaskInstance: first_dag.number_task scheduled__2022-12-05T05:30:00+00:00 [running]> on host debdf09646d4
[2022-12-05T19:22:55.179+0000] {taskinstance.py:1592} INFO - Exporting the following env vars:
AIRFLOW_CTX_DAG_OWNER=***
AIRFLOW_CTX_DAG_ID=first_dag
AIRFLOW_CTX_TASK_ID=number_task
AIRFLOW_CTX_EXECUTION_DATE=2022-12-05T05:30:00+00:00
AIRFLOW_CTX_TRY_NUMBER=1
AIRFLOW_CTX_DAG_RUN_ID=scheduled__2022-12-05T05:30:00+00:00
[2022-12-05T19:22:55.200+0000] {logging_mixin.py:137} INFO - 96   86
[2022-12-05T19:22:55.211+0000] {logging_mixin.py:137} INFO - <_io.TextIOWrapper name='file.txt' mode='a' encoding='UTF-8'>
[2022-12-05T19:22:55.226+0000] {python.py:177} INFO - Done. Returned value was: None
[2022-12-05T19:22:55.282+0000] {taskinstance.py:1406} INFO - Marking task as SUCCESS. dag_id=first_dag, task_id=number_task, execution_date=20221205T053000, start_date=20221205T192254, end_date=20221205T192255
[2022-12-05T19:22:55.381+0000] {local_task_job.py:159} INFO - Task exited with return code 0
[2022-12-05T19:22:55.530+0000] {taskinstance.py:2623} INFO - 1 downstream tasks scheduled from follow-on schedule check
