[2022-11-28T20:12:05.735+0000] {taskinstance.py:1165} INFO - Dependencies all met for <TaskInstance: first_dag.hello scheduled__2022-08-03T00:00:00+00:00 [queued]>
[2022-11-28T20:12:05.750+0000] {taskinstance.py:1165} INFO - Dependencies all met for <TaskInstance: first_dag.hello scheduled__2022-08-03T00:00:00+00:00 [queued]>
[2022-11-28T20:12:05.751+0000] {taskinstance.py:1362} INFO - 
--------------------------------------------------------------------------------
[2022-11-28T20:12:05.751+0000] {taskinstance.py:1363} INFO - Starting attempt 1 of 1
[2022-11-28T20:12:05.752+0000] {taskinstance.py:1364} INFO - 
--------------------------------------------------------------------------------
[2022-11-28T20:12:05.778+0000] {taskinstance.py:1383} INFO - Executing <Task(BashOperator): hello> on 2022-08-03 00:00:00+00:00
[2022-11-28T20:12:05.783+0000] {standard_task_runner.py:55} INFO - Started process 1287 to run task
[2022-11-28T20:12:05.787+0000] {standard_task_runner.py:82} INFO - Running: ['***', 'tasks', 'run', 'first_dag', 'hello', 'scheduled__2022-08-03T00:00:00+00:00', '--job-id', '435', '--raw', '--subdir', 'DAGS_FOLDER/***1t.py', '--cfg-path', '/tmp/tmpgy7890el']
[2022-11-28T20:12:05.788+0000] {standard_task_runner.py:83} INFO - Job 435: Subtask hello
[2022-11-28T20:12:05.875+0000] {task_command.py:376} INFO - Running <TaskInstance: first_dag.hello scheduled__2022-08-03T00:00:00+00:00 [running]> on host 7720011b9adc
[2022-11-28T20:12:06.034+0000] {taskinstance.py:1592} INFO - Exporting the following env vars:
AIRFLOW_CTX_DAG_OWNER=***
AIRFLOW_CTX_DAG_ID=first_dag
AIRFLOW_CTX_TASK_ID=hello
AIRFLOW_CTX_EXECUTION_DATE=2022-08-03T00:00:00+00:00
AIRFLOW_CTX_TRY_NUMBER=1
AIRFLOW_CTX_DAG_RUN_ID=scheduled__2022-08-03T00:00:00+00:00
[2022-11-28T20:12:06.037+0000] {subprocess.py:63} INFO - Tmp dir root location: 
 /tmp
[2022-11-28T20:12:06.039+0000] {subprocess.py:75} INFO - Running command: ['/bin/bash', '-c', 'echo hello']
[2022-11-28T20:12:06.054+0000] {subprocess.py:86} INFO - Output:
[2022-11-28T20:12:06.055+0000] {subprocess.py:93} INFO - hello
[2022-11-28T20:12:06.057+0000] {subprocess.py:97} INFO - Command exited with return code 0
[2022-11-28T20:12:06.125+0000] {taskinstance.py:1406} INFO - Marking task as SUCCESS. dag_id=first_dag, task_id=hello, execution_date=20220803T000000, start_date=20221128T201205, end_date=20221128T201206
[2022-11-28T20:12:06.176+0000] {local_task_job.py:159} INFO - Task exited with return code 0
[2022-11-28T20:12:06.206+0000] {taskinstance.py:2623} INFO - 1 downstream tasks scheduled from follow-on schedule check
