[2022-12-05T17:55:32.870+0000] {taskinstance.py:1165} INFO - Dependencies all met for <TaskInstance: first_dag.hello manual__2022-12-05T17:55:32.081279+00:00 [queued]>
[2022-12-05T17:55:32.881+0000] {taskinstance.py:1165} INFO - Dependencies all met for <TaskInstance: first_dag.hello manual__2022-12-05T17:55:32.081279+00:00 [queued]>
[2022-12-05T17:55:32.882+0000] {taskinstance.py:1362} INFO - 
--------------------------------------------------------------------------------
[2022-12-05T17:55:32.882+0000] {taskinstance.py:1363} INFO - Starting attempt 1 of 1
[2022-12-05T17:55:32.882+0000] {taskinstance.py:1364} INFO - 
--------------------------------------------------------------------------------
[2022-12-05T17:55:32.899+0000] {taskinstance.py:1383} INFO - Executing <Task(BashOperator): hello> on 2022-12-05 17:55:32.081279+00:00
[2022-12-05T17:55:32.903+0000] {standard_task_runner.py:55} INFO - Started process 6271 to run task
[2022-12-05T17:55:32.908+0000] {standard_task_runner.py:82} INFO - Running: ['***', 'tasks', 'run', 'first_dag', 'hello', 'manual__2022-12-05T17:55:32.081279+00:00', '--job-id', '1092', '--raw', '--subdir', 'DAGS_FOLDER/***1t.py', '--cfg-path', '/tmp/tmpilal129_']
[2022-12-05T17:55:32.910+0000] {standard_task_runner.py:83} INFO - Job 1092: Subtask hello
[2022-12-05T17:55:32.979+0000] {task_command.py:376} INFO - Running <TaskInstance: first_dag.hello manual__2022-12-05T17:55:32.081279+00:00 [running]> on host debdf09646d4
[2022-12-05T17:55:33.060+0000] {taskinstance.py:1592} INFO - Exporting the following env vars:
AIRFLOW_CTX_DAG_OWNER=***
AIRFLOW_CTX_DAG_ID=first_dag
AIRFLOW_CTX_TASK_ID=hello
AIRFLOW_CTX_EXECUTION_DATE=2022-12-05T17:55:32.081279+00:00
AIRFLOW_CTX_TRY_NUMBER=1
AIRFLOW_CTX_DAG_RUN_ID=manual__2022-12-05T17:55:32.081279+00:00
[2022-12-05T17:55:33.061+0000] {subprocess.py:63} INFO - Tmp dir root location: 
 /tmp
[2022-12-05T17:55:33.062+0000] {subprocess.py:75} INFO - Running command: ['/bin/bash', '-c', 'echo hello']
[2022-12-05T17:55:33.071+0000] {subprocess.py:86} INFO - Output:
[2022-12-05T17:55:33.072+0000] {subprocess.py:93} INFO - hello
[2022-12-05T17:55:33.073+0000] {subprocess.py:97} INFO - Command exited with return code 0
[2022-12-05T17:55:33.096+0000] {taskinstance.py:1406} INFO - Marking task as SUCCESS. dag_id=first_dag, task_id=hello, execution_date=20221205T175532, start_date=20221205T175532, end_date=20221205T175533
[2022-12-05T17:55:33.120+0000] {local_task_job.py:159} INFO - Task exited with return code 0
[2022-12-05T17:55:33.147+0000] {taskinstance.py:2623} INFO - 1 downstream tasks scheduled from follow-on schedule check
