[2022-11-30T20:27:12.829+0000] {taskinstance.py:1165} INFO - Dependencies all met for <TaskInstance: first_dag.len manual__2022-11-30T20:27:11.913790+00:00 [queued]>
[2022-11-30T20:27:12.840+0000] {taskinstance.py:1165} INFO - Dependencies all met for <TaskInstance: first_dag.len manual__2022-11-30T20:27:11.913790+00:00 [queued]>
[2022-11-30T20:27:12.840+0000] {taskinstance.py:1362} INFO - 
--------------------------------------------------------------------------------
[2022-11-30T20:27:12.841+0000] {taskinstance.py:1363} INFO - Starting attempt 1 of 1
[2022-11-30T20:27:12.841+0000] {taskinstance.py:1364} INFO - 
--------------------------------------------------------------------------------
[2022-11-30T20:27:12.857+0000] {taskinstance.py:1383} INFO - Executing <Task(BashOperator): len> on 2022-11-30 20:27:11.913790+00:00
[2022-11-30T20:27:12.861+0000] {standard_task_runner.py:55} INFO - Started process 11835 to run task
[2022-11-30T20:27:12.864+0000] {standard_task_runner.py:82} INFO - Running: ['***', 'tasks', 'run', 'first_dag', 'len', 'manual__2022-11-30T20:27:11.913790+00:00', '--job-id', '798', '--raw', '--subdir', 'DAGS_FOLDER/***1t.py', '--cfg-path', '/tmp/tmpm74w054c']
[2022-11-30T20:27:12.866+0000] {standard_task_runner.py:83} INFO - Job 798: Subtask len
[2022-11-30T20:27:12.929+0000] {task_command.py:376} INFO - Running <TaskInstance: first_dag.len manual__2022-11-30T20:27:11.913790+00:00 [running]> on host debdf09646d4
[2022-11-30T20:27:12.997+0000] {taskinstance.py:1592} INFO - Exporting the following env vars:
AIRFLOW_CTX_DAG_OWNER=***
AIRFLOW_CTX_DAG_ID=first_dag
AIRFLOW_CTX_TASK_ID=len
AIRFLOW_CTX_EXECUTION_DATE=2022-11-30T20:27:11.913790+00:00
AIRFLOW_CTX_TRY_NUMBER=1
AIRFLOW_CTX_DAG_RUN_ID=manual__2022-11-30T20:27:11.913790+00:00
[2022-11-30T20:27:12.998+0000] {subprocess.py:63} INFO - Tmp dir root location: 
 /tmp
[2022-11-30T20:27:12.999+0000] {subprocess.py:75} INFO - Running command: ['/bin/bash', '-c', 'echo_world']
[2022-11-30T20:27:13.008+0000] {subprocess.py:86} INFO - Output:
[2022-11-30T20:27:13.009+0000] {subprocess.py:93} INFO - /bin/bash: line 1: echo_world: command not found
[2022-11-30T20:27:13.010+0000] {subprocess.py:97} INFO - Command exited with return code 127
[2022-11-30T20:27:13.019+0000] {taskinstance.py:1851} ERROR - Task failed with exception
Traceback (most recent call last):
  File "/home/airflow/.local/lib/python3.7/site-packages/airflow/operators/bash.py", line 197, in execute
    f'Bash command failed. The command returned a non-zero exit code {result.exit_code}.'
airflow.exceptions.AirflowException: Bash command failed. The command returned a non-zero exit code 127.
[2022-11-30T20:27:13.023+0000] {taskinstance.py:1406} INFO - Marking task as FAILED. dag_id=first_dag, task_id=len, execution_date=20221130T202711, start_date=20221130T202712, end_date=20221130T202713
[2022-11-30T20:27:13.036+0000] {standard_task_runner.py:105} ERROR - Failed to execute job 798 for task len (Bash command failed. The command returned a non-zero exit code 127.; 11835)
[2022-11-30T20:27:13.077+0000] {local_task_job.py:159} INFO - Task exited with return code 1
[2022-11-30T20:27:13.097+0000] {taskinstance.py:2623} INFO - 0 downstream tasks scheduled from follow-on schedule check
