[2022-12-05T18:38:49.787+0000] {taskinstance.py:1165} INFO - Dependencies all met for <TaskInstance: first_dag.pull_task manual__2022-12-05T18:38:45.400939+00:00 [queued]>
[2022-12-05T18:38:49.799+0000] {taskinstance.py:1165} INFO - Dependencies all met for <TaskInstance: first_dag.pull_task manual__2022-12-05T18:38:45.400939+00:00 [queued]>
[2022-12-05T18:38:49.800+0000] {taskinstance.py:1362} INFO - 
--------------------------------------------------------------------------------
[2022-12-05T18:38:49.800+0000] {taskinstance.py:1363} INFO - Starting attempt 1 of 1
[2022-12-05T18:38:49.800+0000] {taskinstance.py:1364} INFO - 
--------------------------------------------------------------------------------
[2022-12-05T18:38:49.815+0000] {taskinstance.py:1383} INFO - Executing <Task(PythonOperator): pull_task> on 2022-12-05 18:38:45.400939+00:00
[2022-12-05T18:38:49.820+0000] {standard_task_runner.py:55} INFO - Started process 8691 to run task
[2022-12-05T18:38:49.823+0000] {standard_task_runner.py:82} INFO - Running: ['***', 'tasks', 'run', 'first_dag', 'pull_task', 'manual__2022-12-05T18:38:45.400939+00:00', '--job-id', '1208', '--raw', '--subdir', 'DAGS_FOLDER/***1t.py', '--cfg-path', '/tmp/tmpax06lspp']
[2022-12-05T18:38:49.825+0000] {standard_task_runner.py:83} INFO - Job 1208: Subtask pull_task
[2022-12-05T18:38:49.888+0000] {task_command.py:376} INFO - Running <TaskInstance: first_dag.pull_task manual__2022-12-05T18:38:45.400939+00:00 [running]> on host debdf09646d4
[2022-12-05T18:38:49.961+0000] {taskinstance.py:1592} INFO - Exporting the following env vars:
AIRFLOW_CTX_DAG_OWNER=***
AIRFLOW_CTX_DAG_ID=first_dag
AIRFLOW_CTX_TASK_ID=pull_task
AIRFLOW_CTX_EXECUTION_DATE=2022-12-05T18:38:45.400939+00:00
AIRFLOW_CTX_TRY_NUMBER=1
AIRFLOW_CTX_DAG_RUN_ID=manual__2022-12-05T18:38:45.400939+00:00
[2022-12-05T18:38:54.421+0000] {logging_mixin.py:137} INFO - 23
[2022-12-05T18:38:54.421+0000] {python.py:177} INFO - Done. Returned value was: None
[2022-12-05T18:38:54.430+0000] {taskinstance.py:1406} INFO - Marking task as SUCCESS. dag_id=first_dag, task_id=pull_task, execution_date=20221205T183845, start_date=20221205T183849, end_date=20221205T183854
[2022-12-05T18:38:54.461+0000] {local_task_job.py:159} INFO - Task exited with return code 0
[2022-12-05T18:38:54.488+0000] {taskinstance.py:2623} INFO - 1 downstream tasks scheduled from follow-on schedule check
