[2022-12-05T19:23:26.770+0000] {taskinstance.py:1165} INFO - Dependencies all met for <TaskInstance: first_dag.number_task scheduled__2022-12-05T07:10:00+00:00 [queued]>
[2022-12-05T19:23:26.809+0000] {taskinstance.py:1165} INFO - Dependencies all met for <TaskInstance: first_dag.number_task scheduled__2022-12-05T07:10:00+00:00 [queued]>
[2022-12-05T19:23:26.810+0000] {taskinstance.py:1362} INFO - 
--------------------------------------------------------------------------------
[2022-12-05T19:23:26.811+0000] {taskinstance.py:1363} INFO - Starting attempt 1 of 1
[2022-12-05T19:23:26.811+0000] {taskinstance.py:1364} INFO - 
--------------------------------------------------------------------------------
[2022-12-05T19:23:26.863+0000] {taskinstance.py:1383} INFO - Executing <Task(PythonOperator): number_task> on 2022-12-05 07:10:00+00:00
[2022-12-05T19:23:26.874+0000] {standard_task_runner.py:55} INFO - Started process 13193 to run task
[2022-12-05T19:23:26.894+0000] {standard_task_runner.py:82} INFO - Running: ['***', 'tasks', 'run', 'first_dag', 'number_task', 'scheduled__2022-12-05T07:10:00+00:00', '--job-id', '1975', '--raw', '--subdir', 'DAGS_FOLDER/***1t.py', '--cfg-path', '/tmp/tmpr5uopntj']
[2022-12-05T19:23:26.903+0000] {standard_task_runner.py:83} INFO - Job 1975: Subtask number_task
[2022-12-05T19:23:27.095+0000] {task_command.py:376} INFO - Running <TaskInstance: first_dag.number_task scheduled__2022-12-05T07:10:00+00:00 [running]> on host debdf09646d4
[2022-12-05T19:23:27.593+0000] {taskinstance.py:1592} INFO - Exporting the following env vars:
AIRFLOW_CTX_DAG_OWNER=***
AIRFLOW_CTX_DAG_ID=first_dag
AIRFLOW_CTX_TASK_ID=number_task
AIRFLOW_CTX_EXECUTION_DATE=2022-12-05T07:10:00+00:00
AIRFLOW_CTX_TRY_NUMBER=1
AIRFLOW_CTX_DAG_RUN_ID=scheduled__2022-12-05T07:10:00+00:00
[2022-12-05T19:23:27.596+0000] {logging_mixin.py:137} INFO - 56   102
[2022-12-05T19:23:27.596+0000] {logging_mixin.py:137} INFO - <_io.TextIOWrapper name='file.txt' mode='a' encoding='UTF-8'>
[2022-12-05T19:23:27.597+0000] {python.py:177} INFO - Done. Returned value was: None
[2022-12-05T19:23:27.632+0000] {taskinstance.py:1406} INFO - Marking task as SUCCESS. dag_id=first_dag, task_id=number_task, execution_date=20221205T071000, start_date=20221205T192326, end_date=20221205T192327
[2022-12-05T19:23:27.753+0000] {local_task_job.py:159} INFO - Task exited with return code 0
[2022-12-05T19:23:27.861+0000] {taskinstance.py:2623} INFO - 0 downstream tasks scheduled from follow-on schedule check
