[2022-11-28T20:11:04.369+0000] {taskinstance.py:1165} INFO - Dependencies all met for <TaskInstance: first_dag.world scheduled__2022-05-11T00:00:00+00:00 [queued]>
[2022-11-28T20:11:04.411+0000] {taskinstance.py:1165} INFO - Dependencies all met for <TaskInstance: first_dag.world scheduled__2022-05-11T00:00:00+00:00 [queued]>
[2022-11-28T20:11:04.426+0000] {taskinstance.py:1362} INFO - 
--------------------------------------------------------------------------------
[2022-11-28T20:11:04.430+0000] {taskinstance.py:1363} INFO - Starting attempt 1 of 1
[2022-11-28T20:11:04.431+0000] {taskinstance.py:1364} INFO - 
--------------------------------------------------------------------------------
[2022-11-28T20:11:04.483+0000] {taskinstance.py:1383} INFO - Executing <Task(PythonOperator): world> on 2022-05-11 00:00:00+00:00
[2022-11-28T20:11:04.495+0000] {standard_task_runner.py:55} INFO - Started process 830 to run task
[2022-11-28T20:11:04.505+0000] {standard_task_runner.py:82} INFO - Running: ['***', 'tasks', 'run', 'first_dag', 'world', 'scheduled__2022-05-11T00:00:00+00:00', '--job-id', '274', '--raw', '--subdir', 'DAGS_FOLDER/***1t.py', '--cfg-path', '/tmp/tmpct24q4vv']
[2022-11-28T20:11:04.509+0000] {standard_task_runner.py:83} INFO - Job 274: Subtask world
[2022-11-28T20:11:04.674+0000] {task_command.py:376} INFO - Running <TaskInstance: first_dag.world scheduled__2022-05-11T00:00:00+00:00 [running]> on host 7720011b9adc
[2022-11-28T20:11:04.896+0000] {taskinstance.py:1592} INFO - Exporting the following env vars:
AIRFLOW_CTX_DAG_OWNER=***
AIRFLOW_CTX_DAG_ID=first_dag
AIRFLOW_CTX_TASK_ID=world
AIRFLOW_CTX_EXECUTION_DATE=2022-05-11T00:00:00+00:00
AIRFLOW_CTX_TRY_NUMBER=1
AIRFLOW_CTX_DAG_RUN_ID=scheduled__2022-05-11T00:00:00+00:00
[2022-11-28T20:11:04.899+0000] {logging_mixin.py:137} INFO - Airflow
[2022-11-28T20:11:04.899+0000] {python.py:177} INFO - Done. Returned value was: None
[2022-11-28T20:11:04.929+0000] {taskinstance.py:1406} INFO - Marking task as SUCCESS. dag_id=first_dag, task_id=world, execution_date=20220511T000000, start_date=20221128T201104, end_date=20221128T201104
[2022-11-28T20:11:04.966+0000] {local_task_job.py:159} INFO - Task exited with return code 0
[2022-11-28T20:11:04.993+0000] {taskinstance.py:2623} INFO - 0 downstream tasks scheduled from follow-on schedule check
