[2022-11-30T20:34:40.851+0000] {taskinstance.py:1165} INFO - Dependencies all met for <TaskInstance: first_dag.len_csv manual__2022-11-30T20:34:37.114957+00:00 [queued]>
[2022-11-30T20:34:40.860+0000] {taskinstance.py:1165} INFO - Dependencies all met for <TaskInstance: first_dag.len_csv manual__2022-11-30T20:34:37.114957+00:00 [queued]>
[2022-11-30T20:34:40.861+0000] {taskinstance.py:1362} INFO - 
--------------------------------------------------------------------------------
[2022-11-30T20:34:40.861+0000] {taskinstance.py:1363} INFO - Starting attempt 1 of 1
[2022-11-30T20:34:40.862+0000] {taskinstance.py:1364} INFO - 
--------------------------------------------------------------------------------
[2022-11-30T20:34:40.877+0000] {taskinstance.py:1383} INFO - Executing <Task(PythonOperator): len_csv> on 2022-11-30 20:34:37.114957+00:00
[2022-11-30T20:34:40.882+0000] {standard_task_runner.py:55} INFO - Started process 12226 to run task
[2022-11-30T20:34:40.885+0000] {standard_task_runner.py:82} INFO - Running: ['***', 'tasks', 'run', 'first_dag', 'len_csv', 'manual__2022-11-30T20:34:37.114957+00:00', '--job-id', '807', '--raw', '--subdir', 'DAGS_FOLDER/***1t.py', '--cfg-path', '/tmp/tmp6z7q6pmf']
[2022-11-30T20:34:40.887+0000] {standard_task_runner.py:83} INFO - Job 807: Subtask len_csv
[2022-11-30T20:34:40.949+0000] {task_command.py:376} INFO - Running <TaskInstance: first_dag.len_csv manual__2022-11-30T20:34:37.114957+00:00 [running]> on host debdf09646d4
[2022-11-30T20:34:41.015+0000] {taskinstance.py:1592} INFO - Exporting the following env vars:
AIRFLOW_CTX_DAG_OWNER=***
AIRFLOW_CTX_DAG_ID=first_dag
AIRFLOW_CTX_TASK_ID=len_csv
AIRFLOW_CTX_EXECUTION_DATE=2022-11-30T20:34:37.114957+00:00
AIRFLOW_CTX_TRY_NUMBER=1
AIRFLOW_CTX_DAG_RUN_ID=manual__2022-11-30T20:34:37.114957+00:00
[2022-11-30T20:34:44.865+0000] {logging_mixin.py:137} INFO - 23
[2022-11-30T20:34:44.865+0000] {python.py:177} INFO - Done. Returned value was: None
[2022-11-30T20:34:44.874+0000] {taskinstance.py:1406} INFO - Marking task as SUCCESS. dag_id=first_dag, task_id=len_csv, execution_date=20221130T203437, start_date=20221130T203440, end_date=20221130T203444
[2022-11-30T20:34:44.915+0000] {local_task_job.py:159} INFO - Task exited with return code 0
[2022-11-30T20:34:44.931+0000] {taskinstance.py:2623} INFO - 0 downstream tasks scheduled from follow-on schedule check
