[2022-12-05T19:25:32.909+0000] {taskinstance.py:1165} INFO - Dependencies all met for <TaskInstance: first_dag.number_task scheduled__2022-12-05T12:05:00+00:00 [queued]>
[2022-12-05T19:25:32.955+0000] {taskinstance.py:1165} INFO - Dependencies all met for <TaskInstance: first_dag.number_task scheduled__2022-12-05T12:05:00+00:00 [queued]>
[2022-12-05T19:25:32.956+0000] {taskinstance.py:1362} INFO - 
--------------------------------------------------------------------------------
[2022-12-05T19:25:32.958+0000] {taskinstance.py:1363} INFO - Starting attempt 1 of 1
[2022-12-05T19:25:32.959+0000] {taskinstance.py:1364} INFO - 
--------------------------------------------------------------------------------
[2022-12-05T19:25:33.057+0000] {taskinstance.py:1383} INFO - Executing <Task(PythonOperator): number_task> on 2022-12-05 12:05:00+00:00
[2022-12-05T19:25:33.075+0000] {standard_task_runner.py:55} INFO - Started process 14664 to run task
[2022-12-05T19:25:33.088+0000] {standard_task_runner.py:82} INFO - Running: ['***', 'tasks', 'run', 'first_dag', 'number_task', 'scheduled__2022-12-05T12:05:00+00:00', '--job-id', '2413', '--raw', '--subdir', 'DAGS_FOLDER/***1t.py', '--cfg-path', '/tmp/tmpl2wjmu91']
[2022-12-05T19:25:33.099+0000] {standard_task_runner.py:83} INFO - Job 2413: Subtask number_task
[2022-12-05T19:25:33.461+0000] {task_command.py:376} INFO - Running <TaskInstance: first_dag.number_task scheduled__2022-12-05T12:05:00+00:00 [running]> on host debdf09646d4
[2022-12-05T19:25:33.750+0000] {taskinstance.py:1592} INFO - Exporting the following env vars:
AIRFLOW_CTX_DAG_OWNER=***
AIRFLOW_CTX_DAG_ID=first_dag
AIRFLOW_CTX_TASK_ID=number_task
AIRFLOW_CTX_EXECUTION_DATE=2022-12-05T12:05:00+00:00
AIRFLOW_CTX_TRY_NUMBER=1
AIRFLOW_CTX_DAG_RUN_ID=scheduled__2022-12-05T12:05:00+00:00
[2022-12-05T19:25:33.753+0000] {logging_mixin.py:137} INFO - 95   22
[2022-12-05T19:25:33.759+0000] {logging_mixin.py:137} INFO - <_io.TextIOWrapper name='file.txt' mode='a' encoding='UTF-8'>
[2022-12-05T19:25:33.760+0000] {python.py:177} INFO - Done. Returned value was: None
[2022-12-05T19:25:33.812+0000] {taskinstance.py:1406} INFO - Marking task as SUCCESS. dag_id=first_dag, task_id=number_task, execution_date=20221205T120500, start_date=20221205T192532, end_date=20221205T192533
[2022-12-05T19:25:33.911+0000] {local_task_job.py:159} INFO - Task exited with return code 0
[2022-12-05T19:25:33.977+0000] {taskinstance.py:2623} INFO - 1 downstream tasks scheduled from follow-on schedule check
