[2022-12-05T17:08:22.844+0000] {taskinstance.py:1165} INFO - Dependencies all met for <TaskInstance: first_dag.number_task manual__2022-12-05T17:08:14.209023+00:00 [queued]>
[2022-12-05T17:08:22.854+0000] {taskinstance.py:1165} INFO - Dependencies all met for <TaskInstance: first_dag.number_task manual__2022-12-05T17:08:14.209023+00:00 [queued]>
[2022-12-05T17:08:22.854+0000] {taskinstance.py:1362} INFO - 
--------------------------------------------------------------------------------
[2022-12-05T17:08:22.858+0000] {taskinstance.py:1363} INFO - Starting attempt 1 of 1
[2022-12-05T17:08:22.859+0000] {taskinstance.py:1364} INFO - 
--------------------------------------------------------------------------------
[2022-12-05T17:08:22.875+0000] {taskinstance.py:1383} INFO - Executing <Task(PythonOperator): number_task> on 2022-12-05 17:08:14.209023+00:00
[2022-12-05T17:08:22.879+0000] {standard_task_runner.py:55} INFO - Started process 3955 to run task
[2022-12-05T17:08:22.883+0000] {standard_task_runner.py:82} INFO - Running: ['***', 'tasks', 'run', 'first_dag', 'number_task', 'manual__2022-12-05T17:08:14.209023+00:00', '--job-id', '1060', '--raw', '--subdir', 'DAGS_FOLDER/***1t.py', '--cfg-path', '/tmp/tmp5lsdk39h']
[2022-12-05T17:08:22.885+0000] {standard_task_runner.py:83} INFO - Job 1060: Subtask number_task
[2022-12-05T17:08:22.945+0000] {task_command.py:376} INFO - Running <TaskInstance: first_dag.number_task manual__2022-12-05T17:08:14.209023+00:00 [running]> on host debdf09646d4
[2022-12-05T17:08:23.010+0000] {taskinstance.py:1592} INFO - Exporting the following env vars:
AIRFLOW_CTX_DAG_OWNER=***
AIRFLOW_CTX_DAG_ID=first_dag
AIRFLOW_CTX_TASK_ID=number_task
AIRFLOW_CTX_EXECUTION_DATE=2022-12-05T17:08:14.209023+00:00
AIRFLOW_CTX_TRY_NUMBER=1
AIRFLOW_CTX_DAG_RUN_ID=manual__2022-12-05T17:08:14.209023+00:00
[2022-12-05T17:08:23.011+0000] {logging_mixin.py:137} INFO - 111   23
[2022-12-05T17:08:23.012+0000] {python.py:177} INFO - Done. Returned value was: None
[2022-12-05T17:08:23.020+0000] {taskinstance.py:1406} INFO - Marking task as SUCCESS. dag_id=first_dag, task_id=number_task, execution_date=20221205T170814, start_date=20221205T170822, end_date=20221205T170823
[2022-12-05T17:08:23.055+0000] {local_task_job.py:159} INFO - Task exited with return code 0
[2022-12-05T17:08:23.071+0000] {taskinstance.py:2623} INFO - 0 downstream tasks scheduled from follow-on schedule check
