[2022-12-05T16:52:02.980+0000] {taskinstance.py:1165} INFO - Dependencies all met for <TaskInstance: first_dag.file_path manual__2022-12-05T16:51:59.473548+00:00 [queued]>
[2022-12-05T16:52:02.992+0000] {taskinstance.py:1165} INFO - Dependencies all met for <TaskInstance: first_dag.file_path manual__2022-12-05T16:51:59.473548+00:00 [queued]>
[2022-12-05T16:52:02.993+0000] {taskinstance.py:1362} INFO - 
--------------------------------------------------------------------------------
[2022-12-05T16:52:02.993+0000] {taskinstance.py:1363} INFO - Starting attempt 1 of 1
[2022-12-05T16:52:02.994+0000] {taskinstance.py:1364} INFO - 
--------------------------------------------------------------------------------
[2022-12-05T16:52:03.009+0000] {taskinstance.py:1383} INFO - Executing <Task(PythonOperator): file_path> on 2022-12-05 16:51:59.473548+00:00
[2022-12-05T16:52:03.014+0000] {standard_task_runner.py:55} INFO - Started process 3074 to run task
[2022-12-05T16:52:03.017+0000] {standard_task_runner.py:82} INFO - Running: ['***', 'tasks', 'run', 'first_dag', 'file_path', 'manual__2022-12-05T16:51:59.473548+00:00', '--job-id', '1027', '--raw', '--subdir', 'DAGS_FOLDER/***1t.py', '--cfg-path', '/tmp/tmpaybbiuxu']
[2022-12-05T16:52:03.019+0000] {standard_task_runner.py:83} INFO - Job 1027: Subtask file_path
[2022-12-05T16:52:03.087+0000] {task_command.py:376} INFO - Running <TaskInstance: first_dag.file_path manual__2022-12-05T16:51:59.473548+00:00 [running]> on host debdf09646d4
[2022-12-05T16:52:03.209+0000] {taskinstance.py:1592} INFO - Exporting the following env vars:
AIRFLOW_CTX_DAG_OWNER=***
AIRFLOW_CTX_DAG_ID=first_dag
AIRFLOW_CTX_TASK_ID=file_path
AIRFLOW_CTX_EXECUTION_DATE=2022-12-05T16:51:59.473548+00:00
AIRFLOW_CTX_TRY_NUMBER=1
AIRFLOW_CTX_DAG_RUN_ID=manual__2022-12-05T16:51:59.473548+00:00
[2022-12-05T16:52:03.218+0000] {logging_mixin.py:137} INFO - our value:  https://people.sc.fsu.edu/~jburkardt/data/csv/ford_escort.csv
[2022-12-05T16:52:03.219+0000] {python.py:177} INFO - Done. Returned value was: None
[2022-12-05T16:52:03.230+0000] {taskinstance.py:1406} INFO - Marking task as SUCCESS. dag_id=first_dag, task_id=file_path, execution_date=20221205T165159, start_date=20221205T165202, end_date=20221205T165203
[2022-12-05T16:52:03.268+0000] {local_task_job.py:159} INFO - Task exited with return code 0
[2022-12-05T16:52:03.302+0000] {taskinstance.py:2623} INFO - 1 downstream tasks scheduled from follow-on schedule check
