[2022-12-05T18:38:46.335+0000] {taskinstance.py:1165} INFO - Dependencies all met for <TaskInstance: first_dag.sum_task manual__2022-12-05T18:38:45.400939+00:00 [queued]>
[2022-12-05T18:38:46.346+0000] {taskinstance.py:1165} INFO - Dependencies all met for <TaskInstance: first_dag.sum_task manual__2022-12-05T18:38:45.400939+00:00 [queued]>
[2022-12-05T18:38:46.347+0000] {taskinstance.py:1362} INFO - 
--------------------------------------------------------------------------------
[2022-12-05T18:38:46.347+0000] {taskinstance.py:1363} INFO - Starting attempt 1 of 1
[2022-12-05T18:38:46.348+0000] {taskinstance.py:1364} INFO - 
--------------------------------------------------------------------------------
[2022-12-05T18:38:46.366+0000] {taskinstance.py:1383} INFO - Executing <Task(PythonOperator): sum_task> on 2022-12-05 18:38:45.400939+00:00
[2022-12-05T18:38:46.371+0000] {standard_task_runner.py:55} INFO - Started process 8672 to run task
[2022-12-05T18:38:46.375+0000] {standard_task_runner.py:82} INFO - Running: ['***', 'tasks', 'run', 'first_dag', 'sum_task', 'manual__2022-12-05T18:38:45.400939+00:00', '--job-id', '1205', '--raw', '--subdir', 'DAGS_FOLDER/***1t.py', '--cfg-path', '/tmp/tmprxtnpqrf']
[2022-12-05T18:38:46.378+0000] {standard_task_runner.py:83} INFO - Job 1205: Subtask sum_task
[2022-12-05T18:38:46.450+0000] {task_command.py:376} INFO - Running <TaskInstance: first_dag.sum_task manual__2022-12-05T18:38:45.400939+00:00 [running]> on host debdf09646d4
[2022-12-05T18:38:46.520+0000] {taskinstance.py:1592} INFO - Exporting the following env vars:
AIRFLOW_CTX_DAG_OWNER=***
AIRFLOW_CTX_DAG_ID=first_dag
AIRFLOW_CTX_TASK_ID=sum_task
AIRFLOW_CTX_EXECUTION_DATE=2022-12-05T18:38:45.400939+00:00
AIRFLOW_CTX_TRY_NUMBER=1
AIRFLOW_CTX_DAG_RUN_ID=manual__2022-12-05T18:38:45.400939+00:00
[2022-12-05T18:38:46.521+0000] {logging_mixin.py:137} INFO - ('89',)
[2022-12-05T18:38:46.521+0000] {logging_mixin.py:137} INFO - ('10057',)
[2022-12-05T18:38:46.522+0000] {logging_mixin.py:137} INFO - ('6532',)
[2022-12-05T18:38:46.522+0000] {logging_mixin.py:137} INFO - ('10797',)
[2022-12-05T18:38:46.522+0000] {logging_mixin.py:137} INFO - ('330',)
[2022-12-05T18:38:46.522+0000] {logging_mixin.py:137} INFO - ('12124',)
[2022-12-05T18:38:46.523+0000] {logging_mixin.py:137} INFO - ('3116',)
[2022-12-05T18:38:46.523+0000] {logging_mixin.py:137} INFO - ('5071',)
[2022-12-05T18:38:46.523+0000] {logging_mixin.py:137} INFO - ('49113',)
[2022-12-05T18:38:46.523+0000] {logging_mixin.py:137} INFO - ('10614',)
[2022-12-05T18:38:46.523+0000] {logging_mixin.py:137} INFO - ('8844',)
[2022-12-05T18:38:46.524+0000] {logging_mixin.py:137} INFO - ('9859',)
[2022-12-05T18:38:46.524+0000] {logging_mixin.py:137} INFO - ('7891',)
[2022-12-05T18:38:46.524+0000] {logging_mixin.py:137} INFO - ('10104',)
[2022-12-05T18:38:46.524+0000] {logging_mixin.py:137} INFO - ('64106',)
[2022-12-05T18:38:46.524+0000] {logging_mixin.py:137} INFO - ('8216',)
[2022-12-05T18:38:46.525+0000] {logging_mixin.py:137} INFO - ('3611',)
[2022-12-05T18:38:46.525+0000] {logging_mixin.py:137} INFO - ('1113',)
[2022-12-05T18:38:46.525+0000] {logging_mixin.py:137} INFO - ('115',)
[2022-12-05T18:38:46.525+0000] {python.py:177} INFO - Done. Returned value was: None
[2022-12-05T18:38:46.534+0000] {taskinstance.py:1406} INFO - Marking task as SUCCESS. dag_id=first_dag, task_id=sum_task, execution_date=20221205T183845, start_date=20221205T183846, end_date=20221205T183846
[2022-12-05T18:38:46.586+0000] {local_task_job.py:159} INFO - Task exited with return code 0
[2022-12-05T18:38:46.609+0000] {taskinstance.py:2623} INFO - 0 downstream tasks scheduled from follow-on schedule check
