[2022-12-01T17:38:01.619+0000] {taskinstance.py:1165} INFO - Dependencies all met for <TaskInstance: first_dag.hello manual__2022-12-01T17:38:00.724362+00:00 [queued]>
[2022-12-01T17:38:01.630+0000] {taskinstance.py:1165} INFO - Dependencies all met for <TaskInstance: first_dag.hello manual__2022-12-01T17:38:00.724362+00:00 [queued]>
[2022-12-01T17:38:01.630+0000] {taskinstance.py:1362} INFO - 
--------------------------------------------------------------------------------
[2022-12-01T17:38:01.631+0000] {taskinstance.py:1363} INFO - Starting attempt 1 of 1
[2022-12-01T17:38:01.631+0000] {taskinstance.py:1364} INFO - 
--------------------------------------------------------------------------------
[2022-12-01T17:38:01.647+0000] {taskinstance.py:1383} INFO - Executing <Task(BashOperator): hello> on 2022-12-01 17:38:00.724362+00:00
[2022-12-01T17:38:01.651+0000] {standard_task_runner.py:55} INFO - Started process 4360 to run task
[2022-12-01T17:38:01.655+0000] {standard_task_runner.py:82} INFO - Running: ['***', 'tasks', 'run', 'first_dag', 'hello', 'manual__2022-12-01T17:38:00.724362+00:00', '--job-id', '891', '--raw', '--subdir', 'DAGS_FOLDER/***1t.py', '--cfg-path', '/tmp/tmptpnf61mq']
[2022-12-01T17:38:01.657+0000] {standard_task_runner.py:83} INFO - Job 891: Subtask hello
[2022-12-01T17:38:01.723+0000] {task_command.py:376} INFO - Running <TaskInstance: first_dag.hello manual__2022-12-01T17:38:00.724362+00:00 [running]> on host debdf09646d4
[2022-12-01T17:38:01.795+0000] {taskinstance.py:1592} INFO - Exporting the following env vars:
AIRFLOW_CTX_DAG_OWNER=***
AIRFLOW_CTX_DAG_ID=first_dag
AIRFLOW_CTX_TASK_ID=hello
AIRFLOW_CTX_EXECUTION_DATE=2022-12-01T17:38:00.724362+00:00
AIRFLOW_CTX_TRY_NUMBER=1
AIRFLOW_CTX_DAG_RUN_ID=manual__2022-12-01T17:38:00.724362+00:00
[2022-12-01T17:38:01.797+0000] {subprocess.py:63} INFO - Tmp dir root location: 
 /tmp
[2022-12-01T17:38:01.798+0000] {subprocess.py:75} INFO - Running command: ['/bin/bash', '-c', 'echo hello']
[2022-12-01T17:38:01.809+0000] {subprocess.py:86} INFO - Output:
[2022-12-01T17:38:01.811+0000] {subprocess.py:93} INFO - hello
[2022-12-01T17:38:01.811+0000] {subprocess.py:97} INFO - Command exited with return code 0
[2022-12-01T17:38:01.835+0000] {taskinstance.py:1406} INFO - Marking task as SUCCESS. dag_id=first_dag, task_id=hello, execution_date=20221201T173800, start_date=20221201T173801, end_date=20221201T173801
[2022-12-01T17:38:01.866+0000] {local_task_job.py:159} INFO - Task exited with return code 0
[2022-12-01T17:38:01.894+0000] {taskinstance.py:2623} INFO - 1 downstream tasks scheduled from follow-on schedule check
