[2022-12-05T17:15:24.235+0000] {taskinstance.py:1165} INFO - Dependencies all met for <TaskInstance: first_dag.file_path manual__2022-12-05T17:15:21.256493+00:00 [queued]>
[2022-12-05T17:15:24.245+0000] {taskinstance.py:1165} INFO - Dependencies all met for <TaskInstance: first_dag.file_path manual__2022-12-05T17:15:21.256493+00:00 [queued]>
[2022-12-05T17:15:24.246+0000] {taskinstance.py:1362} INFO - 
--------------------------------------------------------------------------------
[2022-12-05T17:15:24.246+0000] {taskinstance.py:1363} INFO - Starting attempt 1 of 1
[2022-12-05T17:15:24.247+0000] {taskinstance.py:1364} INFO - 
--------------------------------------------------------------------------------
[2022-12-05T17:15:24.261+0000] {taskinstance.py:1383} INFO - Executing <Task(PythonOperator): file_path> on 2022-12-05 17:15:21.256493+00:00
[2022-12-05T17:15:24.266+0000] {standard_task_runner.py:55} INFO - Started process 4318 to run task
[2022-12-05T17:15:24.269+0000] {standard_task_runner.py:82} INFO - Running: ['***', 'tasks', 'run', 'first_dag', 'file_path', 'manual__2022-12-05T17:15:21.256493+00:00', '--job-id', '1069', '--raw', '--subdir', 'DAGS_FOLDER/***1t.py', '--cfg-path', '/tmp/tmphw75c4ko']
[2022-12-05T17:15:24.271+0000] {standard_task_runner.py:83} INFO - Job 1069: Subtask file_path
[2022-12-05T17:15:24.333+0000] {task_command.py:376} INFO - Running <TaskInstance: first_dag.file_path manual__2022-12-05T17:15:21.256493+00:00 [running]> on host debdf09646d4
[2022-12-05T17:15:24.405+0000] {taskinstance.py:1592} INFO - Exporting the following env vars:
AIRFLOW_CTX_DAG_OWNER=***
AIRFLOW_CTX_DAG_ID=first_dag
AIRFLOW_CTX_TASK_ID=file_path
AIRFLOW_CTX_EXECUTION_DATE=2022-12-05T17:15:21.256493+00:00
AIRFLOW_CTX_TRY_NUMBER=1
AIRFLOW_CTX_DAG_RUN_ID=manual__2022-12-05T17:15:21.256493+00:00
[2022-12-05T17:15:24.412+0000] {logging_mixin.py:137} INFO - our value:  https://people.sc.fsu.edu/~jburkardt/data/csv/ford_escort.csv
[2022-12-05T17:15:24.413+0000] {python.py:177} INFO - Done. Returned value was: None
[2022-12-05T17:15:24.421+0000] {taskinstance.py:1406} INFO - Marking task as SUCCESS. dag_id=first_dag, task_id=file_path, execution_date=20221205T171521, start_date=20221205T171524, end_date=20221205T171524
[2022-12-05T17:15:24.440+0000] {local_task_job.py:159} INFO - Task exited with return code 0
[2022-12-05T17:15:24.467+0000] {taskinstance.py:2623} INFO - 1 downstream tasks scheduled from follow-on schedule check
