[2022-12-05T19:10:50.164+0000] {taskinstance.py:1165} INFO - Dependencies all met for <TaskInstance: first_dag.broadcast_task manual__2022-12-05T19:10:38.669889+00:00 [queued]>
[2022-12-05T19:10:50.176+0000] {taskinstance.py:1165} INFO - Dependencies all met for <TaskInstance: first_dag.broadcast_task manual__2022-12-05T19:10:38.669889+00:00 [queued]>
[2022-12-05T19:10:50.176+0000] {taskinstance.py:1362} INFO - 
--------------------------------------------------------------------------------
[2022-12-05T19:10:50.177+0000] {taskinstance.py:1363} INFO - Starting attempt 1 of 1
[2022-12-05T19:10:50.177+0000] {taskinstance.py:1364} INFO - 
--------------------------------------------------------------------------------
[2022-12-05T19:10:50.196+0000] {taskinstance.py:1383} INFO - Executing <Task(PythonOperator): broadcast_task> on 2022-12-05 19:10:38.669889+00:00
[2022-12-05T19:10:50.201+0000] {standard_task_runner.py:55} INFO - Started process 10486 to run task
[2022-12-05T19:10:50.205+0000] {standard_task_runner.py:82} INFO - Running: ['***', 'tasks', 'run', 'first_dag', 'broadcast_task', 'manual__2022-12-05T19:10:38.669889+00:00', '--job-id', '1300', '--raw', '--subdir', 'DAGS_FOLDER/***1t.py', '--cfg-path', '/tmp/tmpddyxgp8x']
[2022-12-05T19:10:50.206+0000] {standard_task_runner.py:83} INFO - Job 1300: Subtask broadcast_task
[2022-12-05T19:10:50.273+0000] {task_command.py:376} INFO - Running <TaskInstance: first_dag.broadcast_task manual__2022-12-05T19:10:38.669889+00:00 [running]> on host debdf09646d4
[2022-12-05T19:10:50.344+0000] {taskinstance.py:1592} INFO - Exporting the following env vars:
AIRFLOW_CTX_DAG_OWNER=***
AIRFLOW_CTX_DAG_ID=first_dag
AIRFLOW_CTX_TASK_ID=broadcast_task
AIRFLOW_CTX_EXECUTION_DATE=2022-12-05T19:10:38.669889+00:00
AIRFLOW_CTX_TRY_NUMBER=1
AIRFLOW_CTX_DAG_RUN_ID=manual__2022-12-05T19:10:38.669889+00:00
[2022-12-05T19:10:51.420+0000] {logging_mixin.py:137} INFO - 23
[2022-12-05T19:10:51.421+0000] {python.py:177} INFO - Done. Returned value was: None
[2022-12-05T19:10:51.430+0000] {taskinstance.py:1406} INFO - Marking task as SUCCESS. dag_id=first_dag, task_id=broadcast_task, execution_date=20221205T191038, start_date=20221205T191050, end_date=20221205T191051
[2022-12-05T19:10:51.463+0000] {local_task_job.py:159} INFO - Task exited with return code 0
[2022-12-05T19:10:51.486+0000] {taskinstance.py:2623} INFO - 1 downstream tasks scheduled from follow-on schedule check
