[2022-12-05T19:21:06.545+0000] {taskinstance.py:1165} INFO - Dependencies all met for <TaskInstance: first_dag.sum_task scheduled__2022-12-05T02:00:00+00:00 [queued]>
[2022-12-05T19:21:06.561+0000] {taskinstance.py:1165} INFO - Dependencies all met for <TaskInstance: first_dag.sum_task scheduled__2022-12-05T02:00:00+00:00 [queued]>
[2022-12-05T19:21:06.562+0000] {taskinstance.py:1362} INFO - 
--------------------------------------------------------------------------------
[2022-12-05T19:21:06.562+0000] {taskinstance.py:1363} INFO - Starting attempt 1 of 1
[2022-12-05T19:21:06.563+0000] {taskinstance.py:1364} INFO - 
--------------------------------------------------------------------------------
[2022-12-05T19:21:06.589+0000] {taskinstance.py:1383} INFO - Executing <Task(PythonOperator): sum_task> on 2022-12-05 02:00:00+00:00
[2022-12-05T19:21:06.599+0000] {standard_task_runner.py:55} INFO - Started process 11534 to run task
[2022-12-05T19:21:06.607+0000] {standard_task_runner.py:82} INFO - Running: ['***', 'tasks', 'run', 'first_dag', 'sum_task', 'scheduled__2022-12-05T02:00:00+00:00', '--job-id', '1477', '--raw', '--subdir', 'DAGS_FOLDER/***1t.py', '--cfg-path', '/tmp/tmpfrnh6re8']
[2022-12-05T19:21:06.613+0000] {standard_task_runner.py:83} INFO - Job 1477: Subtask sum_task
[2022-12-05T19:21:06.748+0000] {task_command.py:376} INFO - Running <TaskInstance: first_dag.sum_task scheduled__2022-12-05T02:00:00+00:00 [running]> on host debdf09646d4
[2022-12-05T19:21:06.861+0000] {taskinstance.py:1592} INFO - Exporting the following env vars:
AIRFLOW_CTX_DAG_OWNER=***
AIRFLOW_CTX_DAG_ID=first_dag
AIRFLOW_CTX_TASK_ID=sum_task
AIRFLOW_CTX_EXECUTION_DATE=2022-12-05T02:00:00+00:00
AIRFLOW_CTX_TRY_NUMBER=1
AIRFLOW_CTX_DAG_RUN_ID=scheduled__2022-12-05T02:00:00+00:00
[2022-12-05T19:21:06.865+0000] {python.py:177} INFO - Done. Returned value was: None
[2022-12-05T19:21:06.883+0000] {taskinstance.py:1406} INFO - Marking task as SUCCESS. dag_id=first_dag, task_id=sum_task, execution_date=20221205T020000, start_date=20221205T192106, end_date=20221205T192106
[2022-12-05T19:21:06.937+0000] {local_task_job.py:159} INFO - Task exited with return code 0
[2022-12-05T19:21:06.976+0000] {taskinstance.py:2623} INFO - 0 downstream tasks scheduled from follow-on schedule check
