[2022-12-05T19:22:43.260+0000] {taskinstance.py:1165} INFO - Dependencies all met for <TaskInstance: first_dag.world scheduled__2022-12-05T06:00:00+00:00 [queued]>
[2022-12-05T19:22:43.283+0000] {taskinstance.py:1165} INFO - Dependencies all met for <TaskInstance: first_dag.world scheduled__2022-12-05T06:00:00+00:00 [queued]>
[2022-12-05T19:22:43.283+0000] {taskinstance.py:1362} INFO - 
--------------------------------------------------------------------------------
[2022-12-05T19:22:43.284+0000] {taskinstance.py:1363} INFO - Starting attempt 1 of 1
[2022-12-05T19:22:43.288+0000] {taskinstance.py:1364} INFO - 
--------------------------------------------------------------------------------
[2022-12-05T19:22:43.343+0000] {taskinstance.py:1383} INFO - Executing <Task(PythonOperator): world> on 2022-12-05 06:00:00+00:00
[2022-12-05T19:22:43.353+0000] {standard_task_runner.py:55} INFO - Started process 12639 to run task
[2022-12-05T19:22:43.361+0000] {standard_task_runner.py:82} INFO - Running: ['***', 'tasks', 'run', 'first_dag', 'world', 'scheduled__2022-12-05T06:00:00+00:00', '--job-id', '1808', '--raw', '--subdir', 'DAGS_FOLDER/***1t.py', '--cfg-path', '/tmp/tmp_baa3665']
[2022-12-05T19:22:43.365+0000] {standard_task_runner.py:83} INFO - Job 1808: Subtask world
[2022-12-05T19:22:43.539+0000] {task_command.py:376} INFO - Running <TaskInstance: first_dag.world scheduled__2022-12-05T06:00:00+00:00 [running]> on host debdf09646d4
[2022-12-05T19:22:43.758+0000] {taskinstance.py:1592} INFO - Exporting the following env vars:
AIRFLOW_CTX_DAG_OWNER=***
AIRFLOW_CTX_DAG_ID=first_dag
AIRFLOW_CTX_TASK_ID=world
AIRFLOW_CTX_EXECUTION_DATE=2022-12-05T06:00:00+00:00
AIRFLOW_CTX_TRY_NUMBER=1
AIRFLOW_CTX_DAG_RUN_ID=scheduled__2022-12-05T06:00:00+00:00
[2022-12-05T19:22:43.760+0000] {logging_mixin.py:137} INFO - Hello!
[2022-12-05T19:22:43.761+0000] {python.py:177} INFO - Done. Returned value was: None
[2022-12-05T19:22:43.784+0000] {taskinstance.py:1406} INFO - Marking task as SUCCESS. dag_id=first_dag, task_id=world, execution_date=20221205T060000, start_date=20221205T192243, end_date=20221205T192243
[2022-12-05T19:22:43.831+0000] {local_task_job.py:159} INFO - Task exited with return code 0
[2022-12-05T19:22:43.889+0000] {taskinstance.py:2623} INFO - 1 downstream tasks scheduled from follow-on schedule check
