[2022-12-05T19:27:02.811+0000] {taskinstance.py:1165} INFO - Dependencies all met for <TaskInstance: first_dag.number_task scheduled__2022-12-05T15:50:00+00:00 [queued]>
[2022-12-05T19:27:02.833+0000] {taskinstance.py:1165} INFO - Dependencies all met for <TaskInstance: first_dag.number_task scheduled__2022-12-05T15:50:00+00:00 [queued]>
[2022-12-05T19:27:02.834+0000] {taskinstance.py:1362} INFO - 
--------------------------------------------------------------------------------
[2022-12-05T19:27:02.835+0000] {taskinstance.py:1363} INFO - Starting attempt 1 of 1
[2022-12-05T19:27:02.835+0000] {taskinstance.py:1364} INFO - 
--------------------------------------------------------------------------------
[2022-12-05T19:27:02.974+0000] {taskinstance.py:1383} INFO - Executing <Task(PythonOperator): number_task> on 2022-12-05 15:50:00+00:00
[2022-12-05T19:27:02.980+0000] {standard_task_runner.py:55} INFO - Started process 15741 to run task
[2022-12-05T19:27:02.985+0000] {standard_task_runner.py:82} INFO - Running: ['***', 'tasks', 'run', 'first_dag', 'number_task', 'scheduled__2022-12-05T15:50:00+00:00', '--job-id', '2739', '--raw', '--subdir', 'DAGS_FOLDER/***1t.py', '--cfg-path', '/tmp/tmphcow0f0t']
[2022-12-05T19:27:02.988+0000] {standard_task_runner.py:83} INFO - Job 2739: Subtask number_task
[2022-12-05T19:27:03.078+0000] {task_command.py:376} INFO - Running <TaskInstance: first_dag.number_task scheduled__2022-12-05T15:50:00+00:00 [running]> on host debdf09646d4
[2022-12-05T19:27:03.177+0000] {taskinstance.py:1592} INFO - Exporting the following env vars:
AIRFLOW_CTX_DAG_OWNER=***
AIRFLOW_CTX_DAG_ID=first_dag
AIRFLOW_CTX_TASK_ID=number_task
AIRFLOW_CTX_EXECUTION_DATE=2022-12-05T15:50:00+00:00
AIRFLOW_CTX_TRY_NUMBER=1
AIRFLOW_CTX_DAG_RUN_ID=scheduled__2022-12-05T15:50:00+00:00
[2022-12-05T19:27:03.179+0000] {logging_mixin.py:137} INFO - 124   69
[2022-12-05T19:27:03.179+0000] {logging_mixin.py:137} INFO - <_io.TextIOWrapper name='file.txt' mode='a' encoding='UTF-8'>
[2022-12-05T19:27:03.180+0000] {python.py:177} INFO - Done. Returned value was: None
[2022-12-05T19:27:03.191+0000] {taskinstance.py:1406} INFO - Marking task as SUCCESS. dag_id=first_dag, task_id=number_task, execution_date=20221205T155000, start_date=20221205T192702, end_date=20221205T192703
[2022-12-05T19:27:03.241+0000] {local_task_job.py:159} INFO - Task exited with return code 0
[2022-12-05T19:27:03.271+0000] {taskinstance.py:2623} INFO - 1 downstream tasks scheduled from follow-on schedule check
