[2022-12-05T19:24:44.503+0000] {taskinstance.py:1165} INFO - Dependencies all met for <TaskInstance: first_dag.world scheduled__2022-12-05T11:00:00+00:00 [queued]>
[2022-12-05T19:24:44.522+0000] {taskinstance.py:1165} INFO - Dependencies all met for <TaskInstance: first_dag.world scheduled__2022-12-05T11:00:00+00:00 [queued]>
[2022-12-05T19:24:44.523+0000] {taskinstance.py:1362} INFO - 
--------------------------------------------------------------------------------
[2022-12-05T19:24:44.523+0000] {taskinstance.py:1363} INFO - Starting attempt 1 of 1
[2022-12-05T19:24:44.524+0000] {taskinstance.py:1364} INFO - 
--------------------------------------------------------------------------------
[2022-12-05T19:24:44.579+0000] {taskinstance.py:1383} INFO - Executing <Task(PythonOperator): world> on 2022-12-05 11:00:00+00:00
[2022-12-05T19:24:44.590+0000] {standard_task_runner.py:55} INFO - Started process 14087 to run task
[2022-12-05T19:24:44.598+0000] {standard_task_runner.py:82} INFO - Running: ['***', 'tasks', 'run', 'first_dag', 'world', 'scheduled__2022-12-05T11:00:00+00:00', '--job-id', '2242', '--raw', '--subdir', 'DAGS_FOLDER/***1t.py', '--cfg-path', '/tmp/tmpwf708ar8']
[2022-12-05T19:24:44.605+0000] {standard_task_runner.py:83} INFO - Job 2242: Subtask world
[2022-12-05T19:24:44.740+0000] {task_command.py:376} INFO - Running <TaskInstance: first_dag.world scheduled__2022-12-05T11:00:00+00:00 [running]> on host debdf09646d4
[2022-12-05T19:24:44.883+0000] {taskinstance.py:1592} INFO - Exporting the following env vars:
AIRFLOW_CTX_DAG_OWNER=***
AIRFLOW_CTX_DAG_ID=first_dag
AIRFLOW_CTX_TASK_ID=world
AIRFLOW_CTX_EXECUTION_DATE=2022-12-05T11:00:00+00:00
AIRFLOW_CTX_TRY_NUMBER=1
AIRFLOW_CTX_DAG_RUN_ID=scheduled__2022-12-05T11:00:00+00:00
[2022-12-05T19:24:44.886+0000] {logging_mixin.py:137} INFO - Hello!
[2022-12-05T19:24:44.900+0000] {python.py:177} INFO - Done. Returned value was: None
[2022-12-05T19:24:44.919+0000] {taskinstance.py:1406} INFO - Marking task as SUCCESS. dag_id=first_dag, task_id=world, execution_date=20221205T110000, start_date=20221205T192444, end_date=20221205T192444
[2022-12-05T19:24:44.957+0000] {local_task_job.py:159} INFO - Task exited with return code 0
[2022-12-05T19:24:45.016+0000] {taskinstance.py:2623} INFO - 1 downstream tasks scheduled from follow-on schedule check
