[2022-12-05T18:17:21.812+0000] {taskinstance.py:1165} INFO - Dependencies all met for <TaskInstance: first_dag.broadcast_task manual__2022-12-05T18:17:14.837466+00:00 [queued]>
[2022-12-05T18:17:21.822+0000] {taskinstance.py:1165} INFO - Dependencies all met for <TaskInstance: first_dag.broadcast_task manual__2022-12-05T18:17:14.837466+00:00 [queued]>
[2022-12-05T18:17:21.823+0000] {taskinstance.py:1362} INFO - 
--------------------------------------------------------------------------------
[2022-12-05T18:17:21.823+0000] {taskinstance.py:1363} INFO - Starting attempt 1 of 1
[2022-12-05T18:17:21.824+0000] {taskinstance.py:1364} INFO - 
--------------------------------------------------------------------------------
[2022-12-05T18:17:21.839+0000] {taskinstance.py:1383} INFO - Executing <Task(PythonOperator): broadcast_task> on 2022-12-05 18:17:14.837466+00:00
[2022-12-05T18:17:21.844+0000] {standard_task_runner.py:55} INFO - Started process 7457 to run task
[2022-12-05T18:17:21.847+0000] {standard_task_runner.py:82} INFO - Running: ['***', 'tasks', 'run', 'first_dag', 'broadcast_task', 'manual__2022-12-05T18:17:14.837466+00:00', '--job-id', '1138', '--raw', '--subdir', 'DAGS_FOLDER/***1t.py', '--cfg-path', '/tmp/tmpg2uji08v']
[2022-12-05T18:17:21.849+0000] {standard_task_runner.py:83} INFO - Job 1138: Subtask broadcast_task
[2022-12-05T18:17:21.912+0000] {task_command.py:376} INFO - Running <TaskInstance: first_dag.broadcast_task manual__2022-12-05T18:17:14.837466+00:00 [running]> on host debdf09646d4
[2022-12-05T18:17:21.982+0000] {taskinstance.py:1592} INFO - Exporting the following env vars:
AIRFLOW_CTX_DAG_OWNER=***
AIRFLOW_CTX_DAG_ID=first_dag
AIRFLOW_CTX_TASK_ID=broadcast_task
AIRFLOW_CTX_EXECUTION_DATE=2022-12-05T18:17:14.837466+00:00
AIRFLOW_CTX_TRY_NUMBER=1
AIRFLOW_CTX_DAG_RUN_ID=manual__2022-12-05T18:17:14.837466+00:00
[2022-12-05T18:17:23.856+0000] {logging_mixin.py:137} INFO - 23
[2022-12-05T18:17:23.856+0000] {python.py:177} INFO - Done. Returned value was: None
[2022-12-05T18:17:23.865+0000] {taskinstance.py:1406} INFO - Marking task as SUCCESS. dag_id=first_dag, task_id=broadcast_task, execution_date=20221205T181714, start_date=20221205T181721, end_date=20221205T181723
[2022-12-05T18:17:23.912+0000] {local_task_job.py:159} INFO - Task exited with return code 0
[2022-12-05T18:17:23.938+0000] {taskinstance.py:2623} INFO - 1 downstream tasks scheduled from follow-on schedule check
