[2022-12-01T16:21:28.453+0000] {taskinstance.py:1165} INFO - Dependencies all met for <TaskInstance: first_dag.hello manual__2022-12-01T16:21:27.483718+00:00 [queued]>
[2022-12-01T16:21:28.467+0000] {taskinstance.py:1165} INFO - Dependencies all met for <TaskInstance: first_dag.hello manual__2022-12-01T16:21:27.483718+00:00 [queued]>
[2022-12-01T16:21:28.467+0000] {taskinstance.py:1362} INFO - 
--------------------------------------------------------------------------------
[2022-12-01T16:21:28.468+0000] {taskinstance.py:1363} INFO - Starting attempt 1 of 1
[2022-12-01T16:21:28.469+0000] {taskinstance.py:1364} INFO - 
--------------------------------------------------------------------------------
[2022-12-01T16:21:28.490+0000] {taskinstance.py:1383} INFO - Executing <Task(BashOperator): hello> on 2022-12-01 16:21:27.483718+00:00
[2022-12-01T16:21:28.495+0000] {standard_task_runner.py:55} INFO - Started process 536 to run task
[2022-12-01T16:21:28.500+0000] {standard_task_runner.py:82} INFO - Running: ['***', 'tasks', 'run', 'first_dag', 'hello', 'manual__2022-12-01T16:21:27.483718+00:00', '--job-id', '833', '--raw', '--subdir', 'DAGS_FOLDER/***1t.py', '--cfg-path', '/tmp/tmpk9r3jc8n']
[2022-12-01T16:21:28.503+0000] {standard_task_runner.py:83} INFO - Job 833: Subtask hello
[2022-12-01T16:21:28.587+0000] {task_command.py:376} INFO - Running <TaskInstance: first_dag.hello manual__2022-12-01T16:21:27.483718+00:00 [running]> on host debdf09646d4
[2022-12-01T16:21:28.666+0000] {taskinstance.py:1592} INFO - Exporting the following env vars:
AIRFLOW_CTX_DAG_OWNER=***
AIRFLOW_CTX_DAG_ID=first_dag
AIRFLOW_CTX_TASK_ID=hello
AIRFLOW_CTX_EXECUTION_DATE=2022-12-01T16:21:27.483718+00:00
AIRFLOW_CTX_TRY_NUMBER=1
AIRFLOW_CTX_DAG_RUN_ID=manual__2022-12-01T16:21:27.483718+00:00
[2022-12-01T16:21:28.667+0000] {subprocess.py:63} INFO - Tmp dir root location: 
 /tmp
[2022-12-01T16:21:28.668+0000] {subprocess.py:75} INFO - Running command: ['/bin/bash', '-c', 'echo hello']
[2022-12-01T16:21:28.677+0000] {subprocess.py:86} INFO - Output:
[2022-12-01T16:21:28.678+0000] {subprocess.py:93} INFO - hello
[2022-12-01T16:21:28.679+0000] {subprocess.py:97} INFO - Command exited with return code 0
[2022-12-01T16:21:28.706+0000] {taskinstance.py:1406} INFO - Marking task as SUCCESS. dag_id=first_dag, task_id=hello, execution_date=20221201T162127, start_date=20221201T162128, end_date=20221201T162128
[2022-12-01T16:21:28.752+0000] {local_task_job.py:159} INFO - Task exited with return code 0
[2022-12-01T16:21:28.780+0000] {taskinstance.py:2623} INFO - 1 downstream tasks scheduled from follow-on schedule check
