[2022-12-05T16:35:00.250+0000] {taskinstance.py:1165} INFO - Dependencies all met for <TaskInstance: first_dag.file_path manual__2022-12-05T16:34:55.012178+00:00 [queued]>
[2022-12-05T16:35:00.268+0000] {taskinstance.py:1165} INFO - Dependencies all met for <TaskInstance: first_dag.file_path manual__2022-12-05T16:34:55.012178+00:00 [queued]>
[2022-12-05T16:35:00.269+0000] {taskinstance.py:1362} INFO - 
--------------------------------------------------------------------------------
[2022-12-05T16:35:00.270+0000] {taskinstance.py:1363} INFO - Starting attempt 1 of 1
[2022-12-05T16:35:00.270+0000] {taskinstance.py:1364} INFO - 
--------------------------------------------------------------------------------
[2022-12-05T16:35:00.305+0000] {taskinstance.py:1383} INFO - Executing <Task(PythonOperator): file_path> on 2022-12-05 16:34:55.012178+00:00
[2022-12-05T16:35:00.314+0000] {standard_task_runner.py:55} INFO - Started process 2143 to run task
[2022-12-05T16:35:00.319+0000] {standard_task_runner.py:82} INFO - Running: ['***', 'tasks', 'run', 'first_dag', 'file_path', 'manual__2022-12-05T16:34:55.012178+00:00', '--job-id', '985', '--raw', '--subdir', 'DAGS_FOLDER/***1t.py', '--cfg-path', '/tmp/tmp_gn4xr5j']
[2022-12-05T16:35:00.323+0000] {standard_task_runner.py:83} INFO - Job 985: Subtask file_path
[2022-12-05T16:35:00.424+0000] {task_command.py:376} INFO - Running <TaskInstance: first_dag.file_path manual__2022-12-05T16:34:55.012178+00:00 [running]> on host debdf09646d4
[2022-12-05T16:35:00.626+0000] {taskinstance.py:1592} INFO - Exporting the following env vars:
AIRFLOW_CTX_DAG_OWNER=***
AIRFLOW_CTX_DAG_ID=first_dag
AIRFLOW_CTX_TASK_ID=file_path
AIRFLOW_CTX_EXECUTION_DATE=2022-12-05T16:34:55.012178+00:00
AIRFLOW_CTX_TRY_NUMBER=1
AIRFLOW_CTX_DAG_RUN_ID=manual__2022-12-05T16:34:55.012178+00:00
[2022-12-05T16:35:00.645+0000] {logging_mixin.py:137} INFO - our value:  https://people.sc.fsu.edu/~jburkardt/data/csv/ford_escort.csv
[2022-12-05T16:35:00.647+0000] {python.py:177} INFO - Done. Returned value was: None
[2022-12-05T16:35:00.668+0000] {taskinstance.py:1406} INFO - Marking task as SUCCESS. dag_id=first_dag, task_id=file_path, execution_date=20221205T163455, start_date=20221205T163500, end_date=20221205T163500
[2022-12-05T16:35:00.734+0000] {local_task_job.py:159} INFO - Task exited with return code 0
[2022-12-05T16:35:00.772+0000] {taskinstance.py:2623} INFO - 1 downstream tasks scheduled from follow-on schedule check
