[2022-12-05T19:04:27.410+0000] {taskinstance.py:1165} INFO - Dependencies all met for <TaskInstance: first_dag.world manual__2022-12-05T19:04:25.401461+00:00 [queued]>
[2022-12-05T19:04:27.420+0000] {taskinstance.py:1165} INFO - Dependencies all met for <TaskInstance: first_dag.world manual__2022-12-05T19:04:25.401461+00:00 [queued]>
[2022-12-05T19:04:27.421+0000] {taskinstance.py:1362} INFO - 
--------------------------------------------------------------------------------
[2022-12-05T19:04:27.421+0000] {taskinstance.py:1363} INFO - Starting attempt 1 of 1
[2022-12-05T19:04:27.422+0000] {taskinstance.py:1364} INFO - 
--------------------------------------------------------------------------------
[2022-12-05T19:04:27.437+0000] {taskinstance.py:1383} INFO - Executing <Task(PythonOperator): world> on 2022-12-05 19:04:25.401461+00:00
[2022-12-05T19:04:27.441+0000] {standard_task_runner.py:55} INFO - Started process 10106 to run task
[2022-12-05T19:04:27.444+0000] {standard_task_runner.py:82} INFO - Running: ['***', 'tasks', 'run', 'first_dag', 'world', 'manual__2022-12-05T19:04:25.401461+00:00', '--job-id', '1276', '--raw', '--subdir', 'DAGS_FOLDER/***1t.py', '--cfg-path', '/tmp/tmpzikc2lu5']
[2022-12-05T19:04:27.446+0000] {standard_task_runner.py:83} INFO - Job 1276: Subtask world
[2022-12-05T19:04:27.505+0000] {task_command.py:376} INFO - Running <TaskInstance: first_dag.world manual__2022-12-05T19:04:25.401461+00:00 [running]> on host debdf09646d4
[2022-12-05T19:04:27.572+0000] {taskinstance.py:1592} INFO - Exporting the following env vars:
AIRFLOW_CTX_DAG_OWNER=***
AIRFLOW_CTX_DAG_ID=first_dag
AIRFLOW_CTX_TASK_ID=world
AIRFLOW_CTX_EXECUTION_DATE=2022-12-05T19:04:25.401461+00:00
AIRFLOW_CTX_TRY_NUMBER=1
AIRFLOW_CTX_DAG_RUN_ID=manual__2022-12-05T19:04:25.401461+00:00
[2022-12-05T19:04:27.573+0000] {logging_mixin.py:137} INFO - Hello!
[2022-12-05T19:04:27.573+0000] {python.py:177} INFO - Done. Returned value was: None
[2022-12-05T19:04:27.581+0000] {taskinstance.py:1406} INFO - Marking task as SUCCESS. dag_id=first_dag, task_id=world, execution_date=20221205T190425, start_date=20221205T190427, end_date=20221205T190427
[2022-12-05T19:04:27.615+0000] {local_task_job.py:159} INFO - Task exited with return code 0
[2022-12-05T19:04:27.642+0000] {taskinstance.py:2623} INFO - 1 downstream tasks scheduled from follow-on schedule check
