[2022-12-05T19:23:04.662+0000] {taskinstance.py:1165} INFO - Dependencies all met for <TaskInstance: first_dag.world scheduled__2022-12-05T06:30:00+00:00 [queued]>
[2022-12-05T19:23:04.674+0000] {taskinstance.py:1165} INFO - Dependencies all met for <TaskInstance: first_dag.world scheduled__2022-12-05T06:30:00+00:00 [queued]>
[2022-12-05T19:23:04.675+0000] {taskinstance.py:1362} INFO - 
--------------------------------------------------------------------------------
[2022-12-05T19:23:04.675+0000] {taskinstance.py:1363} INFO - Starting attempt 1 of 1
[2022-12-05T19:23:04.676+0000] {taskinstance.py:1364} INFO - 
--------------------------------------------------------------------------------
[2022-12-05T19:23:04.692+0000] {taskinstance.py:1383} INFO - Executing <Task(PythonOperator): world> on 2022-12-05 06:30:00+00:00
[2022-12-05T19:23:04.700+0000] {standard_task_runner.py:55} INFO - Started process 12899 to run task
[2022-12-05T19:23:04.705+0000] {standard_task_runner.py:82} INFO - Running: ['***', 'tasks', 'run', 'first_dag', 'world', 'scheduled__2022-12-05T06:30:00+00:00', '--job-id', '1890', '--raw', '--subdir', 'DAGS_FOLDER/***1t.py', '--cfg-path', '/tmp/tmpeo1sspyz']
[2022-12-05T19:23:04.710+0000] {standard_task_runner.py:83} INFO - Job 1890: Subtask world
[2022-12-05T19:23:04.870+0000] {task_command.py:376} INFO - Running <TaskInstance: first_dag.world scheduled__2022-12-05T06:30:00+00:00 [running]> on host debdf09646d4
[2022-12-05T19:23:04.960+0000] {taskinstance.py:1592} INFO - Exporting the following env vars:
AIRFLOW_CTX_DAG_OWNER=***
AIRFLOW_CTX_DAG_ID=first_dag
AIRFLOW_CTX_TASK_ID=world
AIRFLOW_CTX_EXECUTION_DATE=2022-12-05T06:30:00+00:00
AIRFLOW_CTX_TRY_NUMBER=1
AIRFLOW_CTX_DAG_RUN_ID=scheduled__2022-12-05T06:30:00+00:00
[2022-12-05T19:23:04.961+0000] {logging_mixin.py:137} INFO - Hello!
[2022-12-05T19:23:04.961+0000] {python.py:177} INFO - Done. Returned value was: None
[2022-12-05T19:23:04.972+0000] {taskinstance.py:1406} INFO - Marking task as SUCCESS. dag_id=first_dag, task_id=world, execution_date=20221205T063000, start_date=20221205T192304, end_date=20221205T192304
[2022-12-05T19:23:04.996+0000] {local_task_job.py:159} INFO - Task exited with return code 0
[2022-12-05T19:23:05.029+0000] {taskinstance.py:2623} INFO - 1 downstream tasks scheduled from follow-on schedule check
