[2022-12-01T16:26:06.121+0000] {taskinstance.py:1165} INFO - Dependencies all met for <TaskInstance: first_dag.hello manual__2022-12-01T16:26:04.815336+00:00 [queued]>
[2022-12-01T16:26:06.133+0000] {taskinstance.py:1165} INFO - Dependencies all met for <TaskInstance: first_dag.hello manual__2022-12-01T16:26:04.815336+00:00 [queued]>
[2022-12-01T16:26:06.133+0000] {taskinstance.py:1362} INFO - 
--------------------------------------------------------------------------------
[2022-12-01T16:26:06.134+0000] {taskinstance.py:1363} INFO - Starting attempt 1 of 1
[2022-12-01T16:26:06.134+0000] {taskinstance.py:1364} INFO - 
--------------------------------------------------------------------------------
[2022-12-01T16:26:06.155+0000] {taskinstance.py:1383} INFO - Executing <Task(BashOperator): hello> on 2022-12-01 16:26:04.815336+00:00
[2022-12-01T16:26:06.160+0000] {standard_task_runner.py:55} INFO - Started process 765 to run task
[2022-12-01T16:26:06.163+0000] {standard_task_runner.py:82} INFO - Running: ['***', 'tasks', 'run', 'first_dag', 'hello', 'manual__2022-12-01T16:26:04.815336+00:00', '--job-id', '837', '--raw', '--subdir', 'DAGS_FOLDER/***1t.py', '--cfg-path', '/tmp/tmpk0ceqir9']
[2022-12-01T16:26:06.165+0000] {standard_task_runner.py:83} INFO - Job 837: Subtask hello
[2022-12-01T16:26:06.227+0000] {task_command.py:376} INFO - Running <TaskInstance: first_dag.hello manual__2022-12-01T16:26:04.815336+00:00 [running]> on host debdf09646d4
[2022-12-01T16:26:06.297+0000] {taskinstance.py:1592} INFO - Exporting the following env vars:
AIRFLOW_CTX_DAG_OWNER=***
AIRFLOW_CTX_DAG_ID=first_dag
AIRFLOW_CTX_TASK_ID=hello
AIRFLOW_CTX_EXECUTION_DATE=2022-12-01T16:26:04.815336+00:00
AIRFLOW_CTX_TRY_NUMBER=1
AIRFLOW_CTX_DAG_RUN_ID=manual__2022-12-01T16:26:04.815336+00:00
[2022-12-01T16:26:06.298+0000] {subprocess.py:63} INFO - Tmp dir root location: 
 /tmp
[2022-12-01T16:26:06.299+0000] {subprocess.py:75} INFO - Running command: ['/bin/bash', '-c', 'echo hello']
[2022-12-01T16:26:06.308+0000] {subprocess.py:86} INFO - Output:
[2022-12-01T16:26:06.309+0000] {subprocess.py:93} INFO - hello
[2022-12-01T16:26:06.310+0000] {subprocess.py:97} INFO - Command exited with return code 0
[2022-12-01T16:26:06.334+0000] {taskinstance.py:1406} INFO - Marking task as SUCCESS. dag_id=first_dag, task_id=hello, execution_date=20221201T162604, start_date=20221201T162606, end_date=20221201T162606
[2022-12-01T16:26:06.375+0000] {local_task_job.py:159} INFO - Task exited with return code 0
[2022-12-01T16:26:06.400+0000] {taskinstance.py:2623} INFO - 1 downstream tasks scheduled from follow-on schedule check
