[2022-12-05T19:25:06.814+0000] {taskinstance.py:1165} INFO - Dependencies all met for <TaskInstance: first_dag.sum_task scheduled__2022-12-05T11:20:00+00:00 [queued]>
[2022-12-05T19:25:06.840+0000] {taskinstance.py:1165} INFO - Dependencies all met for <TaskInstance: first_dag.sum_task scheduled__2022-12-05T11:20:00+00:00 [queued]>
[2022-12-05T19:25:06.841+0000] {taskinstance.py:1362} INFO - 
--------------------------------------------------------------------------------
[2022-12-05T19:25:06.843+0000] {taskinstance.py:1363} INFO - Starting attempt 1 of 1
[2022-12-05T19:25:06.846+0000] {taskinstance.py:1364} INFO - 
--------------------------------------------------------------------------------
[2022-12-05T19:25:06.879+0000] {taskinstance.py:1383} INFO - Executing <Task(PythonOperator): sum_task> on 2022-12-05 11:20:00+00:00
[2022-12-05T19:25:06.888+0000] {standard_task_runner.py:55} INFO - Started process 14349 to run task
[2022-12-05T19:25:06.919+0000] {standard_task_runner.py:82} INFO - Running: ['***', 'tasks', 'run', 'first_dag', 'sum_task', 'scheduled__2022-12-05T11:20:00+00:00', '--job-id', '2321', '--raw', '--subdir', 'DAGS_FOLDER/***1t.py', '--cfg-path', '/tmp/tmpyhy2syc1']
[2022-12-05T19:25:06.932+0000] {standard_task_runner.py:83} INFO - Job 2321: Subtask sum_task
[2022-12-05T19:25:07.110+0000] {task_command.py:376} INFO - Running <TaskInstance: first_dag.sum_task scheduled__2022-12-05T11:20:00+00:00 [running]> on host debdf09646d4
[2022-12-05T19:25:07.415+0000] {taskinstance.py:1592} INFO - Exporting the following env vars:
AIRFLOW_CTX_DAG_OWNER=***
AIRFLOW_CTX_DAG_ID=first_dag
AIRFLOW_CTX_TASK_ID=sum_task
AIRFLOW_CTX_EXECUTION_DATE=2022-12-05T11:20:00+00:00
AIRFLOW_CTX_TRY_NUMBER=1
AIRFLOW_CTX_DAG_RUN_ID=scheduled__2022-12-05T11:20:00+00:00
[2022-12-05T19:25:07.419+0000] {python.py:177} INFO - Done. Returned value was: None
[2022-12-05T19:25:07.487+0000] {taskinstance.py:1406} INFO - Marking task as SUCCESS. dag_id=first_dag, task_id=sum_task, execution_date=20221205T112000, start_date=20221205T192506, end_date=20221205T192507
[2022-12-05T19:25:07.658+0000] {local_task_job.py:159} INFO - Task exited with return code 0
[2022-12-05T19:25:07.704+0000] {taskinstance.py:2623} INFO - 0 downstream tasks scheduled from follow-on schedule check
