[2022-12-05T16:43:23.521+0000] {taskinstance.py:1165} INFO - Dependencies all met for <TaskInstance: first_dag.broadcast_task manual__2022-12-05T16:43:15.975338+00:00 [queued]>
[2022-12-05T16:43:23.535+0000] {taskinstance.py:1165} INFO - Dependencies all met for <TaskInstance: first_dag.broadcast_task manual__2022-12-05T16:43:15.975338+00:00 [queued]>
[2022-12-05T16:43:23.536+0000] {taskinstance.py:1362} INFO - 
--------------------------------------------------------------------------------
[2022-12-05T16:43:23.536+0000] {taskinstance.py:1363} INFO - Starting attempt 1 of 1
[2022-12-05T16:43:23.536+0000] {taskinstance.py:1364} INFO - 
--------------------------------------------------------------------------------
[2022-12-05T16:43:23.552+0000] {taskinstance.py:1383} INFO - Executing <Task(PythonOperator): broadcast_task> on 2022-12-05 16:43:15.975338+00:00
[2022-12-05T16:43:23.558+0000] {standard_task_runner.py:55} INFO - Started process 2622 to run task
[2022-12-05T16:43:23.564+0000] {standard_task_runner.py:82} INFO - Running: ['***', 'tasks', 'run', 'first_dag', 'broadcast_task', 'manual__2022-12-05T16:43:15.975338+00:00', '--job-id', '1011', '--raw', '--subdir', 'DAGS_FOLDER/***1t.py', '--cfg-path', '/tmp/tmpdk9c6o7a']
[2022-12-05T16:43:23.566+0000] {standard_task_runner.py:83} INFO - Job 1011: Subtask broadcast_task
[2022-12-05T16:43:23.637+0000] {task_command.py:376} INFO - Running <TaskInstance: first_dag.broadcast_task manual__2022-12-05T16:43:15.975338+00:00 [running]> on host debdf09646d4
[2022-12-05T16:43:23.727+0000] {taskinstance.py:1592} INFO - Exporting the following env vars:
AIRFLOW_CTX_DAG_OWNER=***
AIRFLOW_CTX_DAG_ID=first_dag
AIRFLOW_CTX_TASK_ID=broadcast_task
AIRFLOW_CTX_EXECUTION_DATE=2022-12-05T16:43:15.975338+00:00
AIRFLOW_CTX_TRY_NUMBER=1
AIRFLOW_CTX_DAG_RUN_ID=manual__2022-12-05T16:43:15.975338+00:00
[2022-12-05T16:43:24.739+0000] {logging_mixin.py:137} INFO - 23
[2022-12-05T16:43:24.740+0000] {python.py:177} INFO - Done. Returned value was: None
[2022-12-05T16:43:24.749+0000] {taskinstance.py:1406} INFO - Marking task as SUCCESS. dag_id=first_dag, task_id=broadcast_task, execution_date=20221205T164315, start_date=20221205T164323, end_date=20221205T164324
[2022-12-05T16:43:24.779+0000] {local_task_job.py:159} INFO - Task exited with return code 0
[2022-12-05T16:43:24.801+0000] {taskinstance.py:2623} INFO - 1 downstream tasks scheduled from follow-on schedule check
