[2022-11-30T20:38:26.784+0000] {taskinstance.py:1165} INFO - Dependencies all met for <TaskInstance: first_dag.len_csv_file manual__2022-11-30T20:38:21.859025+00:00 [queued]>
[2022-11-30T20:38:26.794+0000] {taskinstance.py:1165} INFO - Dependencies all met for <TaskInstance: first_dag.len_csv_file manual__2022-11-30T20:38:21.859025+00:00 [queued]>
[2022-11-30T20:38:26.794+0000] {taskinstance.py:1362} INFO - 
--------------------------------------------------------------------------------
[2022-11-30T20:38:26.795+0000] {taskinstance.py:1363} INFO - Starting attempt 1 of 1
[2022-11-30T20:38:26.796+0000] {taskinstance.py:1364} INFO - 
--------------------------------------------------------------------------------
[2022-11-30T20:38:26.810+0000] {taskinstance.py:1383} INFO - Executing <Task(BashOperator): len_csv_file> on 2022-11-30 20:38:21.859025+00:00
[2022-11-30T20:38:26.814+0000] {standard_task_runner.py:55} INFO - Started process 12462 to run task
[2022-11-30T20:38:26.818+0000] {standard_task_runner.py:82} INFO - Running: ['***', 'tasks', 'run', 'first_dag', 'len_csv_file', 'manual__2022-11-30T20:38:21.859025+00:00', '--job-id', '824', '--raw', '--subdir', 'DAGS_FOLDER/***1t.py', '--cfg-path', '/tmp/tmpxqq5ivpn']
[2022-11-30T20:38:26.819+0000] {standard_task_runner.py:83} INFO - Job 824: Subtask len_csv_file
[2022-11-30T20:38:26.879+0000] {task_command.py:376} INFO - Running <TaskInstance: first_dag.len_csv_file manual__2022-11-30T20:38:21.859025+00:00 [running]> on host debdf09646d4
[2022-11-30T20:38:26.947+0000] {taskinstance.py:1592} INFO - Exporting the following env vars:
AIRFLOW_CTX_DAG_OWNER=***
AIRFLOW_CTX_DAG_ID=first_dag
AIRFLOW_CTX_TASK_ID=len_csv_file
AIRFLOW_CTX_EXECUTION_DATE=2022-11-30T20:38:21.859025+00:00
AIRFLOW_CTX_TRY_NUMBER=1
AIRFLOW_CTX_DAG_RUN_ID=manual__2022-11-30T20:38:21.859025+00:00
[2022-11-30T20:38:26.949+0000] {subprocess.py:63} INFO - Tmp dir root location: 
 /tmp
[2022-11-30T20:38:26.950+0000] {subprocess.py:75} INFO - Running command: ['/bin/bash', '-c', 'echo len_csv_file']
[2022-11-30T20:38:26.961+0000] {subprocess.py:86} INFO - Output:
[2022-11-30T20:38:26.962+0000] {subprocess.py:93} INFO - len_csv_file
[2022-11-30T20:38:26.962+0000] {subprocess.py:97} INFO - Command exited with return code 0
[2022-11-30T20:38:26.985+0000] {taskinstance.py:1406} INFO - Marking task as SUCCESS. dag_id=first_dag, task_id=len_csv_file, execution_date=20221130T203821, start_date=20221130T203826, end_date=20221130T203826
[2022-11-30T20:38:27.030+0000] {local_task_job.py:159} INFO - Task exited with return code 0
[2022-11-30T20:38:27.050+0000] {taskinstance.py:2623} INFO - 1 downstream tasks scheduled from follow-on schedule check
