[2022-12-05T19:04:26.502+0000] {taskinstance.py:1165} INFO - Dependencies all met for <TaskInstance: first_dag.hello manual__2022-12-05T19:04:25.401461+00:00 [queued]>
[2022-12-05T19:04:26.514+0000] {taskinstance.py:1165} INFO - Dependencies all met for <TaskInstance: first_dag.hello manual__2022-12-05T19:04:25.401461+00:00 [queued]>
[2022-12-05T19:04:26.515+0000] {taskinstance.py:1362} INFO - 
--------------------------------------------------------------------------------
[2022-12-05T19:04:26.515+0000] {taskinstance.py:1363} INFO - Starting attempt 1 of 1
[2022-12-05T19:04:26.515+0000] {taskinstance.py:1364} INFO - 
--------------------------------------------------------------------------------
[2022-12-05T19:04:26.534+0000] {taskinstance.py:1383} INFO - Executing <Task(BashOperator): hello> on 2022-12-05 19:04:25.401461+00:00
[2022-12-05T19:04:26.540+0000] {standard_task_runner.py:55} INFO - Started process 10102 to run task
[2022-12-05T19:04:26.543+0000] {standard_task_runner.py:82} INFO - Running: ['***', 'tasks', 'run', 'first_dag', 'hello', 'manual__2022-12-05T19:04:25.401461+00:00', '--job-id', '1275', '--raw', '--subdir', 'DAGS_FOLDER/***1t.py', '--cfg-path', '/tmp/tmp2dztfhoc']
[2022-12-05T19:04:26.545+0000] {standard_task_runner.py:83} INFO - Job 1275: Subtask hello
[2022-12-05T19:04:26.608+0000] {task_command.py:376} INFO - Running <TaskInstance: first_dag.hello manual__2022-12-05T19:04:25.401461+00:00 [running]> on host debdf09646d4
[2022-12-05T19:04:26.684+0000] {taskinstance.py:1592} INFO - Exporting the following env vars:
AIRFLOW_CTX_DAG_OWNER=***
AIRFLOW_CTX_DAG_ID=first_dag
AIRFLOW_CTX_TASK_ID=hello
AIRFLOW_CTX_EXECUTION_DATE=2022-12-05T19:04:25.401461+00:00
AIRFLOW_CTX_TRY_NUMBER=1
AIRFLOW_CTX_DAG_RUN_ID=manual__2022-12-05T19:04:25.401461+00:00
[2022-12-05T19:04:26.686+0000] {subprocess.py:63} INFO - Tmp dir root location: 
 /tmp
[2022-12-05T19:04:26.686+0000] {subprocess.py:75} INFO - Running command: ['/bin/bash', '-c', 'echo hello']
[2022-12-05T19:04:26.696+0000] {subprocess.py:86} INFO - Output:
[2022-12-05T19:04:26.698+0000] {subprocess.py:93} INFO - hello
[2022-12-05T19:04:26.698+0000] {subprocess.py:97} INFO - Command exited with return code 0
[2022-12-05T19:04:26.726+0000] {taskinstance.py:1406} INFO - Marking task as SUCCESS. dag_id=first_dag, task_id=hello, execution_date=20221205T190425, start_date=20221205T190426, end_date=20221205T190426
[2022-12-05T19:04:26.755+0000] {local_task_job.py:159} INFO - Task exited with return code 0
[2022-12-05T19:04:26.781+0000] {taskinstance.py:2623} INFO - 1 downstream tasks scheduled from follow-on schedule check
