[2022-12-05T19:24:52.594+0000] {taskinstance.py:1165} INFO - Dependencies all met for <TaskInstance: first_dag.world scheduled__2022-12-05T11:40:00+00:00 [queued]>
[2022-12-05T19:24:52.666+0000] {taskinstance.py:1165} INFO - Dependencies all met for <TaskInstance: first_dag.world scheduled__2022-12-05T11:40:00+00:00 [queued]>
[2022-12-05T19:24:52.667+0000] {taskinstance.py:1362} INFO - 
--------------------------------------------------------------------------------
[2022-12-05T19:24:52.669+0000] {taskinstance.py:1363} INFO - Starting attempt 1 of 1
[2022-12-05T19:24:52.670+0000] {taskinstance.py:1364} INFO - 
--------------------------------------------------------------------------------
[2022-12-05T19:24:52.732+0000] {taskinstance.py:1383} INFO - Executing <Task(PythonOperator): world> on 2022-12-05 11:40:00+00:00
[2022-12-05T19:24:52.744+0000] {standard_task_runner.py:55} INFO - Started process 14201 to run task
[2022-12-05T19:24:52.755+0000] {standard_task_runner.py:82} INFO - Running: ['***', 'tasks', 'run', 'first_dag', 'world', 'scheduled__2022-12-05T11:40:00+00:00', '--job-id', '2277', '--raw', '--subdir', 'DAGS_FOLDER/***1t.py', '--cfg-path', '/tmp/tmpgxb3n2em']
[2022-12-05T19:24:52.765+0000] {standard_task_runner.py:83} INFO - Job 2277: Subtask world
[2022-12-05T19:24:53.144+0000] {task_command.py:376} INFO - Running <TaskInstance: first_dag.world scheduled__2022-12-05T11:40:00+00:00 [running]> on host debdf09646d4
[2022-12-05T19:24:53.353+0000] {taskinstance.py:1592} INFO - Exporting the following env vars:
AIRFLOW_CTX_DAG_OWNER=***
AIRFLOW_CTX_DAG_ID=first_dag
AIRFLOW_CTX_TASK_ID=world
AIRFLOW_CTX_EXECUTION_DATE=2022-12-05T11:40:00+00:00
AIRFLOW_CTX_TRY_NUMBER=1
AIRFLOW_CTX_DAG_RUN_ID=scheduled__2022-12-05T11:40:00+00:00
[2022-12-05T19:24:53.355+0000] {logging_mixin.py:137} INFO - Hello!
[2022-12-05T19:24:53.356+0000] {python.py:177} INFO - Done. Returned value was: None
[2022-12-05T19:24:53.402+0000] {taskinstance.py:1406} INFO - Marking task as SUCCESS. dag_id=first_dag, task_id=world, execution_date=20221205T114000, start_date=20221205T192452, end_date=20221205T192453
[2022-12-05T19:24:53.533+0000] {local_task_job.py:159} INFO - Task exited with return code 0
[2022-12-05T19:24:53.649+0000] {taskinstance.py:2623} INFO - 1 downstream tasks scheduled from follow-on schedule check
