[2022-12-05T19:27:51.039+0000] {taskinstance.py:1165} INFO - Dependencies all met for <TaskInstance: first_dag.hello scheduled__2022-12-05T19:05:00+00:00 [queued]>
[2022-12-05T19:27:51.066+0000] {taskinstance.py:1165} INFO - Dependencies all met for <TaskInstance: first_dag.hello scheduled__2022-12-05T19:05:00+00:00 [queued]>
[2022-12-05T19:27:51.089+0000] {taskinstance.py:1362} INFO - 
--------------------------------------------------------------------------------
[2022-12-05T19:27:51.089+0000] {taskinstance.py:1363} INFO - Starting attempt 1 of 1
[2022-12-05T19:27:51.090+0000] {taskinstance.py:1364} INFO - 
--------------------------------------------------------------------------------
[2022-12-05T19:27:51.142+0000] {taskinstance.py:1383} INFO - Executing <Task(BashOperator): hello> on 2022-12-05 19:05:00+00:00
[2022-12-05T19:27:51.153+0000] {standard_task_runner.py:55} INFO - Started process 16266 to run task
[2022-12-05T19:27:51.241+0000] {standard_task_runner.py:82} INFO - Running: ['***', 'tasks', 'run', 'first_dag', 'hello', 'scheduled__2022-12-05T19:05:00+00:00', '--job-id', '2891', '--raw', '--subdir', 'DAGS_FOLDER/***1t.py', '--cfg-path', '/tmp/tmp1r8ckblh']
[2022-12-05T19:27:51.264+0000] {standard_task_runner.py:83} INFO - Job 2891: Subtask hello
[2022-12-05T19:27:51.621+0000] {task_command.py:376} INFO - Running <TaskInstance: first_dag.hello scheduled__2022-12-05T19:05:00+00:00 [running]> on host debdf09646d4
[2022-12-05T19:27:51.962+0000] {taskinstance.py:1592} INFO - Exporting the following env vars:
AIRFLOW_CTX_DAG_OWNER=***
AIRFLOW_CTX_DAG_ID=first_dag
AIRFLOW_CTX_TASK_ID=hello
AIRFLOW_CTX_EXECUTION_DATE=2022-12-05T19:05:00+00:00
AIRFLOW_CTX_TRY_NUMBER=1
AIRFLOW_CTX_DAG_RUN_ID=scheduled__2022-12-05T19:05:00+00:00
[2022-12-05T19:27:51.965+0000] {subprocess.py:63} INFO - Tmp dir root location: 
 /tmp
[2022-12-05T19:27:51.966+0000] {subprocess.py:75} INFO - Running command: ['/bin/bash', '-c', 'echo hello']
[2022-12-05T19:27:52.008+0000] {subprocess.py:86} INFO - Output:
[2022-12-05T19:27:52.013+0000] {subprocess.py:93} INFO - hello
[2022-12-05T19:27:52.029+0000] {subprocess.py:97} INFO - Command exited with return code 0
[2022-12-05T19:27:52.142+0000] {taskinstance.py:1406} INFO - Marking task as SUCCESS. dag_id=first_dag, task_id=hello, execution_date=20221205T190500, start_date=20221205T192751, end_date=20221205T192752
[2022-12-05T19:27:52.250+0000] {local_task_job.py:159} INFO - Task exited with return code 0
[2022-12-05T19:27:52.631+0000] {taskinstance.py:2623} INFO - 0 downstream tasks scheduled from follow-on schedule check
