[2022-11-30T19:01:09.194+0000] {taskinstance.py:1165} INFO - Dependencies all met for <TaskInstance: first_dag.hello manual__2022-11-30T19:01:08.397336+00:00 [queued]>
[2022-11-30T19:01:09.204+0000] {taskinstance.py:1165} INFO - Dependencies all met for <TaskInstance: first_dag.hello manual__2022-11-30T19:01:08.397336+00:00 [queued]>
[2022-11-30T19:01:09.205+0000] {taskinstance.py:1362} INFO - 
--------------------------------------------------------------------------------
[2022-11-30T19:01:09.205+0000] {taskinstance.py:1363} INFO - Starting attempt 1 of 1
[2022-11-30T19:01:09.206+0000] {taskinstance.py:1364} INFO - 
--------------------------------------------------------------------------------
[2022-11-30T19:01:09.222+0000] {taskinstance.py:1383} INFO - Executing <Task(BashOperator): hello> on 2022-11-30 19:01:08.397336+00:00
[2022-11-30T19:01:09.227+0000] {standard_task_runner.py:55} INFO - Started process 7465 to run task
[2022-11-30T19:01:09.230+0000] {standard_task_runner.py:82} INFO - Running: ['***', 'tasks', 'run', 'first_dag', 'hello', 'manual__2022-11-30T19:01:08.397336+00:00', '--job-id', '718', '--raw', '--subdir', 'DAGS_FOLDER/***1t.py', '--cfg-path', '/tmp/tmplvy3yc4_']
[2022-11-30T19:01:09.232+0000] {standard_task_runner.py:83} INFO - Job 718: Subtask hello
[2022-11-30T19:01:09.294+0000] {task_command.py:376} INFO - Running <TaskInstance: first_dag.hello manual__2022-11-30T19:01:08.397336+00:00 [running]> on host debdf09646d4
[2022-11-30T19:01:09.369+0000] {taskinstance.py:1592} INFO - Exporting the following env vars:
AIRFLOW_CTX_DAG_OWNER=***
AIRFLOW_CTX_DAG_ID=first_dag
AIRFLOW_CTX_TASK_ID=hello
AIRFLOW_CTX_EXECUTION_DATE=2022-11-30T19:01:08.397336+00:00
AIRFLOW_CTX_TRY_NUMBER=1
AIRFLOW_CTX_DAG_RUN_ID=manual__2022-11-30T19:01:08.397336+00:00
[2022-11-30T19:01:09.371+0000] {subprocess.py:63} INFO - Tmp dir root location: 
 /tmp
[2022-11-30T19:01:09.372+0000] {subprocess.py:75} INFO - Running command: ['/bin/bash', '-c', 'echo hello']
[2022-11-30T19:01:09.382+0000] {subprocess.py:86} INFO - Output:
[2022-11-30T19:01:09.383+0000] {subprocess.py:93} INFO - hello
[2022-11-30T19:01:09.384+0000] {subprocess.py:97} INFO - Command exited with return code 0
[2022-11-30T19:01:09.412+0000] {taskinstance.py:1406} INFO - Marking task as SUCCESS. dag_id=first_dag, task_id=hello, execution_date=20221130T190108, start_date=20221130T190109, end_date=20221130T190109
[2022-11-30T19:01:09.442+0000] {local_task_job.py:159} INFO - Task exited with return code 0
[2022-11-30T19:01:09.476+0000] {taskinstance.py:2623} INFO - 1 downstream tasks scheduled from follow-on schedule check
