[2022-11-30T20:15:06.335+0000] {taskinstance.py:1165} INFO - Dependencies all met for <TaskInstance: first_dag.hello manual__2022-11-30T20:15:05.229105+00:00 [queued]>
[2022-11-30T20:15:06.345+0000] {taskinstance.py:1165} INFO - Dependencies all met for <TaskInstance: first_dag.hello manual__2022-11-30T20:15:05.229105+00:00 [queued]>
[2022-11-30T20:15:06.345+0000] {taskinstance.py:1362} INFO - 
--------------------------------------------------------------------------------
[2022-11-30T20:15:06.345+0000] {taskinstance.py:1363} INFO - Starting attempt 1 of 1
[2022-11-30T20:15:06.346+0000] {taskinstance.py:1364} INFO - 
--------------------------------------------------------------------------------
[2022-11-30T20:15:06.360+0000] {taskinstance.py:1383} INFO - Executing <Task(BashOperator): hello> on 2022-11-30 20:15:05.229105+00:00
[2022-11-30T20:15:06.365+0000] {standard_task_runner.py:55} INFO - Started process 11190 to run task
[2022-11-30T20:15:06.368+0000] {standard_task_runner.py:82} INFO - Running: ['***', 'tasks', 'run', 'first_dag', 'hello', 'manual__2022-11-30T20:15:05.229105+00:00', '--job-id', '780', '--raw', '--subdir', 'DAGS_FOLDER/***1t.py', '--cfg-path', '/tmp/tmp8xrenku0']
[2022-11-30T20:15:06.370+0000] {standard_task_runner.py:83} INFO - Job 780: Subtask hello
[2022-11-30T20:15:06.431+0000] {task_command.py:376} INFO - Running <TaskInstance: first_dag.hello manual__2022-11-30T20:15:05.229105+00:00 [running]> on host debdf09646d4
[2022-11-30T20:15:06.500+0000] {taskinstance.py:1592} INFO - Exporting the following env vars:
AIRFLOW_CTX_DAG_OWNER=***
AIRFLOW_CTX_DAG_ID=first_dag
AIRFLOW_CTX_TASK_ID=hello
AIRFLOW_CTX_EXECUTION_DATE=2022-11-30T20:15:05.229105+00:00
AIRFLOW_CTX_TRY_NUMBER=1
AIRFLOW_CTX_DAG_RUN_ID=manual__2022-11-30T20:15:05.229105+00:00
[2022-11-30T20:15:06.501+0000] {subprocess.py:63} INFO - Tmp dir root location: 
 /tmp
[2022-11-30T20:15:06.502+0000] {subprocess.py:75} INFO - Running command: ['/bin/bash', '-c', 'echo hello']
[2022-11-30T20:15:06.511+0000] {subprocess.py:86} INFO - Output:
[2022-11-30T20:15:06.512+0000] {subprocess.py:93} INFO - hello
[2022-11-30T20:15:06.513+0000] {subprocess.py:97} INFO - Command exited with return code 0
[2022-11-30T20:15:06.535+0000] {taskinstance.py:1406} INFO - Marking task as SUCCESS. dag_id=first_dag, task_id=hello, execution_date=20221130T201505, start_date=20221130T201506, end_date=20221130T201506
[2022-11-30T20:15:06.580+0000] {local_task_job.py:159} INFO - Task exited with return code 0
[2022-11-30T20:15:06.606+0000] {taskinstance.py:2623} INFO - 1 downstream tasks scheduled from follow-on schedule check
