[2022-12-05T19:26:03.972+0000] {taskinstance.py:1165} INFO - Dependencies all met for <TaskInstance: first_dag.broadcast_task scheduled__2022-12-05T13:50:00+00:00 [queued]>
[2022-12-05T19:26:04.019+0000] {taskinstance.py:1165} INFO - Dependencies all met for <TaskInstance: first_dag.broadcast_task scheduled__2022-12-05T13:50:00+00:00 [queued]>
[2022-12-05T19:26:04.021+0000] {taskinstance.py:1362} INFO - 
--------------------------------------------------------------------------------
[2022-12-05T19:26:04.022+0000] {taskinstance.py:1363} INFO - Starting attempt 1 of 1
[2022-12-05T19:26:04.023+0000] {taskinstance.py:1364} INFO - 
--------------------------------------------------------------------------------
[2022-12-05T19:26:04.089+0000] {taskinstance.py:1383} INFO - Executing <Task(PythonOperator): broadcast_task> on 2022-12-05 13:50:00+00:00
[2022-12-05T19:26:04.143+0000] {standard_task_runner.py:55} INFO - Started process 15018 to run task
[2022-12-05T19:26:04.149+0000] {standard_task_runner.py:82} INFO - Running: ['***', 'tasks', 'run', 'first_dag', 'broadcast_task', 'scheduled__2022-12-05T13:50:00+00:00', '--job-id', '2521', '--raw', '--subdir', 'DAGS_FOLDER/***1t.py', '--cfg-path', '/tmp/tmpvmg8h3wz']
[2022-12-05T19:26:04.153+0000] {standard_task_runner.py:83} INFO - Job 2521: Subtask broadcast_task
[2022-12-05T19:26:04.353+0000] {task_command.py:376} INFO - Running <TaskInstance: first_dag.broadcast_task scheduled__2022-12-05T13:50:00+00:00 [running]> on host debdf09646d4
[2022-12-05T19:26:04.643+0000] {taskinstance.py:1592} INFO - Exporting the following env vars:
AIRFLOW_CTX_DAG_OWNER=***
AIRFLOW_CTX_DAG_ID=first_dag
AIRFLOW_CTX_TASK_ID=broadcast_task
AIRFLOW_CTX_EXECUTION_DATE=2022-12-05T13:50:00+00:00
AIRFLOW_CTX_TRY_NUMBER=1
AIRFLOW_CTX_DAG_RUN_ID=scheduled__2022-12-05T13:50:00+00:00
[2022-12-05T19:26:05.586+0000] {logging_mixin.py:137} INFO - 23
[2022-12-05T19:26:05.586+0000] {python.py:177} INFO - Done. Returned value was: None
[2022-12-05T19:26:05.632+0000] {taskinstance.py:1406} INFO - Marking task as SUCCESS. dag_id=first_dag, task_id=broadcast_task, execution_date=20221205T135000, start_date=20221205T192603, end_date=20221205T192605
[2022-12-05T19:26:05.989+0000] {local_task_job.py:159} INFO - Task exited with return code 0
[2022-12-05T19:26:06.075+0000] {taskinstance.py:2623} INFO - 1 downstream tasks scheduled from follow-on schedule check
