[2022-11-30T19:46:17.184+0000] {taskinstance.py:1165} INFO - Dependencies all met for <TaskInstance: first_dag.ford_csv manual__2022-11-30T19:46:12.547069+00:00 [queued]>
[2022-11-30T19:46:17.194+0000] {taskinstance.py:1165} INFO - Dependencies all met for <TaskInstance: first_dag.ford_csv manual__2022-11-30T19:46:12.547069+00:00 [queued]>
[2022-11-30T19:46:17.195+0000] {taskinstance.py:1362} INFO - 
--------------------------------------------------------------------------------
[2022-11-30T19:46:17.195+0000] {taskinstance.py:1363} INFO - Starting attempt 1 of 1
[2022-11-30T19:46:17.196+0000] {taskinstance.py:1364} INFO - 
--------------------------------------------------------------------------------
[2022-11-30T19:46:17.211+0000] {taskinstance.py:1383} INFO - Executing <Task(PythonOperator): ford_csv> on 2022-11-30 19:46:12.547069+00:00
[2022-11-30T19:46:17.216+0000] {standard_task_runner.py:55} INFO - Started process 9757 to run task
[2022-11-30T19:46:17.219+0000] {standard_task_runner.py:82} INFO - Running: ['***', 'tasks', 'run', 'first_dag', 'ford_csv', 'manual__2022-11-30T19:46:12.547069+00:00', '--job-id', '764', '--raw', '--subdir', 'DAGS_FOLDER/***1t.py', '--cfg-path', '/tmp/tmpgcme7z8a']
[2022-11-30T19:46:17.223+0000] {standard_task_runner.py:83} INFO - Job 764: Subtask ford_csv
[2022-11-30T19:46:17.281+0000] {task_command.py:376} INFO - Running <TaskInstance: first_dag.ford_csv manual__2022-11-30T19:46:12.547069+00:00 [running]> on host debdf09646d4
[2022-11-30T19:46:17.346+0000] {taskinstance.py:1592} INFO - Exporting the following env vars:
AIRFLOW_CTX_DAG_OWNER=***
AIRFLOW_CTX_DAG_ID=first_dag
AIRFLOW_CTX_TASK_ID=ford_csv
AIRFLOW_CTX_EXECUTION_DATE=2022-11-30T19:46:12.547069+00:00
AIRFLOW_CTX_TRY_NUMBER=1
AIRFLOW_CTX_DAG_RUN_ID=manual__2022-11-30T19:46:12.547069+00:00
[2022-11-30T19:46:24.250+0000] {logging_mixin.py:137} INFO - 23
[2022-11-30T19:46:24.260+0000] {logging_mixin.py:137} INFO - The value is: None
[2022-11-30T19:46:24.261+0000] {python.py:177} INFO - Done. Returned value was: None
[2022-11-30T19:46:24.270+0000] {taskinstance.py:1406} INFO - Marking task as SUCCESS. dag_id=first_dag, task_id=ford_csv, execution_date=20221130T194612, start_date=20221130T194617, end_date=20221130T194624
[2022-11-30T19:46:24.305+0000] {local_task_job.py:159} INFO - Task exited with return code 0
[2022-11-30T19:46:24.321+0000] {taskinstance.py:2623} INFO - 0 downstream tasks scheduled from follow-on schedule check
