[2022-12-05T17:48:21.224+0000] {taskinstance.py:1165} INFO - Dependencies all met for <TaskInstance: first_dag.broadcast_task manual__2022-12-05T17:48:10.538376+00:00 [queued]>
[2022-12-05T17:48:21.236+0000] {taskinstance.py:1165} INFO - Dependencies all met for <TaskInstance: first_dag.broadcast_task manual__2022-12-05T17:48:10.538376+00:00 [queued]>
[2022-12-05T17:48:21.237+0000] {taskinstance.py:1362} INFO - 
--------------------------------------------------------------------------------
[2022-12-05T17:48:21.237+0000] {taskinstance.py:1363} INFO - Starting attempt 1 of 1
[2022-12-05T17:48:21.237+0000] {taskinstance.py:1364} INFO - 
--------------------------------------------------------------------------------
[2022-12-05T17:48:21.252+0000] {taskinstance.py:1383} INFO - Executing <Task(PythonOperator): broadcast_task> on 2022-12-05 17:48:10.538376+00:00
[2022-12-05T17:48:21.256+0000] {standard_task_runner.py:55} INFO - Started process 5902 to run task
[2022-12-05T17:48:21.259+0000] {standard_task_runner.py:82} INFO - Running: ['***', 'tasks', 'run', 'first_dag', 'broadcast_task', 'manual__2022-12-05T17:48:10.538376+00:00', '--job-id', '1083', '--raw', '--subdir', 'DAGS_FOLDER/***1t.py', '--cfg-path', '/tmp/tmpxdgyu5f5']
[2022-12-05T17:48:21.261+0000] {standard_task_runner.py:83} INFO - Job 1083: Subtask broadcast_task
[2022-12-05T17:48:21.321+0000] {task_command.py:376} INFO - Running <TaskInstance: first_dag.broadcast_task manual__2022-12-05T17:48:10.538376+00:00 [running]> on host debdf09646d4
[2022-12-05T17:48:21.392+0000] {taskinstance.py:1592} INFO - Exporting the following env vars:
AIRFLOW_CTX_DAG_OWNER=***
AIRFLOW_CTX_DAG_ID=first_dag
AIRFLOW_CTX_TASK_ID=broadcast_task
AIRFLOW_CTX_EXECUTION_DATE=2022-12-05T17:48:10.538376+00:00
AIRFLOW_CTX_TRY_NUMBER=1
AIRFLOW_CTX_DAG_RUN_ID=manual__2022-12-05T17:48:10.538376+00:00
[2022-12-05T17:48:22.380+0000] {logging_mixin.py:137} INFO - 23
[2022-12-05T17:48:22.380+0000] {python.py:177} INFO - Done. Returned value was: None
[2022-12-05T17:48:22.391+0000] {taskinstance.py:1406} INFO - Marking task as SUCCESS. dag_id=first_dag, task_id=broadcast_task, execution_date=20221205T174810, start_date=20221205T174821, end_date=20221205T174822
[2022-12-05T17:48:22.436+0000] {local_task_job.py:159} INFO - Task exited with return code 0
[2022-12-05T17:48:22.464+0000] {taskinstance.py:2623} INFO - 1 downstream tasks scheduled from follow-on schedule check
