[2022-12-05T19:26:21.261+0000] {taskinstance.py:1165} INFO - Dependencies all met for <TaskInstance: first_dag.world scheduled__2022-12-05T15:05:00+00:00 [queued]>
[2022-12-05T19:26:21.301+0000] {taskinstance.py:1165} INFO - Dependencies all met for <TaskInstance: first_dag.world scheduled__2022-12-05T15:05:00+00:00 [queued]>
[2022-12-05T19:26:21.307+0000] {taskinstance.py:1362} INFO - 
--------------------------------------------------------------------------------
[2022-12-05T19:26:21.309+0000] {taskinstance.py:1363} INFO - Starting attempt 1 of 1
[2022-12-05T19:26:21.321+0000] {taskinstance.py:1364} INFO - 
--------------------------------------------------------------------------------
[2022-12-05T19:26:21.430+0000] {taskinstance.py:1383} INFO - Executing <Task(PythonOperator): world> on 2022-12-05 15:05:00+00:00
[2022-12-05T19:26:21.446+0000] {standard_task_runner.py:55} INFO - Started process 15217 to run task
[2022-12-05T19:26:21.453+0000] {standard_task_runner.py:82} INFO - Running: ['***', 'tasks', 'run', 'first_dag', 'world', 'scheduled__2022-12-05T15:05:00+00:00', '--job-id', '2578', '--raw', '--subdir', 'DAGS_FOLDER/***1t.py', '--cfg-path', '/tmp/tmpib1dk4ik']
[2022-12-05T19:26:21.459+0000] {standard_task_runner.py:83} INFO - Job 2578: Subtask world
[2022-12-05T19:26:21.675+0000] {task_command.py:376} INFO - Running <TaskInstance: first_dag.world scheduled__2022-12-05T15:05:00+00:00 [running]> on host debdf09646d4
[2022-12-05T19:26:22.003+0000] {taskinstance.py:1592} INFO - Exporting the following env vars:
AIRFLOW_CTX_DAG_OWNER=***
AIRFLOW_CTX_DAG_ID=first_dag
AIRFLOW_CTX_TASK_ID=world
AIRFLOW_CTX_EXECUTION_DATE=2022-12-05T15:05:00+00:00
AIRFLOW_CTX_TRY_NUMBER=1
AIRFLOW_CTX_DAG_RUN_ID=scheduled__2022-12-05T15:05:00+00:00
[2022-12-05T19:26:22.006+0000] {logging_mixin.py:137} INFO - Hello!
[2022-12-05T19:26:22.007+0000] {python.py:177} INFO - Done. Returned value was: None
[2022-12-05T19:26:22.038+0000] {taskinstance.py:1406} INFO - Marking task as SUCCESS. dag_id=first_dag, task_id=world, execution_date=20221205T150500, start_date=20221205T192621, end_date=20221205T192622
[2022-12-05T19:26:22.119+0000] {local_task_job.py:159} INFO - Task exited with return code 0
[2022-12-05T19:26:22.190+0000] {taskinstance.py:2623} INFO - 1 downstream tasks scheduled from follow-on schedule check
