[2022-12-05T19:24:20.414+0000] {taskinstance.py:1165} INFO - Dependencies all met for <TaskInstance: first_dag.pull_task scheduled__2022-12-05T09:40:00+00:00 [queued]>
[2022-12-05T19:24:20.456+0000] {taskinstance.py:1165} INFO - Dependencies all met for <TaskInstance: first_dag.pull_task scheduled__2022-12-05T09:40:00+00:00 [queued]>
[2022-12-05T19:24:20.457+0000] {taskinstance.py:1362} INFO - 
--------------------------------------------------------------------------------
[2022-12-05T19:24:20.457+0000] {taskinstance.py:1363} INFO - Starting attempt 1 of 1
[2022-12-05T19:24:20.461+0000] {taskinstance.py:1364} INFO - 
--------------------------------------------------------------------------------
[2022-12-05T19:24:20.620+0000] {taskinstance.py:1383} INFO - Executing <Task(PythonOperator): pull_task> on 2022-12-05 09:40:00+00:00
[2022-12-05T19:24:20.628+0000] {standard_task_runner.py:55} INFO - Started process 13815 to run task
[2022-12-05T19:24:20.645+0000] {standard_task_runner.py:82} INFO - Running: ['***', 'tasks', 'run', 'first_dag', 'pull_task', 'scheduled__2022-12-05T09:40:00+00:00', '--job-id', '2157', '--raw', '--subdir', 'DAGS_FOLDER/***1t.py', '--cfg-path', '/tmp/tmp7fzwrsi4']
[2022-12-05T19:24:20.659+0000] {standard_task_runner.py:83} INFO - Job 2157: Subtask pull_task
[2022-12-05T19:24:21.034+0000] {task_command.py:376} INFO - Running <TaskInstance: first_dag.pull_task scheduled__2022-12-05T09:40:00+00:00 [running]> on host debdf09646d4
[2022-12-05T19:24:21.439+0000] {taskinstance.py:1592} INFO - Exporting the following env vars:
AIRFLOW_CTX_DAG_OWNER=***
AIRFLOW_CTX_DAG_ID=first_dag
AIRFLOW_CTX_TASK_ID=pull_task
AIRFLOW_CTX_EXECUTION_DATE=2022-12-05T09:40:00+00:00
AIRFLOW_CTX_TRY_NUMBER=1
AIRFLOW_CTX_DAG_RUN_ID=scheduled__2022-12-05T09:40:00+00:00
[2022-12-05T19:24:23.469+0000] {logging_mixin.py:137} INFO - 23
[2022-12-05T19:24:23.470+0000] {python.py:177} INFO - Done. Returned value was: None
[2022-12-05T19:24:23.493+0000] {taskinstance.py:1406} INFO - Marking task as SUCCESS. dag_id=first_dag, task_id=pull_task, execution_date=20221205T094000, start_date=20221205T192420, end_date=20221205T192423
[2022-12-05T19:24:23.570+0000] {local_task_job.py:159} INFO - Task exited with return code 0
[2022-12-05T19:24:23.719+0000] {taskinstance.py:2623} INFO - 1 downstream tasks scheduled from follow-on schedule check
