[2022-12-01T16:12:01.249+0000] {taskinstance.py:1165} INFO - Dependencies all met for <TaskInstance: first_dag.len_csv_file scheduled__2022-11-30T00:00:00+00:00 [queued]>
[2022-12-01T16:12:01.265+0000] {taskinstance.py:1165} INFO - Dependencies all met for <TaskInstance: first_dag.len_csv_file scheduled__2022-11-30T00:00:00+00:00 [queued]>
[2022-12-01T16:12:01.265+0000] {taskinstance.py:1362} INFO - 
--------------------------------------------------------------------------------
[2022-12-01T16:12:01.266+0000] {taskinstance.py:1363} INFO - Starting attempt 1 of 1
[2022-12-01T16:12:01.267+0000] {taskinstance.py:1364} INFO - 
--------------------------------------------------------------------------------
[2022-12-01T16:12:01.299+0000] {taskinstance.py:1383} INFO - Executing <Task(BashOperator): len_csv_file> on 2022-11-30 00:00:00+00:00
[2022-12-01T16:12:01.305+0000] {standard_task_runner.py:55} INFO - Started process 76 to run task
[2022-12-01T16:12:01.309+0000] {standard_task_runner.py:82} INFO - Running: ['***', 'tasks', 'run', 'first_dag', 'len_csv_file', 'scheduled__2022-11-30T00:00:00+00:00', '--job-id', '831', '--raw', '--subdir', 'DAGS_FOLDER/***1t.py', '--cfg-path', '/tmp/tmpr8jna42m']
[2022-12-01T16:12:01.312+0000] {standard_task_runner.py:83} INFO - Job 831: Subtask len_csv_file
[2022-12-01T16:12:01.403+0000] {task_command.py:376} INFO - Running <TaskInstance: first_dag.len_csv_file scheduled__2022-11-30T00:00:00+00:00 [running]> on host debdf09646d4
[2022-12-01T16:12:01.501+0000] {taskinstance.py:1592} INFO - Exporting the following env vars:
AIRFLOW_CTX_DAG_OWNER=***
AIRFLOW_CTX_DAG_ID=first_dag
AIRFLOW_CTX_TASK_ID=len_csv_file
AIRFLOW_CTX_EXECUTION_DATE=2022-11-30T00:00:00+00:00
AIRFLOW_CTX_TRY_NUMBER=1
AIRFLOW_CTX_DAG_RUN_ID=scheduled__2022-11-30T00:00:00+00:00
[2022-12-01T16:12:01.503+0000] {subprocess.py:63} INFO - Tmp dir root location: 
 /tmp
[2022-12-01T16:12:01.504+0000] {subprocess.py:75} INFO - Running command: ['/bin/bash', '-c', 'echo len_csv_file']
[2022-12-01T16:12:01.516+0000] {subprocess.py:86} INFO - Output:
[2022-12-01T16:12:01.518+0000] {subprocess.py:93} INFO - len_csv_file
[2022-12-01T16:12:01.518+0000] {subprocess.py:97} INFO - Command exited with return code 0
[2022-12-01T16:12:01.549+0000] {taskinstance.py:1406} INFO - Marking task as SUCCESS. dag_id=first_dag, task_id=len_csv_file, execution_date=20221130T000000, start_date=20221201T161201, end_date=20221201T161201
[2022-12-01T16:12:01.601+0000] {local_task_job.py:159} INFO - Task exited with return code 0
[2022-12-01T16:12:01.631+0000] {taskinstance.py:2623} INFO - 1 downstream tasks scheduled from follow-on schedule check
