[2022-12-05T18:15:09.164+0000] {taskinstance.py:1165} INFO - Dependencies all met for <TaskInstance: first_dag.number_task manual__2022-12-05T18:14:58.688581+00:00 [queued]>
[2022-12-05T18:15:09.182+0000] {taskinstance.py:1165} INFO - Dependencies all met for <TaskInstance: first_dag.number_task manual__2022-12-05T18:14:58.688581+00:00 [queued]>
[2022-12-05T18:15:09.183+0000] {taskinstance.py:1362} INFO - 
--------------------------------------------------------------------------------
[2022-12-05T18:15:09.183+0000] {taskinstance.py:1363} INFO - Starting attempt 1 of 1
[2022-12-05T18:15:09.184+0000] {taskinstance.py:1364} INFO - 
--------------------------------------------------------------------------------
[2022-12-05T18:15:09.199+0000] {taskinstance.py:1383} INFO - Executing <Task(PythonOperator): number_task> on 2022-12-05 18:14:58.688581+00:00
[2022-12-05T18:15:09.203+0000] {standard_task_runner.py:55} INFO - Started process 7330 to run task
[2022-12-05T18:15:09.206+0000] {standard_task_runner.py:82} INFO - Running: ['***', 'tasks', 'run', 'first_dag', 'number_task', 'manual__2022-12-05T18:14:58.688581+00:00', '--job-id', '1132', '--raw', '--subdir', 'DAGS_FOLDER/***1t.py', '--cfg-path', '/tmp/tmpono36mo5']
[2022-12-05T18:15:09.208+0000] {standard_task_runner.py:83} INFO - Job 1132: Subtask number_task
[2022-12-05T18:15:09.280+0000] {task_command.py:376} INFO - Running <TaskInstance: first_dag.number_task manual__2022-12-05T18:14:58.688581+00:00 [running]> on host debdf09646d4
[2022-12-05T18:15:09.348+0000] {taskinstance.py:1592} INFO - Exporting the following env vars:
AIRFLOW_CTX_DAG_OWNER=***
AIRFLOW_CTX_DAG_ID=first_dag
AIRFLOW_CTX_TASK_ID=number_task
AIRFLOW_CTX_EXECUTION_DATE=2022-12-05T18:14:58.688581+00:00
AIRFLOW_CTX_TRY_NUMBER=1
AIRFLOW_CTX_DAG_RUN_ID=manual__2022-12-05T18:14:58.688581+00:00
[2022-12-05T18:15:09.350+0000] {logging_mixin.py:137} INFO - 71   49
[2022-12-05T18:15:09.350+0000] {python.py:177} INFO - Done. Returned value was: None
[2022-12-05T18:15:09.359+0000] {taskinstance.py:1406} INFO - Marking task as SUCCESS. dag_id=first_dag, task_id=number_task, execution_date=20221205T181458, start_date=20221205T181509, end_date=20221205T181509
[2022-12-05T18:15:09.378+0000] {local_task_job.py:159} INFO - Task exited with return code 0
[2022-12-05T18:15:09.398+0000] {taskinstance.py:2623} INFO - 1 downstream tasks scheduled from follow-on schedule check
