[2022-12-05T18:54:11.199+0000] {taskinstance.py:1165} INFO - Dependencies all met for <TaskInstance: first_dag.number_task manual__2022-12-05T18:53:51.673323+00:00 [queued]>
[2022-12-05T18:54:11.214+0000] {taskinstance.py:1165} INFO - Dependencies all met for <TaskInstance: first_dag.number_task manual__2022-12-05T18:53:51.673323+00:00 [queued]>
[2022-12-05T18:54:11.215+0000] {taskinstance.py:1362} INFO - 
--------------------------------------------------------------------------------
[2022-12-05T18:54:11.215+0000] {taskinstance.py:1363} INFO - Starting attempt 1 of 1
[2022-12-05T18:54:11.216+0000] {taskinstance.py:1364} INFO - 
--------------------------------------------------------------------------------
[2022-12-05T18:54:11.238+0000] {taskinstance.py:1383} INFO - Executing <Task(PythonOperator): number_task> on 2022-12-05 18:53:51.673323+00:00
[2022-12-05T18:54:11.246+0000] {standard_task_runner.py:55} INFO - Started process 9553 to run task
[2022-12-05T18:54:11.249+0000] {standard_task_runner.py:82} INFO - Running: ['***', 'tasks', 'run', 'first_dag', 'number_task', 'manual__2022-12-05T18:53:51.673323+00:00', '--job-id', '1252', '--raw', '--subdir', 'DAGS_FOLDER/***1t.py', '--cfg-path', '/tmp/tmpx6sao0he']
[2022-12-05T18:54:11.252+0000] {standard_task_runner.py:83} INFO - Job 1252: Subtask number_task
[2022-12-05T18:54:11.319+0000] {task_command.py:376} INFO - Running <TaskInstance: first_dag.number_task manual__2022-12-05T18:53:51.673323+00:00 [running]> on host debdf09646d4
[2022-12-05T18:54:11.394+0000] {taskinstance.py:1592} INFO - Exporting the following env vars:
AIRFLOW_CTX_DAG_OWNER=***
AIRFLOW_CTX_DAG_ID=first_dag
AIRFLOW_CTX_TASK_ID=number_task
AIRFLOW_CTX_EXECUTION_DATE=2022-12-05T18:53:51.673323+00:00
AIRFLOW_CTX_TRY_NUMBER=1
AIRFLOW_CTX_DAG_RUN_ID=manual__2022-12-05T18:53:51.673323+00:00
[2022-12-05T18:54:11.396+0000] {logging_mixin.py:137} INFO - 48   47
[2022-12-05T18:54:11.396+0000] {logging_mixin.py:137} INFO - <_io.TextIOWrapper name='file.txt' mode='a' encoding='UTF-8'>
[2022-12-05T18:54:11.397+0000] {python.py:177} INFO - Done. Returned value was: None
[2022-12-05T18:54:11.407+0000] {taskinstance.py:1406} INFO - Marking task as SUCCESS. dag_id=first_dag, task_id=number_task, execution_date=20221205T185351, start_date=20221205T185411, end_date=20221205T185411
[2022-12-05T18:54:11.462+0000] {local_task_job.py:159} INFO - Task exited with return code 0
[2022-12-05T18:54:11.485+0000] {taskinstance.py:2623} INFO - 0 downstream tasks scheduled from follow-on schedule check
