[2022-12-05T19:22:26.276+0000] {taskinstance.py:1165} INFO - Dependencies all met for <TaskInstance: first_dag.broadcast_task scheduled__2022-12-05T04:50:00+00:00 [queued]>
[2022-12-05T19:22:26.308+0000] {taskinstance.py:1165} INFO - Dependencies all met for <TaskInstance: first_dag.broadcast_task scheduled__2022-12-05T04:50:00+00:00 [queued]>
[2022-12-05T19:22:26.311+0000] {taskinstance.py:1362} INFO - 
--------------------------------------------------------------------------------
[2022-12-05T19:22:26.312+0000] {taskinstance.py:1363} INFO - Starting attempt 1 of 1
[2022-12-05T19:22:26.313+0000] {taskinstance.py:1364} INFO - 
--------------------------------------------------------------------------------
[2022-12-05T19:22:26.389+0000] {taskinstance.py:1383} INFO - Executing <Task(PythonOperator): broadcast_task> on 2022-12-05 04:50:00+00:00
[2022-12-05T19:22:26.424+0000] {standard_task_runner.py:55} INFO - Started process 12478 to run task
[2022-12-05T19:22:26.444+0000] {standard_task_runner.py:82} INFO - Running: ['***', 'tasks', 'run', 'first_dag', 'broadcast_task', 'scheduled__2022-12-05T04:50:00+00:00', '--job-id', '1761', '--raw', '--subdir', 'DAGS_FOLDER/***1t.py', '--cfg-path', '/tmp/tmp2bitvwd9']
[2022-12-05T19:22:26.447+0000] {standard_task_runner.py:83} INFO - Job 1761: Subtask broadcast_task
[2022-12-05T19:22:26.627+0000] {task_command.py:376} INFO - Running <TaskInstance: first_dag.broadcast_task scheduled__2022-12-05T04:50:00+00:00 [running]> on host debdf09646d4
[2022-12-05T19:22:26.783+0000] {taskinstance.py:1592} INFO - Exporting the following env vars:
AIRFLOW_CTX_DAG_OWNER=***
AIRFLOW_CTX_DAG_ID=first_dag
AIRFLOW_CTX_TASK_ID=broadcast_task
AIRFLOW_CTX_EXECUTION_DATE=2022-12-05T04:50:00+00:00
AIRFLOW_CTX_TRY_NUMBER=1
AIRFLOW_CTX_DAG_RUN_ID=scheduled__2022-12-05T04:50:00+00:00
[2022-12-05T19:22:28.749+0000] {logging_mixin.py:137} INFO - 23
[2022-12-05T19:22:28.750+0000] {python.py:177} INFO - Done. Returned value was: None
[2022-12-05T19:22:28.784+0000] {taskinstance.py:1406} INFO - Marking task as SUCCESS. dag_id=first_dag, task_id=broadcast_task, execution_date=20221205T045000, start_date=20221205T192226, end_date=20221205T192228
[2022-12-05T19:22:28.885+0000] {local_task_job.py:159} INFO - Task exited with return code 0
[2022-12-05T19:22:28.928+0000] {taskinstance.py:2623} INFO - 1 downstream tasks scheduled from follow-on schedule check
