[2022-11-28T20:09:29.977+0000] {taskinstance.py:1165} INFO - Dependencies all met for <TaskInstance: first_dag.hello manual__2022-11-28T20:09:28.663881+00:00 [queued]>
[2022-11-28T20:09:29.997+0000] {taskinstance.py:1165} INFO - Dependencies all met for <TaskInstance: first_dag.hello manual__2022-11-28T20:09:28.663881+00:00 [queued]>
[2022-11-28T20:09:29.997+0000] {taskinstance.py:1362} INFO - 
--------------------------------------------------------------------------------
[2022-11-28T20:09:29.998+0000] {taskinstance.py:1363} INFO - Starting attempt 1 of 1
[2022-11-28T20:09:30.000+0000] {taskinstance.py:1364} INFO - 
--------------------------------------------------------------------------------
[2022-11-28T20:09:30.031+0000] {taskinstance.py:1383} INFO - Executing <Task(BashOperator): hello> on 2022-11-28 20:09:28.663881+00:00
[2022-11-28T20:09:30.038+0000] {standard_task_runner.py:55} INFO - Started process 106 to run task
[2022-11-28T20:09:30.044+0000] {standard_task_runner.py:82} INFO - Running: ['***', 'tasks', 'run', 'first_dag', 'hello', 'manual__2022-11-28T20:09:28.663881+00:00', '--job-id', '10', '--raw', '--subdir', 'DAGS_FOLDER/***1t.py', '--cfg-path', '/tmp/tmpp3kmu88n']
[2022-11-28T20:09:30.045+0000] {standard_task_runner.py:83} INFO - Job 10: Subtask hello
[2022-11-28T20:09:30.176+0000] {task_command.py:376} INFO - Running <TaskInstance: first_dag.hello manual__2022-11-28T20:09:28.663881+00:00 [running]> on host 7720011b9adc
[2022-11-28T20:09:30.337+0000] {taskinstance.py:1592} INFO - Exporting the following env vars:
AIRFLOW_CTX_DAG_OWNER=***
AIRFLOW_CTX_DAG_ID=first_dag
AIRFLOW_CTX_TASK_ID=hello
AIRFLOW_CTX_EXECUTION_DATE=2022-11-28T20:09:28.663881+00:00
AIRFLOW_CTX_TRY_NUMBER=1
AIRFLOW_CTX_DAG_RUN_ID=manual__2022-11-28T20:09:28.663881+00:00
[2022-11-28T20:09:30.343+0000] {subprocess.py:63} INFO - Tmp dir root location: 
 /tmp
[2022-11-28T20:09:30.344+0000] {subprocess.py:75} INFO - Running command: ['/bin/bash', '-c', 'echo hello']
[2022-11-28T20:09:30.362+0000] {subprocess.py:86} INFO - Output:
[2022-11-28T20:09:30.364+0000] {subprocess.py:93} INFO - hello
[2022-11-28T20:09:30.365+0000] {subprocess.py:97} INFO - Command exited with return code 0
[2022-11-28T20:09:30.417+0000] {taskinstance.py:1406} INFO - Marking task as SUCCESS. dag_id=first_dag, task_id=hello, execution_date=20221128T200928, start_date=20221128T200929, end_date=20221128T200930
[2022-11-28T20:09:30.470+0000] {local_task_job.py:159} INFO - Task exited with return code 0
[2022-11-28T20:09:30.508+0000] {taskinstance.py:2623} INFO - 1 downstream tasks scheduled from follow-on schedule check
