[2022-12-05T19:21:06.635+0000] {taskinstance.py:1165} INFO - Dependencies all met for <TaskInstance: first_dag.file_path scheduled__2022-12-05T01:35:00+00:00 [queued]>
[2022-12-05T19:21:06.652+0000] {taskinstance.py:1165} INFO - Dependencies all met for <TaskInstance: first_dag.file_path scheduled__2022-12-05T01:35:00+00:00 [queued]>
[2022-12-05T19:21:06.653+0000] {taskinstance.py:1362} INFO - 
--------------------------------------------------------------------------------
[2022-12-05T19:21:06.653+0000] {taskinstance.py:1363} INFO - Starting attempt 1 of 1
[2022-12-05T19:21:06.653+0000] {taskinstance.py:1364} INFO - 
--------------------------------------------------------------------------------
[2022-12-05T19:21:06.826+0000] {taskinstance.py:1383} INFO - Executing <Task(PythonOperator): file_path> on 2022-12-05 01:35:00+00:00
[2022-12-05T19:21:06.833+0000] {standard_task_runner.py:55} INFO - Started process 11539 to run task
[2022-12-05T19:21:06.841+0000] {standard_task_runner.py:82} INFO - Running: ['***', 'tasks', 'run', 'first_dag', 'file_path', 'scheduled__2022-12-05T01:35:00+00:00', '--job-id', '1480', '--raw', '--subdir', 'DAGS_FOLDER/***1t.py', '--cfg-path', '/tmp/tmp5fp7zu1a']
[2022-12-05T19:21:06.844+0000] {standard_task_runner.py:83} INFO - Job 1480: Subtask file_path
[2022-12-05T19:21:07.022+0000] {task_command.py:376} INFO - Running <TaskInstance: first_dag.file_path scheduled__2022-12-05T01:35:00+00:00 [running]> on host debdf09646d4
[2022-12-05T19:21:07.277+0000] {taskinstance.py:1592} INFO - Exporting the following env vars:
AIRFLOW_CTX_DAG_OWNER=***
AIRFLOW_CTX_DAG_ID=first_dag
AIRFLOW_CTX_TASK_ID=file_path
AIRFLOW_CTX_EXECUTION_DATE=2022-12-05T01:35:00+00:00
AIRFLOW_CTX_TRY_NUMBER=1
AIRFLOW_CTX_DAG_RUN_ID=scheduled__2022-12-05T01:35:00+00:00
[2022-12-05T19:21:07.299+0000] {logging_mixin.py:137} INFO - our value:  https://people.sc.fsu.edu/~jburkardt/data/csv/ford_escort.csv
[2022-12-05T19:21:07.301+0000] {python.py:177} INFO - Done. Returned value was: None
[2022-12-05T19:21:07.325+0000] {taskinstance.py:1406} INFO - Marking task as SUCCESS. dag_id=first_dag, task_id=file_path, execution_date=20221205T013500, start_date=20221205T192106, end_date=20221205T192107
[2022-12-05T19:21:07.434+0000] {local_task_job.py:159} INFO - Task exited with return code 0
[2022-12-05T19:21:07.574+0000] {taskinstance.py:2623} INFO - 1 downstream tasks scheduled from follow-on schedule check
