[2022-12-05T18:24:49.414+0000] {taskinstance.py:1165} INFO - Dependencies all met for <TaskInstance: first_dag.number_task manual__2022-12-05T18:24:37.732641+00:00 [queued]>
[2022-12-05T18:24:49.425+0000] {taskinstance.py:1165} INFO - Dependencies all met for <TaskInstance: first_dag.number_task manual__2022-12-05T18:24:37.732641+00:00 [queued]>
[2022-12-05T18:24:49.425+0000] {taskinstance.py:1362} INFO - 
--------------------------------------------------------------------------------
[2022-12-05T18:24:49.426+0000] {taskinstance.py:1363} INFO - Starting attempt 1 of 1
[2022-12-05T18:24:49.426+0000] {taskinstance.py:1364} INFO - 
--------------------------------------------------------------------------------
[2022-12-05T18:24:49.440+0000] {taskinstance.py:1383} INFO - Executing <Task(PythonOperator): number_task> on 2022-12-05 18:24:37.732641+00:00
[2022-12-05T18:24:49.444+0000] {standard_task_runner.py:55} INFO - Started process 7904 to run task
[2022-12-05T18:24:49.447+0000] {standard_task_runner.py:82} INFO - Running: ['***', 'tasks', 'run', 'first_dag', 'number_task', 'manual__2022-12-05T18:24:37.732641+00:00', '--job-id', '1168', '--raw', '--subdir', 'DAGS_FOLDER/***1t.py', '--cfg-path', '/tmp/tmp2jssupyo']
[2022-12-05T18:24:49.449+0000] {standard_task_runner.py:83} INFO - Job 1168: Subtask number_task
[2022-12-05T18:24:49.517+0000] {task_command.py:376} INFO - Running <TaskInstance: first_dag.number_task manual__2022-12-05T18:24:37.732641+00:00 [running]> on host debdf09646d4
[2022-12-05T18:24:49.587+0000] {taskinstance.py:1592} INFO - Exporting the following env vars:
AIRFLOW_CTX_DAG_OWNER=***
AIRFLOW_CTX_DAG_ID=first_dag
AIRFLOW_CTX_TASK_ID=number_task
AIRFLOW_CTX_EXECUTION_DATE=2022-12-05T18:24:37.732641+00:00
AIRFLOW_CTX_TRY_NUMBER=1
AIRFLOW_CTX_DAG_RUN_ID=manual__2022-12-05T18:24:37.732641+00:00
[2022-12-05T18:24:49.588+0000] {logging_mixin.py:137} INFO - 91   10
[2022-12-05T18:24:49.589+0000] {logging_mixin.py:137} INFO - <_io.TextIOWrapper name='file.txt' mode='a' encoding='UTF-8'>
[2022-12-05T18:24:49.589+0000] {python.py:177} INFO - Done. Returned value was: None
[2022-12-05T18:24:49.599+0000] {taskinstance.py:1406} INFO - Marking task as SUCCESS. dag_id=first_dag, task_id=number_task, execution_date=20221205T182437, start_date=20221205T182449, end_date=20221205T182449
[2022-12-05T18:24:49.619+0000] {local_task_job.py:159} INFO - Task exited with return code 0
[2022-12-05T18:24:49.635+0000] {taskinstance.py:2623} INFO - 0 downstream tasks scheduled from follow-on schedule check
