[2022-12-05T19:24:40.310+0000] {taskinstance.py:1165} INFO - Dependencies all met for <TaskInstance: first_dag.pull_task scheduled__2022-12-05T10:30:00+00:00 [queued]>
[2022-12-05T19:24:40.322+0000] {taskinstance.py:1165} INFO - Dependencies all met for <TaskInstance: first_dag.pull_task scheduled__2022-12-05T10:30:00+00:00 [queued]>
[2022-12-05T19:24:40.323+0000] {taskinstance.py:1362} INFO - 
--------------------------------------------------------------------------------
[2022-12-05T19:24:40.323+0000] {taskinstance.py:1363} INFO - Starting attempt 1 of 1
[2022-12-05T19:24:40.324+0000] {taskinstance.py:1364} INFO - 
--------------------------------------------------------------------------------
[2022-12-05T19:24:40.351+0000] {taskinstance.py:1383} INFO - Executing <Task(PythonOperator): pull_task> on 2022-12-05 10:30:00+00:00
[2022-12-05T19:24:40.357+0000] {standard_task_runner.py:55} INFO - Started process 14023 to run task
[2022-12-05T19:24:40.360+0000] {standard_task_runner.py:82} INFO - Running: ['***', 'tasks', 'run', 'first_dag', 'pull_task', 'scheduled__2022-12-05T10:30:00+00:00', '--job-id', '2226', '--raw', '--subdir', 'DAGS_FOLDER/***1t.py', '--cfg-path', '/tmp/tmptsbgznws']
[2022-12-05T19:24:40.365+0000] {standard_task_runner.py:83} INFO - Job 2226: Subtask pull_task
[2022-12-05T19:24:40.461+0000] {task_command.py:376} INFO - Running <TaskInstance: first_dag.pull_task scheduled__2022-12-05T10:30:00+00:00 [running]> on host debdf09646d4
[2022-12-05T19:24:40.562+0000] {taskinstance.py:1592} INFO - Exporting the following env vars:
AIRFLOW_CTX_DAG_OWNER=***
AIRFLOW_CTX_DAG_ID=first_dag
AIRFLOW_CTX_TASK_ID=pull_task
AIRFLOW_CTX_EXECUTION_DATE=2022-12-05T10:30:00+00:00
AIRFLOW_CTX_TRY_NUMBER=1
AIRFLOW_CTX_DAG_RUN_ID=scheduled__2022-12-05T10:30:00+00:00
[2022-12-05T19:24:42.573+0000] {logging_mixin.py:137} INFO - 23
[2022-12-05T19:24:42.583+0000] {python.py:177} INFO - Done. Returned value was: None
[2022-12-05T19:24:42.619+0000] {taskinstance.py:1406} INFO - Marking task as SUCCESS. dag_id=first_dag, task_id=pull_task, execution_date=20221205T103000, start_date=20221205T192440, end_date=20221205T192442
[2022-12-05T19:24:42.719+0000] {local_task_job.py:159} INFO - Task exited with return code 0
[2022-12-05T19:24:42.786+0000] {taskinstance.py:2623} INFO - 1 downstream tasks scheduled from follow-on schedule check
