[2022-12-05T16:45:43.436+0000] {taskinstance.py:1165} INFO - Dependencies all met for <TaskInstance: first_dag.world manual__2022-12-05T16:45:41.169987+00:00 [queued]>
[2022-12-05T16:45:43.456+0000] {taskinstance.py:1165} INFO - Dependencies all met for <TaskInstance: first_dag.world manual__2022-12-05T16:45:41.169987+00:00 [queued]>
[2022-12-05T16:45:43.458+0000] {taskinstance.py:1362} INFO - 
--------------------------------------------------------------------------------
[2022-12-05T16:45:43.460+0000] {taskinstance.py:1363} INFO - Starting attempt 1 of 1
[2022-12-05T16:45:43.463+0000] {taskinstance.py:1364} INFO - 
--------------------------------------------------------------------------------
[2022-12-05T16:45:43.484+0000] {taskinstance.py:1383} INFO - Executing <Task(PythonOperator): world> on 2022-12-05 16:45:41.169987+00:00
[2022-12-05T16:45:43.492+0000] {standard_task_runner.py:55} INFO - Started process 2744 to run task
[2022-12-05T16:45:43.497+0000] {standard_task_runner.py:82} INFO - Running: ['***', 'tasks', 'run', 'first_dag', 'world', 'manual__2022-12-05T16:45:41.169987+00:00', '--job-id', '1014', '--raw', '--subdir', 'DAGS_FOLDER/***1t.py', '--cfg-path', '/tmp/tmpwttlhgyy']
[2022-12-05T16:45:43.500+0000] {standard_task_runner.py:83} INFO - Job 1014: Subtask world
[2022-12-05T16:45:43.600+0000] {task_command.py:376} INFO - Running <TaskInstance: first_dag.world manual__2022-12-05T16:45:41.169987+00:00 [running]> on host debdf09646d4
[2022-12-05T16:45:43.735+0000] {taskinstance.py:1592} INFO - Exporting the following env vars:
AIRFLOW_CTX_DAG_OWNER=***
AIRFLOW_CTX_DAG_ID=first_dag
AIRFLOW_CTX_TASK_ID=world
AIRFLOW_CTX_EXECUTION_DATE=2022-12-05T16:45:41.169987+00:00
AIRFLOW_CTX_TRY_NUMBER=1
AIRFLOW_CTX_DAG_RUN_ID=manual__2022-12-05T16:45:41.169987+00:00
[2022-12-05T16:45:43.736+0000] {logging_mixin.py:137} INFO - Hello!
[2022-12-05T16:45:43.737+0000] {python.py:177} INFO - Done. Returned value was: None
[2022-12-05T16:45:43.752+0000] {taskinstance.py:1406} INFO - Marking task as SUCCESS. dag_id=first_dag, task_id=world, execution_date=20221205T164541, start_date=20221205T164543, end_date=20221205T164543
[2022-12-05T16:45:43.789+0000] {local_task_job.py:159} INFO - Task exited with return code 0
[2022-12-05T16:45:43.847+0000] {taskinstance.py:2623} INFO - 1 downstream tasks scheduled from follow-on schedule check
