[2022-12-05T19:25:38.629+0000] {taskinstance.py:1165} INFO - Dependencies all met for <TaskInstance: first_dag.number_task scheduled__2022-12-05T12:55:00+00:00 [queued]>
[2022-12-05T19:25:38.644+0000] {taskinstance.py:1165} INFO - Dependencies all met for <TaskInstance: first_dag.number_task scheduled__2022-12-05T12:55:00+00:00 [queued]>
[2022-12-05T19:25:38.645+0000] {taskinstance.py:1362} INFO - 
--------------------------------------------------------------------------------
[2022-12-05T19:25:38.646+0000] {taskinstance.py:1363} INFO - Starting attempt 1 of 1
[2022-12-05T19:25:38.646+0000] {taskinstance.py:1364} INFO - 
--------------------------------------------------------------------------------
[2022-12-05T19:25:38.668+0000] {taskinstance.py:1383} INFO - Executing <Task(PythonOperator): number_task> on 2022-12-05 12:55:00+00:00
[2022-12-05T19:25:38.674+0000] {standard_task_runner.py:55} INFO - Started process 14712 to run task
[2022-12-05T19:25:38.679+0000] {standard_task_runner.py:82} INFO - Running: ['***', 'tasks', 'run', 'first_dag', 'number_task', 'scheduled__2022-12-05T12:55:00+00:00', '--job-id', '2436', '--raw', '--subdir', 'DAGS_FOLDER/***1t.py', '--cfg-path', '/tmp/tmphqf69zri']
[2022-12-05T19:25:38.685+0000] {standard_task_runner.py:83} INFO - Job 2436: Subtask number_task
[2022-12-05T19:25:38.776+0000] {task_command.py:376} INFO - Running <TaskInstance: first_dag.number_task scheduled__2022-12-05T12:55:00+00:00 [running]> on host debdf09646d4
[2022-12-05T19:25:38.889+0000] {taskinstance.py:1592} INFO - Exporting the following env vars:
AIRFLOW_CTX_DAG_OWNER=***
AIRFLOW_CTX_DAG_ID=first_dag
AIRFLOW_CTX_TASK_ID=number_task
AIRFLOW_CTX_EXECUTION_DATE=2022-12-05T12:55:00+00:00
AIRFLOW_CTX_TRY_NUMBER=1
AIRFLOW_CTX_DAG_RUN_ID=scheduled__2022-12-05T12:55:00+00:00
[2022-12-05T19:25:38.890+0000] {logging_mixin.py:137} INFO - 93   41
[2022-12-05T19:25:38.891+0000] {logging_mixin.py:137} INFO - <_io.TextIOWrapper name='file.txt' mode='a' encoding='UTF-8'>
[2022-12-05T19:25:38.891+0000] {python.py:177} INFO - Done. Returned value was: None
[2022-12-05T19:25:38.903+0000] {taskinstance.py:1406} INFO - Marking task as SUCCESS. dag_id=first_dag, task_id=number_task, execution_date=20221205T125500, start_date=20221205T192538, end_date=20221205T192538
[2022-12-05T19:25:38.970+0000] {local_task_job.py:159} INFO - Task exited with return code 0
[2022-12-05T19:25:38.999+0000] {taskinstance.py:2623} INFO - 0 downstream tasks scheduled from follow-on schedule check
