[2022-12-05T19:27:53.847+0000] {taskinstance.py:1165} INFO - Dependencies all met for <TaskInstance: first_dag.pull_task scheduled__2022-12-05T18:25:00+00:00 [queued]>
[2022-12-05T19:27:53.899+0000] {taskinstance.py:1165} INFO - Dependencies all met for <TaskInstance: first_dag.pull_task scheduled__2022-12-05T18:25:00+00:00 [queued]>
[2022-12-05T19:27:53.900+0000] {taskinstance.py:1362} INFO - 
--------------------------------------------------------------------------------
[2022-12-05T19:27:53.900+0000] {taskinstance.py:1363} INFO - Starting attempt 1 of 1
[2022-12-05T19:27:53.901+0000] {taskinstance.py:1364} INFO - 
--------------------------------------------------------------------------------
[2022-12-05T19:27:54.170+0000] {taskinstance.py:1383} INFO - Executing <Task(PythonOperator): pull_task> on 2022-12-05 18:25:00+00:00
[2022-12-05T19:27:54.195+0000] {standard_task_runner.py:55} INFO - Started process 16302 to run task
[2022-12-05T19:27:54.205+0000] {standard_task_runner.py:82} INFO - Running: ['***', 'tasks', 'run', 'first_dag', 'pull_task', 'scheduled__2022-12-05T18:25:00+00:00', '--job-id', '2903', '--raw', '--subdir', 'DAGS_FOLDER/***1t.py', '--cfg-path', '/tmp/tmpr4e57c57']
[2022-12-05T19:27:54.208+0000] {standard_task_runner.py:83} INFO - Job 2903: Subtask pull_task
[2022-12-05T19:27:54.443+0000] {task_command.py:376} INFO - Running <TaskInstance: first_dag.pull_task scheduled__2022-12-05T18:25:00+00:00 [running]> on host debdf09646d4
[2022-12-05T19:27:54.621+0000] {taskinstance.py:1592} INFO - Exporting the following env vars:
AIRFLOW_CTX_DAG_OWNER=***
AIRFLOW_CTX_DAG_ID=first_dag
AIRFLOW_CTX_TASK_ID=pull_task
AIRFLOW_CTX_EXECUTION_DATE=2022-12-05T18:25:00+00:00
AIRFLOW_CTX_TRY_NUMBER=1
AIRFLOW_CTX_DAG_RUN_ID=scheduled__2022-12-05T18:25:00+00:00
[2022-12-05T19:27:57.766+0000] {logging_mixin.py:137} INFO - 23
[2022-12-05T19:27:57.767+0000] {python.py:177} INFO - Done. Returned value was: None
[2022-12-05T19:27:57.778+0000] {taskinstance.py:1406} INFO - Marking task as SUCCESS. dag_id=first_dag, task_id=pull_task, execution_date=20221205T182500, start_date=20221205T192753, end_date=20221205T192757
[2022-12-05T19:27:57.812+0000] {local_task_job.py:159} INFO - Task exited with return code 0
[2022-12-05T19:27:57.843+0000] {taskinstance.py:2623} INFO - 1 downstream tasks scheduled from follow-on schedule check
