[2022-12-05T19:20:42.944+0000] {taskinstance.py:1165} INFO - Dependencies all met for <TaskInstance: first_dag.pull_task scheduled__2022-12-05T00:10:00+00:00 [queued]>
[2022-12-05T19:20:42.965+0000] {taskinstance.py:1165} INFO - Dependencies all met for <TaskInstance: first_dag.pull_task scheduled__2022-12-05T00:10:00+00:00 [queued]>
[2022-12-05T19:20:42.965+0000] {taskinstance.py:1362} INFO - 
--------------------------------------------------------------------------------
[2022-12-05T19:20:42.966+0000] {taskinstance.py:1363} INFO - Starting attempt 1 of 1
[2022-12-05T19:20:42.966+0000] {taskinstance.py:1364} INFO - 
--------------------------------------------------------------------------------
[2022-12-05T19:20:43.191+0000] {taskinstance.py:1383} INFO - Executing <Task(PythonOperator): pull_task> on 2022-12-05 00:10:00+00:00
[2022-12-05T19:20:43.206+0000] {standard_task_runner.py:55} INFO - Started process 11240 to run task
[2022-12-05T19:20:43.235+0000] {standard_task_runner.py:82} INFO - Running: ['***', 'tasks', 'run', 'first_dag', 'pull_task', 'scheduled__2022-12-05T00:10:00+00:00', '--job-id', '1387', '--raw', '--subdir', 'DAGS_FOLDER/***1t.py', '--cfg-path', '/tmp/tmpx7xp7mao']
[2022-12-05T19:20:43.246+0000] {standard_task_runner.py:83} INFO - Job 1387: Subtask pull_task
[2022-12-05T19:20:43.700+0000] {task_command.py:376} INFO - Running <TaskInstance: first_dag.pull_task scheduled__2022-12-05T00:10:00+00:00 [running]> on host debdf09646d4
[2022-12-05T19:20:44.101+0000] {taskinstance.py:1592} INFO - Exporting the following env vars:
AIRFLOW_CTX_DAG_OWNER=***
AIRFLOW_CTX_DAG_ID=first_dag
AIRFLOW_CTX_TASK_ID=pull_task
AIRFLOW_CTX_EXECUTION_DATE=2022-12-05T00:10:00+00:00
AIRFLOW_CTX_TRY_NUMBER=1
AIRFLOW_CTX_DAG_RUN_ID=scheduled__2022-12-05T00:10:00+00:00
[2022-12-05T19:20:48.222+0000] {logging_mixin.py:137} INFO - 23
[2022-12-05T19:20:48.225+0000] {python.py:177} INFO - Done. Returned value was: None
[2022-12-05T19:20:48.257+0000] {taskinstance.py:1406} INFO - Marking task as SUCCESS. dag_id=first_dag, task_id=pull_task, execution_date=20221205T001000, start_date=20221205T192042, end_date=20221205T192048
[2022-12-05T19:20:48.346+0000] {local_task_job.py:159} INFO - Task exited with return code 0
[2022-12-05T19:20:48.416+0000] {taskinstance.py:2623} INFO - 1 downstream tasks scheduled from follow-on schedule check
