[2022-12-05T19:27:29.232+0000] {taskinstance.py:1165} INFO - Dependencies all met for <TaskInstance: first_dag.pull_task scheduled__2022-12-05T17:35:00+00:00 [queued]>
[2022-12-05T19:27:29.251+0000] {taskinstance.py:1165} INFO - Dependencies all met for <TaskInstance: first_dag.pull_task scheduled__2022-12-05T17:35:00+00:00 [queued]>
[2022-12-05T19:27:29.252+0000] {taskinstance.py:1362} INFO - 
--------------------------------------------------------------------------------
[2022-12-05T19:27:29.252+0000] {taskinstance.py:1363} INFO - Starting attempt 1 of 1
[2022-12-05T19:27:29.253+0000] {taskinstance.py:1364} INFO - 
--------------------------------------------------------------------------------
[2022-12-05T19:27:29.273+0000] {taskinstance.py:1383} INFO - Executing <Task(PythonOperator): pull_task> on 2022-12-05 17:35:00+00:00
[2022-12-05T19:27:29.278+0000] {standard_task_runner.py:55} INFO - Started process 16009 to run task
[2022-12-05T19:27:29.282+0000] {standard_task_runner.py:82} INFO - Running: ['***', 'tasks', 'run', 'first_dag', 'pull_task', 'scheduled__2022-12-05T17:35:00+00:00', '--job-id', '2820', '--raw', '--subdir', 'DAGS_FOLDER/***1t.py', '--cfg-path', '/tmp/tmphk31dceq']
[2022-12-05T19:27:29.284+0000] {standard_task_runner.py:83} INFO - Job 2820: Subtask pull_task
[2022-12-05T19:27:29.360+0000] {task_command.py:376} INFO - Running <TaskInstance: first_dag.pull_task scheduled__2022-12-05T17:35:00+00:00 [running]> on host debdf09646d4
[2022-12-05T19:27:29.456+0000] {taskinstance.py:1592} INFO - Exporting the following env vars:
AIRFLOW_CTX_DAG_OWNER=***
AIRFLOW_CTX_DAG_ID=first_dag
AIRFLOW_CTX_TASK_ID=pull_task
AIRFLOW_CTX_EXECUTION_DATE=2022-12-05T17:35:00+00:00
AIRFLOW_CTX_TRY_NUMBER=1
AIRFLOW_CTX_DAG_RUN_ID=scheduled__2022-12-05T17:35:00+00:00
[2022-12-05T19:27:30.376+0000] {logging_mixin.py:137} INFO - 23
[2022-12-05T19:27:30.376+0000] {python.py:177} INFO - Done. Returned value was: None
[2022-12-05T19:27:30.391+0000] {taskinstance.py:1406} INFO - Marking task as SUCCESS. dag_id=first_dag, task_id=pull_task, execution_date=20221205T173500, start_date=20221205T192729, end_date=20221205T192730
[2022-12-05T19:27:30.457+0000] {local_task_job.py:159} INFO - Task exited with return code 0
[2022-12-05T19:27:30.492+0000] {taskinstance.py:2623} INFO - 1 downstream tasks scheduled from follow-on schedule check
