[2022-12-05T19:22:43.201+0000] {taskinstance.py:1165} INFO - Dependencies all met for <TaskInstance: first_dag.hello scheduled__2022-12-05T06:10:00+00:00 [queued]>
[2022-12-05T19:22:43.226+0000] {taskinstance.py:1165} INFO - Dependencies all met for <TaskInstance: first_dag.hello scheduled__2022-12-05T06:10:00+00:00 [queued]>
[2022-12-05T19:22:43.228+0000] {taskinstance.py:1362} INFO - 
--------------------------------------------------------------------------------
[2022-12-05T19:22:43.228+0000] {taskinstance.py:1363} INFO - Starting attempt 1 of 1
[2022-12-05T19:22:43.230+0000] {taskinstance.py:1364} INFO - 
--------------------------------------------------------------------------------
[2022-12-05T19:22:43.283+0000] {taskinstance.py:1383} INFO - Executing <Task(BashOperator): hello> on 2022-12-05 06:10:00+00:00
[2022-12-05T19:22:43.292+0000] {standard_task_runner.py:55} INFO - Started process 12637 to run task
[2022-12-05T19:22:43.314+0000] {standard_task_runner.py:82} INFO - Running: ['***', 'tasks', 'run', 'first_dag', 'hello', 'scheduled__2022-12-05T06:10:00+00:00', '--job-id', '1806', '--raw', '--subdir', 'DAGS_FOLDER/***1t.py', '--cfg-path', '/tmp/tmp_gh4d6o9']
[2022-12-05T19:22:43.317+0000] {standard_task_runner.py:83} INFO - Job 1806: Subtask hello
[2022-12-05T19:22:43.489+0000] {task_command.py:376} INFO - Running <TaskInstance: first_dag.hello scheduled__2022-12-05T06:10:00+00:00 [running]> on host debdf09646d4
[2022-12-05T19:22:43.728+0000] {taskinstance.py:1592} INFO - Exporting the following env vars:
AIRFLOW_CTX_DAG_OWNER=***
AIRFLOW_CTX_DAG_ID=first_dag
AIRFLOW_CTX_TASK_ID=hello
AIRFLOW_CTX_EXECUTION_DATE=2022-12-05T06:10:00+00:00
AIRFLOW_CTX_TRY_NUMBER=1
AIRFLOW_CTX_DAG_RUN_ID=scheduled__2022-12-05T06:10:00+00:00
[2022-12-05T19:22:43.736+0000] {subprocess.py:63} INFO - Tmp dir root location: 
 /tmp
[2022-12-05T19:22:43.737+0000] {subprocess.py:75} INFO - Running command: ['/bin/bash', '-c', 'echo hello']
[2022-12-05T19:22:43.763+0000] {subprocess.py:86} INFO - Output:
[2022-12-05T19:22:43.766+0000] {subprocess.py:93} INFO - hello
[2022-12-05T19:22:43.767+0000] {subprocess.py:97} INFO - Command exited with return code 0
[2022-12-05T19:22:43.863+0000] {taskinstance.py:1406} INFO - Marking task as SUCCESS. dag_id=first_dag, task_id=hello, execution_date=20221205T061000, start_date=20221205T192243, end_date=20221205T192243
[2022-12-05T19:22:43.930+0000] {local_task_job.py:159} INFO - Task exited with return code 0
[2022-12-05T19:22:44.008+0000] {taskinstance.py:2623} INFO - 1 downstream tasks scheduled from follow-on schedule check
