[2022-12-05T19:22:58.385+0000] {taskinstance.py:1165} INFO - Dependencies all met for <TaskInstance: first_dag.broadcast_task scheduled__2022-12-05T06:20:00+00:00 [queued]>
[2022-12-05T19:22:58.405+0000] {taskinstance.py:1165} INFO - Dependencies all met for <TaskInstance: first_dag.broadcast_task scheduled__2022-12-05T06:20:00+00:00 [queued]>
[2022-12-05T19:22:58.405+0000] {taskinstance.py:1362} INFO - 
--------------------------------------------------------------------------------
[2022-12-05T19:22:58.406+0000] {taskinstance.py:1363} INFO - Starting attempt 1 of 1
[2022-12-05T19:22:58.406+0000] {taskinstance.py:1364} INFO - 
--------------------------------------------------------------------------------
[2022-12-05T19:22:58.531+0000] {taskinstance.py:1383} INFO - Executing <Task(PythonOperator): broadcast_task> on 2022-12-05 06:20:00+00:00
[2022-12-05T19:22:58.540+0000] {standard_task_runner.py:55} INFO - Started process 12835 to run task
[2022-12-05T19:22:58.547+0000] {standard_task_runner.py:82} INFO - Running: ['***', 'tasks', 'run', 'first_dag', 'broadcast_task', 'scheduled__2022-12-05T06:20:00+00:00', '--job-id', '1869', '--raw', '--subdir', 'DAGS_FOLDER/***1t.py', '--cfg-path', '/tmp/tmpv6pnha4l']
[2022-12-05T19:22:58.550+0000] {standard_task_runner.py:83} INFO - Job 1869: Subtask broadcast_task
[2022-12-05T19:22:58.725+0000] {task_command.py:376} INFO - Running <TaskInstance: first_dag.broadcast_task scheduled__2022-12-05T06:20:00+00:00 [running]> on host debdf09646d4
[2022-12-05T19:22:58.902+0000] {taskinstance.py:1592} INFO - Exporting the following env vars:
AIRFLOW_CTX_DAG_OWNER=***
AIRFLOW_CTX_DAG_ID=first_dag
AIRFLOW_CTX_TASK_ID=broadcast_task
AIRFLOW_CTX_EXECUTION_DATE=2022-12-05T06:20:00+00:00
AIRFLOW_CTX_TRY_NUMBER=1
AIRFLOW_CTX_DAG_RUN_ID=scheduled__2022-12-05T06:20:00+00:00
[2022-12-05T19:22:59.794+0000] {logging_mixin.py:137} INFO - 23
[2022-12-05T19:22:59.795+0000] {python.py:177} INFO - Done. Returned value was: None
[2022-12-05T19:22:59.824+0000] {taskinstance.py:1406} INFO - Marking task as SUCCESS. dag_id=first_dag, task_id=broadcast_task, execution_date=20221205T062000, start_date=20221205T192258, end_date=20221205T192259
[2022-12-05T19:22:59.907+0000] {local_task_job.py:159} INFO - Task exited with return code 0
[2022-12-05T19:23:00.000+0000] {taskinstance.py:2623} INFO - 1 downstream tasks scheduled from follow-on schedule check
