[2022-11-30T19:05:26.648+0000] {taskinstance.py:1165} INFO - Dependencies all met for <TaskInstance: first_dag.world manual__2022-11-30T19:05:24.665331+00:00 [queued]>
[2022-11-30T19:05:26.657+0000] {taskinstance.py:1165} INFO - Dependencies all met for <TaskInstance: first_dag.world manual__2022-11-30T19:05:24.665331+00:00 [queued]>
[2022-11-30T19:05:26.658+0000] {taskinstance.py:1362} INFO - 
--------------------------------------------------------------------------------
[2022-11-30T19:05:26.658+0000] {taskinstance.py:1363} INFO - Starting attempt 1 of 1
[2022-11-30T19:05:26.659+0000] {taskinstance.py:1364} INFO - 
--------------------------------------------------------------------------------
[2022-11-30T19:05:26.674+0000] {taskinstance.py:1383} INFO - Executing <Task(PythonOperator): world> on 2022-11-30 19:05:24.665331+00:00
[2022-11-30T19:05:26.678+0000] {standard_task_runner.py:55} INFO - Started process 7716 to run task
[2022-11-30T19:05:26.681+0000] {standard_task_runner.py:82} INFO - Running: ['***', 'tasks', 'run', 'first_dag', 'world', 'manual__2022-11-30T19:05:24.665331+00:00', '--job-id', '731', '--raw', '--subdir', 'DAGS_FOLDER/***1t.py', '--cfg-path', '/tmp/tmpjlb3xhz0']
[2022-11-30T19:05:26.683+0000] {standard_task_runner.py:83} INFO - Job 731: Subtask world
[2022-11-30T19:05:26.742+0000] {task_command.py:376} INFO - Running <TaskInstance: first_dag.world manual__2022-11-30T19:05:24.665331+00:00 [running]> on host debdf09646d4
[2022-11-30T19:05:26.851+0000] {taskinstance.py:1592} INFO - Exporting the following env vars:
AIRFLOW_CTX_DAG_OWNER=***
AIRFLOW_CTX_DAG_ID=first_dag
AIRFLOW_CTX_TASK_ID=world
AIRFLOW_CTX_EXECUTION_DATE=2022-11-30T19:05:24.665331+00:00
AIRFLOW_CTX_TRY_NUMBER=1
AIRFLOW_CTX_DAG_RUN_ID=manual__2022-11-30T19:05:24.665331+00:00
[2022-11-30T19:05:26.852+0000] {logging_mixin.py:137} INFO - Hello!
[2022-11-30T19:05:26.853+0000] {python.py:177} INFO - Done. Returned value was: None
[2022-11-30T19:05:26.861+0000] {taskinstance.py:1406} INFO - Marking task as SUCCESS. dag_id=first_dag, task_id=world, execution_date=20221130T190524, start_date=20221130T190526, end_date=20221130T190526
[2022-11-30T19:05:26.894+0000] {local_task_job.py:159} INFO - Task exited with return code 0
[2022-11-30T19:05:26.916+0000] {taskinstance.py:2623} INFO - 1 downstream tasks scheduled from follow-on schedule check
