[2022-11-30T20:17:27.602+0000] {taskinstance.py:1165} INFO - Dependencies all met for <TaskInstance: first_dag.world manual__2022-11-30T20:17:24.824286+00:00 [queued]>
[2022-11-30T20:17:27.611+0000] {taskinstance.py:1165} INFO - Dependencies all met for <TaskInstance: first_dag.world manual__2022-11-30T20:17:24.824286+00:00 [queued]>
[2022-11-30T20:17:27.612+0000] {taskinstance.py:1362} INFO - 
--------------------------------------------------------------------------------
[2022-11-30T20:17:27.612+0000] {taskinstance.py:1363} INFO - Starting attempt 1 of 1
[2022-11-30T20:17:27.613+0000] {taskinstance.py:1364} INFO - 
--------------------------------------------------------------------------------
[2022-11-30T20:17:27.627+0000] {taskinstance.py:1383} INFO - Executing <Task(PythonOperator): world> on 2022-11-30 20:17:24.824286+00:00
[2022-11-30T20:17:27.632+0000] {standard_task_runner.py:55} INFO - Started process 11317 to run task
[2022-11-30T20:17:27.635+0000] {standard_task_runner.py:82} INFO - Running: ['***', 'tasks', 'run', 'first_dag', 'world', 'manual__2022-11-30T20:17:24.824286+00:00', '--job-id', '785', '--raw', '--subdir', 'DAGS_FOLDER/***1t.py', '--cfg-path', '/tmp/tmpv2h5w55y']
[2022-11-30T20:17:27.637+0000] {standard_task_runner.py:83} INFO - Job 785: Subtask world
[2022-11-30T20:17:27.697+0000] {task_command.py:376} INFO - Running <TaskInstance: first_dag.world manual__2022-11-30T20:17:24.824286+00:00 [running]> on host debdf09646d4
[2022-11-30T20:17:27.765+0000] {taskinstance.py:1592} INFO - Exporting the following env vars:
AIRFLOW_CTX_DAG_OWNER=***
AIRFLOW_CTX_DAG_ID=first_dag
AIRFLOW_CTX_TASK_ID=world
AIRFLOW_CTX_EXECUTION_DATE=2022-11-30T20:17:24.824286+00:00
AIRFLOW_CTX_TRY_NUMBER=1
AIRFLOW_CTX_DAG_RUN_ID=manual__2022-11-30T20:17:24.824286+00:00
[2022-11-30T20:17:27.766+0000] {logging_mixin.py:137} INFO - Hello!
[2022-11-30T20:17:27.766+0000] {python.py:177} INFO - Done. Returned value was: None
[2022-11-30T20:17:27.775+0000] {taskinstance.py:1406} INFO - Marking task as SUCCESS. dag_id=first_dag, task_id=world, execution_date=20221130T201724, start_date=20221130T201727, end_date=20221130T201727
[2022-11-30T20:17:27.808+0000] {local_task_job.py:159} INFO - Task exited with return code 0
[2022-11-30T20:17:27.835+0000] {taskinstance.py:2623} INFO - 1 downstream tasks scheduled from follow-on schedule check
