[2022-11-29T17:42:25.808+0000] {taskinstance.py:1165} INFO - Dependencies all met for <TaskInstance: first_dag.world manual__2022-11-29T17:42:23.853406+00:00 [queued]>
[2022-11-29T17:42:25.818+0000] {taskinstance.py:1165} INFO - Dependencies all met for <TaskInstance: first_dag.world manual__2022-11-29T17:42:23.853406+00:00 [queued]>
[2022-11-29T17:42:25.819+0000] {taskinstance.py:1362} INFO - 
--------------------------------------------------------------------------------
[2022-11-29T17:42:25.819+0000] {taskinstance.py:1363} INFO - Starting attempt 1 of 1
[2022-11-29T17:42:25.820+0000] {taskinstance.py:1364} INFO - 
--------------------------------------------------------------------------------
[2022-11-29T17:42:25.836+0000] {taskinstance.py:1383} INFO - Executing <Task(PythonOperator): world> on 2022-11-29 17:42:23.853406+00:00
[2022-11-29T17:42:25.841+0000] {standard_task_runner.py:55} INFO - Started process 968 to run task
[2022-11-29T17:42:25.844+0000] {standard_task_runner.py:82} INFO - Running: ['***', 'tasks', 'run', 'first_dag', 'world', 'manual__2022-11-29T17:42:23.853406+00:00', '--job-id', '684', '--raw', '--subdir', 'DAGS_FOLDER/***1t.py', '--cfg-path', '/tmp/tmp0oo_crv4']
[2022-11-29T17:42:25.845+0000] {standard_task_runner.py:83} INFO - Job 684: Subtask world
[2022-11-29T17:42:25.902+0000] {task_command.py:376} INFO - Running <TaskInstance: first_dag.world manual__2022-11-29T17:42:23.853406+00:00 [running]> on host ff963c60c07d
[2022-11-29T17:42:25.973+0000] {taskinstance.py:1592} INFO - Exporting the following env vars:
AIRFLOW_CTX_DAG_OWNER=***
AIRFLOW_CTX_DAG_ID=first_dag
AIRFLOW_CTX_TASK_ID=world
AIRFLOW_CTX_EXECUTION_DATE=2022-11-29T17:42:23.853406+00:00
AIRFLOW_CTX_TRY_NUMBER=1
AIRFLOW_CTX_DAG_RUN_ID=manual__2022-11-29T17:42:23.853406+00:00
[2022-11-29T17:42:25.974+0000] {logging_mixin.py:137} INFO - Airflow
[2022-11-29T17:42:25.974+0000] {python.py:177} INFO - Done. Returned value was: None
[2022-11-29T17:42:25.985+0000] {taskinstance.py:1406} INFO - Marking task as SUCCESS. dag_id=first_dag, task_id=world, execution_date=20221129T174223, start_date=20221129T174225, end_date=20221129T174225
[2022-11-29T17:42:26.016+0000] {local_task_job.py:159} INFO - Task exited with return code 0
[2022-11-29T17:42:26.035+0000] {taskinstance.py:2623} INFO - 0 downstream tasks scheduled from follow-on schedule check
