[2022-12-05T19:26:00.675+0000] {taskinstance.py:1165} INFO - Dependencies all met for <TaskInstance: first_dag.pull_task scheduled__2022-12-05T14:00:00+00:00 [queued]>
[2022-12-05T19:26:00.691+0000] {taskinstance.py:1165} INFO - Dependencies all met for <TaskInstance: first_dag.pull_task scheduled__2022-12-05T14:00:00+00:00 [queued]>
[2022-12-05T19:26:00.692+0000] {taskinstance.py:1362} INFO - 
--------------------------------------------------------------------------------
[2022-12-05T19:26:00.693+0000] {taskinstance.py:1363} INFO - Starting attempt 1 of 1
[2022-12-05T19:26:00.695+0000] {taskinstance.py:1364} INFO - 
--------------------------------------------------------------------------------
[2022-12-05T19:26:00.726+0000] {taskinstance.py:1383} INFO - Executing <Task(PythonOperator): pull_task> on 2022-12-05 14:00:00+00:00
[2022-12-05T19:26:00.733+0000] {standard_task_runner.py:55} INFO - Started process 14966 to run task
[2022-12-05T19:26:00.746+0000] {standard_task_runner.py:82} INFO - Running: ['***', 'tasks', 'run', 'first_dag', 'pull_task', 'scheduled__2022-12-05T14:00:00+00:00', '--job-id', '2509', '--raw', '--subdir', 'DAGS_FOLDER/***1t.py', '--cfg-path', '/tmp/tmp2d440_ru']
[2022-12-05T19:26:00.756+0000] {standard_task_runner.py:83} INFO - Job 2509: Subtask pull_task
[2022-12-05T19:26:00.984+0000] {task_command.py:376} INFO - Running <TaskInstance: first_dag.pull_task scheduled__2022-12-05T14:00:00+00:00 [running]> on host debdf09646d4
[2022-12-05T19:26:01.144+0000] {taskinstance.py:1592} INFO - Exporting the following env vars:
AIRFLOW_CTX_DAG_OWNER=***
AIRFLOW_CTX_DAG_ID=first_dag
AIRFLOW_CTX_TASK_ID=pull_task
AIRFLOW_CTX_EXECUTION_DATE=2022-12-05T14:00:00+00:00
AIRFLOW_CTX_TRY_NUMBER=1
AIRFLOW_CTX_DAG_RUN_ID=scheduled__2022-12-05T14:00:00+00:00
[2022-12-05T19:26:01.983+0000] {logging_mixin.py:137} INFO - 23
[2022-12-05T19:26:02.008+0000] {python.py:177} INFO - Done. Returned value was: None
[2022-12-05T19:26:02.038+0000] {taskinstance.py:1406} INFO - Marking task as SUCCESS. dag_id=first_dag, task_id=pull_task, execution_date=20221205T140000, start_date=20221205T192600, end_date=20221205T192602
[2022-12-05T19:26:02.272+0000] {local_task_job.py:159} INFO - Task exited with return code 0
[2022-12-05T19:26:02.344+0000] {taskinstance.py:2623} INFO - 1 downstream tasks scheduled from follow-on schedule check
