[2022-12-05T19:24:43.736+0000] {taskinstance.py:1165} INFO - Dependencies all met for <TaskInstance: first_dag.world scheduled__2022-12-05T10:55:00+00:00 [queued]>
[2022-12-05T19:24:43.761+0000] {taskinstance.py:1165} INFO - Dependencies all met for <TaskInstance: first_dag.world scheduled__2022-12-05T10:55:00+00:00 [queued]>
[2022-12-05T19:24:43.769+0000] {taskinstance.py:1362} INFO - 
--------------------------------------------------------------------------------
[2022-12-05T19:24:43.773+0000] {taskinstance.py:1363} INFO - Starting attempt 1 of 1
[2022-12-05T19:24:43.774+0000] {taskinstance.py:1364} INFO - 
--------------------------------------------------------------------------------
[2022-12-05T19:24:43.836+0000] {taskinstance.py:1383} INFO - Executing <Task(PythonOperator): world> on 2022-12-05 10:55:00+00:00
[2022-12-05T19:24:43.844+0000] {standard_task_runner.py:55} INFO - Started process 14077 to run task
[2022-12-05T19:24:43.856+0000] {standard_task_runner.py:82} INFO - Running: ['***', 'tasks', 'run', 'first_dag', 'world', 'scheduled__2022-12-05T10:55:00+00:00', '--job-id', '2239', '--raw', '--subdir', 'DAGS_FOLDER/***1t.py', '--cfg-path', '/tmp/tmpbbf6ge_v']
[2022-12-05T19:24:43.863+0000] {standard_task_runner.py:83} INFO - Job 2239: Subtask world
[2022-12-05T19:24:44.035+0000] {task_command.py:376} INFO - Running <TaskInstance: first_dag.world scheduled__2022-12-05T10:55:00+00:00 [running]> on host debdf09646d4
[2022-12-05T19:24:44.175+0000] {taskinstance.py:1592} INFO - Exporting the following env vars:
AIRFLOW_CTX_DAG_OWNER=***
AIRFLOW_CTX_DAG_ID=first_dag
AIRFLOW_CTX_TASK_ID=world
AIRFLOW_CTX_EXECUTION_DATE=2022-12-05T10:55:00+00:00
AIRFLOW_CTX_TRY_NUMBER=1
AIRFLOW_CTX_DAG_RUN_ID=scheduled__2022-12-05T10:55:00+00:00
[2022-12-05T19:24:44.182+0000] {logging_mixin.py:137} INFO - Hello!
[2022-12-05T19:24:44.183+0000] {python.py:177} INFO - Done. Returned value was: None
[2022-12-05T19:24:44.211+0000] {taskinstance.py:1406} INFO - Marking task as SUCCESS. dag_id=first_dag, task_id=world, execution_date=20221205T105500, start_date=20221205T192443, end_date=20221205T192444
[2022-12-05T19:24:44.278+0000] {local_task_job.py:159} INFO - Task exited with return code 0
[2022-12-05T19:24:44.342+0000] {taskinstance.py:2623} INFO - 1 downstream tasks scheduled from follow-on schedule check
