[2022-11-28T20:11:41.198+0000] {taskinstance.py:1165} INFO - Dependencies all met for <TaskInstance: first_dag.world scheduled__2022-06-28T00:00:00+00:00 [queued]>
[2022-11-28T20:11:41.210+0000] {taskinstance.py:1165} INFO - Dependencies all met for <TaskInstance: first_dag.world scheduled__2022-06-28T00:00:00+00:00 [queued]>
[2022-11-28T20:11:41.210+0000] {taskinstance.py:1362} INFO - 
--------------------------------------------------------------------------------
[2022-11-28T20:11:41.212+0000] {taskinstance.py:1363} INFO - Starting attempt 1 of 1
[2022-11-28T20:11:41.213+0000] {taskinstance.py:1364} INFO - 
--------------------------------------------------------------------------------
[2022-11-28T20:11:41.241+0000] {taskinstance.py:1383} INFO - Executing <Task(PythonOperator): world> on 2022-06-28 00:00:00+00:00
[2022-11-28T20:11:41.246+0000] {standard_task_runner.py:55} INFO - Started process 1093 to run task
[2022-11-28T20:11:41.250+0000] {standard_task_runner.py:82} INFO - Running: ['***', 'tasks', 'run', 'first_dag', 'world', 'scheduled__2022-06-28T00:00:00+00:00', '--job-id', '368', '--raw', '--subdir', 'DAGS_FOLDER/***1t.py', '--cfg-path', '/tmp/tmpiug_wpna']
[2022-11-28T20:11:41.251+0000] {standard_task_runner.py:83} INFO - Job 368: Subtask world
[2022-11-28T20:11:41.331+0000] {task_command.py:376} INFO - Running <TaskInstance: first_dag.world scheduled__2022-06-28T00:00:00+00:00 [running]> on host 7720011b9adc
[2022-11-28T20:11:41.485+0000] {taskinstance.py:1592} INFO - Exporting the following env vars:
AIRFLOW_CTX_DAG_OWNER=***
AIRFLOW_CTX_DAG_ID=first_dag
AIRFLOW_CTX_TASK_ID=world
AIRFLOW_CTX_EXECUTION_DATE=2022-06-28T00:00:00+00:00
AIRFLOW_CTX_TRY_NUMBER=1
AIRFLOW_CTX_DAG_RUN_ID=scheduled__2022-06-28T00:00:00+00:00
[2022-11-28T20:11:41.486+0000] {logging_mixin.py:137} INFO - Airflow
[2022-11-28T20:11:41.487+0000] {python.py:177} INFO - Done. Returned value was: None
[2022-11-28T20:11:41.514+0000] {taskinstance.py:1406} INFO - Marking task as SUCCESS. dag_id=first_dag, task_id=world, execution_date=20220628T000000, start_date=20221128T201141, end_date=20221128T201141
[2022-11-28T20:11:41.584+0000] {local_task_job.py:159} INFO - Task exited with return code 0
[2022-11-28T20:11:41.611+0000] {taskinstance.py:2623} INFO - 0 downstream tasks scheduled from follow-on schedule check
