[2022-12-05T19:23:25.890+0000] {taskinstance.py:1165} INFO - Dependencies all met for <TaskInstance: first_dag.sum_task scheduled__2022-12-05T06:45:00+00:00 [queued]>
[2022-12-05T19:23:25.923+0000] {taskinstance.py:1165} INFO - Dependencies all met for <TaskInstance: first_dag.sum_task scheduled__2022-12-05T06:45:00+00:00 [queued]>
[2022-12-05T19:23:25.926+0000] {taskinstance.py:1362} INFO - 
--------------------------------------------------------------------------------
[2022-12-05T19:23:25.939+0000] {taskinstance.py:1363} INFO - Starting attempt 1 of 1
[2022-12-05T19:23:25.939+0000] {taskinstance.py:1364} INFO - 
--------------------------------------------------------------------------------
[2022-12-05T19:23:26.066+0000] {taskinstance.py:1383} INFO - Executing <Task(PythonOperator): sum_task> on 2022-12-05 06:45:00+00:00
[2022-12-05T19:23:26.075+0000] {standard_task_runner.py:55} INFO - Started process 13177 to run task
[2022-12-05T19:23:26.093+0000] {standard_task_runner.py:82} INFO - Running: ['***', 'tasks', 'run', 'first_dag', 'sum_task', 'scheduled__2022-12-05T06:45:00+00:00', '--job-id', '1973', '--raw', '--subdir', 'DAGS_FOLDER/***1t.py', '--cfg-path', '/tmp/tmpawmgn3sl']
[2022-12-05T19:23:26.097+0000] {standard_task_runner.py:83} INFO - Job 1973: Subtask sum_task
[2022-12-05T19:23:26.425+0000] {task_command.py:376} INFO - Running <TaskInstance: first_dag.sum_task scheduled__2022-12-05T06:45:00+00:00 [running]> on host debdf09646d4
[2022-12-05T19:23:26.648+0000] {taskinstance.py:1592} INFO - Exporting the following env vars:
AIRFLOW_CTX_DAG_OWNER=***
AIRFLOW_CTX_DAG_ID=first_dag
AIRFLOW_CTX_TASK_ID=sum_task
AIRFLOW_CTX_EXECUTION_DATE=2022-12-05T06:45:00+00:00
AIRFLOW_CTX_TRY_NUMBER=1
AIRFLOW_CTX_DAG_RUN_ID=scheduled__2022-12-05T06:45:00+00:00
[2022-12-05T19:23:26.658+0000] {python.py:177} INFO - Done. Returned value was: None
[2022-12-05T19:23:26.680+0000] {taskinstance.py:1406} INFO - Marking task as SUCCESS. dag_id=first_dag, task_id=sum_task, execution_date=20221205T064500, start_date=20221205T192325, end_date=20221205T192326
[2022-12-05T19:23:26.770+0000] {local_task_job.py:159} INFO - Task exited with return code 0
[2022-12-05T19:23:26.815+0000] {taskinstance.py:2623} INFO - 0 downstream tasks scheduled from follow-on schedule check
