[2022-12-05T19:22:49.208+0000] {taskinstance.py:1165} INFO - Dependencies all met for <TaskInstance: first_dag.pull_task scheduled__2022-12-05T05:45:00+00:00 [queued]>
[2022-12-05T19:22:49.236+0000] {taskinstance.py:1165} INFO - Dependencies all met for <TaskInstance: first_dag.pull_task scheduled__2022-12-05T05:45:00+00:00 [queued]>
[2022-12-05T19:22:49.239+0000] {taskinstance.py:1362} INFO - 
--------------------------------------------------------------------------------
[2022-12-05T19:22:49.239+0000] {taskinstance.py:1363} INFO - Starting attempt 1 of 1
[2022-12-05T19:22:49.240+0000] {taskinstance.py:1364} INFO - 
--------------------------------------------------------------------------------
[2022-12-05T19:22:49.292+0000] {taskinstance.py:1383} INFO - Executing <Task(PythonOperator): pull_task> on 2022-12-05 05:45:00+00:00
[2022-12-05T19:22:49.304+0000] {standard_task_runner.py:55} INFO - Started process 12726 to run task
[2022-12-05T19:22:49.330+0000] {standard_task_runner.py:82} INFO - Running: ['***', 'tasks', 'run', 'first_dag', 'pull_task', 'scheduled__2022-12-05T05:45:00+00:00', '--job-id', '1832', '--raw', '--subdir', 'DAGS_FOLDER/***1t.py', '--cfg-path', '/tmp/tmp5onbr0ba']
[2022-12-05T19:22:49.333+0000] {standard_task_runner.py:83} INFO - Job 1832: Subtask pull_task
[2022-12-05T19:22:49.658+0000] {task_command.py:376} INFO - Running <TaskInstance: first_dag.pull_task scheduled__2022-12-05T05:45:00+00:00 [running]> on host debdf09646d4
[2022-12-05T19:22:49.905+0000] {taskinstance.py:1592} INFO - Exporting the following env vars:
AIRFLOW_CTX_DAG_OWNER=***
AIRFLOW_CTX_DAG_ID=first_dag
AIRFLOW_CTX_TASK_ID=pull_task
AIRFLOW_CTX_EXECUTION_DATE=2022-12-05T05:45:00+00:00
AIRFLOW_CTX_TRY_NUMBER=1
AIRFLOW_CTX_DAG_RUN_ID=scheduled__2022-12-05T05:45:00+00:00
[2022-12-05T19:22:50.826+0000] {logging_mixin.py:137} INFO - 23
[2022-12-05T19:22:50.834+0000] {python.py:177} INFO - Done. Returned value was: None
[2022-12-05T19:22:50.873+0000] {taskinstance.py:1406} INFO - Marking task as SUCCESS. dag_id=first_dag, task_id=pull_task, execution_date=20221205T054500, start_date=20221205T192249, end_date=20221205T192250
[2022-12-05T19:22:50.951+0000] {local_task_job.py:159} INFO - Task exited with return code 0
[2022-12-05T19:22:51.063+0000] {taskinstance.py:2623} INFO - 1 downstream tasks scheduled from follow-on schedule check
