[2022-11-30T20:35:24.093+0000] {taskinstance.py:1165} INFO - Dependencies all met for <TaskInstance: first_dag.len_csv manual__2022-11-30T20:35:20.614497+00:00 [queued]>
[2022-11-30T20:35:24.104+0000] {taskinstance.py:1165} INFO - Dependencies all met for <TaskInstance: first_dag.len_csv manual__2022-11-30T20:35:20.614497+00:00 [queued]>
[2022-11-30T20:35:24.105+0000] {taskinstance.py:1362} INFO - 
--------------------------------------------------------------------------------
[2022-11-30T20:35:24.105+0000] {taskinstance.py:1363} INFO - Starting attempt 1 of 1
[2022-11-30T20:35:24.106+0000] {taskinstance.py:1364} INFO - 
--------------------------------------------------------------------------------
[2022-11-30T20:35:24.120+0000] {taskinstance.py:1383} INFO - Executing <Task(PythonOperator): len_csv> on 2022-11-30 20:35:20.614497+00:00
[2022-11-30T20:35:24.124+0000] {standard_task_runner.py:55} INFO - Started process 12282 to run task
[2022-11-30T20:35:24.127+0000] {standard_task_runner.py:82} INFO - Running: ['***', 'tasks', 'run', 'first_dag', 'len_csv', 'manual__2022-11-30T20:35:20.614497+00:00', '--job-id', '813', '--raw', '--subdir', 'DAGS_FOLDER/***1t.py', '--cfg-path', '/tmp/tmpncz1k1fc']
[2022-11-30T20:35:24.129+0000] {standard_task_runner.py:83} INFO - Job 813: Subtask len_csv
[2022-11-30T20:35:24.208+0000] {task_command.py:376} INFO - Running <TaskInstance: first_dag.len_csv manual__2022-11-30T20:35:20.614497+00:00 [running]> on host debdf09646d4
[2022-11-30T20:35:24.286+0000] {taskinstance.py:1592} INFO - Exporting the following env vars:
AIRFLOW_CTX_DAG_OWNER=***
AIRFLOW_CTX_DAG_ID=first_dag
AIRFLOW_CTX_TASK_ID=len_csv
AIRFLOW_CTX_EXECUTION_DATE=2022-11-30T20:35:20.614497+00:00
AIRFLOW_CTX_TRY_NUMBER=1
AIRFLOW_CTX_DAG_RUN_ID=manual__2022-11-30T20:35:20.614497+00:00
[2022-11-30T20:35:25.099+0000] {logging_mixin.py:137} INFO - 23
[2022-11-30T20:35:25.100+0000] {python.py:177} INFO - Done. Returned value was: None
[2022-11-30T20:35:25.112+0000] {taskinstance.py:1406} INFO - Marking task as SUCCESS. dag_id=first_dag, task_id=len_csv, execution_date=20221130T203520, start_date=20221130T203524, end_date=20221130T203525
[2022-11-30T20:35:25.143+0000] {local_task_job.py:159} INFO - Task exited with return code 0
[2022-11-30T20:35:25.165+0000] {taskinstance.py:2623} INFO - 0 downstream tasks scheduled from follow-on schedule check
