[2022-11-30T16:33:30.094+0000] {taskinstance.py:1165} INFO - Dependencies all met for <TaskInstance: first_dag.conn_to_psql manual__2022-11-30T16:33:27.021449+00:00 [queued]>
[2022-11-30T16:33:30.104+0000] {taskinstance.py:1165} INFO - Dependencies all met for <TaskInstance: first_dag.conn_to_psql manual__2022-11-30T16:33:27.021449+00:00 [queued]>
[2022-11-30T16:33:30.105+0000] {taskinstance.py:1362} INFO - 
--------------------------------------------------------------------------------
[2022-11-30T16:33:30.105+0000] {taskinstance.py:1363} INFO - Starting attempt 1 of 1
[2022-11-30T16:33:30.105+0000] {taskinstance.py:1364} INFO - 
--------------------------------------------------------------------------------
[2022-11-30T16:33:30.121+0000] {taskinstance.py:1383} INFO - Executing <Task(PythonOperator): conn_to_psql> on 2022-11-30 16:33:27.021449+00:00
[2022-11-30T16:33:30.179+0000] {standard_task_runner.py:55} INFO - Started process 419 to run task
[2022-11-30T16:33:30.182+0000] {standard_task_runner.py:82} INFO - Running: ['***', 'tasks', 'run', 'first_dag', 'conn_to_psql', 'manual__2022-11-30T16:33:27.021449+00:00', '--job-id', '698', '--raw', '--subdir', 'DAGS_FOLDER/***1t.py', '--cfg-path', '/tmp/tmpy5su7hol']
[2022-11-30T16:33:30.183+0000] {standard_task_runner.py:83} INFO - Job 698: Subtask conn_to_psql
[2022-11-30T16:33:30.252+0000] {task_command.py:376} INFO - Running <TaskInstance: first_dag.conn_to_psql manual__2022-11-30T16:33:27.021449+00:00 [running]> on host debdf09646d4
[2022-11-30T16:33:30.328+0000] {taskinstance.py:1592} INFO - Exporting the following env vars:
AIRFLOW_CTX_DAG_OWNER=***
AIRFLOW_CTX_DAG_ID=first_dag
AIRFLOW_CTX_TASK_ID=conn_to_psql
AIRFLOW_CTX_EXECUTION_DATE=2022-11-30T16:33:27.021449+00:00
AIRFLOW_CTX_TRY_NUMBER=1
AIRFLOW_CTX_DAG_RUN_ID=manual__2022-11-30T16:33:27.021449+00:00
[2022-11-30T16:33:30.349+0000] {taskinstance.py:1851} ERROR - Task failed with exception
Traceback (most recent call last):
  File "/home/airflow/.local/lib/python3.7/site-packages/airflow/operators/python.py", line 175, in execute
    return_value = self.execute_callable()
  File "/home/airflow/.local/lib/python3.7/site-packages/airflow/operators/python.py", line 193, in execute_callable
    return self.python_callable(*self.op_args, **self.op_kwargs)
  File "/opt/airflow/dags/airflow1t.py", line 23, in connect_to_psql
    cursor.execute("CREATE TABLE test_table (id serial PRIMARY KEY, num integer, data varchar);")
psycopg2.errors.DuplicateTable: relation "test_table" already exists

[2022-11-30T16:33:30.358+0000] {taskinstance.py:1406} INFO - Marking task as FAILED. dag_id=first_dag, task_id=conn_to_psql, execution_date=20221130T163327, start_date=20221130T163330, end_date=20221130T163330
[2022-11-30T16:33:30.371+0000] {standard_task_runner.py:105} ERROR - Failed to execute job 698 for task conn_to_psql (relation "test_table" already exists
; 419)
[2022-11-30T16:33:30.394+0000] {local_task_job.py:159} INFO - Task exited with return code 1
[2022-11-30T16:33:30.417+0000] {taskinstance.py:2623} INFO - 0 downstream tasks scheduled from follow-on schedule check
