[2022-12-05T19:28:16.625+0000] {taskinstance.py:1165} INFO - Dependencies all met for <TaskInstance: first_dag.pull_task scheduled__2022-12-05T19:10:00+00:00 [queued]>
[2022-12-05T19:28:16.636+0000] {taskinstance.py:1165} INFO - Dependencies all met for <TaskInstance: first_dag.pull_task scheduled__2022-12-05T19:10:00+00:00 [queued]>
[2022-12-05T19:28:16.637+0000] {taskinstance.py:1362} INFO - 
--------------------------------------------------------------------------------
[2022-12-05T19:28:16.637+0000] {taskinstance.py:1363} INFO - Starting attempt 1 of 1
[2022-12-05T19:28:16.638+0000] {taskinstance.py:1364} INFO - 
--------------------------------------------------------------------------------
[2022-12-05T19:28:16.657+0000] {taskinstance.py:1383} INFO - Executing <Task(PythonOperator): pull_task> on 2022-12-05 19:10:00+00:00
[2022-12-05T19:28:16.663+0000] {standard_task_runner.py:55} INFO - Started process 16483 to run task
[2022-12-05T19:28:16.667+0000] {standard_task_runner.py:82} INFO - Running: ['***', 'tasks', 'run', 'first_dag', 'pull_task', 'scheduled__2022-12-05T19:10:00+00:00', '--job-id', '2964', '--raw', '--subdir', 'DAGS_FOLDER/***1t.py', '--cfg-path', '/tmp/tmpi9t7g6w0']
[2022-12-05T19:28:16.672+0000] {standard_task_runner.py:83} INFO - Job 2964: Subtask pull_task
[2022-12-05T19:28:16.743+0000] {task_command.py:376} INFO - Running <TaskInstance: first_dag.pull_task scheduled__2022-12-05T19:10:00+00:00 [running]> on host debdf09646d4
[2022-12-05T19:28:16.833+0000] {taskinstance.py:1592} INFO - Exporting the following env vars:
AIRFLOW_CTX_DAG_OWNER=***
AIRFLOW_CTX_DAG_ID=first_dag
AIRFLOW_CTX_TASK_ID=pull_task
AIRFLOW_CTX_EXECUTION_DATE=2022-12-05T19:10:00+00:00
AIRFLOW_CTX_TRY_NUMBER=1
AIRFLOW_CTX_DAG_RUN_ID=scheduled__2022-12-05T19:10:00+00:00
[2022-12-05T19:28:17.695+0000] {logging_mixin.py:137} INFO - 23
[2022-12-05T19:28:17.696+0000] {python.py:177} INFO - Done. Returned value was: None
[2022-12-05T19:28:17.706+0000] {taskinstance.py:1406} INFO - Marking task as SUCCESS. dag_id=first_dag, task_id=pull_task, execution_date=20221205T191000, start_date=20221205T192816, end_date=20221205T192817
[2022-12-05T19:28:17.761+0000] {local_task_job.py:159} INFO - Task exited with return code 0
[2022-12-05T19:28:17.843+0000] {taskinstance.py:2623} INFO - 1 downstream tasks scheduled from follow-on schedule check
