[2022-12-05T19:21:03.062+0000] {taskinstance.py:1165} INFO - Dependencies all met for <TaskInstance: first_dag.sum_task scheduled__2022-12-05T01:45:00+00:00 [queued]>
[2022-12-05T19:21:03.090+0000] {taskinstance.py:1165} INFO - Dependencies all met for <TaskInstance: first_dag.sum_task scheduled__2022-12-05T01:45:00+00:00 [queued]>
[2022-12-05T19:21:03.092+0000] {taskinstance.py:1362} INFO - 
--------------------------------------------------------------------------------
[2022-12-05T19:21:03.093+0000] {taskinstance.py:1363} INFO - Starting attempt 1 of 1
[2022-12-05T19:21:03.098+0000] {taskinstance.py:1364} INFO - 
--------------------------------------------------------------------------------
[2022-12-05T19:21:03.139+0000] {taskinstance.py:1383} INFO - Executing <Task(PythonOperator): sum_task> on 2022-12-05 01:45:00+00:00
[2022-12-05T19:21:03.170+0000] {standard_task_runner.py:55} INFO - Started process 11481 to run task
[2022-12-05T19:21:03.200+0000] {standard_task_runner.py:82} INFO - Running: ['***', 'tasks', 'run', 'first_dag', 'sum_task', 'scheduled__2022-12-05T01:45:00+00:00', '--job-id', '1460', '--raw', '--subdir', 'DAGS_FOLDER/***1t.py', '--cfg-path', '/tmp/tmp_rhzeyf_']
[2022-12-05T19:21:03.207+0000] {standard_task_runner.py:83} INFO - Job 1460: Subtask sum_task
[2022-12-05T19:21:03.370+0000] {task_command.py:376} INFO - Running <TaskInstance: first_dag.sum_task scheduled__2022-12-05T01:45:00+00:00 [running]> on host debdf09646d4
[2022-12-05T19:21:03.656+0000] {taskinstance.py:1592} INFO - Exporting the following env vars:
AIRFLOW_CTX_DAG_OWNER=***
AIRFLOW_CTX_DAG_ID=first_dag
AIRFLOW_CTX_TASK_ID=sum_task
AIRFLOW_CTX_EXECUTION_DATE=2022-12-05T01:45:00+00:00
AIRFLOW_CTX_TRY_NUMBER=1
AIRFLOW_CTX_DAG_RUN_ID=scheduled__2022-12-05T01:45:00+00:00
[2022-12-05T19:21:03.659+0000] {python.py:177} INFO - Done. Returned value was: None
[2022-12-05T19:21:03.682+0000] {taskinstance.py:1406} INFO - Marking task as SUCCESS. dag_id=first_dag, task_id=sum_task, execution_date=20221205T014500, start_date=20221205T192103, end_date=20221205T192103
[2022-12-05T19:21:03.727+0000] {local_task_job.py:159} INFO - Task exited with return code 0
[2022-12-05T19:21:04.239+0000] {taskinstance.py:2623} INFO - 0 downstream tasks scheduled from follow-on schedule check
