[2022-12-05T19:22:12.870+0000] {taskinstance.py:1165} INFO - Dependencies all met for <TaskInstance: first_dag.hello scheduled__2022-12-05T05:05:00+00:00 [queued]>
[2022-12-05T19:22:12.951+0000] {taskinstance.py:1165} INFO - Dependencies all met for <TaskInstance: first_dag.hello scheduled__2022-12-05T05:05:00+00:00 [queued]>
[2022-12-05T19:22:12.952+0000] {taskinstance.py:1362} INFO - 
--------------------------------------------------------------------------------
[2022-12-05T19:22:12.969+0000] {taskinstance.py:1363} INFO - Starting attempt 1 of 1
[2022-12-05T19:22:12.972+0000] {taskinstance.py:1364} INFO - 
--------------------------------------------------------------------------------
[2022-12-05T19:22:13.066+0000] {taskinstance.py:1383} INFO - Executing <Task(BashOperator): hello> on 2022-12-05 05:05:00+00:00
[2022-12-05T19:22:13.076+0000] {standard_task_runner.py:55} INFO - Started process 12305 to run task
[2022-12-05T19:22:13.093+0000] {standard_task_runner.py:82} INFO - Running: ['***', 'tasks', 'run', 'first_dag', 'hello', 'scheduled__2022-12-05T05:05:00+00:00', '--job-id', '1703', '--raw', '--subdir', 'DAGS_FOLDER/***1t.py', '--cfg-path', '/tmp/tmpffcuf8_2']
[2022-12-05T19:22:13.099+0000] {standard_task_runner.py:83} INFO - Job 1703: Subtask hello
[2022-12-05T19:22:13.360+0000] {task_command.py:376} INFO - Running <TaskInstance: first_dag.hello scheduled__2022-12-05T05:05:00+00:00 [running]> on host debdf09646d4
[2022-12-05T19:22:13.755+0000] {taskinstance.py:1592} INFO - Exporting the following env vars:
AIRFLOW_CTX_DAG_OWNER=***
AIRFLOW_CTX_DAG_ID=first_dag
AIRFLOW_CTX_TASK_ID=hello
AIRFLOW_CTX_EXECUTION_DATE=2022-12-05T05:05:00+00:00
AIRFLOW_CTX_TRY_NUMBER=1
AIRFLOW_CTX_DAG_RUN_ID=scheduled__2022-12-05T05:05:00+00:00
[2022-12-05T19:22:13.765+0000] {subprocess.py:63} INFO - Tmp dir root location: 
 /tmp
[2022-12-05T19:22:13.766+0000] {subprocess.py:75} INFO - Running command: ['/bin/bash', '-c', 'echo hello']
[2022-12-05T19:22:13.809+0000] {subprocess.py:86} INFO - Output:
[2022-12-05T19:22:13.818+0000] {subprocess.py:93} INFO - hello
[2022-12-05T19:22:13.822+0000] {subprocess.py:97} INFO - Command exited with return code 0
[2022-12-05T19:22:14.050+0000] {taskinstance.py:1406} INFO - Marking task as SUCCESS. dag_id=first_dag, task_id=hello, execution_date=20221205T050500, start_date=20221205T192212, end_date=20221205T192214
[2022-12-05T19:22:14.148+0000] {local_task_job.py:159} INFO - Task exited with return code 0
[2022-12-05T19:22:14.310+0000] {taskinstance.py:2623} INFO - 1 downstream tasks scheduled from follow-on schedule check
