[2022-12-05T19:23:00.565+0000] {taskinstance.py:1165} INFO - Dependencies all met for <TaskInstance: first_dag.broadcast_task scheduled__2022-12-05T06:25:00+00:00 [queued]>
[2022-12-05T19:23:00.584+0000] {taskinstance.py:1165} INFO - Dependencies all met for <TaskInstance: first_dag.broadcast_task scheduled__2022-12-05T06:25:00+00:00 [queued]>
[2022-12-05T19:23:00.584+0000] {taskinstance.py:1362} INFO - 
--------------------------------------------------------------------------------
[2022-12-05T19:23:00.587+0000] {taskinstance.py:1363} INFO - Starting attempt 1 of 1
[2022-12-05T19:23:00.600+0000] {taskinstance.py:1364} INFO - 
--------------------------------------------------------------------------------
[2022-12-05T19:23:00.633+0000] {taskinstance.py:1383} INFO - Executing <Task(PythonOperator): broadcast_task> on 2022-12-05 06:25:00+00:00
[2022-12-05T19:23:00.642+0000] {standard_task_runner.py:55} INFO - Started process 12868 to run task
[2022-12-05T19:23:00.650+0000] {standard_task_runner.py:82} INFO - Running: ['***', 'tasks', 'run', 'first_dag', 'broadcast_task', 'scheduled__2022-12-05T06:25:00+00:00', '--job-id', '1878', '--raw', '--subdir', 'DAGS_FOLDER/***1t.py', '--cfg-path', '/tmp/tmp4r_0m99v']
[2022-12-05T19:23:00.658+0000] {standard_task_runner.py:83} INFO - Job 1878: Subtask broadcast_task
[2022-12-05T19:23:00.843+0000] {task_command.py:376} INFO - Running <TaskInstance: first_dag.broadcast_task scheduled__2022-12-05T06:25:00+00:00 [running]> on host debdf09646d4
[2022-12-05T19:23:01.067+0000] {taskinstance.py:1592} INFO - Exporting the following env vars:
AIRFLOW_CTX_DAG_OWNER=***
AIRFLOW_CTX_DAG_ID=first_dag
AIRFLOW_CTX_TASK_ID=broadcast_task
AIRFLOW_CTX_EXECUTION_DATE=2022-12-05T06:25:00+00:00
AIRFLOW_CTX_TRY_NUMBER=1
AIRFLOW_CTX_DAG_RUN_ID=scheduled__2022-12-05T06:25:00+00:00
[2022-12-05T19:23:01.914+0000] {logging_mixin.py:137} INFO - 23
[2022-12-05T19:23:01.914+0000] {python.py:177} INFO - Done. Returned value was: None
[2022-12-05T19:23:01.934+0000] {taskinstance.py:1406} INFO - Marking task as SUCCESS. dag_id=first_dag, task_id=broadcast_task, execution_date=20221205T062500, start_date=20221205T192300, end_date=20221205T192301
[2022-12-05T19:23:02.002+0000] {local_task_job.py:159} INFO - Task exited with return code 0
[2022-12-05T19:23:02.040+0000] {taskinstance.py:2623} INFO - 1 downstream tasks scheduled from follow-on schedule check
