[2022-12-05T19:24:58.183+0000] {taskinstance.py:1165} INFO - Dependencies all met for <TaskInstance: first_dag.number_task scheduled__2022-12-05T10:35:00+00:00 [queued]>
[2022-12-05T19:24:58.217+0000] {taskinstance.py:1165} INFO - Dependencies all met for <TaskInstance: first_dag.number_task scheduled__2022-12-05T10:35:00+00:00 [queued]>
[2022-12-05T19:24:58.225+0000] {taskinstance.py:1362} INFO - 
--------------------------------------------------------------------------------
[2022-12-05T19:24:58.226+0000] {taskinstance.py:1363} INFO - Starting attempt 1 of 1
[2022-12-05T19:24:58.228+0000] {taskinstance.py:1364} INFO - 
--------------------------------------------------------------------------------
[2022-12-05T19:24:58.528+0000] {taskinstance.py:1383} INFO - Executing <Task(PythonOperator): number_task> on 2022-12-05 10:35:00+00:00
[2022-12-05T19:24:58.540+0000] {standard_task_runner.py:55} INFO - Started process 14247 to run task
[2022-12-05T19:24:58.572+0000] {standard_task_runner.py:82} INFO - Running: ['***', 'tasks', 'run', 'first_dag', 'number_task', 'scheduled__2022-12-05T10:35:00+00:00', '--job-id', '2291', '--raw', '--subdir', 'DAGS_FOLDER/***1t.py', '--cfg-path', '/tmp/tmpi600f0hv']
[2022-12-05T19:24:58.592+0000] {standard_task_runner.py:83} INFO - Job 2291: Subtask number_task
[2022-12-05T19:24:58.814+0000] {task_command.py:376} INFO - Running <TaskInstance: first_dag.number_task scheduled__2022-12-05T10:35:00+00:00 [running]> on host debdf09646d4
[2022-12-05T19:24:59.203+0000] {taskinstance.py:1592} INFO - Exporting the following env vars:
AIRFLOW_CTX_DAG_OWNER=***
AIRFLOW_CTX_DAG_ID=first_dag
AIRFLOW_CTX_TASK_ID=number_task
AIRFLOW_CTX_EXECUTION_DATE=2022-12-05T10:35:00+00:00
AIRFLOW_CTX_TRY_NUMBER=1
AIRFLOW_CTX_DAG_RUN_ID=scheduled__2022-12-05T10:35:00+00:00
[2022-12-05T19:24:59.218+0000] {logging_mixin.py:137} INFO - 95   56
[2022-12-05T19:24:59.225+0000] {logging_mixin.py:137} INFO - <_io.TextIOWrapper name='file.txt' mode='a' encoding='UTF-8'>
[2022-12-05T19:24:59.226+0000] {python.py:177} INFO - Done. Returned value was: None
[2022-12-05T19:24:59.305+0000] {taskinstance.py:1406} INFO - Marking task as SUCCESS. dag_id=first_dag, task_id=number_task, execution_date=20221205T103500, start_date=20221205T192458, end_date=20221205T192459
[2022-12-05T19:24:59.412+0000] {local_task_job.py:159} INFO - Task exited with return code 0
[2022-12-05T19:24:59.501+0000] {taskinstance.py:2623} INFO - 1 downstream tasks scheduled from follow-on schedule check
