[2022-11-28T20:11:18.542+0000] {taskinstance.py:1165} INFO - Dependencies all met for <TaskInstance: first_dag.world scheduled__2022-05-31T00:00:00+00:00 [queued]>
[2022-11-28T20:11:18.562+0000] {taskinstance.py:1165} INFO - Dependencies all met for <TaskInstance: first_dag.world scheduled__2022-05-31T00:00:00+00:00 [queued]>
[2022-11-28T20:11:18.563+0000] {taskinstance.py:1362} INFO - 
--------------------------------------------------------------------------------
[2022-11-28T20:11:18.563+0000] {taskinstance.py:1363} INFO - Starting attempt 1 of 1
[2022-11-28T20:11:18.564+0000] {taskinstance.py:1364} INFO - 
--------------------------------------------------------------------------------
[2022-11-28T20:11:18.586+0000] {taskinstance.py:1383} INFO - Executing <Task(PythonOperator): world> on 2022-05-31 00:00:00+00:00
[2022-11-28T20:11:18.592+0000] {standard_task_runner.py:55} INFO - Started process 941 to run task
[2022-11-28T20:11:18.596+0000] {standard_task_runner.py:82} INFO - Running: ['***', 'tasks', 'run', 'first_dag', 'world', 'scheduled__2022-05-31T00:00:00+00:00', '--job-id', '312', '--raw', '--subdir', 'DAGS_FOLDER/***1t.py', '--cfg-path', '/tmp/tmpjq23tiuv']
[2022-11-28T20:11:18.599+0000] {standard_task_runner.py:83} INFO - Job 312: Subtask world
[2022-11-28T20:11:18.696+0000] {task_command.py:376} INFO - Running <TaskInstance: first_dag.world scheduled__2022-05-31T00:00:00+00:00 [running]> on host 7720011b9adc
[2022-11-28T20:11:18.778+0000] {taskinstance.py:1592} INFO - Exporting the following env vars:
AIRFLOW_CTX_DAG_OWNER=***
AIRFLOW_CTX_DAG_ID=first_dag
AIRFLOW_CTX_TASK_ID=world
AIRFLOW_CTX_EXECUTION_DATE=2022-05-31T00:00:00+00:00
AIRFLOW_CTX_TRY_NUMBER=1
AIRFLOW_CTX_DAG_RUN_ID=scheduled__2022-05-31T00:00:00+00:00
[2022-11-28T20:11:18.779+0000] {logging_mixin.py:137} INFO - Airflow
[2022-11-28T20:11:18.779+0000] {python.py:177} INFO - Done. Returned value was: None
[2022-11-28T20:11:18.790+0000] {taskinstance.py:1406} INFO - Marking task as SUCCESS. dag_id=first_dag, task_id=world, execution_date=20220531T000000, start_date=20221128T201118, end_date=20221128T201118
[2022-11-28T20:11:18.813+0000] {local_task_job.py:159} INFO - Task exited with return code 0
[2022-11-28T20:11:18.828+0000] {taskinstance.py:2623} INFO - 0 downstream tasks scheduled from follow-on schedule check
