[2022-12-05T19:23:26.783+0000] {taskinstance.py:1165} INFO - Dependencies all met for <TaskInstance: first_dag.number_task scheduled__2022-12-05T06:40:00+00:00 [queued]>
[2022-12-05T19:23:26.810+0000] {taskinstance.py:1165} INFO - Dependencies all met for <TaskInstance: first_dag.number_task scheduled__2022-12-05T06:40:00+00:00 [queued]>
[2022-12-05T19:23:26.815+0000] {taskinstance.py:1362} INFO - 
--------------------------------------------------------------------------------
[2022-12-05T19:23:26.826+0000] {taskinstance.py:1363} INFO - Starting attempt 1 of 1
[2022-12-05T19:23:26.827+0000] {taskinstance.py:1364} INFO - 
--------------------------------------------------------------------------------
[2022-12-05T19:23:26.868+0000] {taskinstance.py:1383} INFO - Executing <Task(PythonOperator): number_task> on 2022-12-05 06:40:00+00:00
[2022-12-05T19:23:26.880+0000] {standard_task_runner.py:55} INFO - Started process 13194 to run task
[2022-12-05T19:23:26.894+0000] {standard_task_runner.py:82} INFO - Running: ['***', 'tasks', 'run', 'first_dag', 'number_task', 'scheduled__2022-12-05T06:40:00+00:00', '--job-id', '1977', '--raw', '--subdir', 'DAGS_FOLDER/***1t.py', '--cfg-path', '/tmp/tmpdkowan84']
[2022-12-05T19:23:26.899+0000] {standard_task_runner.py:83} INFO - Job 1977: Subtask number_task
[2022-12-05T19:23:27.154+0000] {task_command.py:376} INFO - Running <TaskInstance: first_dag.number_task scheduled__2022-12-05T06:40:00+00:00 [running]> on host debdf09646d4
[2022-12-05T19:23:27.496+0000] {taskinstance.py:1592} INFO - Exporting the following env vars:
AIRFLOW_CTX_DAG_OWNER=***
AIRFLOW_CTX_DAG_ID=first_dag
AIRFLOW_CTX_TASK_ID=number_task
AIRFLOW_CTX_EXECUTION_DATE=2022-12-05T06:40:00+00:00
AIRFLOW_CTX_TRY_NUMBER=1
AIRFLOW_CTX_DAG_RUN_ID=scheduled__2022-12-05T06:40:00+00:00
[2022-12-05T19:23:27.499+0000] {logging_mixin.py:137} INFO - 79   98
[2022-12-05T19:23:27.499+0000] {logging_mixin.py:137} INFO - <_io.TextIOWrapper name='file.txt' mode='a' encoding='UTF-8'>
[2022-12-05T19:23:27.501+0000] {python.py:177} INFO - Done. Returned value was: None
[2022-12-05T19:23:27.567+0000] {taskinstance.py:1406} INFO - Marking task as SUCCESS. dag_id=first_dag, task_id=number_task, execution_date=20221205T064000, start_date=20221205T192326, end_date=20221205T192327
[2022-12-05T19:23:27.642+0000] {local_task_job.py:159} INFO - Task exited with return code 0
[2022-12-05T19:23:27.857+0000] {taskinstance.py:2623} INFO - 1 downstream tasks scheduled from follow-on schedule check
