[2022-11-29T17:24:50.334+0000] {taskinstance.py:1165} INFO - Dependencies all met for <TaskInstance: first_dag.hello scheduled__2022-11-28T00:00:00+00:00 [queued]>
[2022-11-29T17:24:50.345+0000] {taskinstance.py:1165} INFO - Dependencies all met for <TaskInstance: first_dag.hello scheduled__2022-11-28T00:00:00+00:00 [queued]>
[2022-11-29T17:24:50.345+0000] {taskinstance.py:1362} INFO - 
--------------------------------------------------------------------------------
[2022-11-29T17:24:50.346+0000] {taskinstance.py:1363} INFO - Starting attempt 1 of 1
[2022-11-29T17:24:50.351+0000] {taskinstance.py:1364} INFO - 
--------------------------------------------------------------------------------
[2022-11-29T17:24:50.373+0000] {taskinstance.py:1383} INFO - Executing <Task(BashOperator): hello> on 2022-11-28 00:00:00+00:00
[2022-11-29T17:24:50.378+0000] {standard_task_runner.py:55} INFO - Started process 129 to run task
[2022-11-29T17:24:50.382+0000] {standard_task_runner.py:82} INFO - Running: ['***', 'tasks', 'run', 'first_dag', 'hello', 'scheduled__2022-11-28T00:00:00+00:00', '--job-id', '681', '--raw', '--subdir', 'DAGS_FOLDER/***1t.py', '--cfg-path', '/tmp/tmpuyx4pmjn']
[2022-11-29T17:24:50.383+0000] {standard_task_runner.py:83} INFO - Job 681: Subtask hello
[2022-11-29T17:24:50.466+0000] {task_command.py:376} INFO - Running <TaskInstance: first_dag.hello scheduled__2022-11-28T00:00:00+00:00 [running]> on host ff963c60c07d
[2022-11-29T17:24:50.575+0000] {taskinstance.py:1592} INFO - Exporting the following env vars:
AIRFLOW_CTX_DAG_OWNER=***
AIRFLOW_CTX_DAG_ID=first_dag
AIRFLOW_CTX_TASK_ID=hello
AIRFLOW_CTX_EXECUTION_DATE=2022-11-28T00:00:00+00:00
AIRFLOW_CTX_TRY_NUMBER=1
AIRFLOW_CTX_DAG_RUN_ID=scheduled__2022-11-28T00:00:00+00:00
[2022-11-29T17:24:50.576+0000] {subprocess.py:63} INFO - Tmp dir root location: 
 /tmp
[2022-11-29T17:24:50.577+0000] {subprocess.py:75} INFO - Running command: ['/bin/bash', '-c', 'echo hello']
[2022-11-29T17:24:50.585+0000] {subprocess.py:86} INFO - Output:
[2022-11-29T17:24:50.586+0000] {subprocess.py:93} INFO - hello
[2022-11-29T17:24:50.587+0000] {subprocess.py:97} INFO - Command exited with return code 0
[2022-11-29T17:24:50.615+0000] {taskinstance.py:1406} INFO - Marking task as SUCCESS. dag_id=first_dag, task_id=hello, execution_date=20221128T000000, start_date=20221129T172450, end_date=20221129T172450
[2022-11-29T17:24:50.674+0000] {local_task_job.py:159} INFO - Task exited with return code 0
[2022-11-29T17:24:50.694+0000] {taskinstance.py:2623} INFO - 0 downstream tasks scheduled from follow-on schedule check
