[2022-12-05T16:56:07.305+0000] {taskinstance.py:1165} INFO - Dependencies all met for <TaskInstance: first_dag.pull_task manual__2022-12-05T16:56:02.822890+00:00 [queued]>
[2022-12-05T16:56:07.316+0000] {taskinstance.py:1165} INFO - Dependencies all met for <TaskInstance: first_dag.pull_task manual__2022-12-05T16:56:02.822890+00:00 [queued]>
[2022-12-05T16:56:07.316+0000] {taskinstance.py:1362} INFO - 
--------------------------------------------------------------------------------
[2022-12-05T16:56:07.317+0000] {taskinstance.py:1363} INFO - Starting attempt 1 of 1
[2022-12-05T16:56:07.317+0000] {taskinstance.py:1364} INFO - 
--------------------------------------------------------------------------------
[2022-12-05T16:56:07.335+0000] {taskinstance.py:1383} INFO - Executing <Task(PythonOperator): pull_task> on 2022-12-05 16:56:02.822890+00:00
[2022-12-05T16:56:07.340+0000] {standard_task_runner.py:55} INFO - Started process 3294 to run task
[2022-12-05T16:56:07.343+0000] {standard_task_runner.py:82} INFO - Running: ['***', 'tasks', 'run', 'first_dag', 'pull_task', 'manual__2022-12-05T16:56:02.822890+00:00', '--job-id', '1034', '--raw', '--subdir', 'DAGS_FOLDER/***1t.py', '--cfg-path', '/tmp/tmplg1ar6gy']
[2022-12-05T16:56:07.345+0000] {standard_task_runner.py:83} INFO - Job 1034: Subtask pull_task
[2022-12-05T16:56:07.411+0000] {task_command.py:376} INFO - Running <TaskInstance: first_dag.pull_task manual__2022-12-05T16:56:02.822890+00:00 [running]> on host debdf09646d4
[2022-12-05T16:56:07.489+0000] {taskinstance.py:1592} INFO - Exporting the following env vars:
AIRFLOW_CTX_DAG_OWNER=***
AIRFLOW_CTX_DAG_ID=first_dag
AIRFLOW_CTX_TASK_ID=pull_task
AIRFLOW_CTX_EXECUTION_DATE=2022-12-05T16:56:02.822890+00:00
AIRFLOW_CTX_TRY_NUMBER=1
AIRFLOW_CTX_DAG_RUN_ID=manual__2022-12-05T16:56:02.822890+00:00
[2022-12-05T16:56:08.320+0000] {logging_mixin.py:137} INFO - 23
[2022-12-05T16:56:08.320+0000] {python.py:177} INFO - Done. Returned value was: None
[2022-12-05T16:56:08.328+0000] {taskinstance.py:1406} INFO - Marking task as SUCCESS. dag_id=first_dag, task_id=pull_task, execution_date=20221205T165602, start_date=20221205T165607, end_date=20221205T165608
[2022-12-05T16:56:08.359+0000] {local_task_job.py:159} INFO - Task exited with return code 0
[2022-12-05T16:56:08.387+0000] {taskinstance.py:2623} INFO - 1 downstream tasks scheduled from follow-on schedule check
