[2022-12-05T18:06:02.490+0000] {taskinstance.py:1165} INFO - Dependencies all met for <TaskInstance: first_dag.file_path manual__2022-12-05T18:05:58.761368+00:00 [queued]>
[2022-12-05T18:06:02.501+0000] {taskinstance.py:1165} INFO - Dependencies all met for <TaskInstance: first_dag.file_path manual__2022-12-05T18:05:58.761368+00:00 [queued]>
[2022-12-05T18:06:02.502+0000] {taskinstance.py:1362} INFO - 
--------------------------------------------------------------------------------
[2022-12-05T18:06:02.503+0000] {taskinstance.py:1363} INFO - Starting attempt 1 of 1
[2022-12-05T18:06:02.503+0000] {taskinstance.py:1364} INFO - 
--------------------------------------------------------------------------------
[2022-12-05T18:06:02.520+0000] {taskinstance.py:1383} INFO - Executing <Task(PythonOperator): file_path> on 2022-12-05 18:05:58.761368+00:00
[2022-12-05T18:06:02.525+0000] {standard_task_runner.py:55} INFO - Started process 6817 to run task
[2022-12-05T18:06:02.529+0000] {standard_task_runner.py:82} INFO - Running: ['***', 'tasks', 'run', 'first_dag', 'file_path', 'manual__2022-12-05T18:05:58.761368+00:00', '--job-id', '1108', '--raw', '--subdir', 'DAGS_FOLDER/***1t.py', '--cfg-path', '/tmp/tmp_2xvuwzo']
[2022-12-05T18:06:02.531+0000] {standard_task_runner.py:83} INFO - Job 1108: Subtask file_path
[2022-12-05T18:06:02.593+0000] {task_command.py:376} INFO - Running <TaskInstance: first_dag.file_path manual__2022-12-05T18:05:58.761368+00:00 [running]> on host debdf09646d4
[2022-12-05T18:06:02.720+0000] {taskinstance.py:1592} INFO - Exporting the following env vars:
AIRFLOW_CTX_DAG_OWNER=***
AIRFLOW_CTX_DAG_ID=first_dag
AIRFLOW_CTX_TASK_ID=file_path
AIRFLOW_CTX_EXECUTION_DATE=2022-12-05T18:05:58.761368+00:00
AIRFLOW_CTX_TRY_NUMBER=1
AIRFLOW_CTX_DAG_RUN_ID=manual__2022-12-05T18:05:58.761368+00:00
[2022-12-05T18:06:02.728+0000] {logging_mixin.py:137} INFO - our value:  https://people.sc.fsu.edu/~jburkardt/data/csv/ford_escort.csv
[2022-12-05T18:06:02.729+0000] {python.py:177} INFO - Done. Returned value was: None
[2022-12-05T18:06:02.739+0000] {taskinstance.py:1406} INFO - Marking task as SUCCESS. dag_id=first_dag, task_id=file_path, execution_date=20221205T180558, start_date=20221205T180602, end_date=20221205T180602
[2022-12-05T18:06:02.780+0000] {local_task_job.py:159} INFO - Task exited with return code 0
[2022-12-05T18:06:02.810+0000] {taskinstance.py:2623} INFO - 1 downstream tasks scheduled from follow-on schedule check
