[2022-12-05T19:21:08.373+0000] {taskinstance.py:1165} INFO - Dependencies all met for <TaskInstance: first_dag.world scheduled__2022-12-05T01:55:00+00:00 [queued]>
[2022-12-05T19:21:08.390+0000] {taskinstance.py:1165} INFO - Dependencies all met for <TaskInstance: first_dag.world scheduled__2022-12-05T01:55:00+00:00 [queued]>
[2022-12-05T19:21:08.397+0000] {taskinstance.py:1362} INFO - 
--------------------------------------------------------------------------------
[2022-12-05T19:21:08.402+0000] {taskinstance.py:1363} INFO - Starting attempt 1 of 1
[2022-12-05T19:21:08.407+0000] {taskinstance.py:1364} INFO - 
--------------------------------------------------------------------------------
[2022-12-05T19:21:08.484+0000] {taskinstance.py:1383} INFO - Executing <Task(PythonOperator): world> on 2022-12-05 01:55:00+00:00
[2022-12-05T19:21:08.499+0000] {standard_task_runner.py:55} INFO - Started process 11574 to run task
[2022-12-05T19:21:08.522+0000] {standard_task_runner.py:82} INFO - Running: ['***', 'tasks', 'run', 'first_dag', 'world', 'scheduled__2022-12-05T01:55:00+00:00', '--job-id', '1485', '--raw', '--subdir', 'DAGS_FOLDER/***1t.py', '--cfg-path', '/tmp/tmpuy2v_8y3']
[2022-12-05T19:21:08.535+0000] {standard_task_runner.py:83} INFO - Job 1485: Subtask world
[2022-12-05T19:21:08.683+0000] {task_command.py:376} INFO - Running <TaskInstance: first_dag.world scheduled__2022-12-05T01:55:00+00:00 [running]> on host debdf09646d4
[2022-12-05T19:21:08.923+0000] {taskinstance.py:1592} INFO - Exporting the following env vars:
AIRFLOW_CTX_DAG_OWNER=***
AIRFLOW_CTX_DAG_ID=first_dag
AIRFLOW_CTX_TASK_ID=world
AIRFLOW_CTX_EXECUTION_DATE=2022-12-05T01:55:00+00:00
AIRFLOW_CTX_TRY_NUMBER=1
AIRFLOW_CTX_DAG_RUN_ID=scheduled__2022-12-05T01:55:00+00:00
[2022-12-05T19:21:08.925+0000] {logging_mixin.py:137} INFO - Hello!
[2022-12-05T19:21:08.925+0000] {python.py:177} INFO - Done. Returned value was: None
[2022-12-05T19:21:08.961+0000] {taskinstance.py:1406} INFO - Marking task as SUCCESS. dag_id=first_dag, task_id=world, execution_date=20221205T015500, start_date=20221205T192108, end_date=20221205T192108
[2022-12-05T19:21:09.057+0000] {local_task_job.py:159} INFO - Task exited with return code 0
[2022-12-05T19:21:09.153+0000] {taskinstance.py:2623} INFO - 1 downstream tasks scheduled from follow-on schedule check
