[2022-12-05T19:12:50.479+0000] {taskinstance.py:1165} INFO - Dependencies all met for <TaskInstance: first_dag.world manual__2022-12-05T19:12:48.009415+00:00 [queued]>
[2022-12-05T19:12:50.489+0000] {taskinstance.py:1165} INFO - Dependencies all met for <TaskInstance: first_dag.world manual__2022-12-05T19:12:48.009415+00:00 [queued]>
[2022-12-05T19:12:50.490+0000] {taskinstance.py:1362} INFO - 
--------------------------------------------------------------------------------
[2022-12-05T19:12:50.490+0000] {taskinstance.py:1363} INFO - Starting attempt 1 of 1
[2022-12-05T19:12:50.491+0000] {taskinstance.py:1364} INFO - 
--------------------------------------------------------------------------------
[2022-12-05T19:12:50.507+0000] {taskinstance.py:1383} INFO - Executing <Task(PythonOperator): world> on 2022-12-05 19:12:48.009415+00:00
[2022-12-05T19:12:50.512+0000] {standard_task_runner.py:55} INFO - Started process 10589 to run task
[2022-12-05T19:12:50.515+0000] {standard_task_runner.py:82} INFO - Running: ['***', 'tasks', 'run', 'first_dag', 'world', 'manual__2022-12-05T19:12:48.009415+00:00', '--job-id', '1304', '--raw', '--subdir', 'DAGS_FOLDER/***1t.py', '--cfg-path', '/tmp/tmp0r1brq5o']
[2022-12-05T19:12:50.517+0000] {standard_task_runner.py:83} INFO - Job 1304: Subtask world
[2022-12-05T19:12:50.580+0000] {task_command.py:376} INFO - Running <TaskInstance: first_dag.world manual__2022-12-05T19:12:48.009415+00:00 [running]> on host debdf09646d4
[2022-12-05T19:12:50.652+0000] {taskinstance.py:1592} INFO - Exporting the following env vars:
AIRFLOW_CTX_DAG_OWNER=***
AIRFLOW_CTX_DAG_ID=first_dag
AIRFLOW_CTX_TASK_ID=world
AIRFLOW_CTX_EXECUTION_DATE=2022-12-05T19:12:48.009415+00:00
AIRFLOW_CTX_TRY_NUMBER=1
AIRFLOW_CTX_DAG_RUN_ID=manual__2022-12-05T19:12:48.009415+00:00
[2022-12-05T19:12:50.654+0000] {logging_mixin.py:137} INFO - Hello!
[2022-12-05T19:12:50.654+0000] {python.py:177} INFO - Done. Returned value was: None
[2022-12-05T19:12:50.662+0000] {taskinstance.py:1406} INFO - Marking task as SUCCESS. dag_id=first_dag, task_id=world, execution_date=20221205T191248, start_date=20221205T191250, end_date=20221205T191250
[2022-12-05T19:12:50.687+0000] {local_task_job.py:159} INFO - Task exited with return code 0
[2022-12-05T19:12:50.714+0000] {taskinstance.py:2623} INFO - 1 downstream tasks scheduled from follow-on schedule check
