[2022-12-05T19:24:30.058+0000] {taskinstance.py:1165} INFO - Dependencies all met for <TaskInstance: first_dag.number_task scheduled__2022-12-05T09:50:00+00:00 [queued]>
[2022-12-05T19:24:30.080+0000] {taskinstance.py:1165} INFO - Dependencies all met for <TaskInstance: first_dag.number_task scheduled__2022-12-05T09:50:00+00:00 [queued]>
[2022-12-05T19:24:30.082+0000] {taskinstance.py:1362} INFO - 
--------------------------------------------------------------------------------
[2022-12-05T19:24:30.083+0000] {taskinstance.py:1363} INFO - Starting attempt 1 of 1
[2022-12-05T19:24:30.084+0000] {taskinstance.py:1364} INFO - 
--------------------------------------------------------------------------------
[2022-12-05T19:24:30.313+0000] {taskinstance.py:1383} INFO - Executing <Task(PythonOperator): number_task> on 2022-12-05 09:50:00+00:00
[2022-12-05T19:24:30.323+0000] {standard_task_runner.py:55} INFO - Started process 13939 to run task
[2022-12-05T19:24:30.353+0000] {standard_task_runner.py:82} INFO - Running: ['***', 'tasks', 'run', 'first_dag', 'number_task', 'scheduled__2022-12-05T09:50:00+00:00', '--job-id', '2201', '--raw', '--subdir', 'DAGS_FOLDER/***1t.py', '--cfg-path', '/tmp/tmpndzx68xz']
[2022-12-05T19:24:30.356+0000] {standard_task_runner.py:83} INFO - Job 2201: Subtask number_task
[2022-12-05T19:24:30.506+0000] {task_command.py:376} INFO - Running <TaskInstance: first_dag.number_task scheduled__2022-12-05T09:50:00+00:00 [running]> on host debdf09646d4
[2022-12-05T19:24:30.706+0000] {taskinstance.py:1592} INFO - Exporting the following env vars:
AIRFLOW_CTX_DAG_OWNER=***
AIRFLOW_CTX_DAG_ID=first_dag
AIRFLOW_CTX_TASK_ID=number_task
AIRFLOW_CTX_EXECUTION_DATE=2022-12-05T09:50:00+00:00
AIRFLOW_CTX_TRY_NUMBER=1
AIRFLOW_CTX_DAG_RUN_ID=scheduled__2022-12-05T09:50:00+00:00
[2022-12-05T19:24:30.708+0000] {logging_mixin.py:137} INFO - 3   121
[2022-12-05T19:24:30.709+0000] {logging_mixin.py:137} INFO - <_io.TextIOWrapper name='file.txt' mode='a' encoding='UTF-8'>
[2022-12-05T19:24:30.711+0000] {python.py:177} INFO - Done. Returned value was: None
[2022-12-05T19:24:30.772+0000] {taskinstance.py:1406} INFO - Marking task as SUCCESS. dag_id=first_dag, task_id=number_task, execution_date=20221205T095000, start_date=20221205T192430, end_date=20221205T192430
[2022-12-05T19:24:30.842+0000] {local_task_job.py:159} INFO - Task exited with return code 0
[2022-12-05T19:24:30.875+0000] {taskinstance.py:2623} INFO - 1 downstream tasks scheduled from follow-on schedule check
