[2022-12-01T16:51:53.361+0000] {taskinstance.py:1165} INFO - Dependencies all met for <TaskInstance: first_dag.world manual__2022-12-01T16:51:51.270277+00:00 [queued]>
[2022-12-01T16:51:53.372+0000] {taskinstance.py:1165} INFO - Dependencies all met for <TaskInstance: first_dag.world manual__2022-12-01T16:51:51.270277+00:00 [queued]>
[2022-12-01T16:51:53.372+0000] {taskinstance.py:1362} INFO - 
--------------------------------------------------------------------------------
[2022-12-01T16:51:53.373+0000] {taskinstance.py:1363} INFO - Starting attempt 1 of 1
[2022-12-01T16:51:53.373+0000] {taskinstance.py:1364} INFO - 
--------------------------------------------------------------------------------
[2022-12-01T16:51:53.387+0000] {taskinstance.py:1383} INFO - Executing <Task(PythonOperator): world> on 2022-12-01 16:51:51.270277+00:00
[2022-12-01T16:51:53.392+0000] {standard_task_runner.py:55} INFO - Started process 2056 to run task
[2022-12-01T16:51:53.395+0000] {standard_task_runner.py:82} INFO - Running: ['***', 'tasks', 'run', 'first_dag', 'world', 'manual__2022-12-01T16:51:51.270277+00:00', '--job-id', '856', '--raw', '--subdir', 'DAGS_FOLDER/***1t.py', '--cfg-path', '/tmp/tmpgy31_lg6']
[2022-12-01T16:51:53.397+0000] {standard_task_runner.py:83} INFO - Job 856: Subtask world
[2022-12-01T16:51:53.457+0000] {task_command.py:376} INFO - Running <TaskInstance: first_dag.world manual__2022-12-01T16:51:51.270277+00:00 [running]> on host debdf09646d4
[2022-12-01T16:51:53.523+0000] {taskinstance.py:1592} INFO - Exporting the following env vars:
AIRFLOW_CTX_DAG_OWNER=***
AIRFLOW_CTX_DAG_ID=first_dag
AIRFLOW_CTX_TASK_ID=world
AIRFLOW_CTX_EXECUTION_DATE=2022-12-01T16:51:51.270277+00:00
AIRFLOW_CTX_TRY_NUMBER=1
AIRFLOW_CTX_DAG_RUN_ID=manual__2022-12-01T16:51:51.270277+00:00
[2022-12-01T16:51:53.524+0000] {logging_mixin.py:137} INFO - Hello!
[2022-12-01T16:51:53.525+0000] {python.py:177} INFO - Done. Returned value was: None
[2022-12-01T16:51:53.533+0000] {taskinstance.py:1406} INFO - Marking task as SUCCESS. dag_id=first_dag, task_id=world, execution_date=20221201T165151, start_date=20221201T165153, end_date=20221201T165153
[2022-12-01T16:51:53.567+0000] {local_task_job.py:159} INFO - Task exited with return code 0
[2022-12-01T16:51:53.593+0000] {taskinstance.py:2623} INFO - 1 downstream tasks scheduled from follow-on schedule check
