[2022-12-05T19:25:47.186+0000] {taskinstance.py:1165} INFO - Dependencies all met for <TaskInstance: first_dag.hello scheduled__2022-12-05T13:15:00+00:00 [queued]>
[2022-12-05T19:25:47.200+0000] {taskinstance.py:1165} INFO - Dependencies all met for <TaskInstance: first_dag.hello scheduled__2022-12-05T13:15:00+00:00 [queued]>
[2022-12-05T19:25:47.200+0000] {taskinstance.py:1362} INFO - 
--------------------------------------------------------------------------------
[2022-12-05T19:25:47.201+0000] {taskinstance.py:1363} INFO - Starting attempt 1 of 1
[2022-12-05T19:25:47.201+0000] {taskinstance.py:1364} INFO - 
--------------------------------------------------------------------------------
[2022-12-05T19:25:47.295+0000] {taskinstance.py:1383} INFO - Executing <Task(BashOperator): hello> on 2022-12-05 13:15:00+00:00
[2022-12-05T19:25:47.302+0000] {standard_task_runner.py:55} INFO - Started process 14756 to run task
[2022-12-05T19:25:47.309+0000] {standard_task_runner.py:82} INFO - Running: ['***', 'tasks', 'run', 'first_dag', 'hello', 'scheduled__2022-12-05T13:15:00+00:00', '--job-id', '2445', '--raw', '--subdir', 'DAGS_FOLDER/***1t.py', '--cfg-path', '/tmp/tmp8bsrphu9']
[2022-12-05T19:25:47.312+0000] {standard_task_runner.py:83} INFO - Job 2445: Subtask hello
[2022-12-05T19:25:47.445+0000] {task_command.py:376} INFO - Running <TaskInstance: first_dag.hello scheduled__2022-12-05T13:15:00+00:00 [running]> on host debdf09646d4
[2022-12-05T19:25:47.555+0000] {taskinstance.py:1592} INFO - Exporting the following env vars:
AIRFLOW_CTX_DAG_OWNER=***
AIRFLOW_CTX_DAG_ID=first_dag
AIRFLOW_CTX_TASK_ID=hello
AIRFLOW_CTX_EXECUTION_DATE=2022-12-05T13:15:00+00:00
AIRFLOW_CTX_TRY_NUMBER=1
AIRFLOW_CTX_DAG_RUN_ID=scheduled__2022-12-05T13:15:00+00:00
[2022-12-05T19:25:47.557+0000] {subprocess.py:63} INFO - Tmp dir root location: 
 /tmp
[2022-12-05T19:25:47.558+0000] {subprocess.py:75} INFO - Running command: ['/bin/bash', '-c', 'echo hello']
[2022-12-05T19:25:47.573+0000] {subprocess.py:86} INFO - Output:
[2022-12-05T19:25:47.575+0000] {subprocess.py:93} INFO - hello
[2022-12-05T19:25:47.576+0000] {subprocess.py:97} INFO - Command exited with return code 0
[2022-12-05T19:25:47.610+0000] {taskinstance.py:1406} INFO - Marking task as SUCCESS. dag_id=first_dag, task_id=hello, execution_date=20221205T131500, start_date=20221205T192547, end_date=20221205T192547
[2022-12-05T19:25:47.644+0000] {local_task_job.py:159} INFO - Task exited with return code 0
[2022-12-05T19:25:47.698+0000] {taskinstance.py:2623} INFO - 1 downstream tasks scheduled from follow-on schedule check
