[2022-12-05T19:26:53.044+0000] {taskinstance.py:1165} INFO - Dependencies all met for <TaskInstance: first_dag.hello scheduled__2022-12-05T16:45:00+00:00 [queued]>
[2022-12-05T19:26:53.079+0000] {taskinstance.py:1165} INFO - Dependencies all met for <TaskInstance: first_dag.hello scheduled__2022-12-05T16:45:00+00:00 [queued]>
[2022-12-05T19:26:53.080+0000] {taskinstance.py:1362} INFO - 
--------------------------------------------------------------------------------
[2022-12-05T19:26:53.080+0000] {taskinstance.py:1363} INFO - Starting attempt 1 of 1
[2022-12-05T19:26:53.080+0000] {taskinstance.py:1364} INFO - 
--------------------------------------------------------------------------------
[2022-12-05T19:26:53.129+0000] {taskinstance.py:1383} INFO - Executing <Task(BashOperator): hello> on 2022-12-05 16:45:00+00:00
[2022-12-05T19:26:53.136+0000] {standard_task_runner.py:55} INFO - Started process 15607 to run task
[2022-12-05T19:26:53.152+0000] {standard_task_runner.py:82} INFO - Running: ['***', 'tasks', 'run', 'first_dag', 'hello', 'scheduled__2022-12-05T16:45:00+00:00', '--job-id', '2696', '--raw', '--subdir', 'DAGS_FOLDER/***1t.py', '--cfg-path', '/tmp/tmp6sjnnwjy']
[2022-12-05T19:26:53.165+0000] {standard_task_runner.py:83} INFO - Job 2696: Subtask hello
[2022-12-05T19:26:53.399+0000] {task_command.py:376} INFO - Running <TaskInstance: first_dag.hello scheduled__2022-12-05T16:45:00+00:00 [running]> on host debdf09646d4
[2022-12-05T19:26:53.648+0000] {taskinstance.py:1592} INFO - Exporting the following env vars:
AIRFLOW_CTX_DAG_OWNER=***
AIRFLOW_CTX_DAG_ID=first_dag
AIRFLOW_CTX_TASK_ID=hello
AIRFLOW_CTX_EXECUTION_DATE=2022-12-05T16:45:00+00:00
AIRFLOW_CTX_TRY_NUMBER=1
AIRFLOW_CTX_DAG_RUN_ID=scheduled__2022-12-05T16:45:00+00:00
[2022-12-05T19:26:53.650+0000] {subprocess.py:63} INFO - Tmp dir root location: 
 /tmp
[2022-12-05T19:26:53.651+0000] {subprocess.py:75} INFO - Running command: ['/bin/bash', '-c', 'echo hello']
[2022-12-05T19:26:53.716+0000] {subprocess.py:86} INFO - Output:
[2022-12-05T19:26:53.718+0000] {subprocess.py:93} INFO - hello
[2022-12-05T19:26:53.719+0000] {subprocess.py:97} INFO - Command exited with return code 0
[2022-12-05T19:26:53.841+0000] {taskinstance.py:1406} INFO - Marking task as SUCCESS. dag_id=first_dag, task_id=hello, execution_date=20221205T164500, start_date=20221205T192653, end_date=20221205T192653
[2022-12-05T19:26:53.924+0000] {local_task_job.py:159} INFO - Task exited with return code 0
[2022-12-05T19:26:54.026+0000] {taskinstance.py:2623} INFO - 1 downstream tasks scheduled from follow-on schedule check
