[2022-11-28T20:10:43.635+0000] {taskinstance.py:1165} INFO - Dependencies all met for <TaskInstance: first_dag.hello scheduled__2022-04-11T00:00:00+00:00 [queued]>
[2022-11-28T20:10:43.649+0000] {taskinstance.py:1165} INFO - Dependencies all met for <TaskInstance: first_dag.hello scheduled__2022-04-11T00:00:00+00:00 [queued]>
[2022-11-28T20:10:43.649+0000] {taskinstance.py:1362} INFO - 
--------------------------------------------------------------------------------
[2022-11-28T20:10:43.649+0000] {taskinstance.py:1363} INFO - Starting attempt 1 of 1
[2022-11-28T20:10:43.650+0000] {taskinstance.py:1364} INFO - 
--------------------------------------------------------------------------------
[2022-11-28T20:10:43.671+0000] {taskinstance.py:1383} INFO - Executing <Task(BashOperator): hello> on 2022-04-11 00:00:00+00:00
[2022-11-28T20:10:43.675+0000] {standard_task_runner.py:55} INFO - Started process 663 to run task
[2022-11-28T20:10:43.679+0000] {standard_task_runner.py:82} INFO - Running: ['***', 'tasks', 'run', 'first_dag', 'hello', 'scheduled__2022-04-11T00:00:00+00:00', '--job-id', '211', '--raw', '--subdir', 'DAGS_FOLDER/***1t.py', '--cfg-path', '/tmp/tmpde7nbpd8']
[2022-11-28T20:10:43.680+0000] {standard_task_runner.py:83} INFO - Job 211: Subtask hello
[2022-11-28T20:10:43.797+0000] {task_command.py:376} INFO - Running <TaskInstance: first_dag.hello scheduled__2022-04-11T00:00:00+00:00 [running]> on host 7720011b9adc
[2022-11-28T20:10:43.981+0000] {taskinstance.py:1592} INFO - Exporting the following env vars:
AIRFLOW_CTX_DAG_OWNER=***
AIRFLOW_CTX_DAG_ID=first_dag
AIRFLOW_CTX_TASK_ID=hello
AIRFLOW_CTX_EXECUTION_DATE=2022-04-11T00:00:00+00:00
AIRFLOW_CTX_TRY_NUMBER=1
AIRFLOW_CTX_DAG_RUN_ID=scheduled__2022-04-11T00:00:00+00:00
[2022-11-28T20:10:43.984+0000] {subprocess.py:63} INFO - Tmp dir root location: 
 /tmp
[2022-11-28T20:10:43.985+0000] {subprocess.py:75} INFO - Running command: ['/bin/bash', '-c', 'echo hello']
[2022-11-28T20:10:44.002+0000] {subprocess.py:86} INFO - Output:
[2022-11-28T20:10:44.005+0000] {subprocess.py:93} INFO - hello
[2022-11-28T20:10:44.006+0000] {subprocess.py:97} INFO - Command exited with return code 0
[2022-11-28T20:10:44.070+0000] {taskinstance.py:1406} INFO - Marking task as SUCCESS. dag_id=first_dag, task_id=hello, execution_date=20220411T000000, start_date=20221128T201043, end_date=20221128T201044
[2022-11-28T20:10:44.144+0000] {local_task_job.py:159} INFO - Task exited with return code 0
[2022-11-28T20:10:44.189+0000] {taskinstance.py:2623} INFO - 1 downstream tasks scheduled from follow-on schedule check
