[2022-11-30T20:35:36.208+0000] {taskinstance.py:1165} INFO - Dependencies all met for <TaskInstance: first_dag.world manual__2022-11-30T20:35:34.233455+00:00 [queued]>
[2022-11-30T20:35:36.218+0000] {taskinstance.py:1165} INFO - Dependencies all met for <TaskInstance: first_dag.world manual__2022-11-30T20:35:34.233455+00:00 [queued]>
[2022-11-30T20:35:36.219+0000] {taskinstance.py:1362} INFO - 
--------------------------------------------------------------------------------
[2022-11-30T20:35:36.219+0000] {taskinstance.py:1363} INFO - Starting attempt 1 of 1
[2022-11-30T20:35:36.220+0000] {taskinstance.py:1364} INFO - 
--------------------------------------------------------------------------------
[2022-11-30T20:35:36.235+0000] {taskinstance.py:1383} INFO - Executing <Task(PythonOperator): world> on 2022-11-30 20:35:34.233455+00:00
[2022-11-30T20:35:36.240+0000] {standard_task_runner.py:55} INFO - Started process 12298 to run task
[2022-11-30T20:35:36.243+0000] {standard_task_runner.py:82} INFO - Running: ['***', 'tasks', 'run', 'first_dag', 'world', 'manual__2022-11-30T20:35:34.233455+00:00', '--job-id', '815', '--raw', '--subdir', 'DAGS_FOLDER/***1t.py', '--cfg-path', '/tmp/tmpcon73avh']
[2022-11-30T20:35:36.245+0000] {standard_task_runner.py:83} INFO - Job 815: Subtask world
[2022-11-30T20:35:36.308+0000] {task_command.py:376} INFO - Running <TaskInstance: first_dag.world manual__2022-11-30T20:35:34.233455+00:00 [running]> on host debdf09646d4
[2022-11-30T20:35:36.378+0000] {taskinstance.py:1592} INFO - Exporting the following env vars:
AIRFLOW_CTX_DAG_OWNER=***
AIRFLOW_CTX_DAG_ID=first_dag
AIRFLOW_CTX_TASK_ID=world
AIRFLOW_CTX_EXECUTION_DATE=2022-11-30T20:35:34.233455+00:00
AIRFLOW_CTX_TRY_NUMBER=1
AIRFLOW_CTX_DAG_RUN_ID=manual__2022-11-30T20:35:34.233455+00:00
[2022-11-30T20:35:36.379+0000] {logging_mixin.py:137} INFO - Hello!
[2022-11-30T20:35:36.380+0000] {python.py:177} INFO - Done. Returned value was: None
[2022-11-30T20:35:36.388+0000] {taskinstance.py:1406} INFO - Marking task as SUCCESS. dag_id=first_dag, task_id=world, execution_date=20221130T203534, start_date=20221130T203536, end_date=20221130T203536
[2022-11-30T20:35:36.416+0000] {local_task_job.py:159} INFO - Task exited with return code 0
[2022-11-30T20:35:36.437+0000] {taskinstance.py:2623} INFO - 1 downstream tasks scheduled from follow-on schedule check
