[2022-11-30T20:13:28.526+0000] {taskinstance.py:1165} INFO - Dependencies all met for <TaskInstance: first_dag.hello manual__2022-11-30T20:13:27.754215+00:00 [queued]>
[2022-11-30T20:13:28.535+0000] {taskinstance.py:1165} INFO - Dependencies all met for <TaskInstance: first_dag.hello manual__2022-11-30T20:13:27.754215+00:00 [queued]>
[2022-11-30T20:13:28.536+0000] {taskinstance.py:1362} INFO - 
--------------------------------------------------------------------------------
[2022-11-30T20:13:28.536+0000] {taskinstance.py:1363} INFO - Starting attempt 1 of 1
[2022-11-30T20:13:28.537+0000] {taskinstance.py:1364} INFO - 
--------------------------------------------------------------------------------
[2022-11-30T20:13:28.552+0000] {taskinstance.py:1383} INFO - Executing <Task(BashOperator): hello> on 2022-11-30 20:13:27.754215+00:00
[2022-11-30T20:13:28.556+0000] {standard_task_runner.py:55} INFO - Started process 11095 to run task
[2022-11-30T20:13:28.560+0000] {standard_task_runner.py:82} INFO - Running: ['***', 'tasks', 'run', 'first_dag', 'hello', 'manual__2022-11-30T20:13:27.754215+00:00', '--job-id', '776', '--raw', '--subdir', 'DAGS_FOLDER/***1t.py', '--cfg-path', '/tmp/tmparkanf_v']
[2022-11-30T20:13:28.561+0000] {standard_task_runner.py:83} INFO - Job 776: Subtask hello
[2022-11-30T20:13:28.625+0000] {task_command.py:376} INFO - Running <TaskInstance: first_dag.hello manual__2022-11-30T20:13:27.754215+00:00 [running]> on host debdf09646d4
[2022-11-30T20:13:28.698+0000] {taskinstance.py:1592} INFO - Exporting the following env vars:
AIRFLOW_CTX_DAG_OWNER=***
AIRFLOW_CTX_DAG_ID=first_dag
AIRFLOW_CTX_TASK_ID=hello
AIRFLOW_CTX_EXECUTION_DATE=2022-11-30T20:13:27.754215+00:00
AIRFLOW_CTX_TRY_NUMBER=1
AIRFLOW_CTX_DAG_RUN_ID=manual__2022-11-30T20:13:27.754215+00:00
[2022-11-30T20:13:28.700+0000] {subprocess.py:63} INFO - Tmp dir root location: 
 /tmp
[2022-11-30T20:13:28.701+0000] {subprocess.py:75} INFO - Running command: ['/bin/bash', '-c', 'echo hello']
[2022-11-30T20:13:28.709+0000] {subprocess.py:86} INFO - Output:
[2022-11-30T20:13:28.711+0000] {subprocess.py:93} INFO - hello
[2022-11-30T20:13:28.711+0000] {subprocess.py:97} INFO - Command exited with return code 0
[2022-11-30T20:13:28.734+0000] {taskinstance.py:1406} INFO - Marking task as SUCCESS. dag_id=first_dag, task_id=hello, execution_date=20221130T201327, start_date=20221130T201328, end_date=20221130T201328
[2022-11-30T20:13:28.771+0000] {local_task_job.py:159} INFO - Task exited with return code 0
[2022-11-30T20:13:28.797+0000] {taskinstance.py:2623} INFO - 1 downstream tasks scheduled from follow-on schedule check
