[2022-11-30T19:57:15.476+0000] {taskinstance.py:1165} INFO - Dependencies all met for <TaskInstance: first_dag.hello manual__2022-11-30T19:57:13.895365+00:00 [queued]>
[2022-11-30T19:57:15.485+0000] {taskinstance.py:1165} INFO - Dependencies all met for <TaskInstance: first_dag.hello manual__2022-11-30T19:57:13.895365+00:00 [queued]>
[2022-11-30T19:57:15.486+0000] {taskinstance.py:1362} INFO - 
--------------------------------------------------------------------------------
[2022-11-30T19:57:15.486+0000] {taskinstance.py:1363} INFO - Starting attempt 1 of 1
[2022-11-30T19:57:15.487+0000] {taskinstance.py:1364} INFO - 
--------------------------------------------------------------------------------
[2022-11-30T19:57:15.501+0000] {taskinstance.py:1383} INFO - Executing <Task(BashOperator): hello> on 2022-11-30 19:57:13.895365+00:00
[2022-11-30T19:57:15.505+0000] {standard_task_runner.py:55} INFO - Started process 10296 to run task
[2022-11-30T19:57:15.509+0000] {standard_task_runner.py:82} INFO - Running: ['***', 'tasks', 'run', 'first_dag', 'hello', 'manual__2022-11-30T19:57:13.895365+00:00', '--job-id', '768', '--raw', '--subdir', 'DAGS_FOLDER/***1t.py', '--cfg-path', '/tmp/tmp_2jag7rv']
[2022-11-30T19:57:15.511+0000] {standard_task_runner.py:83} INFO - Job 768: Subtask hello
[2022-11-30T19:57:15.576+0000] {task_command.py:376} INFO - Running <TaskInstance: first_dag.hello manual__2022-11-30T19:57:13.895365+00:00 [running]> on host debdf09646d4
[2022-11-30T19:57:15.657+0000] {taskinstance.py:1592} INFO - Exporting the following env vars:
AIRFLOW_CTX_DAG_OWNER=***
AIRFLOW_CTX_DAG_ID=first_dag
AIRFLOW_CTX_TASK_ID=hello
AIRFLOW_CTX_EXECUTION_DATE=2022-11-30T19:57:13.895365+00:00
AIRFLOW_CTX_TRY_NUMBER=1
AIRFLOW_CTX_DAG_RUN_ID=manual__2022-11-30T19:57:13.895365+00:00
[2022-11-30T19:57:15.658+0000] {subprocess.py:63} INFO - Tmp dir root location: 
 /tmp
[2022-11-30T19:57:15.659+0000] {subprocess.py:75} INFO - Running command: ['/bin/bash', '-c', 'echo hello']
[2022-11-30T19:57:15.670+0000] {subprocess.py:86} INFO - Output:
[2022-11-30T19:57:15.671+0000] {subprocess.py:93} INFO - hello
[2022-11-30T19:57:15.672+0000] {subprocess.py:97} INFO - Command exited with return code 0
[2022-11-30T19:57:15.700+0000] {taskinstance.py:1406} INFO - Marking task as SUCCESS. dag_id=first_dag, task_id=hello, execution_date=20221130T195713, start_date=20221130T195715, end_date=20221130T195715
[2022-11-30T19:57:15.721+0000] {local_task_job.py:159} INFO - Task exited with return code 0
[2022-11-30T19:57:15.746+0000] {taskinstance.py:2623} INFO - 1 downstream tasks scheduled from follow-on schedule check
