[2022-11-28T20:11:02.560+0000] {taskinstance.py:1165} INFO - Dependencies all met for <TaskInstance: first_dag.hello scheduled__2022-05-11T00:00:00+00:00 [queued]>
[2022-11-28T20:11:02.575+0000] {taskinstance.py:1165} INFO - Dependencies all met for <TaskInstance: first_dag.hello scheduled__2022-05-11T00:00:00+00:00 [queued]>
[2022-11-28T20:11:02.576+0000] {taskinstance.py:1362} INFO - 
--------------------------------------------------------------------------------
[2022-11-28T20:11:02.576+0000] {taskinstance.py:1363} INFO - Starting attempt 1 of 1
[2022-11-28T20:11:02.577+0000] {taskinstance.py:1364} INFO - 
--------------------------------------------------------------------------------
[2022-11-28T20:11:02.601+0000] {taskinstance.py:1383} INFO - Executing <Task(BashOperator): hello> on 2022-05-11 00:00:00+00:00
[2022-11-28T20:11:02.606+0000] {standard_task_runner.py:55} INFO - Started process 815 to run task
[2022-11-28T20:11:02.610+0000] {standard_task_runner.py:82} INFO - Running: ['***', 'tasks', 'run', 'first_dag', 'hello', 'scheduled__2022-05-11T00:00:00+00:00', '--job-id', '267', '--raw', '--subdir', 'DAGS_FOLDER/***1t.py', '--cfg-path', '/tmp/tmphdod2pqb']
[2022-11-28T20:11:02.612+0000] {standard_task_runner.py:83} INFO - Job 267: Subtask hello
[2022-11-28T20:11:02.698+0000] {task_command.py:376} INFO - Running <TaskInstance: first_dag.hello scheduled__2022-05-11T00:00:00+00:00 [running]> on host 7720011b9adc
[2022-11-28T20:11:02.915+0000] {taskinstance.py:1592} INFO - Exporting the following env vars:
AIRFLOW_CTX_DAG_OWNER=***
AIRFLOW_CTX_DAG_ID=first_dag
AIRFLOW_CTX_TASK_ID=hello
AIRFLOW_CTX_EXECUTION_DATE=2022-05-11T00:00:00+00:00
AIRFLOW_CTX_TRY_NUMBER=1
AIRFLOW_CTX_DAG_RUN_ID=scheduled__2022-05-11T00:00:00+00:00
[2022-11-28T20:11:02.919+0000] {subprocess.py:63} INFO - Tmp dir root location: 
 /tmp
[2022-11-28T20:11:02.921+0000] {subprocess.py:75} INFO - Running command: ['/bin/bash', '-c', 'echo hello']
[2022-11-28T20:11:02.948+0000] {subprocess.py:86} INFO - Output:
[2022-11-28T20:11:02.951+0000] {subprocess.py:93} INFO - hello
[2022-11-28T20:11:02.952+0000] {subprocess.py:97} INFO - Command exited with return code 0
[2022-11-28T20:11:03.079+0000] {taskinstance.py:1406} INFO - Marking task as SUCCESS. dag_id=first_dag, task_id=hello, execution_date=20220511T000000, start_date=20221128T201102, end_date=20221128T201103
[2022-11-28T20:11:03.177+0000] {local_task_job.py:159} INFO - Task exited with return code 0
[2022-11-28T20:11:03.298+0000] {taskinstance.py:2623} INFO - 0 downstream tasks scheduled from follow-on schedule check
