[2022-12-05T19:25:29.166+0000] {taskinstance.py:1165} INFO - Dependencies all met for <TaskInstance: first_dag.broadcast_task scheduled__2022-12-05T12:20:00+00:00 [queued]>
[2022-12-05T19:25:29.183+0000] {taskinstance.py:1165} INFO - Dependencies all met for <TaskInstance: first_dag.broadcast_task scheduled__2022-12-05T12:20:00+00:00 [queued]>
[2022-12-05T19:25:29.187+0000] {taskinstance.py:1362} INFO - 
--------------------------------------------------------------------------------
[2022-12-05T19:25:29.192+0000] {taskinstance.py:1363} INFO - Starting attempt 1 of 1
[2022-12-05T19:25:29.192+0000] {taskinstance.py:1364} INFO - 
--------------------------------------------------------------------------------
[2022-12-05T19:25:29.236+0000] {taskinstance.py:1383} INFO - Executing <Task(PythonOperator): broadcast_task> on 2022-12-05 12:20:00+00:00
[2022-12-05T19:25:29.245+0000] {standard_task_runner.py:55} INFO - Started process 14627 to run task
[2022-12-05T19:25:29.252+0000] {standard_task_runner.py:82} INFO - Running: ['***', 'tasks', 'run', 'first_dag', 'broadcast_task', 'scheduled__2022-12-05T12:20:00+00:00', '--job-id', '2400', '--raw', '--subdir', 'DAGS_FOLDER/***1t.py', '--cfg-path', '/tmp/tmp53vbrzss']
[2022-12-05T19:25:29.254+0000] {standard_task_runner.py:83} INFO - Job 2400: Subtask broadcast_task
[2022-12-05T19:25:29.408+0000] {task_command.py:376} INFO - Running <TaskInstance: first_dag.broadcast_task scheduled__2022-12-05T12:20:00+00:00 [running]> on host debdf09646d4
[2022-12-05T19:25:29.574+0000] {taskinstance.py:1592} INFO - Exporting the following env vars:
AIRFLOW_CTX_DAG_OWNER=***
AIRFLOW_CTX_DAG_ID=first_dag
AIRFLOW_CTX_TASK_ID=broadcast_task
AIRFLOW_CTX_EXECUTION_DATE=2022-12-05T12:20:00+00:00
AIRFLOW_CTX_TRY_NUMBER=1
AIRFLOW_CTX_DAG_RUN_ID=scheduled__2022-12-05T12:20:00+00:00
[2022-12-05T19:25:30.403+0000] {logging_mixin.py:137} INFO - 23
[2022-12-05T19:25:30.403+0000] {python.py:177} INFO - Done. Returned value was: None
[2022-12-05T19:25:30.416+0000] {taskinstance.py:1406} INFO - Marking task as SUCCESS. dag_id=first_dag, task_id=broadcast_task, execution_date=20221205T122000, start_date=20221205T192529, end_date=20221205T192530
[2022-12-05T19:25:30.523+0000] {local_task_job.py:159} INFO - Task exited with return code 0
[2022-12-05T19:25:30.565+0000] {taskinstance.py:2623} INFO - 1 downstream tasks scheduled from follow-on schedule check
