[2022-12-05T19:26:59.436+0000] {taskinstance.py:1165} INFO - Dependencies all met for <TaskInstance: first_dag.pull_task scheduled__2022-12-05T16:30:00+00:00 [queued]>
[2022-12-05T19:26:59.457+0000] {taskinstance.py:1165} INFO - Dependencies all met for <TaskInstance: first_dag.pull_task scheduled__2022-12-05T16:30:00+00:00 [queued]>
[2022-12-05T19:26:59.458+0000] {taskinstance.py:1362} INFO - 
--------------------------------------------------------------------------------
[2022-12-05T19:26:59.459+0000] {taskinstance.py:1363} INFO - Starting attempt 1 of 1
[2022-12-05T19:26:59.466+0000] {taskinstance.py:1364} INFO - 
--------------------------------------------------------------------------------
[2022-12-05T19:26:59.529+0000] {taskinstance.py:1383} INFO - Executing <Task(PythonOperator): pull_task> on 2022-12-05 16:30:00+00:00
[2022-12-05T19:26:59.537+0000] {standard_task_runner.py:55} INFO - Started process 15702 to run task
[2022-12-05T19:26:59.548+0000] {standard_task_runner.py:82} INFO - Running: ['***', 'tasks', 'run', 'first_dag', 'pull_task', 'scheduled__2022-12-05T16:30:00+00:00', '--job-id', '2725', '--raw', '--subdir', 'DAGS_FOLDER/***1t.py', '--cfg-path', '/tmp/tmpxbobrgyh']
[2022-12-05T19:26:59.551+0000] {standard_task_runner.py:83} INFO - Job 2725: Subtask pull_task
[2022-12-05T19:26:59.800+0000] {task_command.py:376} INFO - Running <TaskInstance: first_dag.pull_task scheduled__2022-12-05T16:30:00+00:00 [running]> on host debdf09646d4
[2022-12-05T19:26:59.960+0000] {taskinstance.py:1592} INFO - Exporting the following env vars:
AIRFLOW_CTX_DAG_OWNER=***
AIRFLOW_CTX_DAG_ID=first_dag
AIRFLOW_CTX_TASK_ID=pull_task
AIRFLOW_CTX_EXECUTION_DATE=2022-12-05T16:30:00+00:00
AIRFLOW_CTX_TRY_NUMBER=1
AIRFLOW_CTX_DAG_RUN_ID=scheduled__2022-12-05T16:30:00+00:00
[2022-12-05T19:27:01.096+0000] {logging_mixin.py:137} INFO - 23
[2022-12-05T19:27:01.097+0000] {python.py:177} INFO - Done. Returned value was: None
[2022-12-05T19:27:01.165+0000] {taskinstance.py:1406} INFO - Marking task as SUCCESS. dag_id=first_dag, task_id=pull_task, execution_date=20221205T163000, start_date=20221205T192659, end_date=20221205T192701
[2022-12-05T19:27:01.255+0000] {local_task_job.py:159} INFO - Task exited with return code 0
[2022-12-05T19:27:01.386+0000] {taskinstance.py:2623} INFO - 1 downstream tasks scheduled from follow-on schedule check
