[2022-12-05T18:17:24.968+0000] {taskinstance.py:1165} INFO - Dependencies all met for <TaskInstance: first_dag.number_task manual__2022-12-05T18:17:14.837466+00:00 [queued]>
[2022-12-05T18:17:24.982+0000] {taskinstance.py:1165} INFO - Dependencies all met for <TaskInstance: first_dag.number_task manual__2022-12-05T18:17:14.837466+00:00 [queued]>
[2022-12-05T18:17:24.983+0000] {taskinstance.py:1362} INFO - 
--------------------------------------------------------------------------------
[2022-12-05T18:17:24.983+0000] {taskinstance.py:1363} INFO - Starting attempt 1 of 1
[2022-12-05T18:17:24.984+0000] {taskinstance.py:1364} INFO - 
--------------------------------------------------------------------------------
[2022-12-05T18:17:25.000+0000] {taskinstance.py:1383} INFO - Executing <Task(PythonOperator): number_task> on 2022-12-05 18:17:14.837466+00:00
[2022-12-05T18:17:25.004+0000] {standard_task_runner.py:55} INFO - Started process 7460 to run task
[2022-12-05T18:17:25.008+0000] {standard_task_runner.py:82} INFO - Running: ['***', 'tasks', 'run', 'first_dag', 'number_task', 'manual__2022-12-05T18:17:14.837466+00:00', '--job-id', '1139', '--raw', '--subdir', 'DAGS_FOLDER/***1t.py', '--cfg-path', '/tmp/tmpg9di1gfk']
[2022-12-05T18:17:25.010+0000] {standard_task_runner.py:83} INFO - Job 1139: Subtask number_task
[2022-12-05T18:17:25.071+0000] {task_command.py:376} INFO - Running <TaskInstance: first_dag.number_task manual__2022-12-05T18:17:14.837466+00:00 [running]> on host debdf09646d4
[2022-12-05T18:17:25.149+0000] {taskinstance.py:1592} INFO - Exporting the following env vars:
AIRFLOW_CTX_DAG_OWNER=***
AIRFLOW_CTX_DAG_ID=first_dag
AIRFLOW_CTX_TASK_ID=number_task
AIRFLOW_CTX_EXECUTION_DATE=2022-12-05T18:17:14.837466+00:00
AIRFLOW_CTX_TRY_NUMBER=1
AIRFLOW_CTX_DAG_RUN_ID=manual__2022-12-05T18:17:14.837466+00:00
[2022-12-05T18:17:25.151+0000] {logging_mixin.py:137} INFO - 113   106
[2022-12-05T18:17:25.151+0000] {python.py:177} INFO - Done. Returned value was: None
[2022-12-05T18:17:25.160+0000] {taskinstance.py:1406} INFO - Marking task as SUCCESS. dag_id=first_dag, task_id=number_task, execution_date=20221205T181714, start_date=20221205T181724, end_date=20221205T181725
[2022-12-05T18:17:25.179+0000] {local_task_job.py:159} INFO - Task exited with return code 0
[2022-12-05T18:17:25.200+0000] {taskinstance.py:2623} INFO - 1 downstream tasks scheduled from follow-on schedule check
