[2022-12-05T19:20:33.556+0000] {taskinstance.py:1165} INFO - Dependencies all met for <TaskInstance: first_dag.hello scheduled__2022-12-05T00:35:00+00:00 [queued]>
[2022-12-05T19:20:33.615+0000] {taskinstance.py:1165} INFO - Dependencies all met for <TaskInstance: first_dag.hello scheduled__2022-12-05T00:35:00+00:00 [queued]>
[2022-12-05T19:20:33.629+0000] {taskinstance.py:1362} INFO - 
--------------------------------------------------------------------------------
[2022-12-05T19:20:33.629+0000] {taskinstance.py:1363} INFO - Starting attempt 1 of 1
[2022-12-05T19:20:33.630+0000] {taskinstance.py:1364} INFO - 
--------------------------------------------------------------------------------
[2022-12-05T19:20:33.990+0000] {taskinstance.py:1383} INFO - Executing <Task(BashOperator): hello> on 2022-12-05 00:35:00+00:00
[2022-12-05T19:20:34.030+0000] {standard_task_runner.py:55} INFO - Started process 11106 to run task
[2022-12-05T19:20:34.038+0000] {standard_task_runner.py:82} INFO - Running: ['***', 'tasks', 'run', 'first_dag', 'hello', 'scheduled__2022-12-05T00:35:00+00:00', '--job-id', '1345', '--raw', '--subdir', 'DAGS_FOLDER/***1t.py', '--cfg-path', '/tmp/tmp9bo9fu7r']
[2022-12-05T19:20:34.057+0000] {standard_task_runner.py:83} INFO - Job 1345: Subtask hello
[2022-12-05T19:20:34.525+0000] {task_command.py:376} INFO - Running <TaskInstance: first_dag.hello scheduled__2022-12-05T00:35:00+00:00 [running]> on host debdf09646d4
[2022-12-05T19:20:34.922+0000] {taskinstance.py:1592} INFO - Exporting the following env vars:
AIRFLOW_CTX_DAG_OWNER=***
AIRFLOW_CTX_DAG_ID=first_dag
AIRFLOW_CTX_TASK_ID=hello
AIRFLOW_CTX_EXECUTION_DATE=2022-12-05T00:35:00+00:00
AIRFLOW_CTX_TRY_NUMBER=1
AIRFLOW_CTX_DAG_RUN_ID=scheduled__2022-12-05T00:35:00+00:00
[2022-12-05T19:20:34.925+0000] {subprocess.py:63} INFO - Tmp dir root location: 
 /tmp
[2022-12-05T19:20:34.927+0000] {subprocess.py:75} INFO - Running command: ['/bin/bash', '-c', 'echo hello']
[2022-12-05T19:20:34.986+0000] {subprocess.py:86} INFO - Output:
[2022-12-05T19:20:34.989+0000] {subprocess.py:93} INFO - hello
[2022-12-05T19:20:35.006+0000] {subprocess.py:97} INFO - Command exited with return code 0
[2022-12-05T19:20:35.173+0000] {taskinstance.py:1406} INFO - Marking task as SUCCESS. dag_id=first_dag, task_id=hello, execution_date=20221205T003500, start_date=20221205T192033, end_date=20221205T192035
[2022-12-05T19:20:35.360+0000] {local_task_job.py:159} INFO - Task exited with return code 0
[2022-12-05T19:20:35.617+0000] {taskinstance.py:2623} INFO - 1 downstream tasks scheduled from follow-on schedule check
