[2022-12-05T19:26:28.699+0000] {taskinstance.py:1165} INFO - Dependencies all met for <TaskInstance: first_dag.broadcast_task scheduled__2022-12-05T14:40:00+00:00 [queued]>
[2022-12-05T19:26:28.721+0000] {taskinstance.py:1165} INFO - Dependencies all met for <TaskInstance: first_dag.broadcast_task scheduled__2022-12-05T14:40:00+00:00 [queued]>
[2022-12-05T19:26:28.721+0000] {taskinstance.py:1362} INFO - 
--------------------------------------------------------------------------------
[2022-12-05T19:26:28.722+0000] {taskinstance.py:1363} INFO - Starting attempt 1 of 1
[2022-12-05T19:26:28.723+0000] {taskinstance.py:1364} INFO - 
--------------------------------------------------------------------------------
[2022-12-05T19:26:28.757+0000] {taskinstance.py:1383} INFO - Executing <Task(PythonOperator): broadcast_task> on 2022-12-05 14:40:00+00:00
[2022-12-05T19:26:28.768+0000] {standard_task_runner.py:55} INFO - Started process 15313 to run task
[2022-12-05T19:26:28.778+0000] {standard_task_runner.py:82} INFO - Running: ['***', 'tasks', 'run', 'first_dag', 'broadcast_task', 'scheduled__2022-12-05T14:40:00+00:00', '--job-id', '2611', '--raw', '--subdir', 'DAGS_FOLDER/***1t.py', '--cfg-path', '/tmp/tmpa5352q2k']
[2022-12-05T19:26:28.789+0000] {standard_task_runner.py:83} INFO - Job 2611: Subtask broadcast_task
[2022-12-05T19:26:29.029+0000] {task_command.py:376} INFO - Running <TaskInstance: first_dag.broadcast_task scheduled__2022-12-05T14:40:00+00:00 [running]> on host debdf09646d4
[2022-12-05T19:26:29.273+0000] {taskinstance.py:1592} INFO - Exporting the following env vars:
AIRFLOW_CTX_DAG_OWNER=***
AIRFLOW_CTX_DAG_ID=first_dag
AIRFLOW_CTX_TASK_ID=broadcast_task
AIRFLOW_CTX_EXECUTION_DATE=2022-12-05T14:40:00+00:00
AIRFLOW_CTX_TRY_NUMBER=1
AIRFLOW_CTX_DAG_RUN_ID=scheduled__2022-12-05T14:40:00+00:00
[2022-12-05T19:26:30.371+0000] {logging_mixin.py:137} INFO - 23
[2022-12-05T19:26:30.375+0000] {python.py:177} INFO - Done. Returned value was: None
[2022-12-05T19:26:30.398+0000] {taskinstance.py:1406} INFO - Marking task as SUCCESS. dag_id=first_dag, task_id=broadcast_task, execution_date=20221205T144000, start_date=20221205T192628, end_date=20221205T192630
[2022-12-05T19:26:30.510+0000] {local_task_job.py:159} INFO - Task exited with return code 0
[2022-12-05T19:26:30.585+0000] {taskinstance.py:2623} INFO - 1 downstream tasks scheduled from follow-on schedule check
