[2022-11-28T20:13:12.750+0000] {taskinstance.py:1165} INFO - Dependencies all met for <TaskInstance: first_dag.hello scheduled__2022-11-05T00:00:00+00:00 [queued]>
[2022-11-28T20:13:12.765+0000] {taskinstance.py:1165} INFO - Dependencies all met for <TaskInstance: first_dag.hello scheduled__2022-11-05T00:00:00+00:00 [queued]>
[2022-11-28T20:13:12.765+0000] {taskinstance.py:1362} INFO - 
--------------------------------------------------------------------------------
[2022-11-28T20:13:12.766+0000] {taskinstance.py:1363} INFO - Starting attempt 1 of 1
[2022-11-28T20:13:12.766+0000] {taskinstance.py:1364} INFO - 
--------------------------------------------------------------------------------
[2022-11-28T20:13:12.841+0000] {taskinstance.py:1383} INFO - Executing <Task(BashOperator): hello> on 2022-11-05 00:00:00+00:00
[2022-11-28T20:13:12.847+0000] {standard_task_runner.py:55} INFO - Started process 1803 to run task
[2022-11-28T20:13:12.851+0000] {standard_task_runner.py:82} INFO - Running: ['***', 'tasks', 'run', 'first_dag', 'hello', 'scheduled__2022-11-05T00:00:00+00:00', '--job-id', '623', '--raw', '--subdir', 'DAGS_FOLDER/***1t.py', '--cfg-path', '/tmp/tmpk7c9m9s1']
[2022-11-28T20:13:12.852+0000] {standard_task_runner.py:83} INFO - Job 623: Subtask hello
[2022-11-28T20:13:12.952+0000] {task_command.py:376} INFO - Running <TaskInstance: first_dag.hello scheduled__2022-11-05T00:00:00+00:00 [running]> on host 7720011b9adc
[2022-11-28T20:13:13.077+0000] {taskinstance.py:1592} INFO - Exporting the following env vars:
AIRFLOW_CTX_DAG_OWNER=***
AIRFLOW_CTX_DAG_ID=first_dag
AIRFLOW_CTX_TASK_ID=hello
AIRFLOW_CTX_EXECUTION_DATE=2022-11-05T00:00:00+00:00
AIRFLOW_CTX_TRY_NUMBER=1
AIRFLOW_CTX_DAG_RUN_ID=scheduled__2022-11-05T00:00:00+00:00
[2022-11-28T20:13:13.078+0000] {subprocess.py:63} INFO - Tmp dir root location: 
 /tmp
[2022-11-28T20:13:13.079+0000] {subprocess.py:75} INFO - Running command: ['/bin/bash', '-c', 'echo hello']
[2022-11-28T20:13:13.092+0000] {subprocess.py:86} INFO - Output:
[2022-11-28T20:13:13.093+0000] {subprocess.py:93} INFO - hello
[2022-11-28T20:13:13.094+0000] {subprocess.py:97} INFO - Command exited with return code 0
[2022-11-28T20:13:13.127+0000] {taskinstance.py:1406} INFO - Marking task as SUCCESS. dag_id=first_dag, task_id=hello, execution_date=20221105T000000, start_date=20221128T201312, end_date=20221128T201313
[2022-11-28T20:13:13.152+0000] {local_task_job.py:159} INFO - Task exited with return code 0
[2022-11-28T20:13:13.184+0000] {taskinstance.py:2623} INFO - 1 downstream tasks scheduled from follow-on schedule check
