[2022-11-30T16:28:20.237+0000] {taskinstance.py:1165} INFO - Dependencies all met for <TaskInstance: first_dag.read_from_psql scheduled__2022-11-29T00:00:00+00:00 [queued]>
[2022-11-30T16:28:20.250+0000] {taskinstance.py:1165} INFO - Dependencies all met for <TaskInstance: first_dag.read_from_psql scheduled__2022-11-29T00:00:00+00:00 [queued]>
[2022-11-30T16:28:20.251+0000] {taskinstance.py:1362} INFO - 
--------------------------------------------------------------------------------
[2022-11-30T16:28:20.251+0000] {taskinstance.py:1363} INFO - Starting attempt 1 of 1
[2022-11-30T16:28:20.251+0000] {taskinstance.py:1364} INFO - 
--------------------------------------------------------------------------------
[2022-11-30T16:28:20.267+0000] {taskinstance.py:1383} INFO - Executing <Task(PythonOperator): read_from_psql> on 2022-11-29 00:00:00+00:00
[2022-11-30T16:28:20.271+0000] {standard_task_runner.py:55} INFO - Started process 162 to run task
[2022-11-30T16:28:20.274+0000] {standard_task_runner.py:82} INFO - Running: ['***', 'tasks', 'run', 'first_dag', 'read_from_psql', 'scheduled__2022-11-29T00:00:00+00:00', '--job-id', '692', '--raw', '--subdir', 'DAGS_FOLDER/***1t.py', '--cfg-path', '/tmp/tmpyn3hya51']
[2022-11-30T16:28:20.275+0000] {standard_task_runner.py:83} INFO - Job 692: Subtask read_from_psql
[2022-11-30T16:28:20.345+0000] {task_command.py:376} INFO - Running <TaskInstance: first_dag.read_from_psql scheduled__2022-11-29T00:00:00+00:00 [running]> on host debdf09646d4
[2022-11-30T16:28:20.413+0000] {taskinstance.py:1592} INFO - Exporting the following env vars:
AIRFLOW_CTX_DAG_OWNER=***
AIRFLOW_CTX_DAG_ID=first_dag
AIRFLOW_CTX_TASK_ID=read_from_psql
AIRFLOW_CTX_EXECUTION_DATE=2022-11-29T00:00:00+00:00
AIRFLOW_CTX_TRY_NUMBER=1
AIRFLOW_CTX_DAG_RUN_ID=scheduled__2022-11-29T00:00:00+00:00
[2022-11-30T16:28:20.430+0000] {logging_mixin.py:137} INFO - (1, 100, "abc'def")
[2022-11-30T16:28:20.431+0000] {python.py:177} INFO - Done. Returned value was: None
[2022-11-30T16:28:20.441+0000] {taskinstance.py:1406} INFO - Marking task as SUCCESS. dag_id=first_dag, task_id=read_from_psql, execution_date=20221129T000000, start_date=20221130T162820, end_date=20221130T162820
[2022-11-30T16:28:20.486+0000] {local_task_job.py:159} INFO - Task exited with return code 0
[2022-11-30T16:28:20.501+0000] {taskinstance.py:2623} INFO - 0 downstream tasks scheduled from follow-on schedule check
