[2022-12-05T19:26:22.681+0000] {taskinstance.py:1165} INFO - Dependencies all met for <TaskInstance: first_dag.world scheduled__2022-12-05T15:10:00+00:00 [queued]>
[2022-12-05T19:26:22.705+0000] {taskinstance.py:1165} INFO - Dependencies all met for <TaskInstance: first_dag.world scheduled__2022-12-05T15:10:00+00:00 [queued]>
[2022-12-05T19:26:22.714+0000] {taskinstance.py:1362} INFO - 
--------------------------------------------------------------------------------
[2022-12-05T19:26:22.715+0000] {taskinstance.py:1363} INFO - Starting attempt 1 of 1
[2022-12-05T19:26:22.716+0000] {taskinstance.py:1364} INFO - 
--------------------------------------------------------------------------------
[2022-12-05T19:26:22.934+0000] {taskinstance.py:1383} INFO - Executing <Task(PythonOperator): world> on 2022-12-05 15:10:00+00:00
[2022-12-05T19:26:22.944+0000] {standard_task_runner.py:55} INFO - Started process 15234 to run task
[2022-12-05T19:26:22.949+0000] {standard_task_runner.py:82} INFO - Running: ['***', 'tasks', 'run', 'first_dag', 'world', 'scheduled__2022-12-05T15:10:00+00:00', '--job-id', '2583', '--raw', '--subdir', 'DAGS_FOLDER/***1t.py', '--cfg-path', '/tmp/tmphpc2o74t']
[2022-12-05T19:26:22.960+0000] {standard_task_runner.py:83} INFO - Job 2583: Subtask world
[2022-12-05T19:26:23.252+0000] {task_command.py:376} INFO - Running <TaskInstance: first_dag.world scheduled__2022-12-05T15:10:00+00:00 [running]> on host debdf09646d4
[2022-12-05T19:26:23.609+0000] {taskinstance.py:1592} INFO - Exporting the following env vars:
AIRFLOW_CTX_DAG_OWNER=***
AIRFLOW_CTX_DAG_ID=first_dag
AIRFLOW_CTX_TASK_ID=world
AIRFLOW_CTX_EXECUTION_DATE=2022-12-05T15:10:00+00:00
AIRFLOW_CTX_TRY_NUMBER=1
AIRFLOW_CTX_DAG_RUN_ID=scheduled__2022-12-05T15:10:00+00:00
[2022-12-05T19:26:23.613+0000] {logging_mixin.py:137} INFO - Hello!
[2022-12-05T19:26:23.619+0000] {python.py:177} INFO - Done. Returned value was: None
[2022-12-05T19:26:23.637+0000] {taskinstance.py:1406} INFO - Marking task as SUCCESS. dag_id=first_dag, task_id=world, execution_date=20221205T151000, start_date=20221205T192622, end_date=20221205T192623
[2022-12-05T19:26:23.701+0000] {local_task_job.py:159} INFO - Task exited with return code 0
[2022-12-05T19:26:23.759+0000] {taskinstance.py:2623} INFO - 1 downstream tasks scheduled from follow-on schedule check
