[2022-12-05T19:22:58.507+0000] {taskinstance.py:1165} INFO - Dependencies all met for <TaskInstance: first_dag.number_task scheduled__2022-12-05T06:00:00+00:00 [queued]>
[2022-12-05T19:22:58.530+0000] {taskinstance.py:1165} INFO - Dependencies all met for <TaskInstance: first_dag.number_task scheduled__2022-12-05T06:00:00+00:00 [queued]>
[2022-12-05T19:22:58.535+0000] {taskinstance.py:1362} INFO - 
--------------------------------------------------------------------------------
[2022-12-05T19:22:58.536+0000] {taskinstance.py:1363} INFO - Starting attempt 1 of 1
[2022-12-05T19:22:58.536+0000] {taskinstance.py:1364} INFO - 
--------------------------------------------------------------------------------
[2022-12-05T19:22:58.563+0000] {taskinstance.py:1383} INFO - Executing <Task(PythonOperator): number_task> on 2022-12-05 06:00:00+00:00
[2022-12-05T19:22:58.570+0000] {standard_task_runner.py:55} INFO - Started process 12837 to run task
[2022-12-05T19:22:58.574+0000] {standard_task_runner.py:82} INFO - Running: ['***', 'tasks', 'run', 'first_dag', 'number_task', 'scheduled__2022-12-05T06:00:00+00:00', '--job-id', '1872', '--raw', '--subdir', 'DAGS_FOLDER/***1t.py', '--cfg-path', '/tmp/tmpthbvzban']
[2022-12-05T19:22:58.580+0000] {standard_task_runner.py:83} INFO - Job 1872: Subtask number_task
[2022-12-05T19:22:58.705+0000] {task_command.py:376} INFO - Running <TaskInstance: first_dag.number_task scheduled__2022-12-05T06:00:00+00:00 [running]> on host debdf09646d4
[2022-12-05T19:22:58.926+0000] {taskinstance.py:1592} INFO - Exporting the following env vars:
AIRFLOW_CTX_DAG_OWNER=***
AIRFLOW_CTX_DAG_ID=first_dag
AIRFLOW_CTX_TASK_ID=number_task
AIRFLOW_CTX_EXECUTION_DATE=2022-12-05T06:00:00+00:00
AIRFLOW_CTX_TRY_NUMBER=1
AIRFLOW_CTX_DAG_RUN_ID=scheduled__2022-12-05T06:00:00+00:00
[2022-12-05T19:22:58.930+0000] {logging_mixin.py:137} INFO - 114   100
[2022-12-05T19:22:58.931+0000] {logging_mixin.py:137} INFO - <_io.TextIOWrapper name='file.txt' mode='a' encoding='UTF-8'>
[2022-12-05T19:22:58.931+0000] {python.py:177} INFO - Done. Returned value was: None
[2022-12-05T19:22:58.961+0000] {taskinstance.py:1406} INFO - Marking task as SUCCESS. dag_id=first_dag, task_id=number_task, execution_date=20221205T060000, start_date=20221205T192258, end_date=20221205T192258
[2022-12-05T19:22:59.032+0000] {local_task_job.py:159} INFO - Task exited with return code 0
[2022-12-05T19:22:59.123+0000] {taskinstance.py:2623} INFO - 0 downstream tasks scheduled from follow-on schedule check
