[2022-12-05T19:23:37.536+0000] {taskinstance.py:1165} INFO - Dependencies all met for <TaskInstance: first_dag.file_path scheduled__2022-12-05T07:50:00+00:00 [queued]>
[2022-12-05T19:23:37.553+0000] {taskinstance.py:1165} INFO - Dependencies all met for <TaskInstance: first_dag.file_path scheduled__2022-12-05T07:50:00+00:00 [queued]>
[2022-12-05T19:23:37.554+0000] {taskinstance.py:1362} INFO - 
--------------------------------------------------------------------------------
[2022-12-05T19:23:37.554+0000] {taskinstance.py:1363} INFO - Starting attempt 1 of 1
[2022-12-05T19:23:37.555+0000] {taskinstance.py:1364} INFO - 
--------------------------------------------------------------------------------
[2022-12-05T19:23:37.618+0000] {taskinstance.py:1383} INFO - Executing <Task(PythonOperator): file_path> on 2022-12-05 07:50:00+00:00
[2022-12-05T19:23:37.624+0000] {standard_task_runner.py:55} INFO - Started process 13282 to run task
[2022-12-05T19:23:37.629+0000] {standard_task_runner.py:82} INFO - Running: ['***', 'tasks', 'run', 'first_dag', 'file_path', 'scheduled__2022-12-05T07:50:00+00:00', '--job-id', '2004', '--raw', '--subdir', 'DAGS_FOLDER/***1t.py', '--cfg-path', '/tmp/tmpdom2f8ig']
[2022-12-05T19:23:37.634+0000] {standard_task_runner.py:83} INFO - Job 2004: Subtask file_path
[2022-12-05T19:23:37.730+0000] {task_command.py:376} INFO - Running <TaskInstance: first_dag.file_path scheduled__2022-12-05T07:50:00+00:00 [running]> on host debdf09646d4
[2022-12-05T19:23:37.845+0000] {taskinstance.py:1592} INFO - Exporting the following env vars:
AIRFLOW_CTX_DAG_OWNER=***
AIRFLOW_CTX_DAG_ID=first_dag
AIRFLOW_CTX_TASK_ID=file_path
AIRFLOW_CTX_EXECUTION_DATE=2022-12-05T07:50:00+00:00
AIRFLOW_CTX_TRY_NUMBER=1
AIRFLOW_CTX_DAG_RUN_ID=scheduled__2022-12-05T07:50:00+00:00
[2022-12-05T19:23:37.855+0000] {logging_mixin.py:137} INFO - our value:  https://people.sc.fsu.edu/~jburkardt/data/csv/ford_escort.csv
[2022-12-05T19:23:37.855+0000] {python.py:177} INFO - Done. Returned value was: None
[2022-12-05T19:23:37.867+0000] {taskinstance.py:1406} INFO - Marking task as SUCCESS. dag_id=first_dag, task_id=file_path, execution_date=20221205T075000, start_date=20221205T192337, end_date=20221205T192337
[2022-12-05T19:23:37.921+0000] {local_task_job.py:159} INFO - Task exited with return code 0
[2022-12-05T19:23:37.971+0000] {taskinstance.py:2623} INFO - 1 downstream tasks scheduled from follow-on schedule check
