[2022-12-05T19:24:02.333+0000] {taskinstance.py:1165} INFO - Dependencies all met for <TaskInstance: first_dag.sum_task scheduled__2022-12-05T08:30:00+00:00 [queued]>
[2022-12-05T19:24:02.352+0000] {taskinstance.py:1165} INFO - Dependencies all met for <TaskInstance: first_dag.sum_task scheduled__2022-12-05T08:30:00+00:00 [queued]>
[2022-12-05T19:24:02.353+0000] {taskinstance.py:1362} INFO - 
--------------------------------------------------------------------------------
[2022-12-05T19:24:02.353+0000] {taskinstance.py:1363} INFO - Starting attempt 1 of 1
[2022-12-05T19:24:02.355+0000] {taskinstance.py:1364} INFO - 
--------------------------------------------------------------------------------
[2022-12-05T19:24:02.396+0000] {taskinstance.py:1383} INFO - Executing <Task(PythonOperator): sum_task> on 2022-12-05 08:30:00+00:00
[2022-12-05T19:24:02.408+0000] {standard_task_runner.py:55} INFO - Started process 13594 to run task
[2022-12-05T19:24:02.413+0000] {standard_task_runner.py:82} INFO - Running: ['***', 'tasks', 'run', 'first_dag', 'sum_task', 'scheduled__2022-12-05T08:30:00+00:00', '--job-id', '2098', '--raw', '--subdir', 'DAGS_FOLDER/***1t.py', '--cfg-path', '/tmp/tmpem_as0g4']
[2022-12-05T19:24:02.418+0000] {standard_task_runner.py:83} INFO - Job 2098: Subtask sum_task
[2022-12-05T19:24:02.605+0000] {task_command.py:376} INFO - Running <TaskInstance: first_dag.sum_task scheduled__2022-12-05T08:30:00+00:00 [running]> on host debdf09646d4
[2022-12-05T19:24:02.824+0000] {taskinstance.py:1592} INFO - Exporting the following env vars:
AIRFLOW_CTX_DAG_OWNER=***
AIRFLOW_CTX_DAG_ID=first_dag
AIRFLOW_CTX_TASK_ID=sum_task
AIRFLOW_CTX_EXECUTION_DATE=2022-12-05T08:30:00+00:00
AIRFLOW_CTX_TRY_NUMBER=1
AIRFLOW_CTX_DAG_RUN_ID=scheduled__2022-12-05T08:30:00+00:00
[2022-12-05T19:24:02.827+0000] {python.py:177} INFO - Done. Returned value was: None
[2022-12-05T19:24:02.847+0000] {taskinstance.py:1406} INFO - Marking task as SUCCESS. dag_id=first_dag, task_id=sum_task, execution_date=20221205T083000, start_date=20221205T192402, end_date=20221205T192402
[2022-12-05T19:24:02.897+0000] {local_task_job.py:159} INFO - Task exited with return code 0
[2022-12-05T19:24:02.937+0000] {taskinstance.py:2623} INFO - 0 downstream tasks scheduled from follow-on schedule check
