[2022-12-05T16:33:17.571+0000] {taskinstance.py:1165} INFO - Dependencies all met for <TaskInstance: first_dag.hello manual__2022-12-05T16:33:16.620753+00:00 [queued]>
[2022-12-05T16:33:17.581+0000] {taskinstance.py:1165} INFO - Dependencies all met for <TaskInstance: first_dag.hello manual__2022-12-05T16:33:16.620753+00:00 [queued]>
[2022-12-05T16:33:17.581+0000] {taskinstance.py:1362} INFO - 
--------------------------------------------------------------------------------
[2022-12-05T16:33:17.582+0000] {taskinstance.py:1363} INFO - Starting attempt 1 of 1
[2022-12-05T16:33:17.582+0000] {taskinstance.py:1364} INFO - 
--------------------------------------------------------------------------------
[2022-12-05T16:33:17.598+0000] {taskinstance.py:1383} INFO - Executing <Task(BashOperator): hello> on 2022-12-05 16:33:16.620753+00:00
[2022-12-05T16:33:17.602+0000] {standard_task_runner.py:55} INFO - Started process 2036 to run task
[2022-12-05T16:33:17.605+0000] {standard_task_runner.py:82} INFO - Running: ['***', 'tasks', 'run', 'first_dag', 'hello', 'manual__2022-12-05T16:33:16.620753+00:00', '--job-id', '977', '--raw', '--subdir', 'DAGS_FOLDER/***1t.py', '--cfg-path', '/tmp/tmpnbzp7w3b']
[2022-12-05T16:33:17.607+0000] {standard_task_runner.py:83} INFO - Job 977: Subtask hello
[2022-12-05T16:33:17.670+0000] {task_command.py:376} INFO - Running <TaskInstance: first_dag.hello manual__2022-12-05T16:33:16.620753+00:00 [running]> on host debdf09646d4
[2022-12-05T16:33:17.747+0000] {taskinstance.py:1592} INFO - Exporting the following env vars:
AIRFLOW_CTX_DAG_OWNER=***
AIRFLOW_CTX_DAG_ID=first_dag
AIRFLOW_CTX_TASK_ID=hello
AIRFLOW_CTX_EXECUTION_DATE=2022-12-05T16:33:16.620753+00:00
AIRFLOW_CTX_TRY_NUMBER=1
AIRFLOW_CTX_DAG_RUN_ID=manual__2022-12-05T16:33:16.620753+00:00
[2022-12-05T16:33:17.748+0000] {subprocess.py:63} INFO - Tmp dir root location: 
 /tmp
[2022-12-05T16:33:17.749+0000] {subprocess.py:75} INFO - Running command: ['/bin/bash', '-c', 'echo hello']
[2022-12-05T16:33:17.759+0000] {subprocess.py:86} INFO - Output:
[2022-12-05T16:33:17.760+0000] {subprocess.py:93} INFO - hello
[2022-12-05T16:33:17.761+0000] {subprocess.py:97} INFO - Command exited with return code 0
[2022-12-05T16:33:17.787+0000] {taskinstance.py:1406} INFO - Marking task as SUCCESS. dag_id=first_dag, task_id=hello, execution_date=20221205T163316, start_date=20221205T163317, end_date=20221205T163317
[2022-12-05T16:33:17.857+0000] {local_task_job.py:159} INFO - Task exited with return code 0
[2022-12-05T16:33:17.900+0000] {taskinstance.py:2623} INFO - 1 downstream tasks scheduled from follow-on schedule check
