[2022-11-30T19:05:07.409+0000] {taskinstance.py:1165} INFO - Dependencies all met for <TaskInstance: first_dag.hello manual__2022-11-30T19:05:06.058115+00:00 [queued]>
[2022-11-30T19:05:07.418+0000] {taskinstance.py:1165} INFO - Dependencies all met for <TaskInstance: first_dag.hello manual__2022-11-30T19:05:06.058115+00:00 [queued]>
[2022-11-30T19:05:07.419+0000] {taskinstance.py:1362} INFO - 
--------------------------------------------------------------------------------
[2022-11-30T19:05:07.419+0000] {taskinstance.py:1363} INFO - Starting attempt 1 of 1
[2022-11-30T19:05:07.420+0000] {taskinstance.py:1364} INFO - 
--------------------------------------------------------------------------------
[2022-11-30T19:05:07.435+0000] {taskinstance.py:1383} INFO - Executing <Task(BashOperator): hello> on 2022-11-30 19:05:06.058115+00:00
[2022-11-30T19:05:07.439+0000] {standard_task_runner.py:55} INFO - Started process 7684 to run task
[2022-11-30T19:05:07.443+0000] {standard_task_runner.py:82} INFO - Running: ['***', 'tasks', 'run', 'first_dag', 'hello', 'manual__2022-11-30T19:05:06.058115+00:00', '--job-id', '727', '--raw', '--subdir', 'DAGS_FOLDER/***1t.py', '--cfg-path', '/tmp/tmppq_xh4wi']
[2022-11-30T19:05:07.445+0000] {standard_task_runner.py:83} INFO - Job 727: Subtask hello
[2022-11-30T19:05:07.506+0000] {task_command.py:376} INFO - Running <TaskInstance: first_dag.hello manual__2022-11-30T19:05:06.058115+00:00 [running]> on host debdf09646d4
[2022-11-30T19:05:07.574+0000] {taskinstance.py:1592} INFO - Exporting the following env vars:
AIRFLOW_CTX_DAG_OWNER=***
AIRFLOW_CTX_DAG_ID=first_dag
AIRFLOW_CTX_TASK_ID=hello
AIRFLOW_CTX_EXECUTION_DATE=2022-11-30T19:05:06.058115+00:00
AIRFLOW_CTX_TRY_NUMBER=1
AIRFLOW_CTX_DAG_RUN_ID=manual__2022-11-30T19:05:06.058115+00:00
[2022-11-30T19:05:07.576+0000] {subprocess.py:63} INFO - Tmp dir root location: 
 /tmp
[2022-11-30T19:05:07.577+0000] {subprocess.py:75} INFO - Running command: ['/bin/bash', '-c', 'echo hello']
[2022-11-30T19:05:07.585+0000] {subprocess.py:86} INFO - Output:
[2022-11-30T19:05:07.586+0000] {subprocess.py:93} INFO - hello
[2022-11-30T19:05:07.587+0000] {subprocess.py:97} INFO - Command exited with return code 0
[2022-11-30T19:05:07.610+0000] {taskinstance.py:1406} INFO - Marking task as SUCCESS. dag_id=first_dag, task_id=hello, execution_date=20221130T190506, start_date=20221130T190507, end_date=20221130T190507
[2022-11-30T19:05:07.655+0000] {local_task_job.py:159} INFO - Task exited with return code 0
[2022-11-30T19:05:07.682+0000] {taskinstance.py:2623} INFO - 1 downstream tasks scheduled from follow-on schedule check
