[2022-12-05T19:22:10.468+0000] {taskinstance.py:1165} INFO - Dependencies all met for <TaskInstance: first_dag.hello scheduled__2022-12-05T04:55:00+00:00 [queued]>
[2022-12-05T19:22:10.490+0000] {taskinstance.py:1165} INFO - Dependencies all met for <TaskInstance: first_dag.hello scheduled__2022-12-05T04:55:00+00:00 [queued]>
[2022-12-05T19:22:10.490+0000] {taskinstance.py:1362} INFO - 
--------------------------------------------------------------------------------
[2022-12-05T19:22:10.491+0000] {taskinstance.py:1363} INFO - Starting attempt 1 of 1
[2022-12-05T19:22:10.492+0000] {taskinstance.py:1364} INFO - 
--------------------------------------------------------------------------------
[2022-12-05T19:22:10.581+0000] {taskinstance.py:1383} INFO - Executing <Task(BashOperator): hello> on 2022-12-05 04:55:00+00:00
[2022-12-05T19:22:10.594+0000] {standard_task_runner.py:55} INFO - Started process 12273 to run task
[2022-12-05T19:22:10.601+0000] {standard_task_runner.py:82} INFO - Running: ['***', 'tasks', 'run', 'first_dag', 'hello', 'scheduled__2022-12-05T04:55:00+00:00', '--job-id', '1698', '--raw', '--subdir', 'DAGS_FOLDER/***1t.py', '--cfg-path', '/tmp/tmpxgr5ztya']
[2022-12-05T19:22:10.610+0000] {standard_task_runner.py:83} INFO - Job 1698: Subtask hello
[2022-12-05T19:22:10.823+0000] {task_command.py:376} INFO - Running <TaskInstance: first_dag.hello scheduled__2022-12-05T04:55:00+00:00 [running]> on host debdf09646d4
[2022-12-05T19:22:11.218+0000] {taskinstance.py:1592} INFO - Exporting the following env vars:
AIRFLOW_CTX_DAG_OWNER=***
AIRFLOW_CTX_DAG_ID=first_dag
AIRFLOW_CTX_TASK_ID=hello
AIRFLOW_CTX_EXECUTION_DATE=2022-12-05T04:55:00+00:00
AIRFLOW_CTX_TRY_NUMBER=1
AIRFLOW_CTX_DAG_RUN_ID=scheduled__2022-12-05T04:55:00+00:00
[2022-12-05T19:22:11.229+0000] {subprocess.py:63} INFO - Tmp dir root location: 
 /tmp
[2022-12-05T19:22:11.231+0000] {subprocess.py:75} INFO - Running command: ['/bin/bash', '-c', 'echo hello']
[2022-12-05T19:22:11.298+0000] {subprocess.py:86} INFO - Output:
[2022-12-05T19:22:11.302+0000] {subprocess.py:93} INFO - hello
[2022-12-05T19:22:11.308+0000] {subprocess.py:97} INFO - Command exited with return code 0
[2022-12-05T19:22:11.410+0000] {taskinstance.py:1406} INFO - Marking task as SUCCESS. dag_id=first_dag, task_id=hello, execution_date=20221205T045500, start_date=20221205T192210, end_date=20221205T192211
[2022-12-05T19:22:11.518+0000] {local_task_job.py:159} INFO - Task exited with return code 0
[2022-12-05T19:22:11.683+0000] {taskinstance.py:2623} INFO - 1 downstream tasks scheduled from follow-on schedule check
