[2022-12-05T19:26:51.215+0000] {taskinstance.py:1165} INFO - Dependencies all met for <TaskInstance: first_dag.world scheduled__2022-12-05T16:10:00+00:00 [queued]>
[2022-12-05T19:26:51.237+0000] {taskinstance.py:1165} INFO - Dependencies all met for <TaskInstance: first_dag.world scheduled__2022-12-05T16:10:00+00:00 [queued]>
[2022-12-05T19:26:51.237+0000] {taskinstance.py:1362} INFO - 
--------------------------------------------------------------------------------
[2022-12-05T19:26:51.238+0000] {taskinstance.py:1363} INFO - Starting attempt 1 of 1
[2022-12-05T19:26:51.242+0000] {taskinstance.py:1364} INFO - 
--------------------------------------------------------------------------------
[2022-12-05T19:26:51.275+0000] {taskinstance.py:1383} INFO - Executing <Task(PythonOperator): world> on 2022-12-05 16:10:00+00:00
[2022-12-05T19:26:51.286+0000] {standard_task_runner.py:55} INFO - Started process 15578 to run task
[2022-12-05T19:26:51.291+0000] {standard_task_runner.py:82} INFO - Running: ['***', 'tasks', 'run', 'first_dag', 'world', 'scheduled__2022-12-05T16:10:00+00:00', '--job-id', '2688', '--raw', '--subdir', 'DAGS_FOLDER/***1t.py', '--cfg-path', '/tmp/tmp01scvw6b']
[2022-12-05T19:26:51.301+0000] {standard_task_runner.py:83} INFO - Job 2688: Subtask world
[2022-12-05T19:26:51.452+0000] {task_command.py:376} INFO - Running <TaskInstance: first_dag.world scheduled__2022-12-05T16:10:00+00:00 [running]> on host debdf09646d4
[2022-12-05T19:26:51.611+0000] {taskinstance.py:1592} INFO - Exporting the following env vars:
AIRFLOW_CTX_DAG_OWNER=***
AIRFLOW_CTX_DAG_ID=first_dag
AIRFLOW_CTX_TASK_ID=world
AIRFLOW_CTX_EXECUTION_DATE=2022-12-05T16:10:00+00:00
AIRFLOW_CTX_TRY_NUMBER=1
AIRFLOW_CTX_DAG_RUN_ID=scheduled__2022-12-05T16:10:00+00:00
[2022-12-05T19:26:51.614+0000] {logging_mixin.py:137} INFO - Hello!
[2022-12-05T19:26:51.614+0000] {python.py:177} INFO - Done. Returned value was: None
[2022-12-05T19:26:51.672+0000] {taskinstance.py:1406} INFO - Marking task as SUCCESS. dag_id=first_dag, task_id=world, execution_date=20221205T161000, start_date=20221205T192651, end_date=20221205T192651
[2022-12-05T19:26:51.770+0000] {local_task_job.py:159} INFO - Task exited with return code 0
[2022-12-05T19:26:51.919+0000] {taskinstance.py:2623} INFO - 1 downstream tasks scheduled from follow-on schedule check
