[2022-11-28T20:11:31.109+0000] {taskinstance.py:1165} INFO - Dependencies all met for <TaskInstance: first_dag.world scheduled__2022-06-15T00:00:00+00:00 [queued]>
[2022-11-28T20:11:31.128+0000] {taskinstance.py:1165} INFO - Dependencies all met for <TaskInstance: first_dag.world scheduled__2022-06-15T00:00:00+00:00 [queued]>
[2022-11-28T20:11:31.132+0000] {taskinstance.py:1362} INFO - 
--------------------------------------------------------------------------------
[2022-11-28T20:11:31.133+0000] {taskinstance.py:1363} INFO - Starting attempt 1 of 1
[2022-11-28T20:11:31.135+0000] {taskinstance.py:1364} INFO - 
--------------------------------------------------------------------------------
[2022-11-28T20:11:31.160+0000] {taskinstance.py:1383} INFO - Executing <Task(PythonOperator): world> on 2022-06-15 00:00:00+00:00
[2022-11-28T20:11:31.167+0000] {standard_task_runner.py:55} INFO - Started process 1035 to run task
[2022-11-28T20:11:31.172+0000] {standard_task_runner.py:82} INFO - Running: ['***', 'tasks', 'run', 'first_dag', 'world', 'scheduled__2022-06-15T00:00:00+00:00', '--job-id', '344', '--raw', '--subdir', 'DAGS_FOLDER/***1t.py', '--cfg-path', '/tmp/tmp3axe_19_']
[2022-11-28T20:11:31.172+0000] {standard_task_runner.py:83} INFO - Job 344: Subtask world
[2022-11-28T20:11:31.246+0000] {task_command.py:376} INFO - Running <TaskInstance: first_dag.world scheduled__2022-06-15T00:00:00+00:00 [running]> on host 7720011b9adc
[2022-11-28T20:11:31.337+0000] {taskinstance.py:1592} INFO - Exporting the following env vars:
AIRFLOW_CTX_DAG_OWNER=***
AIRFLOW_CTX_DAG_ID=first_dag
AIRFLOW_CTX_TASK_ID=world
AIRFLOW_CTX_EXECUTION_DATE=2022-06-15T00:00:00+00:00
AIRFLOW_CTX_TRY_NUMBER=1
AIRFLOW_CTX_DAG_RUN_ID=scheduled__2022-06-15T00:00:00+00:00
[2022-11-28T20:11:31.337+0000] {logging_mixin.py:137} INFO - Airflow
[2022-11-28T20:11:31.338+0000] {python.py:177} INFO - Done. Returned value was: None
[2022-11-28T20:11:31.350+0000] {taskinstance.py:1406} INFO - Marking task as SUCCESS. dag_id=first_dag, task_id=world, execution_date=20220615T000000, start_date=20221128T201131, end_date=20221128T201131
[2022-11-28T20:11:31.382+0000] {local_task_job.py:159} INFO - Task exited with return code 0
[2022-11-28T20:11:31.397+0000] {taskinstance.py:2623} INFO - 0 downstream tasks scheduled from follow-on schedule check
