[2022-11-30T19:05:09.762+0000] {taskinstance.py:1165} INFO - Dependencies all met for <TaskInstance: first_dag.ford_dataset manual__2022-11-30T19:05:06.058115+00:00 [queued]>
[2022-11-30T19:05:09.774+0000] {taskinstance.py:1165} INFO - Dependencies all met for <TaskInstance: first_dag.ford_dataset manual__2022-11-30T19:05:06.058115+00:00 [queued]>
[2022-11-30T19:05:09.774+0000] {taskinstance.py:1362} INFO - 
--------------------------------------------------------------------------------
[2022-11-30T19:05:09.775+0000] {taskinstance.py:1363} INFO - Starting attempt 1 of 1
[2022-11-30T19:05:09.775+0000] {taskinstance.py:1364} INFO - 
--------------------------------------------------------------------------------
[2022-11-30T19:05:09.791+0000] {taskinstance.py:1383} INFO - Executing <Task(PythonOperator): ford_dataset> on 2022-11-30 19:05:06.058115+00:00
[2022-11-30T19:05:09.795+0000] {standard_task_runner.py:55} INFO - Started process 7691 to run task
[2022-11-30T19:05:09.798+0000] {standard_task_runner.py:82} INFO - Running: ['***', 'tasks', 'run', 'first_dag', 'ford_dataset', 'manual__2022-11-30T19:05:06.058115+00:00', '--job-id', '729', '--raw', '--subdir', 'DAGS_FOLDER/***1t.py', '--cfg-path', '/tmp/tmp0jj_ddwx']
[2022-11-30T19:05:09.800+0000] {standard_task_runner.py:83} INFO - Job 729: Subtask ford_dataset
[2022-11-30T19:05:09.860+0000] {task_command.py:376} INFO - Running <TaskInstance: first_dag.ford_dataset manual__2022-11-30T19:05:06.058115+00:00 [running]> on host debdf09646d4
[2022-11-30T19:05:09.932+0000] {taskinstance.py:1592} INFO - Exporting the following env vars:
AIRFLOW_CTX_DAG_OWNER=***
AIRFLOW_CTX_DAG_ID=first_dag
AIRFLOW_CTX_TASK_ID=ford_dataset
AIRFLOW_CTX_EXECUTION_DATE=2022-11-30T19:05:06.058115+00:00
AIRFLOW_CTX_TRY_NUMBER=1
AIRFLOW_CTX_DAG_RUN_ID=manual__2022-11-30T19:05:06.058115+00:00
[2022-11-30T19:05:11.269+0000] {logging_mixin.py:137} INFO - our value:  12348765
[2022-11-30T19:05:11.270+0000] {python.py:177} INFO - Done. Returned value was: None
[2022-11-30T19:05:11.278+0000] {taskinstance.py:1406} INFO - Marking task as SUCCESS. dag_id=first_dag, task_id=ford_dataset, execution_date=20221130T190506, start_date=20221130T190509, end_date=20221130T190511
[2022-11-30T19:05:11.297+0000] {local_task_job.py:159} INFO - Task exited with return code 0
[2022-11-30T19:05:11.313+0000] {taskinstance.py:2623} INFO - 0 downstream tasks scheduled from follow-on schedule check
