[2022-12-05T19:27:51.418+0000] {taskinstance.py:1165} INFO - Dependencies all met for <TaskInstance: first_dag.file_path scheduled__2022-12-05T18:30:00+00:00 [queued]>
[2022-12-05T19:27:51.440+0000] {taskinstance.py:1165} INFO - Dependencies all met for <TaskInstance: first_dag.file_path scheduled__2022-12-05T18:30:00+00:00 [queued]>
[2022-12-05T19:27:51.441+0000] {taskinstance.py:1362} INFO - 
--------------------------------------------------------------------------------
[2022-12-05T19:27:51.441+0000] {taskinstance.py:1363} INFO - Starting attempt 1 of 1
[2022-12-05T19:27:51.442+0000] {taskinstance.py:1364} INFO - 
--------------------------------------------------------------------------------
[2022-12-05T19:27:51.487+0000] {taskinstance.py:1383} INFO - Executing <Task(PythonOperator): file_path> on 2022-12-05 18:30:00+00:00
[2022-12-05T19:27:51.496+0000] {standard_task_runner.py:55} INFO - Started process 16268 to run task
[2022-12-05T19:27:51.505+0000] {standard_task_runner.py:82} INFO - Running: ['***', 'tasks', 'run', 'first_dag', 'file_path', 'scheduled__2022-12-05T18:30:00+00:00', '--job-id', '2893', '--raw', '--subdir', 'DAGS_FOLDER/***1t.py', '--cfg-path', '/tmp/tmp28hkcokb']
[2022-12-05T19:27:51.510+0000] {standard_task_runner.py:83} INFO - Job 2893: Subtask file_path
[2022-12-05T19:27:51.785+0000] {task_command.py:376} INFO - Running <TaskInstance: first_dag.file_path scheduled__2022-12-05T18:30:00+00:00 [running]> on host debdf09646d4
[2022-12-05T19:27:52.126+0000] {taskinstance.py:1592} INFO - Exporting the following env vars:
AIRFLOW_CTX_DAG_OWNER=***
AIRFLOW_CTX_DAG_ID=first_dag
AIRFLOW_CTX_TASK_ID=file_path
AIRFLOW_CTX_EXECUTION_DATE=2022-12-05T18:30:00+00:00
AIRFLOW_CTX_TRY_NUMBER=1
AIRFLOW_CTX_DAG_RUN_ID=scheduled__2022-12-05T18:30:00+00:00
[2022-12-05T19:27:52.199+0000] {logging_mixin.py:137} INFO - our value:  https://people.sc.fsu.edu/~jburkardt/data/csv/ford_escort.csv
[2022-12-05T19:27:52.200+0000] {python.py:177} INFO - Done. Returned value was: None
[2022-12-05T19:27:52.233+0000] {taskinstance.py:1406} INFO - Marking task as SUCCESS. dag_id=first_dag, task_id=file_path, execution_date=20221205T183000, start_date=20221205T192751, end_date=20221205T192752
[2022-12-05T19:27:52.328+0000] {local_task_job.py:159} INFO - Task exited with return code 0
[2022-12-05T19:27:52.632+0000] {taskinstance.py:2623} INFO - 1 downstream tasks scheduled from follow-on schedule check
