[2022-12-05T19:24:52.442+0000] {taskinstance.py:1165} INFO - Dependencies all met for <TaskInstance: first_dag.file_path scheduled__2022-12-05T11:25:00+00:00 [queued]>
[2022-12-05T19:24:52.480+0000] {taskinstance.py:1165} INFO - Dependencies all met for <TaskInstance: first_dag.file_path scheduled__2022-12-05T11:25:00+00:00 [queued]>
[2022-12-05T19:24:52.483+0000] {taskinstance.py:1362} INFO - 
--------------------------------------------------------------------------------
[2022-12-05T19:24:52.484+0000] {taskinstance.py:1363} INFO - Starting attempt 1 of 1
[2022-12-05T19:24:52.485+0000] {taskinstance.py:1364} INFO - 
--------------------------------------------------------------------------------
[2022-12-05T19:24:52.559+0000] {taskinstance.py:1383} INFO - Executing <Task(PythonOperator): file_path> on 2022-12-05 11:25:00+00:00
[2022-12-05T19:24:52.572+0000] {standard_task_runner.py:55} INFO - Started process 14194 to run task
[2022-12-05T19:24:52.585+0000] {standard_task_runner.py:82} INFO - Running: ['***', 'tasks', 'run', 'first_dag', 'file_path', 'scheduled__2022-12-05T11:25:00+00:00', '--job-id', '2273', '--raw', '--subdir', 'DAGS_FOLDER/***1t.py', '--cfg-path', '/tmp/tmphj4_515n']
[2022-12-05T19:24:52.612+0000] {standard_task_runner.py:83} INFO - Job 2273: Subtask file_path
[2022-12-05T19:24:52.835+0000] {task_command.py:376} INFO - Running <TaskInstance: first_dag.file_path scheduled__2022-12-05T11:25:00+00:00 [running]> on host debdf09646d4
[2022-12-05T19:24:53.114+0000] {taskinstance.py:1592} INFO - Exporting the following env vars:
AIRFLOW_CTX_DAG_OWNER=***
AIRFLOW_CTX_DAG_ID=first_dag
AIRFLOW_CTX_TASK_ID=file_path
AIRFLOW_CTX_EXECUTION_DATE=2022-12-05T11:25:00+00:00
AIRFLOW_CTX_TRY_NUMBER=1
AIRFLOW_CTX_DAG_RUN_ID=scheduled__2022-12-05T11:25:00+00:00
[2022-12-05T19:24:53.160+0000] {logging_mixin.py:137} INFO - our value:  https://people.sc.fsu.edu/~jburkardt/data/csv/ford_escort.csv
[2022-12-05T19:24:53.164+0000] {python.py:177} INFO - Done. Returned value was: None
[2022-12-05T19:24:53.199+0000] {taskinstance.py:1406} INFO - Marking task as SUCCESS. dag_id=first_dag, task_id=file_path, execution_date=20221205T112500, start_date=20221205T192452, end_date=20221205T192453
[2022-12-05T19:24:53.281+0000] {local_task_job.py:159} INFO - Task exited with return code 0
[2022-12-05T19:24:53.406+0000] {taskinstance.py:2623} INFO - 1 downstream tasks scheduled from follow-on schedule check
