[2022-11-28T20:10:00.164+0000] {taskinstance.py:1165} INFO - Dependencies all met for <TaskInstance: first_dag.world scheduled__2022-02-07T00:00:00+00:00 [queued]>
[2022-11-28T20:10:00.184+0000] {taskinstance.py:1165} INFO - Dependencies all met for <TaskInstance: first_dag.world scheduled__2022-02-07T00:00:00+00:00 [queued]>
[2022-11-28T20:10:00.185+0000] {taskinstance.py:1362} INFO - 
--------------------------------------------------------------------------------
[2022-11-28T20:10:00.185+0000] {taskinstance.py:1363} INFO - Starting attempt 1 of 1
[2022-11-28T20:10:00.187+0000] {taskinstance.py:1364} INFO - 
--------------------------------------------------------------------------------
[2022-11-28T20:10:00.213+0000] {taskinstance.py:1383} INFO - Executing <Task(PythonOperator): world> on 2022-02-07 00:00:00+00:00
[2022-11-28T20:10:00.219+0000] {standard_task_runner.py:55} INFO - Started process 326 to run task
[2022-11-28T20:10:00.224+0000] {standard_task_runner.py:82} INFO - Running: ['***', 'tasks', 'run', 'first_dag', 'world', 'scheduled__2022-02-07T00:00:00+00:00', '--job-id', '89', '--raw', '--subdir', 'DAGS_FOLDER/***1t.py', '--cfg-path', '/tmp/tmphc2t6e4m']
[2022-11-28T20:10:00.225+0000] {standard_task_runner.py:83} INFO - Job 89: Subtask world
[2022-11-28T20:10:00.319+0000] {task_command.py:376} INFO - Running <TaskInstance: first_dag.world scheduled__2022-02-07T00:00:00+00:00 [running]> on host 7720011b9adc
[2022-11-28T20:10:00.422+0000] {taskinstance.py:1592} INFO - Exporting the following env vars:
AIRFLOW_CTX_DAG_OWNER=***
AIRFLOW_CTX_DAG_ID=first_dag
AIRFLOW_CTX_TASK_ID=world
AIRFLOW_CTX_EXECUTION_DATE=2022-02-07T00:00:00+00:00
AIRFLOW_CTX_TRY_NUMBER=1
AIRFLOW_CTX_DAG_RUN_ID=scheduled__2022-02-07T00:00:00+00:00
[2022-11-28T20:10:00.423+0000] {logging_mixin.py:137} INFO - Airflow
[2022-11-28T20:10:00.424+0000] {python.py:177} INFO - Done. Returned value was: None
[2022-11-28T20:10:00.438+0000] {taskinstance.py:1406} INFO - Marking task as SUCCESS. dag_id=first_dag, task_id=world, execution_date=20220207T000000, start_date=20221128T201000, end_date=20221128T201000
[2022-11-28T20:10:00.477+0000] {local_task_job.py:159} INFO - Task exited with return code 0
[2022-11-28T20:10:00.555+0000] {taskinstance.py:2623} INFO - 0 downstream tasks scheduled from follow-on schedule check
