[2022-11-30T19:05:27.709+0000] {taskinstance.py:1165} INFO - Dependencies all met for <TaskInstance: first_dag.ford_dataset manual__2022-11-30T19:05:24.665331+00:00 [queued]>
[2022-11-30T19:05:27.719+0000] {taskinstance.py:1165} INFO - Dependencies all met for <TaskInstance: first_dag.ford_dataset manual__2022-11-30T19:05:24.665331+00:00 [queued]>
[2022-11-30T19:05:27.720+0000] {taskinstance.py:1362} INFO - 
--------------------------------------------------------------------------------
[2022-11-30T19:05:27.721+0000] {taskinstance.py:1363} INFO - Starting attempt 1 of 1
[2022-11-30T19:05:27.721+0000] {taskinstance.py:1364} INFO - 
--------------------------------------------------------------------------------
[2022-11-30T19:05:27.736+0000] {taskinstance.py:1383} INFO - Executing <Task(PythonOperator): ford_dataset> on 2022-11-30 19:05:24.665331+00:00
[2022-11-30T19:05:27.742+0000] {standard_task_runner.py:55} INFO - Started process 7719 to run task
[2022-11-30T19:05:27.748+0000] {standard_task_runner.py:82} INFO - Running: ['***', 'tasks', 'run', 'first_dag', 'ford_dataset', 'manual__2022-11-30T19:05:24.665331+00:00', '--job-id', '732', '--raw', '--subdir', 'DAGS_FOLDER/***1t.py', '--cfg-path', '/tmp/tmp9keq8bo_']
[2022-11-30T19:05:27.751+0000] {standard_task_runner.py:83} INFO - Job 732: Subtask ford_dataset
[2022-11-30T19:05:27.864+0000] {task_command.py:376} INFO - Running <TaskInstance: first_dag.ford_dataset manual__2022-11-30T19:05:24.665331+00:00 [running]> on host debdf09646d4
[2022-11-30T19:05:27.929+0000] {taskinstance.py:1592} INFO - Exporting the following env vars:
AIRFLOW_CTX_DAG_OWNER=***
AIRFLOW_CTX_DAG_ID=first_dag
AIRFLOW_CTX_TASK_ID=ford_dataset
AIRFLOW_CTX_EXECUTION_DATE=2022-11-30T19:05:24.665331+00:00
AIRFLOW_CTX_TRY_NUMBER=1
AIRFLOW_CTX_DAG_RUN_ID=manual__2022-11-30T19:05:24.665331+00:00
[2022-11-30T19:05:28.709+0000] {logging_mixin.py:137} INFO - our value:  12348765
[2022-11-30T19:05:28.710+0000] {python.py:177} INFO - Done. Returned value was: None
[2022-11-30T19:05:28.719+0000] {taskinstance.py:1406} INFO - Marking task as SUCCESS. dag_id=first_dag, task_id=ford_dataset, execution_date=20221130T190524, start_date=20221130T190527, end_date=20221130T190528
[2022-11-30T19:05:28.763+0000] {local_task_job.py:159} INFO - Task exited with return code 0
[2022-11-30T19:05:28.780+0000] {taskinstance.py:2623} INFO - 0 downstream tasks scheduled from follow-on schedule check
