[2022-12-05T19:27:33.712+0000] {taskinstance.py:1165} INFO - Dependencies all met for <TaskInstance: first_dag.number_task scheduled__2022-12-05T17:20:00+00:00 [queued]>
[2022-12-05T19:27:33.731+0000] {taskinstance.py:1165} INFO - Dependencies all met for <TaskInstance: first_dag.number_task scheduled__2022-12-05T17:20:00+00:00 [queued]>
[2022-12-05T19:27:33.732+0000] {taskinstance.py:1362} INFO - 
--------------------------------------------------------------------------------
[2022-12-05T19:27:33.733+0000] {taskinstance.py:1363} INFO - Starting attempt 1 of 1
[2022-12-05T19:27:33.733+0000] {taskinstance.py:1364} INFO - 
--------------------------------------------------------------------------------
[2022-12-05T19:27:33.753+0000] {taskinstance.py:1383} INFO - Executing <Task(PythonOperator): number_task> on 2022-12-05 17:20:00+00:00
[2022-12-05T19:27:33.760+0000] {standard_task_runner.py:55} INFO - Started process 16041 to run task
[2022-12-05T19:27:33.765+0000] {standard_task_runner.py:82} INFO - Running: ['***', 'tasks', 'run', 'first_dag', 'number_task', 'scheduled__2022-12-05T17:20:00+00:00', '--job-id', '2832', '--raw', '--subdir', 'DAGS_FOLDER/***1t.py', '--cfg-path', '/tmp/tmp8e993mw1']
[2022-12-05T19:27:33.771+0000] {standard_task_runner.py:83} INFO - Job 2832: Subtask number_task
[2022-12-05T19:27:33.858+0000] {task_command.py:376} INFO - Running <TaskInstance: first_dag.number_task scheduled__2022-12-05T17:20:00+00:00 [running]> on host debdf09646d4
[2022-12-05T19:27:33.984+0000] {taskinstance.py:1592} INFO - Exporting the following env vars:
AIRFLOW_CTX_DAG_OWNER=***
AIRFLOW_CTX_DAG_ID=first_dag
AIRFLOW_CTX_TASK_ID=number_task
AIRFLOW_CTX_EXECUTION_DATE=2022-12-05T17:20:00+00:00
AIRFLOW_CTX_TRY_NUMBER=1
AIRFLOW_CTX_DAG_RUN_ID=scheduled__2022-12-05T17:20:00+00:00
[2022-12-05T19:27:33.987+0000] {logging_mixin.py:137} INFO - 27   54
[2022-12-05T19:27:33.988+0000] {logging_mixin.py:137} INFO - <_io.TextIOWrapper name='file.txt' mode='a' encoding='UTF-8'>
[2022-12-05T19:27:33.988+0000] {python.py:177} INFO - Done. Returned value was: None
[2022-12-05T19:27:34.007+0000] {taskinstance.py:1406} INFO - Marking task as SUCCESS. dag_id=first_dag, task_id=number_task, execution_date=20221205T172000, start_date=20221205T192733, end_date=20221205T192734
[2022-12-05T19:27:34.059+0000] {local_task_job.py:159} INFO - Task exited with return code 0
[2022-12-05T19:27:34.086+0000] {taskinstance.py:2623} INFO - 1 downstream tasks scheduled from follow-on schedule check
