[2022-11-28T20:12:12.890+0000] {taskinstance.py:1165} INFO - Dependencies all met for <TaskInstance: first_dag.world scheduled__2022-08-09T00:00:00+00:00 [queued]>
[2022-11-28T20:12:12.906+0000] {taskinstance.py:1165} INFO - Dependencies all met for <TaskInstance: first_dag.world scheduled__2022-08-09T00:00:00+00:00 [queued]>
[2022-11-28T20:12:12.907+0000] {taskinstance.py:1362} INFO - 
--------------------------------------------------------------------------------
[2022-11-28T20:12:12.907+0000] {taskinstance.py:1363} INFO - Starting attempt 1 of 1
[2022-11-28T20:12:12.908+0000] {taskinstance.py:1364} INFO - 
--------------------------------------------------------------------------------
[2022-11-28T20:12:12.960+0000] {taskinstance.py:1383} INFO - Executing <Task(PythonOperator): world> on 2022-08-09 00:00:00+00:00
[2022-11-28T20:12:12.966+0000] {standard_task_runner.py:55} INFO - Started process 1344 to run task
[2022-11-28T20:12:12.970+0000] {standard_task_runner.py:82} INFO - Running: ['***', 'tasks', 'run', 'first_dag', 'world', 'scheduled__2022-08-09T00:00:00+00:00', '--job-id', '456', '--raw', '--subdir', 'DAGS_FOLDER/***1t.py', '--cfg-path', '/tmp/tmprmaey5rf']
[2022-11-28T20:12:12.972+0000] {standard_task_runner.py:83} INFO - Job 456: Subtask world
[2022-11-28T20:12:13.090+0000] {task_command.py:376} INFO - Running <TaskInstance: first_dag.world scheduled__2022-08-09T00:00:00+00:00 [running]> on host 7720011b9adc
[2022-11-28T20:12:13.227+0000] {taskinstance.py:1592} INFO - Exporting the following env vars:
AIRFLOW_CTX_DAG_OWNER=***
AIRFLOW_CTX_DAG_ID=first_dag
AIRFLOW_CTX_TASK_ID=world
AIRFLOW_CTX_EXECUTION_DATE=2022-08-09T00:00:00+00:00
AIRFLOW_CTX_TRY_NUMBER=1
AIRFLOW_CTX_DAG_RUN_ID=scheduled__2022-08-09T00:00:00+00:00
[2022-11-28T20:12:13.229+0000] {logging_mixin.py:137} INFO - Airflow
[2022-11-28T20:12:13.230+0000] {python.py:177} INFO - Done. Returned value was: None
[2022-11-28T20:12:13.251+0000] {taskinstance.py:1406} INFO - Marking task as SUCCESS. dag_id=first_dag, task_id=world, execution_date=20220809T000000, start_date=20221128T201212, end_date=20221128T201213
[2022-11-28T20:12:13.307+0000] {local_task_job.py:159} INFO - Task exited with return code 0
[2022-11-28T20:12:13.336+0000] {taskinstance.py:2623} INFO - 0 downstream tasks scheduled from follow-on schedule check
