[2022-11-30T19:46:14.997+0000] {taskinstance.py:1165} INFO - Dependencies all met for <TaskInstance: first_dag.world manual__2022-11-30T19:46:12.547069+00:00 [queued]>
[2022-11-30T19:46:15.011+0000] {taskinstance.py:1165} INFO - Dependencies all met for <TaskInstance: first_dag.world manual__2022-11-30T19:46:12.547069+00:00 [queued]>
[2022-11-30T19:46:15.011+0000] {taskinstance.py:1362} INFO - 
--------------------------------------------------------------------------------
[2022-11-30T19:46:15.011+0000] {taskinstance.py:1363} INFO - Starting attempt 1 of 1
[2022-11-30T19:46:15.016+0000] {taskinstance.py:1364} INFO - 
--------------------------------------------------------------------------------
[2022-11-30T19:46:15.032+0000] {taskinstance.py:1383} INFO - Executing <Task(PythonOperator): world> on 2022-11-30 19:46:12.547069+00:00
[2022-11-30T19:46:15.037+0000] {standard_task_runner.py:55} INFO - Started process 9751 to run task
[2022-11-30T19:46:15.040+0000] {standard_task_runner.py:82} INFO - Running: ['***', 'tasks', 'run', 'first_dag', 'world', 'manual__2022-11-30T19:46:12.547069+00:00', '--job-id', '762', '--raw', '--subdir', 'DAGS_FOLDER/***1t.py', '--cfg-path', '/tmp/tmpzslq59wi']
[2022-11-30T19:46:15.042+0000] {standard_task_runner.py:83} INFO - Job 762: Subtask world
[2022-11-30T19:46:15.133+0000] {task_command.py:376} INFO - Running <TaskInstance: first_dag.world manual__2022-11-30T19:46:12.547069+00:00 [running]> on host debdf09646d4
[2022-11-30T19:46:15.222+0000] {taskinstance.py:1592} INFO - Exporting the following env vars:
AIRFLOW_CTX_DAG_OWNER=***
AIRFLOW_CTX_DAG_ID=first_dag
AIRFLOW_CTX_TASK_ID=world
AIRFLOW_CTX_EXECUTION_DATE=2022-11-30T19:46:12.547069+00:00
AIRFLOW_CTX_TRY_NUMBER=1
AIRFLOW_CTX_DAG_RUN_ID=manual__2022-11-30T19:46:12.547069+00:00
[2022-11-30T19:46:15.224+0000] {logging_mixin.py:137} INFO - Hello!
[2022-11-30T19:46:15.224+0000] {python.py:177} INFO - Done. Returned value was: None
[2022-11-30T19:46:15.234+0000] {taskinstance.py:1406} INFO - Marking task as SUCCESS. dag_id=first_dag, task_id=world, execution_date=20221130T194612, start_date=20221130T194614, end_date=20221130T194615
[2022-11-30T19:46:15.252+0000] {local_task_job.py:159} INFO - Task exited with return code 0
[2022-11-30T19:46:15.278+0000] {taskinstance.py:2623} INFO - 1 downstream tasks scheduled from follow-on schedule check
