[2022-12-05T19:21:13.186+0000] {taskinstance.py:1165} INFO - Dependencies all met for <TaskInstance: first_dag.world scheduled__2022-12-05T02:15:00+00:00 [queued]>
[2022-12-05T19:21:13.214+0000] {taskinstance.py:1165} INFO - Dependencies all met for <TaskInstance: first_dag.world scheduled__2022-12-05T02:15:00+00:00 [queued]>
[2022-12-05T19:21:13.214+0000] {taskinstance.py:1362} INFO - 
--------------------------------------------------------------------------------
[2022-12-05T19:21:13.215+0000] {taskinstance.py:1363} INFO - Starting attempt 1 of 1
[2022-12-05T19:21:13.218+0000] {taskinstance.py:1364} INFO - 
--------------------------------------------------------------------------------
[2022-12-05T19:21:13.267+0000] {taskinstance.py:1383} INFO - Executing <Task(PythonOperator): world> on 2022-12-05 02:15:00+00:00
[2022-12-05T19:21:13.274+0000] {standard_task_runner.py:55} INFO - Started process 11646 to run task
[2022-12-05T19:21:13.303+0000] {standard_task_runner.py:82} INFO - Running: ['***', 'tasks', 'run', 'first_dag', 'world', 'scheduled__2022-12-05T02:15:00+00:00', '--job-id', '1509', '--raw', '--subdir', 'DAGS_FOLDER/***1t.py', '--cfg-path', '/tmp/tmpt9nf9zj3']
[2022-12-05T19:21:13.308+0000] {standard_task_runner.py:83} INFO - Job 1509: Subtask world
[2022-12-05T19:21:13.604+0000] {task_command.py:376} INFO - Running <TaskInstance: first_dag.world scheduled__2022-12-05T02:15:00+00:00 [running]> on host debdf09646d4
[2022-12-05T19:21:13.915+0000] {taskinstance.py:1592} INFO - Exporting the following env vars:
AIRFLOW_CTX_DAG_OWNER=***
AIRFLOW_CTX_DAG_ID=first_dag
AIRFLOW_CTX_TASK_ID=world
AIRFLOW_CTX_EXECUTION_DATE=2022-12-05T02:15:00+00:00
AIRFLOW_CTX_TRY_NUMBER=1
AIRFLOW_CTX_DAG_RUN_ID=scheduled__2022-12-05T02:15:00+00:00
[2022-12-05T19:21:13.918+0000] {logging_mixin.py:137} INFO - Hello!
[2022-12-05T19:21:13.919+0000] {python.py:177} INFO - Done. Returned value was: None
[2022-12-05T19:21:13.951+0000] {taskinstance.py:1406} INFO - Marking task as SUCCESS. dag_id=first_dag, task_id=world, execution_date=20221205T021500, start_date=20221205T192113, end_date=20221205T192113
[2022-12-05T19:21:14.090+0000] {local_task_job.py:159} INFO - Task exited with return code 0
[2022-12-05T19:21:14.216+0000] {taskinstance.py:2623} INFO - 1 downstream tasks scheduled from follow-on schedule check
