[2022-12-05T19:21:40.432+0000] {taskinstance.py:1165} INFO - Dependencies all met for <TaskInstance: first_dag.pull_task scheduled__2022-12-05T02:45:00+00:00 [queued]>
[2022-12-05T19:21:40.503+0000] {taskinstance.py:1165} INFO - Dependencies all met for <TaskInstance: first_dag.pull_task scheduled__2022-12-05T02:45:00+00:00 [queued]>
[2022-12-05T19:21:40.504+0000] {taskinstance.py:1362} INFO - 
--------------------------------------------------------------------------------
[2022-12-05T19:21:40.505+0000] {taskinstance.py:1363} INFO - Starting attempt 1 of 1
[2022-12-05T19:21:40.505+0000] {taskinstance.py:1364} INFO - 
--------------------------------------------------------------------------------
[2022-12-05T19:21:40.544+0000] {taskinstance.py:1383} INFO - Executing <Task(PythonOperator): pull_task> on 2022-12-05 02:45:00+00:00
[2022-12-05T19:21:40.560+0000] {standard_task_runner.py:55} INFO - Started process 11941 to run task
[2022-12-05T19:21:40.577+0000] {standard_task_runner.py:82} INFO - Running: ['***', 'tasks', 'run', 'first_dag', 'pull_task', 'scheduled__2022-12-05T02:45:00+00:00', '--job-id', '1596', '--raw', '--subdir', 'DAGS_FOLDER/***1t.py', '--cfg-path', '/tmp/tmpmjsguwpa']
[2022-12-05T19:21:40.590+0000] {standard_task_runner.py:83} INFO - Job 1596: Subtask pull_task
[2022-12-05T19:21:40.821+0000] {task_command.py:376} INFO - Running <TaskInstance: first_dag.pull_task scheduled__2022-12-05T02:45:00+00:00 [running]> on host debdf09646d4
[2022-12-05T19:21:41.131+0000] {taskinstance.py:1592} INFO - Exporting the following env vars:
AIRFLOW_CTX_DAG_OWNER=***
AIRFLOW_CTX_DAG_ID=first_dag
AIRFLOW_CTX_TASK_ID=pull_task
AIRFLOW_CTX_EXECUTION_DATE=2022-12-05T02:45:00+00:00
AIRFLOW_CTX_TRY_NUMBER=1
AIRFLOW_CTX_DAG_RUN_ID=scheduled__2022-12-05T02:45:00+00:00
[2022-12-05T19:21:42.147+0000] {logging_mixin.py:137} INFO - 23
[2022-12-05T19:21:42.149+0000] {python.py:177} INFO - Done. Returned value was: None
[2022-12-05T19:21:42.198+0000] {taskinstance.py:1406} INFO - Marking task as SUCCESS. dag_id=first_dag, task_id=pull_task, execution_date=20221205T024500, start_date=20221205T192140, end_date=20221205T192142
[2022-12-05T19:21:42.267+0000] {local_task_job.py:159} INFO - Task exited with return code 0
[2022-12-05T19:21:42.418+0000] {taskinstance.py:2623} INFO - 1 downstream tasks scheduled from follow-on schedule check
