[2022-11-28T20:11:18.204+0000] {taskinstance.py:1165} INFO - Dependencies all met for <TaskInstance: first_dag.world scheduled__2022-05-30T00:00:00+00:00 [queued]>
[2022-11-28T20:11:18.228+0000] {taskinstance.py:1165} INFO - Dependencies all met for <TaskInstance: first_dag.world scheduled__2022-05-30T00:00:00+00:00 [queued]>
[2022-11-28T20:11:18.230+0000] {taskinstance.py:1362} INFO - 
--------------------------------------------------------------------------------
[2022-11-28T20:11:18.230+0000] {taskinstance.py:1363} INFO - Starting attempt 1 of 1
[2022-11-28T20:11:18.231+0000] {taskinstance.py:1364} INFO - 
--------------------------------------------------------------------------------
[2022-11-28T20:11:18.268+0000] {taskinstance.py:1383} INFO - Executing <Task(PythonOperator): world> on 2022-05-30 00:00:00+00:00
[2022-11-28T20:11:18.274+0000] {standard_task_runner.py:55} INFO - Started process 940 to run task
[2022-11-28T20:11:18.286+0000] {standard_task_runner.py:82} INFO - Running: ['***', 'tasks', 'run', 'first_dag', 'world', 'scheduled__2022-05-30T00:00:00+00:00', '--job-id', '311', '--raw', '--subdir', 'DAGS_FOLDER/***1t.py', '--cfg-path', '/tmp/tmpx1zdojnx']
[2022-11-28T20:11:18.296+0000] {standard_task_runner.py:83} INFO - Job 311: Subtask world
[2022-11-28T20:11:18.403+0000] {task_command.py:376} INFO - Running <TaskInstance: first_dag.world scheduled__2022-05-30T00:00:00+00:00 [running]> on host 7720011b9adc
[2022-11-28T20:11:18.509+0000] {taskinstance.py:1592} INFO - Exporting the following env vars:
AIRFLOW_CTX_DAG_OWNER=***
AIRFLOW_CTX_DAG_ID=first_dag
AIRFLOW_CTX_TASK_ID=world
AIRFLOW_CTX_EXECUTION_DATE=2022-05-30T00:00:00+00:00
AIRFLOW_CTX_TRY_NUMBER=1
AIRFLOW_CTX_DAG_RUN_ID=scheduled__2022-05-30T00:00:00+00:00
[2022-11-28T20:11:18.511+0000] {logging_mixin.py:137} INFO - Airflow
[2022-11-28T20:11:18.511+0000] {python.py:177} INFO - Done. Returned value was: None
[2022-11-28T20:11:18.529+0000] {taskinstance.py:1406} INFO - Marking task as SUCCESS. dag_id=first_dag, task_id=world, execution_date=20220530T000000, start_date=20221128T201118, end_date=20221128T201118
[2022-11-28T20:11:18.575+0000] {local_task_job.py:159} INFO - Task exited with return code 0
[2022-11-28T20:11:18.603+0000] {taskinstance.py:2623} INFO - 0 downstream tasks scheduled from follow-on schedule check
