[2022-12-05T19:21:09.389+0000] {taskinstance.py:1165} INFO - Dependencies all met for <TaskInstance: first_dag.broadcast_task manual__2022-12-05T19:20:43.091415+00:00 [queued]>
[2022-12-05T19:21:09.420+0000] {taskinstance.py:1165} INFO - Dependencies all met for <TaskInstance: first_dag.broadcast_task manual__2022-12-05T19:20:43.091415+00:00 [queued]>
[2022-12-05T19:21:09.421+0000] {taskinstance.py:1362} INFO - 
--------------------------------------------------------------------------------
[2022-12-05T19:21:09.423+0000] {taskinstance.py:1363} INFO - Starting attempt 1 of 1
[2022-12-05T19:21:09.425+0000] {taskinstance.py:1364} INFO - 
--------------------------------------------------------------------------------
[2022-12-05T19:21:09.481+0000] {taskinstance.py:1383} INFO - Executing <Task(PythonOperator): broadcast_task> on 2022-12-05 19:20:43.091415+00:00
[2022-12-05T19:21:09.491+0000] {standard_task_runner.py:55} INFO - Started process 11586 to run task
[2022-12-05T19:21:09.514+0000] {standard_task_runner.py:82} INFO - Running: ['***', 'tasks', 'run', 'first_dag', 'broadcast_task', 'manual__2022-12-05T19:20:43.091415+00:00', '--job-id', '1492', '--raw', '--subdir', 'DAGS_FOLDER/***1t.py', '--cfg-path', '/tmp/tmpf9chb45y']
[2022-12-05T19:21:09.516+0000] {standard_task_runner.py:83} INFO - Job 1492: Subtask broadcast_task
[2022-12-05T19:21:09.703+0000] {task_command.py:376} INFO - Running <TaskInstance: first_dag.broadcast_task manual__2022-12-05T19:20:43.091415+00:00 [running]> on host debdf09646d4
[2022-12-05T19:21:09.871+0000] {taskinstance.py:1592} INFO - Exporting the following env vars:
AIRFLOW_CTX_DAG_OWNER=***
AIRFLOW_CTX_DAG_ID=first_dag
AIRFLOW_CTX_TASK_ID=broadcast_task
AIRFLOW_CTX_EXECUTION_DATE=2022-12-05T19:20:43.091415+00:00
AIRFLOW_CTX_TRY_NUMBER=1
AIRFLOW_CTX_DAG_RUN_ID=manual__2022-12-05T19:20:43.091415+00:00
[2022-12-05T19:21:11.315+0000] {logging_mixin.py:137} INFO - 23
[2022-12-05T19:21:11.317+0000] {python.py:177} INFO - Done. Returned value was: None
[2022-12-05T19:21:11.341+0000] {taskinstance.py:1406} INFO - Marking task as SUCCESS. dag_id=first_dag, task_id=broadcast_task, execution_date=20221205T192043, start_date=20221205T192109, end_date=20221205T192111
[2022-12-05T19:21:11.559+0000] {local_task_job.py:159} INFO - Task exited with return code 0
[2022-12-05T19:21:11.666+0000] {taskinstance.py:2623} INFO - 1 downstream tasks scheduled from follow-on schedule check
