[2022-12-05T19:25:39.857+0000] {taskinstance.py:1165} INFO - Dependencies all met for <TaskInstance: first_dag.sum_task scheduled__2022-12-05T12:45:00+00:00 [queued]>
[2022-12-05T19:25:39.875+0000] {taskinstance.py:1165} INFO - Dependencies all met for <TaskInstance: first_dag.sum_task scheduled__2022-12-05T12:45:00+00:00 [queued]>
[2022-12-05T19:25:39.876+0000] {taskinstance.py:1362} INFO - 
--------------------------------------------------------------------------------
[2022-12-05T19:25:39.876+0000] {taskinstance.py:1363} INFO - Starting attempt 1 of 1
[2022-12-05T19:25:39.877+0000] {taskinstance.py:1364} INFO - 
--------------------------------------------------------------------------------
[2022-12-05T19:25:39.903+0000] {taskinstance.py:1383} INFO - Executing <Task(PythonOperator): sum_task> on 2022-12-05 12:45:00+00:00
[2022-12-05T19:25:39.910+0000] {standard_task_runner.py:55} INFO - Started process 14733 to run task
[2022-12-05T19:25:39.915+0000] {standard_task_runner.py:82} INFO - Running: ['***', 'tasks', 'run', 'first_dag', 'sum_task', 'scheduled__2022-12-05T12:45:00+00:00', '--job-id', '2439', '--raw', '--subdir', 'DAGS_FOLDER/***1t.py', '--cfg-path', '/tmp/tmps3bccb6j']
[2022-12-05T19:25:39.921+0000] {standard_task_runner.py:83} INFO - Job 2439: Subtask sum_task
[2022-12-05T19:25:40.092+0000] {task_command.py:376} INFO - Running <TaskInstance: first_dag.sum_task scheduled__2022-12-05T12:45:00+00:00 [running]> on host debdf09646d4
[2022-12-05T19:25:40.219+0000] {taskinstance.py:1592} INFO - Exporting the following env vars:
AIRFLOW_CTX_DAG_OWNER=***
AIRFLOW_CTX_DAG_ID=first_dag
AIRFLOW_CTX_TASK_ID=sum_task
AIRFLOW_CTX_EXECUTION_DATE=2022-12-05T12:45:00+00:00
AIRFLOW_CTX_TRY_NUMBER=1
AIRFLOW_CTX_DAG_RUN_ID=scheduled__2022-12-05T12:45:00+00:00
[2022-12-05T19:25:40.225+0000] {python.py:177} INFO - Done. Returned value was: None
[2022-12-05T19:25:40.239+0000] {taskinstance.py:1406} INFO - Marking task as SUCCESS. dag_id=first_dag, task_id=sum_task, execution_date=20221205T124500, start_date=20221205T192539, end_date=20221205T192540
[2022-12-05T19:25:40.290+0000] {local_task_job.py:159} INFO - Task exited with return code 0
[2022-12-05T19:25:40.320+0000] {taskinstance.py:2623} INFO - 0 downstream tasks scheduled from follow-on schedule check
