[2022-12-05T19:22:13.428+0000] {taskinstance.py:1165} INFO - Dependencies all met for <TaskInstance: first_dag.pull_task scheduled__2022-12-05T04:00:00+00:00 [queued]>
[2022-12-05T19:22:13.472+0000] {taskinstance.py:1165} INFO - Dependencies all met for <TaskInstance: first_dag.pull_task scheduled__2022-12-05T04:00:00+00:00 [queued]>
[2022-12-05T19:22:13.473+0000] {taskinstance.py:1362} INFO - 
--------------------------------------------------------------------------------
[2022-12-05T19:22:13.476+0000] {taskinstance.py:1363} INFO - Starting attempt 1 of 1
[2022-12-05T19:22:13.478+0000] {taskinstance.py:1364} INFO - 
--------------------------------------------------------------------------------
[2022-12-05T19:22:13.575+0000] {taskinstance.py:1383} INFO - Executing <Task(PythonOperator): pull_task> on 2022-12-05 04:00:00+00:00
[2022-12-05T19:22:13.585+0000] {standard_task_runner.py:55} INFO - Started process 12314 to run task
[2022-12-05T19:22:13.605+0000] {standard_task_runner.py:82} INFO - Running: ['***', 'tasks', 'run', 'first_dag', 'pull_task', 'scheduled__2022-12-05T04:00:00+00:00', '--job-id', '1710', '--raw', '--subdir', 'DAGS_FOLDER/***1t.py', '--cfg-path', '/tmp/tmptg8u1mih']
[2022-12-05T19:22:13.628+0000] {standard_task_runner.py:83} INFO - Job 1710: Subtask pull_task
[2022-12-05T19:22:14.118+0000] {task_command.py:376} INFO - Running <TaskInstance: first_dag.pull_task scheduled__2022-12-05T04:00:00+00:00 [running]> on host debdf09646d4
[2022-12-05T19:22:14.407+0000] {taskinstance.py:1592} INFO - Exporting the following env vars:
AIRFLOW_CTX_DAG_OWNER=***
AIRFLOW_CTX_DAG_ID=first_dag
AIRFLOW_CTX_TASK_ID=pull_task
AIRFLOW_CTX_EXECUTION_DATE=2022-12-05T04:00:00+00:00
AIRFLOW_CTX_TRY_NUMBER=1
AIRFLOW_CTX_DAG_RUN_ID=scheduled__2022-12-05T04:00:00+00:00
[2022-12-05T19:22:15.217+0000] {logging_mixin.py:137} INFO - 23
[2022-12-05T19:22:15.219+0000] {python.py:177} INFO - Done. Returned value was: None
[2022-12-05T19:22:15.241+0000] {taskinstance.py:1406} INFO - Marking task as SUCCESS. dag_id=first_dag, task_id=pull_task, execution_date=20221205T040000, start_date=20221205T192213, end_date=20221205T192215
[2022-12-05T19:22:15.418+0000] {local_task_job.py:159} INFO - Task exited with return code 0
[2022-12-05T19:22:15.472+0000] {taskinstance.py:2623} INFO - 1 downstream tasks scheduled from follow-on schedule check
