[2022-12-05T19:26:32.606+0000] {taskinstance.py:1165} INFO - Dependencies all met for <TaskInstance: first_dag.number_task scheduled__2022-12-05T14:35:00+00:00 [queued]>
[2022-12-05T19:26:32.644+0000] {taskinstance.py:1165} INFO - Dependencies all met for <TaskInstance: first_dag.number_task scheduled__2022-12-05T14:35:00+00:00 [queued]>
[2022-12-05T19:26:32.644+0000] {taskinstance.py:1362} INFO - 
--------------------------------------------------------------------------------
[2022-12-05T19:26:32.645+0000] {taskinstance.py:1363} INFO - Starting attempt 1 of 1
[2022-12-05T19:26:32.645+0000] {taskinstance.py:1364} INFO - 
--------------------------------------------------------------------------------
[2022-12-05T19:26:32.698+0000] {taskinstance.py:1383} INFO - Executing <Task(PythonOperator): number_task> on 2022-12-05 14:35:00+00:00
[2022-12-05T19:26:32.718+0000] {standard_task_runner.py:55} INFO - Started process 15378 to run task
[2022-12-05T19:26:32.734+0000] {standard_task_runner.py:82} INFO - Running: ['***', 'tasks', 'run', 'first_dag', 'number_task', 'scheduled__2022-12-05T14:35:00+00:00', '--job-id', '2629', '--raw', '--subdir', 'DAGS_FOLDER/***1t.py', '--cfg-path', '/tmp/tmpwkh5gv69']
[2022-12-05T19:26:32.758+0000] {standard_task_runner.py:83} INFO - Job 2629: Subtask number_task
[2022-12-05T19:26:32.981+0000] {task_command.py:376} INFO - Running <TaskInstance: first_dag.number_task scheduled__2022-12-05T14:35:00+00:00 [running]> on host debdf09646d4
[2022-12-05T19:26:33.153+0000] {taskinstance.py:1592} INFO - Exporting the following env vars:
AIRFLOW_CTX_DAG_OWNER=***
AIRFLOW_CTX_DAG_ID=first_dag
AIRFLOW_CTX_TASK_ID=number_task
AIRFLOW_CTX_EXECUTION_DATE=2022-12-05T14:35:00+00:00
AIRFLOW_CTX_TRY_NUMBER=1
AIRFLOW_CTX_DAG_RUN_ID=scheduled__2022-12-05T14:35:00+00:00
[2022-12-05T19:26:33.157+0000] {logging_mixin.py:137} INFO - 98   27
[2022-12-05T19:26:33.158+0000] {logging_mixin.py:137} INFO - <_io.TextIOWrapper name='file.txt' mode='a' encoding='UTF-8'>
[2022-12-05T19:26:33.159+0000] {python.py:177} INFO - Done. Returned value was: None
[2022-12-05T19:26:33.182+0000] {taskinstance.py:1406} INFO - Marking task as SUCCESS. dag_id=first_dag, task_id=number_task, execution_date=20221205T143500, start_date=20221205T192632, end_date=20221205T192633
[2022-12-05T19:26:33.317+0000] {local_task_job.py:159} INFO - Task exited with return code 0
[2022-12-05T19:26:33.377+0000] {taskinstance.py:2623} INFO - 1 downstream tasks scheduled from follow-on schedule check
