[2022-12-05T19:26:31.239+0000] {taskinstance.py:1165} INFO - Dependencies all met for <TaskInstance: first_dag.broadcast_task scheduled__2022-12-05T15:00:00+00:00 [queued]>
[2022-12-05T19:26:31.269+0000] {taskinstance.py:1165} INFO - Dependencies all met for <TaskInstance: first_dag.broadcast_task scheduled__2022-12-05T15:00:00+00:00 [queued]>
[2022-12-05T19:26:31.270+0000] {taskinstance.py:1362} INFO - 
--------------------------------------------------------------------------------
[2022-12-05T19:26:31.271+0000] {taskinstance.py:1363} INFO - Starting attempt 1 of 1
[2022-12-05T19:26:31.287+0000] {taskinstance.py:1364} INFO - 
--------------------------------------------------------------------------------
[2022-12-05T19:26:31.339+0000] {taskinstance.py:1383} INFO - Executing <Task(PythonOperator): broadcast_task> on 2022-12-05 15:00:00+00:00
[2022-12-05T19:26:31.348+0000] {standard_task_runner.py:55} INFO - Started process 15354 to run task
[2022-12-05T19:26:31.370+0000] {standard_task_runner.py:82} INFO - Running: ['***', 'tasks', 'run', 'first_dag', 'broadcast_task', 'scheduled__2022-12-05T15:00:00+00:00', '--job-id', '2625', '--raw', '--subdir', 'DAGS_FOLDER/***1t.py', '--cfg-path', '/tmp/tmppypdrfb1']
[2022-12-05T19:26:31.374+0000] {standard_task_runner.py:83} INFO - Job 2625: Subtask broadcast_task
[2022-12-05T19:26:31.534+0000] {task_command.py:376} INFO - Running <TaskInstance: first_dag.broadcast_task scheduled__2022-12-05T15:00:00+00:00 [running]> on host debdf09646d4
[2022-12-05T19:26:31.742+0000] {taskinstance.py:1592} INFO - Exporting the following env vars:
AIRFLOW_CTX_DAG_OWNER=***
AIRFLOW_CTX_DAG_ID=first_dag
AIRFLOW_CTX_TASK_ID=broadcast_task
AIRFLOW_CTX_EXECUTION_DATE=2022-12-05T15:00:00+00:00
AIRFLOW_CTX_TRY_NUMBER=1
AIRFLOW_CTX_DAG_RUN_ID=scheduled__2022-12-05T15:00:00+00:00
[2022-12-05T19:26:35.888+0000] {logging_mixin.py:137} INFO - 23
[2022-12-05T19:26:35.891+0000] {python.py:177} INFO - Done. Returned value was: None
[2022-12-05T19:26:35.909+0000] {taskinstance.py:1406} INFO - Marking task as SUCCESS. dag_id=first_dag, task_id=broadcast_task, execution_date=20221205T150000, start_date=20221205T192631, end_date=20221205T192635
[2022-12-05T19:26:35.989+0000] {local_task_job.py:159} INFO - Task exited with return code 0
[2022-12-05T19:26:36.036+0000] {taskinstance.py:2623} INFO - 1 downstream tasks scheduled from follow-on schedule check
