[2022-12-05T19:22:22.038+0000] {taskinstance.py:1165} INFO - Dependencies all met for <TaskInstance: first_dag.sum_task scheduled__2022-12-05T04:05:00+00:00 [queued]>
[2022-12-05T19:22:22.056+0000] {taskinstance.py:1165} INFO - Dependencies all met for <TaskInstance: first_dag.sum_task scheduled__2022-12-05T04:05:00+00:00 [queued]>
[2022-12-05T19:22:22.057+0000] {taskinstance.py:1362} INFO - 
--------------------------------------------------------------------------------
[2022-12-05T19:22:22.057+0000] {taskinstance.py:1363} INFO - Starting attempt 1 of 1
[2022-12-05T19:22:22.058+0000] {taskinstance.py:1364} INFO - 
--------------------------------------------------------------------------------
[2022-12-05T19:22:22.086+0000] {taskinstance.py:1383} INFO - Executing <Task(PythonOperator): sum_task> on 2022-12-05 04:05:00+00:00
[2022-12-05T19:22:22.092+0000] {standard_task_runner.py:55} INFO - Started process 12433 to run task
[2022-12-05T19:22:22.096+0000] {standard_task_runner.py:82} INFO - Running: ['***', 'tasks', 'run', 'first_dag', 'sum_task', 'scheduled__2022-12-05T04:05:00+00:00', '--job-id', '1749', '--raw', '--subdir', 'DAGS_FOLDER/***1t.py', '--cfg-path', '/tmp/tmpzg2ts4im']
[2022-12-05T19:22:22.099+0000] {standard_task_runner.py:83} INFO - Job 1749: Subtask sum_task
[2022-12-05T19:22:22.190+0000] {task_command.py:376} INFO - Running <TaskInstance: first_dag.sum_task scheduled__2022-12-05T04:05:00+00:00 [running]> on host debdf09646d4
[2022-12-05T19:22:22.300+0000] {taskinstance.py:1592} INFO - Exporting the following env vars:
AIRFLOW_CTX_DAG_OWNER=***
AIRFLOW_CTX_DAG_ID=first_dag
AIRFLOW_CTX_TASK_ID=sum_task
AIRFLOW_CTX_EXECUTION_DATE=2022-12-05T04:05:00+00:00
AIRFLOW_CTX_TRY_NUMBER=1
AIRFLOW_CTX_DAG_RUN_ID=scheduled__2022-12-05T04:05:00+00:00
[2022-12-05T19:22:22.302+0000] {python.py:177} INFO - Done. Returned value was: None
[2022-12-05T19:22:22.313+0000] {taskinstance.py:1406} INFO - Marking task as SUCCESS. dag_id=first_dag, task_id=sum_task, execution_date=20221205T040500, start_date=20221205T192222, end_date=20221205T192222
[2022-12-05T19:22:22.349+0000] {local_task_job.py:159} INFO - Task exited with return code 0
[2022-12-05T19:22:22.370+0000] {taskinstance.py:2623} INFO - 0 downstream tasks scheduled from follow-on schedule check
