[2022-12-05T19:21:11.142+0000] {taskinstance.py:1165} INFO - Dependencies all met for <TaskInstance: first_dag.world scheduled__2022-12-05T02:10:00+00:00 [queued]>
[2022-12-05T19:21:11.168+0000] {taskinstance.py:1165} INFO - Dependencies all met for <TaskInstance: first_dag.world scheduled__2022-12-05T02:10:00+00:00 [queued]>
[2022-12-05T19:21:11.169+0000] {taskinstance.py:1362} INFO - 
--------------------------------------------------------------------------------
[2022-12-05T19:21:11.169+0000] {taskinstance.py:1363} INFO - Starting attempt 1 of 1
[2022-12-05T19:21:11.177+0000] {taskinstance.py:1364} INFO - 
--------------------------------------------------------------------------------
[2022-12-05T19:21:11.516+0000] {taskinstance.py:1383} INFO - Executing <Task(PythonOperator): world> on 2022-12-05 02:10:00+00:00
[2022-12-05T19:21:11.526+0000] {standard_task_runner.py:55} INFO - Started process 11619 to run task
[2022-12-05T19:21:11.537+0000] {standard_task_runner.py:82} INFO - Running: ['***', 'tasks', 'run', 'first_dag', 'world', 'scheduled__2022-12-05T02:10:00+00:00', '--job-id', '1502', '--raw', '--subdir', 'DAGS_FOLDER/***1t.py', '--cfg-path', '/tmp/tmpfggbb3ok']
[2022-12-05T19:21:11.584+0000] {standard_task_runner.py:83} INFO - Job 1502: Subtask world
[2022-12-05T19:21:11.871+0000] {task_command.py:376} INFO - Running <TaskInstance: first_dag.world scheduled__2022-12-05T02:10:00+00:00 [running]> on host debdf09646d4
[2022-12-05T19:21:12.117+0000] {taskinstance.py:1592} INFO - Exporting the following env vars:
AIRFLOW_CTX_DAG_OWNER=***
AIRFLOW_CTX_DAG_ID=first_dag
AIRFLOW_CTX_TASK_ID=world
AIRFLOW_CTX_EXECUTION_DATE=2022-12-05T02:10:00+00:00
AIRFLOW_CTX_TRY_NUMBER=1
AIRFLOW_CTX_DAG_RUN_ID=scheduled__2022-12-05T02:10:00+00:00
[2022-12-05T19:21:12.118+0000] {logging_mixin.py:137} INFO - Hello!
[2022-12-05T19:21:12.119+0000] {python.py:177} INFO - Done. Returned value was: None
[2022-12-05T19:21:12.138+0000] {taskinstance.py:1406} INFO - Marking task as SUCCESS. dag_id=first_dag, task_id=world, execution_date=20221205T021000, start_date=20221205T192111, end_date=20221205T192112
[2022-12-05T19:21:12.251+0000] {local_task_job.py:159} INFO - Task exited with return code 0
[2022-12-05T19:21:12.613+0000] {taskinstance.py:2623} INFO - 0 downstream tasks scheduled from follow-on schedule check
