[2022-12-05T17:08:20.619+0000] {taskinstance.py:1165} INFO - Dependencies all met for <TaskInstance: first_dag.broadcast_task manual__2022-12-05T17:08:14.209023+00:00 [queued]>
[2022-12-05T17:08:20.631+0000] {taskinstance.py:1165} INFO - Dependencies all met for <TaskInstance: first_dag.broadcast_task manual__2022-12-05T17:08:14.209023+00:00 [queued]>
[2022-12-05T17:08:20.632+0000] {taskinstance.py:1362} INFO - 
--------------------------------------------------------------------------------
[2022-12-05T17:08:20.633+0000] {taskinstance.py:1363} INFO - Starting attempt 1 of 1
[2022-12-05T17:08:20.633+0000] {taskinstance.py:1364} INFO - 
--------------------------------------------------------------------------------
[2022-12-05T17:08:20.651+0000] {taskinstance.py:1383} INFO - Executing <Task(PythonOperator): broadcast_task> on 2022-12-05 17:08:14.209023+00:00
[2022-12-05T17:08:20.655+0000] {standard_task_runner.py:55} INFO - Started process 3952 to run task
[2022-12-05T17:08:20.659+0000] {standard_task_runner.py:82} INFO - Running: ['***', 'tasks', 'run', 'first_dag', 'broadcast_task', 'manual__2022-12-05T17:08:14.209023+00:00', '--job-id', '1059', '--raw', '--subdir', 'DAGS_FOLDER/***1t.py', '--cfg-path', '/tmp/tmpt6ubm5bs']
[2022-12-05T17:08:20.662+0000] {standard_task_runner.py:83} INFO - Job 1059: Subtask broadcast_task
[2022-12-05T17:08:20.725+0000] {task_command.py:376} INFO - Running <TaskInstance: first_dag.broadcast_task manual__2022-12-05T17:08:14.209023+00:00 [running]> on host debdf09646d4
[2022-12-05T17:08:20.795+0000] {taskinstance.py:1592} INFO - Exporting the following env vars:
AIRFLOW_CTX_DAG_OWNER=***
AIRFLOW_CTX_DAG_ID=first_dag
AIRFLOW_CTX_TASK_ID=broadcast_task
AIRFLOW_CTX_EXECUTION_DATE=2022-12-05T17:08:14.209023+00:00
AIRFLOW_CTX_TRY_NUMBER=1
AIRFLOW_CTX_DAG_RUN_ID=manual__2022-12-05T17:08:14.209023+00:00
[2022-12-05T17:08:21.789+0000] {logging_mixin.py:137} INFO - 23
[2022-12-05T17:08:21.789+0000] {python.py:177} INFO - Done. Returned value was: None
[2022-12-05T17:08:21.798+0000] {taskinstance.py:1406} INFO - Marking task as SUCCESS. dag_id=first_dag, task_id=broadcast_task, execution_date=20221205T170814, start_date=20221205T170820, end_date=20221205T170821
[2022-12-05T17:08:21.834+0000] {local_task_job.py:159} INFO - Task exited with return code 0
[2022-12-05T17:08:21.859+0000] {taskinstance.py:2623} INFO - 1 downstream tasks scheduled from follow-on schedule check
