[2022-12-05T18:39:34.888+0000] {taskinstance.py:1165} INFO - Dependencies all met for <TaskInstance: first_dag.sum_task manual__2022-12-05T18:39:33.788656+00:00 [queued]>
[2022-12-05T18:39:34.898+0000] {taskinstance.py:1165} INFO - Dependencies all met for <TaskInstance: first_dag.sum_task manual__2022-12-05T18:39:33.788656+00:00 [queued]>
[2022-12-05T18:39:34.899+0000] {taskinstance.py:1362} INFO - 
--------------------------------------------------------------------------------
[2022-12-05T18:39:34.899+0000] {taskinstance.py:1363} INFO - Starting attempt 1 of 1
[2022-12-05T18:39:34.900+0000] {taskinstance.py:1364} INFO - 
--------------------------------------------------------------------------------
[2022-12-05T18:39:34.916+0000] {taskinstance.py:1383} INFO - Executing <Task(PythonOperator): sum_task> on 2022-12-05 18:39:33.788656+00:00
[2022-12-05T18:39:34.923+0000] {standard_task_runner.py:55} INFO - Started process 8739 to run task
[2022-12-05T18:39:34.927+0000] {standard_task_runner.py:82} INFO - Running: ['***', 'tasks', 'run', 'first_dag', 'sum_task', 'manual__2022-12-05T18:39:33.788656+00:00', '--job-id', '1212', '--raw', '--subdir', 'DAGS_FOLDER/***1t.py', '--cfg-path', '/tmp/tmpupumr3p6']
[2022-12-05T18:39:34.929+0000] {standard_task_runner.py:83} INFO - Job 1212: Subtask sum_task
[2022-12-05T18:39:35.004+0000] {task_command.py:376} INFO - Running <TaskInstance: first_dag.sum_task manual__2022-12-05T18:39:33.788656+00:00 [running]> on host debdf09646d4
[2022-12-05T18:39:35.089+0000] {taskinstance.py:1592} INFO - Exporting the following env vars:
AIRFLOW_CTX_DAG_OWNER=***
AIRFLOW_CTX_DAG_ID=first_dag
AIRFLOW_CTX_TASK_ID=sum_task
AIRFLOW_CTX_EXECUTION_DATE=2022-12-05T18:39:33.788656+00:00
AIRFLOW_CTX_TRY_NUMBER=1
AIRFLOW_CTX_DAG_RUN_ID=manual__2022-12-05T18:39:33.788656+00:00
[2022-12-05T18:39:35.090+0000] {logging_mixin.py:137} INFO - ('89',)
[2022-12-05T18:39:35.091+0000] {logging_mixin.py:137} INFO - ('10057',)
[2022-12-05T18:39:35.091+0000] {logging_mixin.py:137} INFO - ('6532',)
[2022-12-05T18:39:35.091+0000] {logging_mixin.py:137} INFO - ('10797',)
[2022-12-05T18:39:35.091+0000] {logging_mixin.py:137} INFO - ('330',)
[2022-12-05T18:39:35.092+0000] {logging_mixin.py:137} INFO - ('12124',)
[2022-12-05T18:39:35.092+0000] {logging_mixin.py:137} INFO - ('3116',)
[2022-12-05T18:39:35.092+0000] {logging_mixin.py:137} INFO - ('5071',)
[2022-12-05T18:39:35.093+0000] {logging_mixin.py:137} INFO - ('49113',)
[2022-12-05T18:39:35.093+0000] {logging_mixin.py:137} INFO - ('10614',)
[2022-12-05T18:39:35.093+0000] {logging_mixin.py:137} INFO - ('8844',)
[2022-12-05T18:39:35.093+0000] {logging_mixin.py:137} INFO - ('9859',)
[2022-12-05T18:39:35.094+0000] {logging_mixin.py:137} INFO - ('7891',)
[2022-12-05T18:39:35.094+0000] {logging_mixin.py:137} INFO - ('10104',)
[2022-12-05T18:39:35.094+0000] {logging_mixin.py:137} INFO - ('64106',)
[2022-12-05T18:39:35.095+0000] {logging_mixin.py:137} INFO - ('8216',)
[2022-12-05T18:39:35.095+0000] {logging_mixin.py:137} INFO - ('3611',)
[2022-12-05T18:39:35.095+0000] {logging_mixin.py:137} INFO - ('1113',)
[2022-12-05T18:39:35.096+0000] {logging_mixin.py:137} INFO - ('11576',)
[2022-12-05T18:39:35.096+0000] {logging_mixin.py:137} INFO - ('12',)
[2022-12-05T18:39:35.096+0000] {python.py:177} INFO - Done. Returned value was: None
[2022-12-05T18:39:35.107+0000] {taskinstance.py:1406} INFO - Marking task as SUCCESS. dag_id=first_dag, task_id=sum_task, execution_date=20221205T183933, start_date=20221205T183934, end_date=20221205T183935
[2022-12-05T18:39:35.139+0000] {local_task_job.py:159} INFO - Task exited with return code 0
[2022-12-05T18:39:35.156+0000] {taskinstance.py:2623} INFO - 0 downstream tasks scheduled from follow-on schedule check
