[2022-12-05T17:15:27.580+0000] {taskinstance.py:1165} INFO - Dependencies all met for <TaskInstance: first_dag.broadcast_task manual__2022-12-05T17:15:21.256493+00:00 [queued]>
[2022-12-05T17:15:27.592+0000] {taskinstance.py:1165} INFO - Dependencies all met for <TaskInstance: first_dag.broadcast_task manual__2022-12-05T17:15:21.256493+00:00 [queued]>
[2022-12-05T17:15:27.592+0000] {taskinstance.py:1362} INFO - 
--------------------------------------------------------------------------------
[2022-12-05T17:15:27.593+0000] {taskinstance.py:1363} INFO - Starting attempt 1 of 1
[2022-12-05T17:15:27.594+0000] {taskinstance.py:1364} INFO - 
--------------------------------------------------------------------------------
[2022-12-05T17:15:27.609+0000] {taskinstance.py:1383} INFO - Executing <Task(PythonOperator): broadcast_task> on 2022-12-05 17:15:21.256493+00:00
[2022-12-05T17:15:27.614+0000] {standard_task_runner.py:55} INFO - Started process 4324 to run task
[2022-12-05T17:15:27.617+0000] {standard_task_runner.py:82} INFO - Running: ['***', 'tasks', 'run', 'first_dag', 'broadcast_task', 'manual__2022-12-05T17:15:21.256493+00:00', '--job-id', '1071', '--raw', '--subdir', 'DAGS_FOLDER/***1t.py', '--cfg-path', '/tmp/tmpwux1i71s']
[2022-12-05T17:15:27.619+0000] {standard_task_runner.py:83} INFO - Job 1071: Subtask broadcast_task
[2022-12-05T17:15:27.687+0000] {task_command.py:376} INFO - Running <TaskInstance: first_dag.broadcast_task manual__2022-12-05T17:15:21.256493+00:00 [running]> on host debdf09646d4
[2022-12-05T17:15:27.768+0000] {taskinstance.py:1592} INFO - Exporting the following env vars:
AIRFLOW_CTX_DAG_OWNER=***
AIRFLOW_CTX_DAG_ID=first_dag
AIRFLOW_CTX_TASK_ID=broadcast_task
AIRFLOW_CTX_EXECUTION_DATE=2022-12-05T17:15:21.256493+00:00
AIRFLOW_CTX_TRY_NUMBER=1
AIRFLOW_CTX_DAG_RUN_ID=manual__2022-12-05T17:15:21.256493+00:00
[2022-12-05T17:15:28.714+0000] {logging_mixin.py:137} INFO - 23
[2022-12-05T17:15:28.714+0000] {python.py:177} INFO - Done. Returned value was: None
[2022-12-05T17:15:28.726+0000] {taskinstance.py:1406} INFO - Marking task as SUCCESS. dag_id=first_dag, task_id=broadcast_task, execution_date=20221205T171521, start_date=20221205T171527, end_date=20221205T171528
[2022-12-05T17:15:28.752+0000] {local_task_job.py:159} INFO - Task exited with return code 0
[2022-12-05T17:15:28.777+0000] {taskinstance.py:2623} INFO - 1 downstream tasks scheduled from follow-on schedule check
