[2022-12-05T19:24:24.074+0000] {taskinstance.py:1165} INFO - Dependencies all met for <TaskInstance: first_dag.world scheduled__2022-12-05T10:25:00+00:00 [queued]>
[2022-12-05T19:24:24.098+0000] {taskinstance.py:1165} INFO - Dependencies all met for <TaskInstance: first_dag.world scheduled__2022-12-05T10:25:00+00:00 [queued]>
[2022-12-05T19:24:24.099+0000] {taskinstance.py:1362} INFO - 
--------------------------------------------------------------------------------
[2022-12-05T19:24:24.104+0000] {taskinstance.py:1363} INFO - Starting attempt 1 of 1
[2022-12-05T19:24:24.105+0000] {taskinstance.py:1364} INFO - 
--------------------------------------------------------------------------------
[2022-12-05T19:24:24.188+0000] {taskinstance.py:1383} INFO - Executing <Task(PythonOperator): world> on 2022-12-05 10:25:00+00:00
[2022-12-05T19:24:24.202+0000] {standard_task_runner.py:55} INFO - Started process 13861 to run task
[2022-12-05T19:24:24.208+0000] {standard_task_runner.py:82} INFO - Running: ['***', 'tasks', 'run', 'first_dag', 'world', 'scheduled__2022-12-05T10:25:00+00:00', '--job-id', '2174', '--raw', '--subdir', 'DAGS_FOLDER/***1t.py', '--cfg-path', '/tmp/tmpnnbg8mqw']
[2022-12-05T19:24:24.221+0000] {standard_task_runner.py:83} INFO - Job 2174: Subtask world
[2022-12-05T19:24:24.467+0000] {task_command.py:376} INFO - Running <TaskInstance: first_dag.world scheduled__2022-12-05T10:25:00+00:00 [running]> on host debdf09646d4
[2022-12-05T19:24:24.696+0000] {taskinstance.py:1592} INFO - Exporting the following env vars:
AIRFLOW_CTX_DAG_OWNER=***
AIRFLOW_CTX_DAG_ID=first_dag
AIRFLOW_CTX_TASK_ID=world
AIRFLOW_CTX_EXECUTION_DATE=2022-12-05T10:25:00+00:00
AIRFLOW_CTX_TRY_NUMBER=1
AIRFLOW_CTX_DAG_RUN_ID=scheduled__2022-12-05T10:25:00+00:00
[2022-12-05T19:24:24.699+0000] {logging_mixin.py:137} INFO - Hello!
[2022-12-05T19:24:24.699+0000] {python.py:177} INFO - Done. Returned value was: None
[2022-12-05T19:24:24.716+0000] {taskinstance.py:1406} INFO - Marking task as SUCCESS. dag_id=first_dag, task_id=world, execution_date=20221205T102500, start_date=20221205T192424, end_date=20221205T192424
[2022-12-05T19:24:24.787+0000] {local_task_job.py:159} INFO - Task exited with return code 0
[2022-12-05T19:24:24.961+0000] {taskinstance.py:2623} INFO - 0 downstream tasks scheduled from follow-on schedule check
