[2022-12-05T19:40:10.597+0000] {taskinstance.py:1165} INFO - Dependencies all met for <TaskInstance: first_dag.sum_task scheduled__2022-12-05T19:35:00+00:00 [queued]>
[2022-12-05T19:40:10.609+0000] {taskinstance.py:1165} INFO - Dependencies all met for <TaskInstance: first_dag.sum_task scheduled__2022-12-05T19:35:00+00:00 [queued]>
[2022-12-05T19:40:10.609+0000] {taskinstance.py:1362} INFO - 
--------------------------------------------------------------------------------
[2022-12-05T19:40:10.610+0000] {taskinstance.py:1363} INFO - Starting attempt 1 of 1
[2022-12-05T19:40:10.610+0000] {taskinstance.py:1364} INFO - 
--------------------------------------------------------------------------------
[2022-12-05T19:40:10.628+0000] {taskinstance.py:1383} INFO - Executing <Task(PythonOperator): sum_task> on 2022-12-05 19:35:00+00:00
[2022-12-05T19:40:10.635+0000] {standard_task_runner.py:55} INFO - Started process 17141 to run task
[2022-12-05T19:40:10.638+0000] {standard_task_runner.py:82} INFO - Running: ['***', 'tasks', 'run', 'first_dag', 'sum_task', 'scheduled__2022-12-05T19:35:00+00:00', '--job-id', '2995', '--raw', '--subdir', 'DAGS_FOLDER/***1t.py', '--cfg-path', '/tmp/tmpxdcbkhbi']
[2022-12-05T19:40:10.642+0000] {standard_task_runner.py:83} INFO - Job 2995: Subtask sum_task
[2022-12-05T19:40:10.724+0000] {task_command.py:376} INFO - Running <TaskInstance: first_dag.sum_task scheduled__2022-12-05T19:35:00+00:00 [running]> on host debdf09646d4
[2022-12-05T19:40:10.802+0000] {taskinstance.py:1592} INFO - Exporting the following env vars:
AIRFLOW_CTX_DAG_OWNER=***
AIRFLOW_CTX_DAG_ID=first_dag
AIRFLOW_CTX_TASK_ID=sum_task
AIRFLOW_CTX_EXECUTION_DATE=2022-12-05T19:35:00+00:00
AIRFLOW_CTX_TRY_NUMBER=1
AIRFLOW_CTX_DAG_RUN_ID=scheduled__2022-12-05T19:35:00+00:00
[2022-12-05T19:40:10.805+0000] {python.py:177} INFO - Done. Returned value was: None
[2022-12-05T19:40:10.813+0000] {taskinstance.py:1406} INFO - Marking task as SUCCESS. dag_id=first_dag, task_id=sum_task, execution_date=20221205T193500, start_date=20221205T194010, end_date=20221205T194010
[2022-12-05T19:40:10.850+0000] {local_task_job.py:159} INFO - Task exited with return code 0
[2022-12-05T19:40:10.867+0000] {taskinstance.py:2623} INFO - 0 downstream tasks scheduled from follow-on schedule check
