[2022-11-30T19:40:21.057+0000] {taskinstance.py:1165} INFO - Dependencies all met for <TaskInstance: first_dag.file_path manual__2022-11-30T19:40:17.746394+00:00 [queued]>
[2022-11-30T19:40:21.065+0000] {taskinstance.py:1165} INFO - Dependencies all met for <TaskInstance: first_dag.file_path manual__2022-11-30T19:40:17.746394+00:00 [queued]>
[2022-11-30T19:40:21.066+0000] {taskinstance.py:1362} INFO - 
--------------------------------------------------------------------------------
[2022-11-30T19:40:21.067+0000] {taskinstance.py:1363} INFO - Starting attempt 1 of 1
[2022-11-30T19:40:21.067+0000] {taskinstance.py:1364} INFO - 
--------------------------------------------------------------------------------
[2022-11-30T19:40:21.081+0000] {taskinstance.py:1383} INFO - Executing <Task(PythonOperator): file_path> on 2022-11-30 19:40:17.746394+00:00
[2022-11-30T19:40:21.086+0000] {standard_task_runner.py:55} INFO - Started process 9450 to run task
[2022-11-30T19:40:21.089+0000] {standard_task_runner.py:82} INFO - Running: ['***', 'tasks', 'run', 'first_dag', 'file_path', 'manual__2022-11-30T19:40:17.746394+00:00', '--job-id', '756', '--raw', '--subdir', 'DAGS_FOLDER/***1t.py', '--cfg-path', '/tmp/tmppqcu4071']
[2022-11-30T19:40:21.091+0000] {standard_task_runner.py:83} INFO - Job 756: Subtask file_path
[2022-11-30T19:40:21.156+0000] {task_command.py:376} INFO - Running <TaskInstance: first_dag.file_path manual__2022-11-30T19:40:17.746394+00:00 [running]> on host debdf09646d4
[2022-11-30T19:40:21.223+0000] {taskinstance.py:1592} INFO - Exporting the following env vars:
AIRFLOW_CTX_DAG_OWNER=***
AIRFLOW_CTX_DAG_ID=first_dag
AIRFLOW_CTX_TASK_ID=file_path
AIRFLOW_CTX_EXECUTION_DATE=2022-11-30T19:40:17.746394+00:00
AIRFLOW_CTX_TRY_NUMBER=1
AIRFLOW_CTX_DAG_RUN_ID=manual__2022-11-30T19:40:17.746394+00:00
[2022-11-30T19:40:21.230+0000] {logging_mixin.py:137} INFO - our value:  https://people.sc.fsu.edu/~jburkardt/data/csv/ford_escort.csv
[2022-11-30T19:40:21.231+0000] {python.py:177} INFO - Done. Returned value was: None
[2022-11-30T19:40:21.240+0000] {taskinstance.py:1406} INFO - Marking task as SUCCESS. dag_id=first_dag, task_id=file_path, execution_date=20221130T194017, start_date=20221130T194021, end_date=20221130T194021
[2022-11-30T19:40:21.260+0000] {local_task_job.py:159} INFO - Task exited with return code 0
[2022-11-30T19:40:21.277+0000] {taskinstance.py:2623} INFO - 0 downstream tasks scheduled from follow-on schedule check
