[2022-12-05T19:26:47.625+0000] {taskinstance.py:1165} INFO - Dependencies all met for <TaskInstance: first_dag.hello scheduled__2022-12-05T15:55:00+00:00 [queued]>
[2022-12-05T19:26:47.641+0000] {taskinstance.py:1165} INFO - Dependencies all met for <TaskInstance: first_dag.hello scheduled__2022-12-05T15:55:00+00:00 [queued]>
[2022-12-05T19:26:47.643+0000] {taskinstance.py:1362} INFO - 
--------------------------------------------------------------------------------
[2022-12-05T19:26:47.643+0000] {taskinstance.py:1363} INFO - Starting attempt 1 of 1
[2022-12-05T19:26:47.644+0000] {taskinstance.py:1364} INFO - 
--------------------------------------------------------------------------------
[2022-12-05T19:26:47.738+0000] {taskinstance.py:1383} INFO - Executing <Task(BashOperator): hello> on 2022-12-05 15:55:00+00:00
[2022-12-05T19:26:47.744+0000] {standard_task_runner.py:55} INFO - Started process 15518 to run task
[2022-12-05T19:26:47.748+0000] {standard_task_runner.py:82} INFO - Running: ['***', 'tasks', 'run', 'first_dag', 'hello', 'scheduled__2022-12-05T15:55:00+00:00', '--job-id', '2673', '--raw', '--subdir', 'DAGS_FOLDER/***1t.py', '--cfg-path', '/tmp/tmp262igkiy']
[2022-12-05T19:26:47.751+0000] {standard_task_runner.py:83} INFO - Job 2673: Subtask hello
[2022-12-05T19:26:47.834+0000] {task_command.py:376} INFO - Running <TaskInstance: first_dag.hello scheduled__2022-12-05T15:55:00+00:00 [running]> on host debdf09646d4
[2022-12-05T19:26:47.940+0000] {taskinstance.py:1592} INFO - Exporting the following env vars:
AIRFLOW_CTX_DAG_OWNER=***
AIRFLOW_CTX_DAG_ID=first_dag
AIRFLOW_CTX_TASK_ID=hello
AIRFLOW_CTX_EXECUTION_DATE=2022-12-05T15:55:00+00:00
AIRFLOW_CTX_TRY_NUMBER=1
AIRFLOW_CTX_DAG_RUN_ID=scheduled__2022-12-05T15:55:00+00:00
[2022-12-05T19:26:47.942+0000] {subprocess.py:63} INFO - Tmp dir root location: 
 /tmp
[2022-12-05T19:26:47.943+0000] {subprocess.py:75} INFO - Running command: ['/bin/bash', '-c', 'echo hello']
[2022-12-05T19:26:47.958+0000] {subprocess.py:86} INFO - Output:
[2022-12-05T19:26:47.960+0000] {subprocess.py:93} INFO - hello
[2022-12-05T19:26:47.961+0000] {subprocess.py:97} INFO - Command exited with return code 0
[2022-12-05T19:26:47.993+0000] {taskinstance.py:1406} INFO - Marking task as SUCCESS. dag_id=first_dag, task_id=hello, execution_date=20221205T155500, start_date=20221205T192647, end_date=20221205T192647
[2022-12-05T19:26:48.040+0000] {local_task_job.py:159} INFO - Task exited with return code 0
[2022-12-05T19:26:48.085+0000] {taskinstance.py:2623} INFO - 1 downstream tasks scheduled from follow-on schedule check
