[2022-12-05T19:26:59.315+0000] {taskinstance.py:1165} INFO - Dependencies all met for <TaskInstance: first_dag.world scheduled__2022-12-05T17:00:00+00:00 [queued]>
[2022-12-05T19:26:59.339+0000] {taskinstance.py:1165} INFO - Dependencies all met for <TaskInstance: first_dag.world scheduled__2022-12-05T17:00:00+00:00 [queued]>
[2022-12-05T19:26:59.340+0000] {taskinstance.py:1362} INFO - 
--------------------------------------------------------------------------------
[2022-12-05T19:26:59.340+0000] {taskinstance.py:1363} INFO - Starting attempt 1 of 1
[2022-12-05T19:26:59.341+0000] {taskinstance.py:1364} INFO - 
--------------------------------------------------------------------------------
[2022-12-05T19:26:59.389+0000] {taskinstance.py:1383} INFO - Executing <Task(PythonOperator): world> on 2022-12-05 17:00:00+00:00
[2022-12-05T19:26:59.396+0000] {standard_task_runner.py:55} INFO - Started process 15698 to run task
[2022-12-05T19:26:59.407+0000] {standard_task_runner.py:82} INFO - Running: ['***', 'tasks', 'run', 'first_dag', 'world', 'scheduled__2022-12-05T17:00:00+00:00', '--job-id', '2724', '--raw', '--subdir', 'DAGS_FOLDER/***1t.py', '--cfg-path', '/tmp/tmpx7jj5x6l']
[2022-12-05T19:26:59.413+0000] {standard_task_runner.py:83} INFO - Job 2724: Subtask world
[2022-12-05T19:26:59.584+0000] {task_command.py:376} INFO - Running <TaskInstance: first_dag.world scheduled__2022-12-05T17:00:00+00:00 [running]> on host debdf09646d4
[2022-12-05T19:26:59.795+0000] {taskinstance.py:1592} INFO - Exporting the following env vars:
AIRFLOW_CTX_DAG_OWNER=***
AIRFLOW_CTX_DAG_ID=first_dag
AIRFLOW_CTX_TASK_ID=world
AIRFLOW_CTX_EXECUTION_DATE=2022-12-05T17:00:00+00:00
AIRFLOW_CTX_TRY_NUMBER=1
AIRFLOW_CTX_DAG_RUN_ID=scheduled__2022-12-05T17:00:00+00:00
[2022-12-05T19:26:59.797+0000] {logging_mixin.py:137} INFO - Hello!
[2022-12-05T19:26:59.797+0000] {python.py:177} INFO - Done. Returned value was: None
[2022-12-05T19:26:59.861+0000] {taskinstance.py:1406} INFO - Marking task as SUCCESS. dag_id=first_dag, task_id=world, execution_date=20221205T170000, start_date=20221205T192659, end_date=20221205T192659
[2022-12-05T19:26:59.948+0000] {local_task_job.py:159} INFO - Task exited with return code 0
[2022-12-05T19:27:00.008+0000] {taskinstance.py:2623} INFO - 1 downstream tasks scheduled from follow-on schedule check
