[2022-12-05T16:24:54.152+0000] {taskinstance.py:1165} INFO - Dependencies all met for <TaskInstance: first_dag.world manual__2022-12-05T16:24:52.018520+00:00 [queued]>
[2022-12-05T16:24:54.164+0000] {taskinstance.py:1165} INFO - Dependencies all met for <TaskInstance: first_dag.world manual__2022-12-05T16:24:52.018520+00:00 [queued]>
[2022-12-05T16:24:54.165+0000] {taskinstance.py:1362} INFO - 
--------------------------------------------------------------------------------
[2022-12-05T16:24:54.165+0000] {taskinstance.py:1363} INFO - Starting attempt 1 of 1
[2022-12-05T16:24:54.166+0000] {taskinstance.py:1364} INFO - 
--------------------------------------------------------------------------------
[2022-12-05T16:24:54.184+0000] {taskinstance.py:1383} INFO - Executing <Task(PythonOperator): world> on 2022-12-05 16:24:52.018520+00:00
[2022-12-05T16:24:54.190+0000] {standard_task_runner.py:55} INFO - Started process 1581 to run task
[2022-12-05T16:24:54.194+0000] {standard_task_runner.py:82} INFO - Running: ['***', 'tasks', 'run', 'first_dag', 'world', 'manual__2022-12-05T16:24:52.018520+00:00', '--job-id', '959', '--raw', '--subdir', 'DAGS_FOLDER/***1t.py', '--cfg-path', '/tmp/tmpsv31c3y5']
[2022-12-05T16:24:54.196+0000] {standard_task_runner.py:83} INFO - Job 959: Subtask world
[2022-12-05T16:24:54.293+0000] {task_command.py:376} INFO - Running <TaskInstance: first_dag.world manual__2022-12-05T16:24:52.018520+00:00 [running]> on host debdf09646d4
[2022-12-05T16:24:54.417+0000] {taskinstance.py:1592} INFO - Exporting the following env vars:
AIRFLOW_CTX_DAG_OWNER=***
AIRFLOW_CTX_DAG_ID=first_dag
AIRFLOW_CTX_TASK_ID=world
AIRFLOW_CTX_EXECUTION_DATE=2022-12-05T16:24:52.018520+00:00
AIRFLOW_CTX_TRY_NUMBER=1
AIRFLOW_CTX_DAG_RUN_ID=manual__2022-12-05T16:24:52.018520+00:00
[2022-12-05T16:24:54.419+0000] {logging_mixin.py:137} INFO - Hello!
[2022-12-05T16:24:54.419+0000] {python.py:177} INFO - Done. Returned value was: None
[2022-12-05T16:24:54.432+0000] {taskinstance.py:1406} INFO - Marking task as SUCCESS. dag_id=first_dag, task_id=world, execution_date=20221205T162452, start_date=20221205T162454, end_date=20221205T162454
[2022-12-05T16:24:54.487+0000] {local_task_job.py:159} INFO - Task exited with return code 0
[2022-12-05T16:24:54.524+0000] {taskinstance.py:2623} INFO - 1 downstream tasks scheduled from follow-on schedule check
