[2022-12-05T19:23:53.467+0000] {taskinstance.py:1165} INFO - Dependencies all met for <TaskInstance: first_dag.pull_task scheduled__2022-12-05T08:50:00+00:00 [queued]>
[2022-12-05T19:23:53.505+0000] {taskinstance.py:1165} INFO - Dependencies all met for <TaskInstance: first_dag.pull_task scheduled__2022-12-05T08:50:00+00:00 [queued]>
[2022-12-05T19:23:53.510+0000] {taskinstance.py:1362} INFO - 
--------------------------------------------------------------------------------
[2022-12-05T19:23:53.510+0000] {taskinstance.py:1363} INFO - Starting attempt 1 of 1
[2022-12-05T19:23:53.511+0000] {taskinstance.py:1364} INFO - 
--------------------------------------------------------------------------------
[2022-12-05T19:23:53.585+0000] {taskinstance.py:1383} INFO - Executing <Task(PythonOperator): pull_task> on 2022-12-05 08:50:00+00:00
[2022-12-05T19:23:53.593+0000] {standard_task_runner.py:55} INFO - Started process 13504 to run task
[2022-12-05T19:23:53.620+0000] {standard_task_runner.py:82} INFO - Running: ['***', 'tasks', 'run', 'first_dag', 'pull_task', 'scheduled__2022-12-05T08:50:00+00:00', '--job-id', '2070', '--raw', '--subdir', 'DAGS_FOLDER/***1t.py', '--cfg-path', '/tmp/tmp5eowpw15']
[2022-12-05T19:23:53.638+0000] {standard_task_runner.py:83} INFO - Job 2070: Subtask pull_task
[2022-12-05T19:23:53.977+0000] {task_command.py:376} INFO - Running <TaskInstance: first_dag.pull_task scheduled__2022-12-05T08:50:00+00:00 [running]> on host debdf09646d4
[2022-12-05T19:23:54.482+0000] {taskinstance.py:1592} INFO - Exporting the following env vars:
AIRFLOW_CTX_DAG_OWNER=***
AIRFLOW_CTX_DAG_ID=first_dag
AIRFLOW_CTX_TASK_ID=pull_task
AIRFLOW_CTX_EXECUTION_DATE=2022-12-05T08:50:00+00:00
AIRFLOW_CTX_TRY_NUMBER=1
AIRFLOW_CTX_DAG_RUN_ID=scheduled__2022-12-05T08:50:00+00:00
[2022-12-05T19:23:55.701+0000] {logging_mixin.py:137} INFO - 23
[2022-12-05T19:23:55.705+0000] {python.py:177} INFO - Done. Returned value was: None
[2022-12-05T19:23:55.810+0000] {taskinstance.py:1406} INFO - Marking task as SUCCESS. dag_id=first_dag, task_id=pull_task, execution_date=20221205T085000, start_date=20221205T192353, end_date=20221205T192355
[2022-12-05T19:23:55.939+0000] {local_task_job.py:159} INFO - Task exited with return code 0
[2022-12-05T19:23:56.028+0000] {taskinstance.py:2623} INFO - 1 downstream tasks scheduled from follow-on schedule check
