[2022-11-30T20:36:49.003+0000] {taskinstance.py:1165} INFO - Dependencies all met for <TaskInstance: first_dag.hello manual__2022-11-30T20:36:48.032153+00:00 [queued]>
[2022-11-30T20:36:49.013+0000] {taskinstance.py:1165} INFO - Dependencies all met for <TaskInstance: first_dag.hello manual__2022-11-30T20:36:48.032153+00:00 [queued]>
[2022-11-30T20:36:49.013+0000] {taskinstance.py:1362} INFO - 
--------------------------------------------------------------------------------
[2022-11-30T20:36:49.014+0000] {taskinstance.py:1363} INFO - Starting attempt 1 of 1
[2022-11-30T20:36:49.014+0000] {taskinstance.py:1364} INFO - 
--------------------------------------------------------------------------------
[2022-11-30T20:36:49.030+0000] {taskinstance.py:1383} INFO - Executing <Task(BashOperator): hello> on 2022-11-30 20:36:48.032153+00:00
[2022-11-30T20:36:49.034+0000] {standard_task_runner.py:55} INFO - Started process 12358 to run task
[2022-11-30T20:36:49.038+0000] {standard_task_runner.py:82} INFO - Running: ['***', 'tasks', 'run', 'first_dag', 'hello', 'manual__2022-11-30T20:36:48.032153+00:00', '--job-id', '817', '--raw', '--subdir', 'DAGS_FOLDER/***1t.py', '--cfg-path', '/tmp/tmpc3a87p03']
[2022-11-30T20:36:49.040+0000] {standard_task_runner.py:83} INFO - Job 817: Subtask hello
[2022-11-30T20:36:49.109+0000] {task_command.py:376} INFO - Running <TaskInstance: first_dag.hello manual__2022-11-30T20:36:48.032153+00:00 [running]> on host debdf09646d4
[2022-11-30T20:36:49.191+0000] {taskinstance.py:1592} INFO - Exporting the following env vars:
AIRFLOW_CTX_DAG_OWNER=***
AIRFLOW_CTX_DAG_ID=first_dag
AIRFLOW_CTX_TASK_ID=hello
AIRFLOW_CTX_EXECUTION_DATE=2022-11-30T20:36:48.032153+00:00
AIRFLOW_CTX_TRY_NUMBER=1
AIRFLOW_CTX_DAG_RUN_ID=manual__2022-11-30T20:36:48.032153+00:00
[2022-11-30T20:36:49.193+0000] {subprocess.py:63} INFO - Tmp dir root location: 
 /tmp
[2022-11-30T20:36:49.194+0000] {subprocess.py:75} INFO - Running command: ['/bin/bash', '-c', 'echo hello']
[2022-11-30T20:36:49.203+0000] {subprocess.py:86} INFO - Output:
[2022-11-30T20:36:49.205+0000] {subprocess.py:93} INFO - hello
[2022-11-30T20:36:49.205+0000] {subprocess.py:97} INFO - Command exited with return code 0
[2022-11-30T20:36:49.229+0000] {taskinstance.py:1406} INFO - Marking task as SUCCESS. dag_id=first_dag, task_id=hello, execution_date=20221130T203648, start_date=20221130T203649, end_date=20221130T203649
[2022-11-30T20:36:49.248+0000] {local_task_job.py:159} INFO - Task exited with return code 0
[2022-11-30T20:36:49.275+0000] {taskinstance.py:2623} INFO - 1 downstream tasks scheduled from follow-on schedule check
