[2022-12-05T19:22:49.223+0000] {taskinstance.py:1165} INFO - Dependencies all met for <TaskInstance: first_dag.file_path scheduled__2022-12-05T06:05:00+00:00 [queued]>
[2022-12-05T19:22:49.266+0000] {taskinstance.py:1165} INFO - Dependencies all met for <TaskInstance: first_dag.file_path scheduled__2022-12-05T06:05:00+00:00 [queued]>
[2022-12-05T19:22:49.266+0000] {taskinstance.py:1362} INFO - 
--------------------------------------------------------------------------------
[2022-12-05T19:22:49.269+0000] {taskinstance.py:1363} INFO - Starting attempt 1 of 1
[2022-12-05T19:22:49.273+0000] {taskinstance.py:1364} INFO - 
--------------------------------------------------------------------------------
[2022-12-05T19:22:49.351+0000] {taskinstance.py:1383} INFO - Executing <Task(PythonOperator): file_path> on 2022-12-05 06:05:00+00:00
[2022-12-05T19:22:49.366+0000] {standard_task_runner.py:55} INFO - Started process 12729 to run task
[2022-12-05T19:22:49.404+0000] {standard_task_runner.py:82} INFO - Running: ['***', 'tasks', 'run', 'first_dag', 'file_path', 'scheduled__2022-12-05T06:05:00+00:00', '--job-id', '1831', '--raw', '--subdir', 'DAGS_FOLDER/***1t.py', '--cfg-path', '/tmp/tmp8h8ygx6j']
[2022-12-05T19:22:49.411+0000] {standard_task_runner.py:83} INFO - Job 1831: Subtask file_path
[2022-12-05T19:22:49.694+0000] {task_command.py:376} INFO - Running <TaskInstance: first_dag.file_path scheduled__2022-12-05T06:05:00+00:00 [running]> on host debdf09646d4
[2022-12-05T19:22:50.032+0000] {taskinstance.py:1592} INFO - Exporting the following env vars:
AIRFLOW_CTX_DAG_OWNER=***
AIRFLOW_CTX_DAG_ID=first_dag
AIRFLOW_CTX_TASK_ID=file_path
AIRFLOW_CTX_EXECUTION_DATE=2022-12-05T06:05:00+00:00
AIRFLOW_CTX_TRY_NUMBER=1
AIRFLOW_CTX_DAG_RUN_ID=scheduled__2022-12-05T06:05:00+00:00
[2022-12-05T19:22:50.091+0000] {logging_mixin.py:137} INFO - our value:  https://people.sc.fsu.edu/~jburkardt/data/csv/ford_escort.csv
[2022-12-05T19:22:50.093+0000] {python.py:177} INFO - Done. Returned value was: None
[2022-12-05T19:22:50.133+0000] {taskinstance.py:1406} INFO - Marking task as SUCCESS. dag_id=first_dag, task_id=file_path, execution_date=20221205T060500, start_date=20221205T192249, end_date=20221205T192250
[2022-12-05T19:22:50.220+0000] {local_task_job.py:159} INFO - Task exited with return code 0
[2022-12-05T19:22:50.307+0000] {taskinstance.py:2623} INFO - 1 downstream tasks scheduled from follow-on schedule check
