[2022-12-05T19:22:09.333+0000] {taskinstance.py:1165} INFO - Dependencies all met for <TaskInstance: first_dag.file_path scheduled__2022-12-05T04:10:00+00:00 [queued]>
[2022-12-05T19:22:09.374+0000] {taskinstance.py:1165} INFO - Dependencies all met for <TaskInstance: first_dag.file_path scheduled__2022-12-05T04:10:00+00:00 [queued]>
[2022-12-05T19:22:09.377+0000] {taskinstance.py:1362} INFO - 
--------------------------------------------------------------------------------
[2022-12-05T19:22:09.378+0000] {taskinstance.py:1363} INFO - Starting attempt 1 of 1
[2022-12-05T19:22:09.380+0000] {taskinstance.py:1364} INFO - 
--------------------------------------------------------------------------------
[2022-12-05T19:22:09.436+0000] {taskinstance.py:1383} INFO - Executing <Task(PythonOperator): file_path> on 2022-12-05 04:10:00+00:00
[2022-12-05T19:22:09.446+0000] {standard_task_runner.py:55} INFO - Started process 12260 to run task
[2022-12-05T19:22:09.453+0000] {standard_task_runner.py:82} INFO - Running: ['***', 'tasks', 'run', 'first_dag', 'file_path', 'scheduled__2022-12-05T04:10:00+00:00', '--job-id', '1693', '--raw', '--subdir', 'DAGS_FOLDER/***1t.py', '--cfg-path', '/tmp/tmpnjgkom0m']
[2022-12-05T19:22:09.464+0000] {standard_task_runner.py:83} INFO - Job 1693: Subtask file_path
[2022-12-05T19:22:09.823+0000] {task_command.py:376} INFO - Running <TaskInstance: first_dag.file_path scheduled__2022-12-05T04:10:00+00:00 [running]> on host debdf09646d4
[2022-12-05T19:22:10.074+0000] {taskinstance.py:1592} INFO - Exporting the following env vars:
AIRFLOW_CTX_DAG_OWNER=***
AIRFLOW_CTX_DAG_ID=first_dag
AIRFLOW_CTX_TASK_ID=file_path
AIRFLOW_CTX_EXECUTION_DATE=2022-12-05T04:10:00+00:00
AIRFLOW_CTX_TRY_NUMBER=1
AIRFLOW_CTX_DAG_RUN_ID=scheduled__2022-12-05T04:10:00+00:00
[2022-12-05T19:22:10.089+0000] {logging_mixin.py:137} INFO - our value:  https://people.sc.fsu.edu/~jburkardt/data/csv/ford_escort.csv
[2022-12-05T19:22:10.092+0000] {python.py:177} INFO - Done. Returned value was: None
[2022-12-05T19:22:10.145+0000] {taskinstance.py:1406} INFO - Marking task as SUCCESS. dag_id=first_dag, task_id=file_path, execution_date=20221205T041000, start_date=20221205T192209, end_date=20221205T192210
[2022-12-05T19:22:10.196+0000] {local_task_job.py:159} INFO - Task exited with return code 0
[2022-12-05T19:22:10.253+0000] {taskinstance.py:2623} INFO - 1 downstream tasks scheduled from follow-on schedule check
