[2022-11-28T20:12:00.065+0000] {taskinstance.py:1165} INFO - Dependencies all met for <TaskInstance: first_dag.world scheduled__2022-07-21T00:00:00+00:00 [queued]>
[2022-11-28T20:12:00.089+0000] {taskinstance.py:1165} INFO - Dependencies all met for <TaskInstance: first_dag.world scheduled__2022-07-21T00:00:00+00:00 [queued]>
[2022-11-28T20:12:00.092+0000] {taskinstance.py:1362} INFO - 
--------------------------------------------------------------------------------
[2022-11-28T20:12:00.093+0000] {taskinstance.py:1363} INFO - Starting attempt 1 of 1
[2022-11-28T20:12:00.096+0000] {taskinstance.py:1364} INFO - 
--------------------------------------------------------------------------------
[2022-11-28T20:12:00.142+0000] {taskinstance.py:1383} INFO - Executing <Task(PythonOperator): world> on 2022-07-21 00:00:00+00:00
[2022-11-28T20:12:00.148+0000] {standard_task_runner.py:55} INFO - Started process 1242 to run task
[2022-11-28T20:12:00.152+0000] {standard_task_runner.py:82} INFO - Running: ['***', 'tasks', 'run', 'first_dag', 'world', 'scheduled__2022-07-21T00:00:00+00:00', '--job-id', '418', '--raw', '--subdir', 'DAGS_FOLDER/***1t.py', '--cfg-path', '/tmp/tmpuqgepgm4']
[2022-11-28T20:12:00.153+0000] {standard_task_runner.py:83} INFO - Job 418: Subtask world
[2022-11-28T20:12:00.262+0000] {task_command.py:376} INFO - Running <TaskInstance: first_dag.world scheduled__2022-07-21T00:00:00+00:00 [running]> on host 7720011b9adc
[2022-11-28T20:12:00.381+0000] {taskinstance.py:1592} INFO - Exporting the following env vars:
AIRFLOW_CTX_DAG_OWNER=***
AIRFLOW_CTX_DAG_ID=first_dag
AIRFLOW_CTX_TASK_ID=world
AIRFLOW_CTX_EXECUTION_DATE=2022-07-21T00:00:00+00:00
AIRFLOW_CTX_TRY_NUMBER=1
AIRFLOW_CTX_DAG_RUN_ID=scheduled__2022-07-21T00:00:00+00:00
[2022-11-28T20:12:00.382+0000] {logging_mixin.py:137} INFO - Airflow
[2022-11-28T20:12:00.383+0000] {python.py:177} INFO - Done. Returned value was: None
[2022-11-28T20:12:00.405+0000] {taskinstance.py:1406} INFO - Marking task as SUCCESS. dag_id=first_dag, task_id=world, execution_date=20220721T000000, start_date=20221128T201200, end_date=20221128T201200
[2022-11-28T20:12:00.448+0000] {local_task_job.py:159} INFO - Task exited with return code 0
[2022-11-28T20:12:00.475+0000] {taskinstance.py:2623} INFO - 0 downstream tasks scheduled from follow-on schedule check
