[2022-12-05T19:24:23.258+0000] {taskinstance.py:1165} INFO - Dependencies all met for <TaskInstance: first_dag.broadcast_task scheduled__2022-12-05T09:25:00+00:00 [queued]>
[2022-12-05T19:24:23.328+0000] {taskinstance.py:1165} INFO - Dependencies all met for <TaskInstance: first_dag.broadcast_task scheduled__2022-12-05T09:25:00+00:00 [queued]>
[2022-12-05T19:24:23.330+0000] {taskinstance.py:1362} INFO - 
--------------------------------------------------------------------------------
[2022-12-05T19:24:23.336+0000] {taskinstance.py:1363} INFO - Starting attempt 1 of 1
[2022-12-05T19:24:23.339+0000] {taskinstance.py:1364} INFO - 
--------------------------------------------------------------------------------
[2022-12-05T19:24:23.419+0000] {taskinstance.py:1383} INFO - Executing <Task(PythonOperator): broadcast_task> on 2022-12-05 09:25:00+00:00
[2022-12-05T19:24:23.429+0000] {standard_task_runner.py:55} INFO - Started process 13850 to run task
[2022-12-05T19:24:23.440+0000] {standard_task_runner.py:82} INFO - Running: ['***', 'tasks', 'run', 'first_dag', 'broadcast_task', 'scheduled__2022-12-05T09:25:00+00:00', '--job-id', '2169', '--raw', '--subdir', 'DAGS_FOLDER/***1t.py', '--cfg-path', '/tmp/tmp9zvtqtrg']
[2022-12-05T19:24:23.444+0000] {standard_task_runner.py:83} INFO - Job 2169: Subtask broadcast_task
[2022-12-05T19:24:23.626+0000] {task_command.py:376} INFO - Running <TaskInstance: first_dag.broadcast_task scheduled__2022-12-05T09:25:00+00:00 [running]> on host debdf09646d4
[2022-12-05T19:24:23.836+0000] {taskinstance.py:1592} INFO - Exporting the following env vars:
AIRFLOW_CTX_DAG_OWNER=***
AIRFLOW_CTX_DAG_ID=first_dag
AIRFLOW_CTX_TASK_ID=broadcast_task
AIRFLOW_CTX_EXECUTION_DATE=2022-12-05T09:25:00+00:00
AIRFLOW_CTX_TRY_NUMBER=1
AIRFLOW_CTX_DAG_RUN_ID=scheduled__2022-12-05T09:25:00+00:00
[2022-12-05T19:24:25.912+0000] {logging_mixin.py:137} INFO - 23
[2022-12-05T19:24:25.915+0000] {python.py:177} INFO - Done. Returned value was: None
[2022-12-05T19:24:25.955+0000] {taskinstance.py:1406} INFO - Marking task as SUCCESS. dag_id=first_dag, task_id=broadcast_task, execution_date=20221205T092500, start_date=20221205T192423, end_date=20221205T192425
[2022-12-05T19:24:26.097+0000] {local_task_job.py:159} INFO - Task exited with return code 0
[2022-12-05T19:24:26.343+0000] {taskinstance.py:2623} INFO - 0 downstream tasks scheduled from follow-on schedule check
