[2022-11-30T19:28:49.038+0000] {taskinstance.py:1165} INFO - Dependencies all met for <TaskInstance: first_dag.ford_dataset manual__2022-11-30T19:28:45.644092+00:00 [queued]>
[2022-11-30T19:28:49.047+0000] {taskinstance.py:1165} INFO - Dependencies all met for <TaskInstance: first_dag.ford_dataset manual__2022-11-30T19:28:45.644092+00:00 [queued]>
[2022-11-30T19:28:49.048+0000] {taskinstance.py:1362} INFO - 
--------------------------------------------------------------------------------
[2022-11-30T19:28:49.048+0000] {taskinstance.py:1363} INFO - Starting attempt 1 of 1
[2022-11-30T19:28:49.049+0000] {taskinstance.py:1364} INFO - 
--------------------------------------------------------------------------------
[2022-11-30T19:28:49.063+0000] {taskinstance.py:1383} INFO - Executing <Task(PythonOperator): ford_dataset> on 2022-11-30 19:28:45.644092+00:00
[2022-11-30T19:28:49.068+0000] {standard_task_runner.py:55} INFO - Started process 8861 to run task
[2022-11-30T19:28:49.071+0000] {standard_task_runner.py:82} INFO - Running: ['***', 'tasks', 'run', 'first_dag', 'ford_dataset', 'manual__2022-11-30T19:28:45.644092+00:00', '--job-id', '744', '--raw', '--subdir', 'DAGS_FOLDER/***1t.py', '--cfg-path', '/tmp/tmpbwfp6win']
[2022-11-30T19:28:49.073+0000] {standard_task_runner.py:83} INFO - Job 744: Subtask ford_dataset
[2022-11-30T19:28:49.134+0000] {task_command.py:376} INFO - Running <TaskInstance: first_dag.ford_dataset manual__2022-11-30T19:28:45.644092+00:00 [running]> on host debdf09646d4
[2022-11-30T19:28:49.198+0000] {taskinstance.py:1592} INFO - Exporting the following env vars:
AIRFLOW_CTX_DAG_OWNER=***
AIRFLOW_CTX_DAG_ID=first_dag
AIRFLOW_CTX_TASK_ID=ford_dataset
AIRFLOW_CTX_EXECUTION_DATE=2022-11-30T19:28:45.644092+00:00
AIRFLOW_CTX_TRY_NUMBER=1
AIRFLOW_CTX_DAG_RUN_ID=manual__2022-11-30T19:28:45.644092+00:00
[2022-11-30T19:28:49.206+0000] {logging_mixin.py:137} INFO - our value:  https://people.sc.fsu.edu/~jburkardt/data/csv/ford_escort.csv
[2022-11-30T19:28:49.992+0000] {logging_mixin.py:137} INFO - 23
[2022-11-30T19:28:49.993+0000] {python.py:177} INFO - Done. Returned value was: None
[2022-11-30T19:28:50.007+0000] {taskinstance.py:1406} INFO - Marking task as SUCCESS. dag_id=first_dag, task_id=ford_dataset, execution_date=20221130T192845, start_date=20221130T192849, end_date=20221130T192850
[2022-11-30T19:28:50.047+0000] {local_task_job.py:159} INFO - Task exited with return code 0
[2022-11-30T19:28:50.064+0000] {taskinstance.py:2623} INFO - 0 downstream tasks scheduled from follow-on schedule check
