[2022-11-28T20:12:37.204+0000] {taskinstance.py:1165} INFO - Dependencies all met for <TaskInstance: first_dag.world scheduled__2022-09-18T00:00:00+00:00 [queued]>
[2022-11-28T20:12:37.214+0000] {taskinstance.py:1165} INFO - Dependencies all met for <TaskInstance: first_dag.world scheduled__2022-09-18T00:00:00+00:00 [queued]>
[2022-11-28T20:12:37.215+0000] {taskinstance.py:1362} INFO - 
--------------------------------------------------------------------------------
[2022-11-28T20:12:37.215+0000] {taskinstance.py:1363} INFO - Starting attempt 1 of 1
[2022-11-28T20:12:37.216+0000] {taskinstance.py:1364} INFO - 
--------------------------------------------------------------------------------
[2022-11-28T20:12:37.231+0000] {taskinstance.py:1383} INFO - Executing <Task(PythonOperator): world> on 2022-09-18 00:00:00+00:00
[2022-11-28T20:12:37.235+0000] {standard_task_runner.py:55} INFO - Started process 1544 to run task
[2022-11-28T20:12:37.239+0000] {standard_task_runner.py:82} INFO - Running: ['***', 'tasks', 'run', 'first_dag', 'world', 'scheduled__2022-09-18T00:00:00+00:00', '--job-id', '531', '--raw', '--subdir', 'DAGS_FOLDER/***1t.py', '--cfg-path', '/tmp/tmp2bhmzasi']
[2022-11-28T20:12:37.239+0000] {standard_task_runner.py:83} INFO - Job 531: Subtask world
[2022-11-28T20:12:37.300+0000] {task_command.py:376} INFO - Running <TaskInstance: first_dag.world scheduled__2022-09-18T00:00:00+00:00 [running]> on host 7720011b9adc
[2022-11-28T20:12:37.371+0000] {taskinstance.py:1592} INFO - Exporting the following env vars:
AIRFLOW_CTX_DAG_OWNER=***
AIRFLOW_CTX_DAG_ID=first_dag
AIRFLOW_CTX_TASK_ID=world
AIRFLOW_CTX_EXECUTION_DATE=2022-09-18T00:00:00+00:00
AIRFLOW_CTX_TRY_NUMBER=1
AIRFLOW_CTX_DAG_RUN_ID=scheduled__2022-09-18T00:00:00+00:00
[2022-11-28T20:12:37.372+0000] {logging_mixin.py:137} INFO - Airflow
[2022-11-28T20:12:37.372+0000] {python.py:177} INFO - Done. Returned value was: None
[2022-11-28T20:12:37.382+0000] {taskinstance.py:1406} INFO - Marking task as SUCCESS. dag_id=first_dag, task_id=world, execution_date=20220918T000000, start_date=20221128T201237, end_date=20221128T201237
[2022-11-28T20:12:37.410+0000] {local_task_job.py:159} INFO - Task exited with return code 0
[2022-11-28T20:12:37.426+0000] {taskinstance.py:2623} INFO - 0 downstream tasks scheduled from follow-on schedule check
