[2022-12-05T19:27:28.948+0000] {taskinstance.py:1165} INFO - Dependencies all met for <TaskInstance: first_dag.pull_task scheduled__2022-12-05T17:30:00+00:00 [queued]>
[2022-12-05T19:27:28.965+0000] {taskinstance.py:1165} INFO - Dependencies all met for <TaskInstance: first_dag.pull_task scheduled__2022-12-05T17:30:00+00:00 [queued]>
[2022-12-05T19:27:28.965+0000] {taskinstance.py:1362} INFO - 
--------------------------------------------------------------------------------
[2022-12-05T19:27:28.966+0000] {taskinstance.py:1363} INFO - Starting attempt 1 of 1
[2022-12-05T19:27:28.966+0000] {taskinstance.py:1364} INFO - 
--------------------------------------------------------------------------------
[2022-12-05T19:27:29.011+0000] {taskinstance.py:1383} INFO - Executing <Task(PythonOperator): pull_task> on 2022-12-05 17:30:00+00:00
[2022-12-05T19:27:29.018+0000] {standard_task_runner.py:55} INFO - Started process 16006 to run task
[2022-12-05T19:27:29.023+0000] {standard_task_runner.py:82} INFO - Running: ['***', 'tasks', 'run', 'first_dag', 'pull_task', 'scheduled__2022-12-05T17:30:00+00:00', '--job-id', '2819', '--raw', '--subdir', 'DAGS_FOLDER/***1t.py', '--cfg-path', '/tmp/tmp_b668az1']
[2022-12-05T19:27:29.025+0000] {standard_task_runner.py:83} INFO - Job 2819: Subtask pull_task
[2022-12-05T19:27:29.116+0000] {task_command.py:376} INFO - Running <TaskInstance: first_dag.pull_task scheduled__2022-12-05T17:30:00+00:00 [running]> on host debdf09646d4
[2022-12-05T19:27:29.231+0000] {taskinstance.py:1592} INFO - Exporting the following env vars:
AIRFLOW_CTX_DAG_OWNER=***
AIRFLOW_CTX_DAG_ID=first_dag
AIRFLOW_CTX_TASK_ID=pull_task
AIRFLOW_CTX_EXECUTION_DATE=2022-12-05T17:30:00+00:00
AIRFLOW_CTX_TRY_NUMBER=1
AIRFLOW_CTX_DAG_RUN_ID=scheduled__2022-12-05T17:30:00+00:00
[2022-12-05T19:27:30.378+0000] {logging_mixin.py:137} INFO - 23
[2022-12-05T19:27:30.379+0000] {python.py:177} INFO - Done. Returned value was: None
[2022-12-05T19:27:30.393+0000] {taskinstance.py:1406} INFO - Marking task as SUCCESS. dag_id=first_dag, task_id=pull_task, execution_date=20221205T173000, start_date=20221205T192728, end_date=20221205T192730
[2022-12-05T19:27:30.439+0000] {local_task_job.py:159} INFO - Task exited with return code 0
[2022-12-05T19:27:30.473+0000] {taskinstance.py:2623} INFO - 1 downstream tasks scheduled from follow-on schedule check
