[2022-12-05T19:35:03.385+0000] {taskinstance.py:1165} INFO - Dependencies all met for <TaskInstance: first_dag.file_path scheduled__2022-12-05T19:30:00+00:00 [queued]>
[2022-12-05T19:35:03.396+0000] {taskinstance.py:1165} INFO - Dependencies all met for <TaskInstance: first_dag.file_path scheduled__2022-12-05T19:30:00+00:00 [queued]>
[2022-12-05T19:35:03.397+0000] {taskinstance.py:1362} INFO - 
--------------------------------------------------------------------------------
[2022-12-05T19:35:03.397+0000] {taskinstance.py:1363} INFO - Starting attempt 1 of 1
[2022-12-05T19:35:03.398+0000] {taskinstance.py:1364} INFO - 
--------------------------------------------------------------------------------
[2022-12-05T19:35:03.414+0000] {taskinstance.py:1383} INFO - Executing <Task(PythonOperator): file_path> on 2022-12-05 19:30:00+00:00
[2022-12-05T19:35:03.419+0000] {standard_task_runner.py:55} INFO - Started process 16868 to run task
[2022-12-05T19:35:03.423+0000] {standard_task_runner.py:82} INFO - Running: ['***', 'tasks', 'run', 'first_dag', 'file_path', 'scheduled__2022-12-05T19:30:00+00:00', '--job-id', '2984', '--raw', '--subdir', 'DAGS_FOLDER/***1t.py', '--cfg-path', '/tmp/tmp3yd0u9es']
[2022-12-05T19:35:03.427+0000] {standard_task_runner.py:83} INFO - Job 2984: Subtask file_path
[2022-12-05T19:35:03.488+0000] {task_command.py:376} INFO - Running <TaskInstance: first_dag.file_path scheduled__2022-12-05T19:30:00+00:00 [running]> on host debdf09646d4
[2022-12-05T19:35:03.560+0000] {taskinstance.py:1592} INFO - Exporting the following env vars:
AIRFLOW_CTX_DAG_OWNER=***
AIRFLOW_CTX_DAG_ID=first_dag
AIRFLOW_CTX_TASK_ID=file_path
AIRFLOW_CTX_EXECUTION_DATE=2022-12-05T19:30:00+00:00
AIRFLOW_CTX_TRY_NUMBER=1
AIRFLOW_CTX_DAG_RUN_ID=scheduled__2022-12-05T19:30:00+00:00
[2022-12-05T19:35:03.568+0000] {logging_mixin.py:137} INFO - our value:  https://people.sc.fsu.edu/~jburkardt/data/csv/ford_escort.csv
[2022-12-05T19:35:03.568+0000] {python.py:177} INFO - Done. Returned value was: None
[2022-12-05T19:35:03.577+0000] {taskinstance.py:1406} INFO - Marking task as SUCCESS. dag_id=first_dag, task_id=file_path, execution_date=20221205T193000, start_date=20221205T193503, end_date=20221205T193503
[2022-12-05T19:35:03.594+0000] {local_task_job.py:159} INFO - Task exited with return code 0
[2022-12-05T19:35:03.621+0000] {taskinstance.py:2623} INFO - 1 downstream tasks scheduled from follow-on schedule check
