[2022-12-05T19:27:11.271+0000] {taskinstance.py:1165} INFO - Dependencies all met for <TaskInstance: first_dag.number_task scheduled__2022-12-05T16:05:00+00:00 [queued]>
[2022-12-05T19:27:11.324+0000] {taskinstance.py:1165} INFO - Dependencies all met for <TaskInstance: first_dag.number_task scheduled__2022-12-05T16:05:00+00:00 [queued]>
[2022-12-05T19:27:11.331+0000] {taskinstance.py:1362} INFO - 
--------------------------------------------------------------------------------
[2022-12-05T19:27:11.333+0000] {taskinstance.py:1363} INFO - Starting attempt 1 of 1
[2022-12-05T19:27:11.339+0000] {taskinstance.py:1364} INFO - 
--------------------------------------------------------------------------------
[2022-12-05T19:27:11.427+0000] {taskinstance.py:1383} INFO - Executing <Task(PythonOperator): number_task> on 2022-12-05 16:05:00+00:00
[2022-12-05T19:27:11.435+0000] {standard_task_runner.py:55} INFO - Started process 15786 to run task
[2022-12-05T19:27:11.494+0000] {standard_task_runner.py:82} INFO - Running: ['***', 'tasks', 'run', 'first_dag', 'number_task', 'scheduled__2022-12-05T16:05:00+00:00', '--job-id', '2749', '--raw', '--subdir', 'DAGS_FOLDER/***1t.py', '--cfg-path', '/tmp/tmphy2rj9ie']
[2022-12-05T19:27:11.497+0000] {standard_task_runner.py:83} INFO - Job 2749: Subtask number_task
[2022-12-05T19:27:11.677+0000] {task_command.py:376} INFO - Running <TaskInstance: first_dag.number_task scheduled__2022-12-05T16:05:00+00:00 [running]> on host debdf09646d4
[2022-12-05T19:27:11.929+0000] {taskinstance.py:1592} INFO - Exporting the following env vars:
AIRFLOW_CTX_DAG_OWNER=***
AIRFLOW_CTX_DAG_ID=first_dag
AIRFLOW_CTX_TASK_ID=number_task
AIRFLOW_CTX_EXECUTION_DATE=2022-12-05T16:05:00+00:00
AIRFLOW_CTX_TRY_NUMBER=1
AIRFLOW_CTX_DAG_RUN_ID=scheduled__2022-12-05T16:05:00+00:00
[2022-12-05T19:27:11.930+0000] {logging_mixin.py:137} INFO - 61   77
[2022-12-05T19:27:11.933+0000] {logging_mixin.py:137} INFO - <_io.TextIOWrapper name='file.txt' mode='a' encoding='UTF-8'>
[2022-12-05T19:27:11.933+0000] {python.py:177} INFO - Done. Returned value was: None
[2022-12-05T19:27:11.947+0000] {taskinstance.py:1406} INFO - Marking task as SUCCESS. dag_id=first_dag, task_id=number_task, execution_date=20221205T160500, start_date=20221205T192711, end_date=20221205T192711
[2022-12-05T19:27:12.001+0000] {local_task_job.py:159} INFO - Task exited with return code 0
[2022-12-05T19:27:12.038+0000] {taskinstance.py:2623} INFO - 1 downstream tasks scheduled from follow-on schedule check
