[2022-12-05T16:24:51.078+0000] {taskinstance.py:1165} INFO - Dependencies all met for <TaskInstance: first_dag.pull_task manual__2022-12-05T16:24:46.509353+00:00 [queued]>
[2022-12-05T16:24:51.089+0000] {taskinstance.py:1165} INFO - Dependencies all met for <TaskInstance: first_dag.pull_task manual__2022-12-05T16:24:46.509353+00:00 [queued]>
[2022-12-05T16:24:51.090+0000] {taskinstance.py:1362} INFO - 
--------------------------------------------------------------------------------
[2022-12-05T16:24:51.090+0000] {taskinstance.py:1363} INFO - Starting attempt 1 of 1
[2022-12-05T16:24:51.090+0000] {taskinstance.py:1364} INFO - 
--------------------------------------------------------------------------------
[2022-12-05T16:24:51.106+0000] {taskinstance.py:1383} INFO - Executing <Task(PythonOperator): pull_task> on 2022-12-05 16:24:46.509353+00:00
[2022-12-05T16:24:51.111+0000] {standard_task_runner.py:55} INFO - Started process 1571 to run task
[2022-12-05T16:24:51.115+0000] {standard_task_runner.py:82} INFO - Running: ['***', 'tasks', 'run', 'first_dag', 'pull_task', 'manual__2022-12-05T16:24:46.509353+00:00', '--job-id', '956', '--raw', '--subdir', 'DAGS_FOLDER/***1t.py', '--cfg-path', '/tmp/tmpwzws1ngm']
[2022-12-05T16:24:51.117+0000] {standard_task_runner.py:83} INFO - Job 956: Subtask pull_task
[2022-12-05T16:24:51.186+0000] {task_command.py:376} INFO - Running <TaskInstance: first_dag.pull_task manual__2022-12-05T16:24:46.509353+00:00 [running]> on host debdf09646d4
[2022-12-05T16:24:51.318+0000] {taskinstance.py:1592} INFO - Exporting the following env vars:
AIRFLOW_CTX_DAG_OWNER=***
AIRFLOW_CTX_DAG_ID=first_dag
AIRFLOW_CTX_TASK_ID=pull_task
AIRFLOW_CTX_EXECUTION_DATE=2022-12-05T16:24:46.509353+00:00
AIRFLOW_CTX_TRY_NUMBER=1
AIRFLOW_CTX_DAG_RUN_ID=manual__2022-12-05T16:24:46.509353+00:00
[2022-12-05T16:24:52.137+0000] {logging_mixin.py:137} INFO - 23
[2022-12-05T16:24:52.138+0000] {python.py:177} INFO - Done. Returned value was: None
[2022-12-05T16:24:52.155+0000] {taskinstance.py:1406} INFO - Marking task as SUCCESS. dag_id=first_dag, task_id=pull_task, execution_date=20221205T162446, start_date=20221205T162451, end_date=20221205T162452
[2022-12-05T16:24:52.210+0000] {local_task_job.py:159} INFO - Task exited with return code 0
[2022-12-05T16:24:52.282+0000] {taskinstance.py:2623} INFO - 1 downstream tasks scheduled from follow-on schedule check
