[2022-11-28T20:10:51.237+0000] {taskinstance.py:1165} INFO - Dependencies all met for <TaskInstance: first_dag.hello scheduled__2022-04-22T00:00:00+00:00 [queued]>
[2022-11-28T20:10:51.252+0000] {taskinstance.py:1165} INFO - Dependencies all met for <TaskInstance: first_dag.hello scheduled__2022-04-22T00:00:00+00:00 [queued]>
[2022-11-28T20:10:51.253+0000] {taskinstance.py:1362} INFO - 
--------------------------------------------------------------------------------
[2022-11-28T20:10:51.253+0000] {taskinstance.py:1363} INFO - Starting attempt 1 of 1
[2022-11-28T20:10:51.254+0000] {taskinstance.py:1364} INFO - 
--------------------------------------------------------------------------------
[2022-11-28T20:10:51.277+0000] {taskinstance.py:1383} INFO - Executing <Task(BashOperator): hello> on 2022-04-22 00:00:00+00:00
[2022-11-28T20:10:51.283+0000] {standard_task_runner.py:55} INFO - Started process 715 to run task
[2022-11-28T20:10:51.288+0000] {standard_task_runner.py:82} INFO - Running: ['***', 'tasks', 'run', 'first_dag', 'hello', 'scheduled__2022-04-22T00:00:00+00:00', '--job-id', '232', '--raw', '--subdir', 'DAGS_FOLDER/***1t.py', '--cfg-path', '/tmp/tmpir9j_2_f']
[2022-11-28T20:10:51.289+0000] {standard_task_runner.py:83} INFO - Job 232: Subtask hello
[2022-11-28T20:10:51.385+0000] {task_command.py:376} INFO - Running <TaskInstance: first_dag.hello scheduled__2022-04-22T00:00:00+00:00 [running]> on host 7720011b9adc
[2022-11-28T20:10:51.491+0000] {taskinstance.py:1592} INFO - Exporting the following env vars:
AIRFLOW_CTX_DAG_OWNER=***
AIRFLOW_CTX_DAG_ID=first_dag
AIRFLOW_CTX_TASK_ID=hello
AIRFLOW_CTX_EXECUTION_DATE=2022-04-22T00:00:00+00:00
AIRFLOW_CTX_TRY_NUMBER=1
AIRFLOW_CTX_DAG_RUN_ID=scheduled__2022-04-22T00:00:00+00:00
[2022-11-28T20:10:51.493+0000] {subprocess.py:63} INFO - Tmp dir root location: 
 /tmp
[2022-11-28T20:10:51.494+0000] {subprocess.py:75} INFO - Running command: ['/bin/bash', '-c', 'echo hello']
[2022-11-28T20:10:51.505+0000] {subprocess.py:86} INFO - Output:
[2022-11-28T20:10:51.507+0000] {subprocess.py:93} INFO - hello
[2022-11-28T20:10:51.507+0000] {subprocess.py:97} INFO - Command exited with return code 0
[2022-11-28T20:10:51.541+0000] {taskinstance.py:1406} INFO - Marking task as SUCCESS. dag_id=first_dag, task_id=hello, execution_date=20220422T000000, start_date=20221128T201051, end_date=20221128T201051
[2022-11-28T20:10:51.580+0000] {local_task_job.py:159} INFO - Task exited with return code 0
[2022-11-28T20:10:51.611+0000] {taskinstance.py:2623} INFO - 1 downstream tasks scheduled from follow-on schedule check
