[2022-12-01T16:21:31.198+0000] {taskinstance.py:1165} INFO - Dependencies all met for <TaskInstance: first_dag.file_path manual__2022-12-01T16:21:27.483718+00:00 [queued]>
[2022-12-01T16:21:31.210+0000] {taskinstance.py:1165} INFO - Dependencies all met for <TaskInstance: first_dag.file_path manual__2022-12-01T16:21:27.483718+00:00 [queued]>
[2022-12-01T16:21:31.210+0000] {taskinstance.py:1362} INFO - 
--------------------------------------------------------------------------------
[2022-12-01T16:21:31.211+0000] {taskinstance.py:1363} INFO - Starting attempt 1 of 1
[2022-12-01T16:21:31.211+0000] {taskinstance.py:1364} INFO - 
--------------------------------------------------------------------------------
[2022-12-01T16:21:31.226+0000] {taskinstance.py:1383} INFO - Executing <Task(PythonOperator): file_path> on 2022-12-01 16:21:27.483718+00:00
[2022-12-01T16:21:31.230+0000] {standard_task_runner.py:55} INFO - Started process 543 to run task
[2022-12-01T16:21:31.233+0000] {standard_task_runner.py:82} INFO - Running: ['***', 'tasks', 'run', 'first_dag', 'file_path', 'manual__2022-12-01T16:21:27.483718+00:00', '--job-id', '835', '--raw', '--subdir', 'DAGS_FOLDER/***1t.py', '--cfg-path', '/tmp/tmppos51qyb']
[2022-12-01T16:21:31.236+0000] {standard_task_runner.py:83} INFO - Job 835: Subtask file_path
[2022-12-01T16:21:31.302+0000] {task_command.py:376} INFO - Running <TaskInstance: first_dag.file_path manual__2022-12-01T16:21:27.483718+00:00 [running]> on host debdf09646d4
[2022-12-01T16:21:31.370+0000] {taskinstance.py:1592} INFO - Exporting the following env vars:
AIRFLOW_CTX_DAG_OWNER=***
AIRFLOW_CTX_DAG_ID=first_dag
AIRFLOW_CTX_TASK_ID=file_path
AIRFLOW_CTX_EXECUTION_DATE=2022-12-01T16:21:27.483718+00:00
AIRFLOW_CTX_TRY_NUMBER=1
AIRFLOW_CTX_DAG_RUN_ID=manual__2022-12-01T16:21:27.483718+00:00
[2022-12-01T16:21:31.378+0000] {logging_mixin.py:137} INFO - our value:  https://people.sc.fsu.edu/~jburkardt/data/csv/ford_escort.csv
[2022-12-01T16:21:31.378+0000] {python.py:177} INFO - Done. Returned value was: None
[2022-12-01T16:21:31.389+0000] {taskinstance.py:1406} INFO - Marking task as SUCCESS. dag_id=first_dag, task_id=file_path, execution_date=20221201T162127, start_date=20221201T162131, end_date=20221201T162131
[2022-12-01T16:21:31.445+0000] {local_task_job.py:159} INFO - Task exited with return code 0
[2022-12-01T16:21:31.460+0000] {taskinstance.py:2623} INFO - 0 downstream tasks scheduled from follow-on schedule check
