[2022-11-30T19:38:19.484+0000] {taskinstance.py:1165} INFO - Dependencies all met for <TaskInstance: first_dag.hello manual__2022-11-30T19:38:18.620210+00:00 [queued]>
[2022-11-30T19:38:19.499+0000] {taskinstance.py:1165} INFO - Dependencies all met for <TaskInstance: first_dag.hello manual__2022-11-30T19:38:18.620210+00:00 [queued]>
[2022-11-30T19:38:19.499+0000] {taskinstance.py:1362} INFO - 
--------------------------------------------------------------------------------
[2022-11-30T19:38:19.500+0000] {taskinstance.py:1363} INFO - Starting attempt 1 of 1
[2022-11-30T19:38:19.500+0000] {taskinstance.py:1364} INFO - 
--------------------------------------------------------------------------------
[2022-11-30T19:38:19.519+0000] {taskinstance.py:1383} INFO - Executing <Task(BashOperator): hello> on 2022-11-30 19:38:18.620210+00:00
[2022-11-30T19:38:19.525+0000] {standard_task_runner.py:55} INFO - Started process 9331 to run task
[2022-11-30T19:38:19.529+0000] {standard_task_runner.py:82} INFO - Running: ['***', 'tasks', 'run', 'first_dag', 'hello', 'manual__2022-11-30T19:38:18.620210+00:00', '--job-id', '749', '--raw', '--subdir', 'DAGS_FOLDER/***1t.py', '--cfg-path', '/tmp/tmpd9p8mt8q']
[2022-11-30T19:38:19.532+0000] {standard_task_runner.py:83} INFO - Job 749: Subtask hello
[2022-11-30T19:38:19.597+0000] {task_command.py:376} INFO - Running <TaskInstance: first_dag.hello manual__2022-11-30T19:38:18.620210+00:00 [running]> on host debdf09646d4
[2022-11-30T19:38:19.669+0000] {taskinstance.py:1592} INFO - Exporting the following env vars:
AIRFLOW_CTX_DAG_OWNER=***
AIRFLOW_CTX_DAG_ID=first_dag
AIRFLOW_CTX_TASK_ID=hello
AIRFLOW_CTX_EXECUTION_DATE=2022-11-30T19:38:18.620210+00:00
AIRFLOW_CTX_TRY_NUMBER=1
AIRFLOW_CTX_DAG_RUN_ID=manual__2022-11-30T19:38:18.620210+00:00
[2022-11-30T19:38:19.671+0000] {subprocess.py:63} INFO - Tmp dir root location: 
 /tmp
[2022-11-30T19:38:19.672+0000] {subprocess.py:75} INFO - Running command: ['/bin/bash', '-c', 'echo hello']
[2022-11-30T19:38:19.682+0000] {subprocess.py:86} INFO - Output:
[2022-11-30T19:38:19.683+0000] {subprocess.py:93} INFO - hello
[2022-11-30T19:38:19.683+0000] {subprocess.py:97} INFO - Command exited with return code 0
[2022-11-30T19:38:19.707+0000] {taskinstance.py:1406} INFO - Marking task as SUCCESS. dag_id=first_dag, task_id=hello, execution_date=20221130T193818, start_date=20221130T193819, end_date=20221130T193819
[2022-11-30T19:38:19.743+0000] {local_task_job.py:159} INFO - Task exited with return code 0
[2022-11-30T19:38:19.771+0000] {taskinstance.py:2623} INFO - 1 downstream tasks scheduled from follow-on schedule check
