[2022-12-05T19:22:53.347+0000] {taskinstance.py:1165} INFO - Dependencies all met for <TaskInstance: first_dag.broadcast_task scheduled__2022-12-05T05:45:00+00:00 [queued]>
[2022-12-05T19:22:53.383+0000] {taskinstance.py:1165} INFO - Dependencies all met for <TaskInstance: first_dag.broadcast_task scheduled__2022-12-05T05:45:00+00:00 [queued]>
[2022-12-05T19:22:53.384+0000] {taskinstance.py:1362} INFO - 
--------------------------------------------------------------------------------
[2022-12-05T19:22:53.385+0000] {taskinstance.py:1363} INFO - Starting attempt 1 of 1
[2022-12-05T19:22:53.397+0000] {taskinstance.py:1364} INFO - 
--------------------------------------------------------------------------------
[2022-12-05T19:22:53.442+0000] {taskinstance.py:1383} INFO - Executing <Task(PythonOperator): broadcast_task> on 2022-12-05 05:45:00+00:00
[2022-12-05T19:22:53.449+0000] {standard_task_runner.py:55} INFO - Started process 12769 to run task
[2022-12-05T19:22:53.461+0000] {standard_task_runner.py:82} INFO - Running: ['***', 'tasks', 'run', 'first_dag', 'broadcast_task', 'scheduled__2022-12-05T05:45:00+00:00', '--job-id', '1849', '--raw', '--subdir', 'DAGS_FOLDER/***1t.py', '--cfg-path', '/tmp/tmpy5waha5p']
[2022-12-05T19:22:53.464+0000] {standard_task_runner.py:83} INFO - Job 1849: Subtask broadcast_task
[2022-12-05T19:22:53.703+0000] {task_command.py:376} INFO - Running <TaskInstance: first_dag.broadcast_task scheduled__2022-12-05T05:45:00+00:00 [running]> on host debdf09646d4
[2022-12-05T19:22:53.946+0000] {taskinstance.py:1592} INFO - Exporting the following env vars:
AIRFLOW_CTX_DAG_OWNER=***
AIRFLOW_CTX_DAG_ID=first_dag
AIRFLOW_CTX_TASK_ID=broadcast_task
AIRFLOW_CTX_EXECUTION_DATE=2022-12-05T05:45:00+00:00
AIRFLOW_CTX_TRY_NUMBER=1
AIRFLOW_CTX_DAG_RUN_ID=scheduled__2022-12-05T05:45:00+00:00
[2022-12-05T19:22:56.405+0000] {logging_mixin.py:137} INFO - 23
[2022-12-05T19:22:56.407+0000] {python.py:177} INFO - Done. Returned value was: None
[2022-12-05T19:22:56.435+0000] {taskinstance.py:1406} INFO - Marking task as SUCCESS. dag_id=first_dag, task_id=broadcast_task, execution_date=20221205T054500, start_date=20221205T192253, end_date=20221205T192256
[2022-12-05T19:22:56.617+0000] {local_task_job.py:159} INFO - Task exited with return code 0
[2022-12-05T19:22:56.708+0000] {taskinstance.py:2623} INFO - 1 downstream tasks scheduled from follow-on schedule check
