[2022-12-05T19:24:27.939+0000] {taskinstance.py:1165} INFO - Dependencies all met for <TaskInstance: first_dag.number_task scheduled__2022-12-05T09:25:00+00:00 [queued]>
[2022-12-05T19:24:27.975+0000] {taskinstance.py:1165} INFO - Dependencies all met for <TaskInstance: first_dag.number_task scheduled__2022-12-05T09:25:00+00:00 [queued]>
[2022-12-05T19:24:27.977+0000] {taskinstance.py:1362} INFO - 
--------------------------------------------------------------------------------
[2022-12-05T19:24:27.978+0000] {taskinstance.py:1363} INFO - Starting attempt 1 of 1
[2022-12-05T19:24:27.978+0000] {taskinstance.py:1364} INFO - 
--------------------------------------------------------------------------------
[2022-12-05T19:24:28.089+0000] {taskinstance.py:1383} INFO - Executing <Task(PythonOperator): number_task> on 2022-12-05 09:25:00+00:00
[2022-12-05T19:24:28.109+0000] {standard_task_runner.py:55} INFO - Started process 13914 to run task
[2022-12-05T19:24:28.114+0000] {standard_task_runner.py:82} INFO - Running: ['***', 'tasks', 'run', 'first_dag', 'number_task', 'scheduled__2022-12-05T09:25:00+00:00', '--job-id', '2191', '--raw', '--subdir', 'DAGS_FOLDER/***1t.py', '--cfg-path', '/tmp/tmppw9okhid']
[2022-12-05T19:24:28.131+0000] {standard_task_runner.py:83} INFO - Job 2191: Subtask number_task
[2022-12-05T19:24:28.386+0000] {task_command.py:376} INFO - Running <TaskInstance: first_dag.number_task scheduled__2022-12-05T09:25:00+00:00 [running]> on host debdf09646d4
[2022-12-05T19:24:28.663+0000] {taskinstance.py:1592} INFO - Exporting the following env vars:
AIRFLOW_CTX_DAG_OWNER=***
AIRFLOW_CTX_DAG_ID=first_dag
AIRFLOW_CTX_TASK_ID=number_task
AIRFLOW_CTX_EXECUTION_DATE=2022-12-05T09:25:00+00:00
AIRFLOW_CTX_TRY_NUMBER=1
AIRFLOW_CTX_DAG_RUN_ID=scheduled__2022-12-05T09:25:00+00:00
[2022-12-05T19:24:28.666+0000] {logging_mixin.py:137} INFO - 82   2
[2022-12-05T19:24:28.668+0000] {logging_mixin.py:137} INFO - <_io.TextIOWrapper name='file.txt' mode='a' encoding='UTF-8'>
[2022-12-05T19:24:28.669+0000] {python.py:177} INFO - Done. Returned value was: None
[2022-12-05T19:24:28.687+0000] {taskinstance.py:1406} INFO - Marking task as SUCCESS. dag_id=first_dag, task_id=number_task, execution_date=20221205T092500, start_date=20221205T192427, end_date=20221205T192428
[2022-12-05T19:24:28.736+0000] {local_task_job.py:159} INFO - Task exited with return code 0
[2022-12-05T19:24:28.799+0000] {taskinstance.py:2623} INFO - 1 downstream tasks scheduled from follow-on schedule check
