[2022-12-05T19:24:33.616+0000] {taskinstance.py:1165} INFO - Dependencies all met for <TaskInstance: first_dag.sum_task scheduled__2022-12-05T09:40:00+00:00 [queued]>
[2022-12-05T19:24:33.640+0000] {taskinstance.py:1165} INFO - Dependencies all met for <TaskInstance: first_dag.sum_task scheduled__2022-12-05T09:40:00+00:00 [queued]>
[2022-12-05T19:24:33.640+0000] {taskinstance.py:1362} INFO - 
--------------------------------------------------------------------------------
[2022-12-05T19:24:33.642+0000] {taskinstance.py:1363} INFO - Starting attempt 1 of 1
[2022-12-05T19:24:33.643+0000] {taskinstance.py:1364} INFO - 
--------------------------------------------------------------------------------
[2022-12-05T19:24:33.821+0000] {taskinstance.py:1383} INFO - Executing <Task(PythonOperator): sum_task> on 2022-12-05 09:40:00+00:00
[2022-12-05T19:24:33.833+0000] {standard_task_runner.py:55} INFO - Started process 13979 to run task
[2022-12-05T19:24:33.845+0000] {standard_task_runner.py:82} INFO - Running: ['***', 'tasks', 'run', 'first_dag', 'sum_task', 'scheduled__2022-12-05T09:40:00+00:00', '--job-id', '2213', '--raw', '--subdir', 'DAGS_FOLDER/***1t.py', '--cfg-path', '/tmp/tmpz7v3cmkh']
[2022-12-05T19:24:33.851+0000] {standard_task_runner.py:83} INFO - Job 2213: Subtask sum_task
[2022-12-05T19:24:34.038+0000] {task_command.py:376} INFO - Running <TaskInstance: first_dag.sum_task scheduled__2022-12-05T09:40:00+00:00 [running]> on host debdf09646d4
[2022-12-05T19:24:34.329+0000] {taskinstance.py:1592} INFO - Exporting the following env vars:
AIRFLOW_CTX_DAG_OWNER=***
AIRFLOW_CTX_DAG_ID=first_dag
AIRFLOW_CTX_TASK_ID=sum_task
AIRFLOW_CTX_EXECUTION_DATE=2022-12-05T09:40:00+00:00
AIRFLOW_CTX_TRY_NUMBER=1
AIRFLOW_CTX_DAG_RUN_ID=scheduled__2022-12-05T09:40:00+00:00
[2022-12-05T19:24:34.334+0000] {python.py:177} INFO - Done. Returned value was: None
[2022-12-05T19:24:34.352+0000] {taskinstance.py:1406} INFO - Marking task as SUCCESS. dag_id=first_dag, task_id=sum_task, execution_date=20221205T094000, start_date=20221205T192433, end_date=20221205T192434
[2022-12-05T19:24:34.422+0000] {local_task_job.py:159} INFO - Task exited with return code 0
[2022-12-05T19:24:34.581+0000] {taskinstance.py:2623} INFO - 0 downstream tasks scheduled from follow-on schedule check
