[2022-12-05T17:49:27.851+0000] {taskinstance.py:1165} INFO - Dependencies all met for <TaskInstance: first_dag.broadcast_task manual__2022-12-05T17:49:21.043779+00:00 [queued]>
[2022-12-05T17:49:27.861+0000] {taskinstance.py:1165} INFO - Dependencies all met for <TaskInstance: first_dag.broadcast_task manual__2022-12-05T17:49:21.043779+00:00 [queued]>
[2022-12-05T17:49:27.861+0000] {taskinstance.py:1362} INFO - 
--------------------------------------------------------------------------------
[2022-12-05T17:49:27.861+0000] {taskinstance.py:1363} INFO - Starting attempt 1 of 1
[2022-12-05T17:49:27.862+0000] {taskinstance.py:1364} INFO - 
--------------------------------------------------------------------------------
[2022-12-05T17:49:27.876+0000] {taskinstance.py:1383} INFO - Executing <Task(PythonOperator): broadcast_task> on 2022-12-05 17:49:21.043779+00:00
[2022-12-05T17:49:27.881+0000] {standard_task_runner.py:55} INFO - Started process 5975 to run task
[2022-12-05T17:49:27.884+0000] {standard_task_runner.py:82} INFO - Running: ['***', 'tasks', 'run', 'first_dag', 'broadcast_task', 'manual__2022-12-05T17:49:21.043779+00:00', '--job-id', '1089', '--raw', '--subdir', 'DAGS_FOLDER/***1t.py', '--cfg-path', '/tmp/tmp91nqa3vv']
[2022-12-05T17:49:27.886+0000] {standard_task_runner.py:83} INFO - Job 1089: Subtask broadcast_task
[2022-12-05T17:49:27.947+0000] {task_command.py:376} INFO - Running <TaskInstance: first_dag.broadcast_task manual__2022-12-05T17:49:21.043779+00:00 [running]> on host debdf09646d4
[2022-12-05T17:49:28.017+0000] {taskinstance.py:1592} INFO - Exporting the following env vars:
AIRFLOW_CTX_DAG_OWNER=***
AIRFLOW_CTX_DAG_ID=first_dag
AIRFLOW_CTX_TASK_ID=broadcast_task
AIRFLOW_CTX_EXECUTION_DATE=2022-12-05T17:49:21.043779+00:00
AIRFLOW_CTX_TRY_NUMBER=1
AIRFLOW_CTX_DAG_RUN_ID=manual__2022-12-05T17:49:21.043779+00:00
[2022-12-05T17:49:28.787+0000] {logging_mixin.py:137} INFO - 23
[2022-12-05T17:49:28.787+0000] {python.py:177} INFO - Done. Returned value was: None
[2022-12-05T17:49:28.797+0000] {taskinstance.py:1406} INFO - Marking task as SUCCESS. dag_id=first_dag, task_id=broadcast_task, execution_date=20221205T174921, start_date=20221205T174927, end_date=20221205T174928
[2022-12-05T17:49:28.819+0000] {local_task_job.py:159} INFO - Task exited with return code 0
[2022-12-05T17:49:28.847+0000] {taskinstance.py:2623} INFO - 1 downstream tasks scheduled from follow-on schedule check
