[2022-11-28T20:10:13.127+0000] {taskinstance.py:1165} INFO - Dependencies all met for <TaskInstance: first_dag.hello scheduled__2022-03-01T00:00:00+00:00 [queued]>
[2022-11-28T20:10:13.153+0000] {taskinstance.py:1165} INFO - Dependencies all met for <TaskInstance: first_dag.hello scheduled__2022-03-01T00:00:00+00:00 [queued]>
[2022-11-28T20:10:13.164+0000] {taskinstance.py:1362} INFO - 
--------------------------------------------------------------------------------
[2022-11-28T20:10:13.167+0000] {taskinstance.py:1363} INFO - Starting attempt 1 of 1
[2022-11-28T20:10:13.171+0000] {taskinstance.py:1364} INFO - 
--------------------------------------------------------------------------------
[2022-11-28T20:10:13.207+0000] {taskinstance.py:1383} INFO - Executing <Task(BashOperator): hello> on 2022-03-01 00:00:00+00:00
[2022-11-28T20:10:13.215+0000] {standard_task_runner.py:55} INFO - Started process 426 to run task
[2022-11-28T20:10:13.229+0000] {standard_task_runner.py:82} INFO - Running: ['***', 'tasks', 'run', 'first_dag', 'hello', 'scheduled__2022-03-01T00:00:00+00:00', '--job-id', '126', '--raw', '--subdir', 'DAGS_FOLDER/***1t.py', '--cfg-path', '/tmp/tmpdkcr5dg4']
[2022-11-28T20:10:13.233+0000] {standard_task_runner.py:83} INFO - Job 126: Subtask hello
[2022-11-28T20:10:13.382+0000] {task_command.py:376} INFO - Running <TaskInstance: first_dag.hello scheduled__2022-03-01T00:00:00+00:00 [running]> on host 7720011b9adc
[2022-11-28T20:10:13.541+0000] {taskinstance.py:1592} INFO - Exporting the following env vars:
AIRFLOW_CTX_DAG_OWNER=***
AIRFLOW_CTX_DAG_ID=first_dag
AIRFLOW_CTX_TASK_ID=hello
AIRFLOW_CTX_EXECUTION_DATE=2022-03-01T00:00:00+00:00
AIRFLOW_CTX_TRY_NUMBER=1
AIRFLOW_CTX_DAG_RUN_ID=scheduled__2022-03-01T00:00:00+00:00
[2022-11-28T20:10:13.542+0000] {subprocess.py:63} INFO - Tmp dir root location: 
 /tmp
[2022-11-28T20:10:13.543+0000] {subprocess.py:75} INFO - Running command: ['/bin/bash', '-c', 'echo hello']
[2022-11-28T20:10:13.573+0000] {subprocess.py:86} INFO - Output:
[2022-11-28T20:10:13.584+0000] {subprocess.py:93} INFO - hello
[2022-11-28T20:10:13.586+0000] {subprocess.py:97} INFO - Command exited with return code 0
[2022-11-28T20:10:13.655+0000] {taskinstance.py:1406} INFO - Marking task as SUCCESS. dag_id=first_dag, task_id=hello, execution_date=20220301T000000, start_date=20221128T201013, end_date=20221128T201013
[2022-11-28T20:10:13.704+0000] {local_task_job.py:159} INFO - Task exited with return code 0
[2022-11-28T20:10:13.736+0000] {taskinstance.py:2623} INFO - 1 downstream tasks scheduled from follow-on schedule check
