[2022-12-05T16:52:12.990+0000] {taskinstance.py:1165} INFO - Dependencies all met for <TaskInstance: first_dag.number_task manual__2022-12-05T16:51:59.473548+00:00 [queued]>
[2022-12-05T16:52:13.004+0000] {taskinstance.py:1165} INFO - Dependencies all met for <TaskInstance: first_dag.number_task manual__2022-12-05T16:51:59.473548+00:00 [queued]>
[2022-12-05T16:52:13.005+0000] {taskinstance.py:1362} INFO - 
--------------------------------------------------------------------------------
[2022-12-05T16:52:13.010+0000] {taskinstance.py:1363} INFO - Starting attempt 1 of 1
[2022-12-05T16:52:13.010+0000] {taskinstance.py:1364} INFO - 
--------------------------------------------------------------------------------
[2022-12-05T16:52:13.026+0000] {taskinstance.py:1383} INFO - Executing <Task(PythonOperator): number_task> on 2022-12-05 16:51:59.473548+00:00
[2022-12-05T16:52:13.033+0000] {standard_task_runner.py:55} INFO - Started process 3092 to run task
[2022-12-05T16:52:13.036+0000] {standard_task_runner.py:82} INFO - Running: ['***', 'tasks', 'run', 'first_dag', 'number_task', 'manual__2022-12-05T16:51:59.473548+00:00', '--job-id', '1030', '--raw', '--subdir', 'DAGS_FOLDER/***1t.py', '--cfg-path', '/tmp/tmphg418gf8']
[2022-12-05T16:52:13.038+0000] {standard_task_runner.py:83} INFO - Job 1030: Subtask number_task
[2022-12-05T16:52:13.105+0000] {task_command.py:376} INFO - Running <TaskInstance: first_dag.number_task manual__2022-12-05T16:51:59.473548+00:00 [running]> on host debdf09646d4
[2022-12-05T16:52:13.175+0000] {taskinstance.py:1592} INFO - Exporting the following env vars:
AIRFLOW_CTX_DAG_OWNER=***
AIRFLOW_CTX_DAG_ID=first_dag
AIRFLOW_CTX_TASK_ID=number_task
AIRFLOW_CTX_EXECUTION_DATE=2022-12-05T16:51:59.473548+00:00
AIRFLOW_CTX_TRY_NUMBER=1
AIRFLOW_CTX_DAG_RUN_ID=manual__2022-12-05T16:51:59.473548+00:00
[2022-12-05T16:52:13.176+0000] {logging_mixin.py:137} INFO - 88   63
[2022-12-05T16:52:13.177+0000] {logging_mixin.py:137} INFO - /opt/***/file.txt 
[2022-12-05T16:52:13.177+0000] {python.py:177} INFO - Done. Returned value was: None
[2022-12-05T16:52:13.186+0000] {taskinstance.py:1406} INFO - Marking task as SUCCESS. dag_id=first_dag, task_id=number_task, execution_date=20221205T165159, start_date=20221205T165212, end_date=20221205T165213
[2022-12-05T16:52:13.208+0000] {local_task_job.py:159} INFO - Task exited with return code 0
[2022-12-05T16:52:13.224+0000] {taskinstance.py:2623} INFO - 0 downstream tasks scheduled from follow-on schedule check
