[2022-12-05T19:23:45.338+0000] {taskinstance.py:1165} INFO - Dependencies all met for <TaskInstance: first_dag.hello scheduled__2022-12-05T08:55:00+00:00 [queued]>
[2022-12-05T19:23:45.397+0000] {taskinstance.py:1165} INFO - Dependencies all met for <TaskInstance: first_dag.hello scheduled__2022-12-05T08:55:00+00:00 [queued]>
[2022-12-05T19:23:45.398+0000] {taskinstance.py:1362} INFO - 
--------------------------------------------------------------------------------
[2022-12-05T19:23:45.399+0000] {taskinstance.py:1363} INFO - Starting attempt 1 of 1
[2022-12-05T19:23:45.400+0000] {taskinstance.py:1364} INFO - 
--------------------------------------------------------------------------------
[2022-12-05T19:23:45.437+0000] {taskinstance.py:1383} INFO - Executing <Task(BashOperator): hello> on 2022-12-05 08:55:00+00:00
[2022-12-05T19:23:45.450+0000] {standard_task_runner.py:55} INFO - Started process 13393 to run task
[2022-12-05T19:23:45.464+0000] {standard_task_runner.py:82} INFO - Running: ['***', 'tasks', 'run', 'first_dag', 'hello', 'scheduled__2022-12-05T08:55:00+00:00', '--job-id', '2032', '--raw', '--subdir', 'DAGS_FOLDER/***1t.py', '--cfg-path', '/tmp/tmprr38tg3h']
[2022-12-05T19:23:45.479+0000] {standard_task_runner.py:83} INFO - Job 2032: Subtask hello
[2022-12-05T19:23:45.757+0000] {task_command.py:376} INFO - Running <TaskInstance: first_dag.hello scheduled__2022-12-05T08:55:00+00:00 [running]> on host debdf09646d4
[2022-12-05T19:23:46.044+0000] {taskinstance.py:1592} INFO - Exporting the following env vars:
AIRFLOW_CTX_DAG_OWNER=***
AIRFLOW_CTX_DAG_ID=first_dag
AIRFLOW_CTX_TASK_ID=hello
AIRFLOW_CTX_EXECUTION_DATE=2022-12-05T08:55:00+00:00
AIRFLOW_CTX_TRY_NUMBER=1
AIRFLOW_CTX_DAG_RUN_ID=scheduled__2022-12-05T08:55:00+00:00
[2022-12-05T19:23:46.049+0000] {subprocess.py:63} INFO - Tmp dir root location: 
 /tmp
[2022-12-05T19:23:46.052+0000] {subprocess.py:75} INFO - Running command: ['/bin/bash', '-c', 'echo hello']
[2022-12-05T19:23:46.082+0000] {subprocess.py:86} INFO - Output:
[2022-12-05T19:23:46.084+0000] {subprocess.py:93} INFO - hello
[2022-12-05T19:23:46.085+0000] {subprocess.py:97} INFO - Command exited with return code 0
[2022-12-05T19:23:46.157+0000] {taskinstance.py:1406} INFO - Marking task as SUCCESS. dag_id=first_dag, task_id=hello, execution_date=20221205T085500, start_date=20221205T192345, end_date=20221205T192346
[2022-12-05T19:23:46.255+0000] {local_task_job.py:159} INFO - Task exited with return code 0
[2022-12-05T19:23:46.362+0000] {taskinstance.py:2623} INFO - 1 downstream tasks scheduled from follow-on schedule check
