[2022-12-05T19:22:23.801+0000] {taskinstance.py:1165} INFO - Dependencies all met for <TaskInstance: first_dag.number_task scheduled__2022-12-05T04:30:00+00:00 [queued]>
[2022-12-05T19:22:23.819+0000] {taskinstance.py:1165} INFO - Dependencies all met for <TaskInstance: first_dag.number_task scheduled__2022-12-05T04:30:00+00:00 [queued]>
[2022-12-05T19:22:23.820+0000] {taskinstance.py:1362} INFO - 
--------------------------------------------------------------------------------
[2022-12-05T19:22:23.821+0000] {taskinstance.py:1363} INFO - Starting attempt 1 of 1
[2022-12-05T19:22:23.822+0000] {taskinstance.py:1364} INFO - 
--------------------------------------------------------------------------------
[2022-12-05T19:22:23.850+0000] {taskinstance.py:1383} INFO - Executing <Task(PythonOperator): number_task> on 2022-12-05 04:30:00+00:00
[2022-12-05T19:22:23.857+0000] {standard_task_runner.py:55} INFO - Started process 12451 to run task
[2022-12-05T19:22:23.862+0000] {standard_task_runner.py:82} INFO - Running: ['***', 'tasks', 'run', 'first_dag', 'number_task', 'scheduled__2022-12-05T04:30:00+00:00', '--job-id', '1752', '--raw', '--subdir', 'DAGS_FOLDER/***1t.py', '--cfg-path', '/tmp/tmp1_cv_83t']
[2022-12-05T19:22:23.864+0000] {standard_task_runner.py:83} INFO - Job 1752: Subtask number_task
[2022-12-05T19:22:23.941+0000] {task_command.py:376} INFO - Running <TaskInstance: first_dag.number_task scheduled__2022-12-05T04:30:00+00:00 [running]> on host debdf09646d4
[2022-12-05T19:22:24.050+0000] {taskinstance.py:1592} INFO - Exporting the following env vars:
AIRFLOW_CTX_DAG_OWNER=***
AIRFLOW_CTX_DAG_ID=first_dag
AIRFLOW_CTX_TASK_ID=number_task
AIRFLOW_CTX_EXECUTION_DATE=2022-12-05T04:30:00+00:00
AIRFLOW_CTX_TRY_NUMBER=1
AIRFLOW_CTX_DAG_RUN_ID=scheduled__2022-12-05T04:30:00+00:00
[2022-12-05T19:22:24.054+0000] {logging_mixin.py:137} INFO - 18   120
[2022-12-05T19:22:24.056+0000] {logging_mixin.py:137} INFO - <_io.TextIOWrapper name='file.txt' mode='a' encoding='UTF-8'>
[2022-12-05T19:22:24.057+0000] {python.py:177} INFO - Done. Returned value was: None
[2022-12-05T19:22:24.075+0000] {taskinstance.py:1406} INFO - Marking task as SUCCESS. dag_id=first_dag, task_id=number_task, execution_date=20221205T043000, start_date=20221205T192223, end_date=20221205T192224
[2022-12-05T19:22:24.154+0000] {local_task_job.py:159} INFO - Task exited with return code 0
[2022-12-05T19:22:24.208+0000] {taskinstance.py:2623} INFO - 1 downstream tasks scheduled from follow-on schedule check
