[2022-11-28T20:09:31.467+0000] {taskinstance.py:1165} INFO - Dependencies all met for <TaskInstance: first_dag.world scheduled__2022-01-01T00:00:00+00:00 [queued]>
[2022-11-28T20:09:31.502+0000] {taskinstance.py:1165} INFO - Dependencies all met for <TaskInstance: first_dag.world scheduled__2022-01-01T00:00:00+00:00 [queued]>
[2022-11-28T20:09:31.503+0000] {taskinstance.py:1362} INFO - 
--------------------------------------------------------------------------------
[2022-11-28T20:09:31.505+0000] {taskinstance.py:1363} INFO - Starting attempt 1 of 1
[2022-11-28T20:09:31.506+0000] {taskinstance.py:1364} INFO - 
--------------------------------------------------------------------------------
[2022-11-28T20:09:31.554+0000] {taskinstance.py:1383} INFO - Executing <Task(PythonOperator): world> on 2022-01-01 00:00:00+00:00
[2022-11-28T20:09:31.564+0000] {standard_task_runner.py:55} INFO - Started process 124 to run task
[2022-11-28T20:09:31.572+0000] {standard_task_runner.py:82} INFO - Running: ['***', 'tasks', 'run', 'first_dag', 'world', 'scheduled__2022-01-01T00:00:00+00:00', '--job-id', '15', '--raw', '--subdir', 'DAGS_FOLDER/***1t.py', '--cfg-path', '/tmp/tmpud_ucj5l']
[2022-11-28T20:09:31.573+0000] {standard_task_runner.py:83} INFO - Job 15: Subtask world
[2022-11-28T20:09:31.714+0000] {task_command.py:376} INFO - Running <TaskInstance: first_dag.world scheduled__2022-01-01T00:00:00+00:00 [running]> on host 7720011b9adc
[2022-11-28T20:09:31.894+0000] {taskinstance.py:1592} INFO - Exporting the following env vars:
AIRFLOW_CTX_DAG_OWNER=***
AIRFLOW_CTX_DAG_ID=first_dag
AIRFLOW_CTX_TASK_ID=world
AIRFLOW_CTX_EXECUTION_DATE=2022-01-01T00:00:00+00:00
AIRFLOW_CTX_TRY_NUMBER=1
AIRFLOW_CTX_DAG_RUN_ID=scheduled__2022-01-01T00:00:00+00:00
[2022-11-28T20:09:31.897+0000] {logging_mixin.py:137} INFO - Airflow
[2022-11-28T20:09:31.899+0000] {python.py:177} INFO - Done. Returned value was: None
[2022-11-28T20:09:31.916+0000] {taskinstance.py:1406} INFO - Marking task as SUCCESS. dag_id=first_dag, task_id=world, execution_date=20220101T000000, start_date=20221128T200931, end_date=20221128T200931
[2022-11-28T20:09:31.994+0000] {local_task_job.py:159} INFO - Task exited with return code 0
[2022-11-28T20:09:32.038+0000] {taskinstance.py:2623} INFO - 0 downstream tasks scheduled from follow-on schedule check
