[2022-12-05T19:27:24.559+0000] {taskinstance.py:1165} INFO - Dependencies all met for <TaskInstance: first_dag.hello scheduled__2022-12-05T17:45:00+00:00 [queued]>
[2022-12-05T19:27:24.579+0000] {taskinstance.py:1165} INFO - Dependencies all met for <TaskInstance: first_dag.hello scheduled__2022-12-05T17:45:00+00:00 [queued]>
[2022-12-05T19:27:24.580+0000] {taskinstance.py:1362} INFO - 
--------------------------------------------------------------------------------
[2022-12-05T19:27:24.583+0000] {taskinstance.py:1363} INFO - Starting attempt 1 of 1
[2022-12-05T19:27:24.583+0000] {taskinstance.py:1364} INFO - 
--------------------------------------------------------------------------------
[2022-12-05T19:27:24.617+0000] {taskinstance.py:1383} INFO - Executing <Task(BashOperator): hello> on 2022-12-05 17:45:00+00:00
[2022-12-05T19:27:24.627+0000] {standard_task_runner.py:55} INFO - Started process 15947 to run task
[2022-12-05T19:27:24.634+0000] {standard_task_runner.py:82} INFO - Running: ['***', 'tasks', 'run', 'first_dag', 'hello', 'scheduled__2022-12-05T17:45:00+00:00', '--job-id', '2799', '--raw', '--subdir', 'DAGS_FOLDER/***1t.py', '--cfg-path', '/tmp/tmpc9u6vxx9']
[2022-12-05T19:27:24.641+0000] {standard_task_runner.py:83} INFO - Job 2799: Subtask hello
[2022-12-05T19:27:24.802+0000] {task_command.py:376} INFO - Running <TaskInstance: first_dag.hello scheduled__2022-12-05T17:45:00+00:00 [running]> on host debdf09646d4
[2022-12-05T19:27:24.956+0000] {taskinstance.py:1592} INFO - Exporting the following env vars:
AIRFLOW_CTX_DAG_OWNER=***
AIRFLOW_CTX_DAG_ID=first_dag
AIRFLOW_CTX_TASK_ID=hello
AIRFLOW_CTX_EXECUTION_DATE=2022-12-05T17:45:00+00:00
AIRFLOW_CTX_TRY_NUMBER=1
AIRFLOW_CTX_DAG_RUN_ID=scheduled__2022-12-05T17:45:00+00:00
[2022-12-05T19:27:24.958+0000] {subprocess.py:63} INFO - Tmp dir root location: 
 /tmp
[2022-12-05T19:27:24.959+0000] {subprocess.py:75} INFO - Running command: ['/bin/bash', '-c', 'echo hello']
[2022-12-05T19:27:24.977+0000] {subprocess.py:86} INFO - Output:
[2022-12-05T19:27:24.991+0000] {subprocess.py:93} INFO - hello
[2022-12-05T19:27:24.992+0000] {subprocess.py:97} INFO - Command exited with return code 0
[2022-12-05T19:27:25.051+0000] {taskinstance.py:1406} INFO - Marking task as SUCCESS. dag_id=first_dag, task_id=hello, execution_date=20221205T174500, start_date=20221205T192724, end_date=20221205T192725
[2022-12-05T19:27:25.097+0000] {local_task_job.py:159} INFO - Task exited with return code 0
[2022-12-05T19:27:25.145+0000] {taskinstance.py:2623} INFO - 1 downstream tasks scheduled from follow-on schedule check
