[2022-12-05T19:03:03.792+0000] {taskinstance.py:1165} INFO - Dependencies all met for <TaskInstance: first_dag.sum_task manual__2022-12-05T19:03:01.492455+00:00 [queued]>
[2022-12-05T19:03:03.814+0000] {taskinstance.py:1165} INFO - Dependencies all met for <TaskInstance: first_dag.sum_task manual__2022-12-05T19:03:01.492455+00:00 [queued]>
[2022-12-05T19:03:03.814+0000] {taskinstance.py:1362} INFO - 
--------------------------------------------------------------------------------
[2022-12-05T19:03:03.818+0000] {taskinstance.py:1363} INFO - Starting attempt 1 of 1
[2022-12-05T19:03:03.819+0000] {taskinstance.py:1364} INFO - 
--------------------------------------------------------------------------------
[2022-12-05T19:03:03.879+0000] {taskinstance.py:1383} INFO - Executing <Task(PythonOperator): sum_task> on 2022-12-05 19:03:01.492455+00:00
[2022-12-05T19:03:03.898+0000] {standard_task_runner.py:55} INFO - Started process 10017 to run task
[2022-12-05T19:03:03.912+0000] {standard_task_runner.py:82} INFO - Running: ['***', 'tasks', 'run', 'first_dag', 'sum_task', 'manual__2022-12-05T19:03:01.492455+00:00', '--job-id', '1268', '--raw', '--subdir', 'DAGS_FOLDER/***1t.py', '--cfg-path', '/tmp/tmp3s342qjv']
[2022-12-05T19:03:03.914+0000] {standard_task_runner.py:83} INFO - Job 1268: Subtask sum_task
[2022-12-05T19:03:04.056+0000] {task_command.py:376} INFO - Running <TaskInstance: first_dag.sum_task manual__2022-12-05T19:03:01.492455+00:00 [running]> on host debdf09646d4
[2022-12-05T19:03:04.180+0000] {taskinstance.py:1592} INFO - Exporting the following env vars:
AIRFLOW_CTX_DAG_OWNER=***
AIRFLOW_CTX_DAG_ID=first_dag
AIRFLOW_CTX_TASK_ID=sum_task
AIRFLOW_CTX_EXECUTION_DATE=2022-12-05T19:03:01.492455+00:00
AIRFLOW_CTX_TRY_NUMBER=1
AIRFLOW_CTX_DAG_RUN_ID=manual__2022-12-05T19:03:01.492455+00:00
[2022-12-05T19:03:04.182+0000] {logging_mixin.py:137} INFO - 0
[2022-12-05T19:03:04.183+0000] {python.py:177} INFO - Done. Returned value was: None
[2022-12-05T19:03:04.196+0000] {taskinstance.py:1406} INFO - Marking task as SUCCESS. dag_id=first_dag, task_id=sum_task, execution_date=20221205T190301, start_date=20221205T190303, end_date=20221205T190304
[2022-12-05T19:03:04.225+0000] {local_task_job.py:159} INFO - Task exited with return code 0
[2022-12-05T19:03:04.253+0000] {taskinstance.py:2623} INFO - 0 downstream tasks scheduled from follow-on schedule check
