[2022-11-30T20:38:23.981+0000] {taskinstance.py:1165} INFO - Dependencies all met for <TaskInstance: first_dag.world manual__2022-11-30T20:38:21.859025+00:00 [queued]>
[2022-11-30T20:38:23.991+0000] {taskinstance.py:1165} INFO - Dependencies all met for <TaskInstance: first_dag.world manual__2022-11-30T20:38:21.859025+00:00 [queued]>
[2022-11-30T20:38:23.992+0000] {taskinstance.py:1362} INFO - 
--------------------------------------------------------------------------------
[2022-11-30T20:38:23.992+0000] {taskinstance.py:1363} INFO - Starting attempt 1 of 1
[2022-11-30T20:38:23.993+0000] {taskinstance.py:1364} INFO - 
--------------------------------------------------------------------------------
[2022-11-30T20:38:24.008+0000] {taskinstance.py:1383} INFO - Executing <Task(PythonOperator): world> on 2022-11-30 20:38:21.859025+00:00
[2022-11-30T20:38:24.013+0000] {standard_task_runner.py:55} INFO - Started process 12447 to run task
[2022-11-30T20:38:24.016+0000] {standard_task_runner.py:82} INFO - Running: ['***', 'tasks', 'run', 'first_dag', 'world', 'manual__2022-11-30T20:38:21.859025+00:00', '--job-id', '822', '--raw', '--subdir', 'DAGS_FOLDER/***1t.py', '--cfg-path', '/tmp/tmpdoj27x_b']
[2022-11-30T20:38:24.018+0000] {standard_task_runner.py:83} INFO - Job 822: Subtask world
[2022-11-30T20:38:24.079+0000] {task_command.py:376} INFO - Running <TaskInstance: first_dag.world manual__2022-11-30T20:38:21.859025+00:00 [running]> on host debdf09646d4
[2022-11-30T20:38:24.150+0000] {taskinstance.py:1592} INFO - Exporting the following env vars:
AIRFLOW_CTX_DAG_OWNER=***
AIRFLOW_CTX_DAG_ID=first_dag
AIRFLOW_CTX_TASK_ID=world
AIRFLOW_CTX_EXECUTION_DATE=2022-11-30T20:38:21.859025+00:00
AIRFLOW_CTX_TRY_NUMBER=1
AIRFLOW_CTX_DAG_RUN_ID=manual__2022-11-30T20:38:21.859025+00:00
[2022-11-30T20:38:24.151+0000] {logging_mixin.py:137} INFO - Hello!
[2022-11-30T20:38:24.151+0000] {python.py:177} INFO - Done. Returned value was: None
[2022-11-30T20:38:24.162+0000] {taskinstance.py:1406} INFO - Marking task as SUCCESS. dag_id=first_dag, task_id=world, execution_date=20221130T203821, start_date=20221130T203823, end_date=20221130T203824
[2022-11-30T20:38:24.189+0000] {local_task_job.py:159} INFO - Task exited with return code 0
[2022-11-30T20:38:24.215+0000] {taskinstance.py:2623} INFO - 1 downstream tasks scheduled from follow-on schedule check
