[2022-12-05T19:23:09.934+0000] {taskinstance.py:1165} INFO - Dependencies all met for <TaskInstance: first_dag.world scheduled__2022-12-05T06:45:00+00:00 [queued]>
[2022-12-05T19:23:09.970+0000] {taskinstance.py:1165} INFO - Dependencies all met for <TaskInstance: first_dag.world scheduled__2022-12-05T06:45:00+00:00 [queued]>
[2022-12-05T19:23:09.978+0000] {taskinstance.py:1362} INFO - 
--------------------------------------------------------------------------------
[2022-12-05T19:23:09.979+0000] {taskinstance.py:1363} INFO - Starting attempt 1 of 1
[2022-12-05T19:23:09.981+0000] {taskinstance.py:1364} INFO - 
--------------------------------------------------------------------------------
[2022-12-05T19:23:10.053+0000] {taskinstance.py:1383} INFO - Executing <Task(PythonOperator): world> on 2022-12-05 06:45:00+00:00
[2022-12-05T19:23:10.063+0000] {standard_task_runner.py:55} INFO - Started process 12954 to run task
[2022-12-05T19:23:10.069+0000] {standard_task_runner.py:82} INFO - Running: ['***', 'tasks', 'run', 'first_dag', 'world', 'scheduled__2022-12-05T06:45:00+00:00', '--job-id', '1904', '--raw', '--subdir', 'DAGS_FOLDER/***1t.py', '--cfg-path', '/tmp/tmp0j3sd4z6']
[2022-12-05T19:23:10.073+0000] {standard_task_runner.py:83} INFO - Job 1904: Subtask world
[2022-12-05T19:23:10.268+0000] {task_command.py:376} INFO - Running <TaskInstance: first_dag.world scheduled__2022-12-05T06:45:00+00:00 [running]> on host debdf09646d4
[2022-12-05T19:23:10.443+0000] {taskinstance.py:1592} INFO - Exporting the following env vars:
AIRFLOW_CTX_DAG_OWNER=***
AIRFLOW_CTX_DAG_ID=first_dag
AIRFLOW_CTX_TASK_ID=world
AIRFLOW_CTX_EXECUTION_DATE=2022-12-05T06:45:00+00:00
AIRFLOW_CTX_TRY_NUMBER=1
AIRFLOW_CTX_DAG_RUN_ID=scheduled__2022-12-05T06:45:00+00:00
[2022-12-05T19:23:10.445+0000] {logging_mixin.py:137} INFO - Hello!
[2022-12-05T19:23:10.445+0000] {python.py:177} INFO - Done. Returned value was: None
[2022-12-05T19:23:10.469+0000] {taskinstance.py:1406} INFO - Marking task as SUCCESS. dag_id=first_dag, task_id=world, execution_date=20221205T064500, start_date=20221205T192309, end_date=20221205T192310
[2022-12-05T19:23:10.540+0000] {local_task_job.py:159} INFO - Task exited with return code 0
[2022-12-05T19:23:10.606+0000] {taskinstance.py:2623} INFO - 1 downstream tasks scheduled from follow-on schedule check
