[2022-12-05T19:26:48.020+0000] {taskinstance.py:1165} INFO - Dependencies all met for <TaskInstance: first_dag.hello scheduled__2022-12-05T16:05:00+00:00 [queued]>
[2022-12-05T19:26:48.032+0000] {taskinstance.py:1165} INFO - Dependencies all met for <TaskInstance: first_dag.hello scheduled__2022-12-05T16:05:00+00:00 [queued]>
[2022-12-05T19:26:48.032+0000] {taskinstance.py:1362} INFO - 
--------------------------------------------------------------------------------
[2022-12-05T19:26:48.032+0000] {taskinstance.py:1363} INFO - Starting attempt 1 of 1
[2022-12-05T19:26:48.033+0000] {taskinstance.py:1364} INFO - 
--------------------------------------------------------------------------------
[2022-12-05T19:26:48.068+0000] {taskinstance.py:1383} INFO - Executing <Task(BashOperator): hello> on 2022-12-05 16:05:00+00:00
[2022-12-05T19:26:48.074+0000] {standard_task_runner.py:55} INFO - Started process 15526 to run task
[2022-12-05T19:26:48.079+0000] {standard_task_runner.py:82} INFO - Running: ['***', 'tasks', 'run', 'first_dag', 'hello', 'scheduled__2022-12-05T16:05:00+00:00', '--job-id', '2675', '--raw', '--subdir', 'DAGS_FOLDER/***1t.py', '--cfg-path', '/tmp/tmp13zdt2q5']
[2022-12-05T19:26:48.088+0000] {standard_task_runner.py:83} INFO - Job 2675: Subtask hello
[2022-12-05T19:26:48.266+0000] {task_command.py:376} INFO - Running <TaskInstance: first_dag.hello scheduled__2022-12-05T16:05:00+00:00 [running]> on host debdf09646d4
[2022-12-05T19:26:48.378+0000] {taskinstance.py:1592} INFO - Exporting the following env vars:
AIRFLOW_CTX_DAG_OWNER=***
AIRFLOW_CTX_DAG_ID=first_dag
AIRFLOW_CTX_TASK_ID=hello
AIRFLOW_CTX_EXECUTION_DATE=2022-12-05T16:05:00+00:00
AIRFLOW_CTX_TRY_NUMBER=1
AIRFLOW_CTX_DAG_RUN_ID=scheduled__2022-12-05T16:05:00+00:00
[2022-12-05T19:26:48.380+0000] {subprocess.py:63} INFO - Tmp dir root location: 
 /tmp
[2022-12-05T19:26:48.381+0000] {subprocess.py:75} INFO - Running command: ['/bin/bash', '-c', 'echo hello']
[2022-12-05T19:26:48.396+0000] {subprocess.py:86} INFO - Output:
[2022-12-05T19:26:48.398+0000] {subprocess.py:93} INFO - hello
[2022-12-05T19:26:48.398+0000] {subprocess.py:97} INFO - Command exited with return code 0
[2022-12-05T19:26:48.434+0000] {taskinstance.py:1406} INFO - Marking task as SUCCESS. dag_id=first_dag, task_id=hello, execution_date=20221205T160500, start_date=20221205T192648, end_date=20221205T192648
[2022-12-05T19:26:48.493+0000] {local_task_job.py:159} INFO - Task exited with return code 0
[2022-12-05T19:26:48.554+0000] {taskinstance.py:2623} INFO - 1 downstream tasks scheduled from follow-on schedule check
