[2022-12-05T17:16:32.655+0000] {taskinstance.py:1165} INFO - Dependencies all met for <TaskInstance: first_dag.number_task manual__2022-12-05T17:16:23.984399+00:00 [queued]>
[2022-12-05T17:16:32.666+0000] {taskinstance.py:1165} INFO - Dependencies all met for <TaskInstance: first_dag.number_task manual__2022-12-05T17:16:23.984399+00:00 [queued]>
[2022-12-05T17:16:32.667+0000] {taskinstance.py:1362} INFO - 
--------------------------------------------------------------------------------
[2022-12-05T17:16:32.667+0000] {taskinstance.py:1363} INFO - Starting attempt 1 of 1
[2022-12-05T17:16:32.668+0000] {taskinstance.py:1364} INFO - 
--------------------------------------------------------------------------------
[2022-12-05T17:16:32.684+0000] {taskinstance.py:1383} INFO - Executing <Task(PythonOperator): number_task> on 2022-12-05 17:16:23.984399+00:00
[2022-12-05T17:16:32.689+0000] {standard_task_runner.py:55} INFO - Started process 4400 to run task
[2022-12-05T17:16:32.693+0000] {standard_task_runner.py:82} INFO - Running: ['***', 'tasks', 'run', 'first_dag', 'number_task', 'manual__2022-12-05T17:16:23.984399+00:00', '--job-id', '1078', '--raw', '--subdir', 'DAGS_FOLDER/***1t.py', '--cfg-path', '/tmp/tmp7_8dw737']
[2022-12-05T17:16:32.695+0000] {standard_task_runner.py:83} INFO - Job 1078: Subtask number_task
[2022-12-05T17:16:32.764+0000] {task_command.py:376} INFO - Running <TaskInstance: first_dag.number_task manual__2022-12-05T17:16:23.984399+00:00 [running]> on host debdf09646d4
[2022-12-05T17:16:32.835+0000] {taskinstance.py:1592} INFO - Exporting the following env vars:
AIRFLOW_CTX_DAG_OWNER=***
AIRFLOW_CTX_DAG_ID=first_dag
AIRFLOW_CTX_TASK_ID=number_task
AIRFLOW_CTX_EXECUTION_DATE=2022-12-05T17:16:23.984399+00:00
AIRFLOW_CTX_TRY_NUMBER=1
AIRFLOW_CTX_DAG_RUN_ID=manual__2022-12-05T17:16:23.984399+00:00
[2022-12-05T17:16:32.836+0000] {logging_mixin.py:137} INFO - 89   100
[2022-12-05T17:16:32.837+0000] {python.py:177} INFO - Done. Returned value was: None
[2022-12-05T17:16:32.847+0000] {taskinstance.py:1406} INFO - Marking task as SUCCESS. dag_id=first_dag, task_id=number_task, execution_date=20221205T171623, start_date=20221205T171632, end_date=20221205T171632
[2022-12-05T17:16:32.904+0000] {local_task_job.py:159} INFO - Task exited with return code 0
[2022-12-05T17:16:32.922+0000] {taskinstance.py:2623} INFO - 0 downstream tasks scheduled from follow-on schedule check
