[2022-12-05T19:20:35.224+0000] {taskinstance.py:1165} INFO - Dependencies all met for <TaskInstance: first_dag.hello scheduled__2022-12-05T00:45:00+00:00 [queued]>
[2022-12-05T19:20:35.291+0000] {taskinstance.py:1165} INFO - Dependencies all met for <TaskInstance: first_dag.hello scheduled__2022-12-05T00:45:00+00:00 [queued]>
[2022-12-05T19:20:35.308+0000] {taskinstance.py:1362} INFO - 
--------------------------------------------------------------------------------
[2022-12-05T19:20:35.310+0000] {taskinstance.py:1363} INFO - Starting attempt 1 of 1
[2022-12-05T19:20:35.312+0000] {taskinstance.py:1364} INFO - 
--------------------------------------------------------------------------------
[2022-12-05T19:20:35.431+0000] {taskinstance.py:1383} INFO - Executing <Task(BashOperator): hello> on 2022-12-05 00:45:00+00:00
[2022-12-05T19:20:35.451+0000] {standard_task_runner.py:55} INFO - Started process 11127 to run task
[2022-12-05T19:20:35.465+0000] {standard_task_runner.py:82} INFO - Running: ['***', 'tasks', 'run', 'first_dag', 'hello', 'scheduled__2022-12-05T00:45:00+00:00', '--job-id', '1350', '--raw', '--subdir', 'DAGS_FOLDER/***1t.py', '--cfg-path', '/tmp/tmpn_tg55b_']
[2022-12-05T19:20:35.490+0000] {standard_task_runner.py:83} INFO - Job 1350: Subtask hello
[2022-12-05T19:20:35.832+0000] {task_command.py:376} INFO - Running <TaskInstance: first_dag.hello scheduled__2022-12-05T00:45:00+00:00 [running]> on host debdf09646d4
[2022-12-05T19:20:36.310+0000] {taskinstance.py:1592} INFO - Exporting the following env vars:
AIRFLOW_CTX_DAG_OWNER=***
AIRFLOW_CTX_DAG_ID=first_dag
AIRFLOW_CTX_TASK_ID=hello
AIRFLOW_CTX_EXECUTION_DATE=2022-12-05T00:45:00+00:00
AIRFLOW_CTX_TRY_NUMBER=1
AIRFLOW_CTX_DAG_RUN_ID=scheduled__2022-12-05T00:45:00+00:00
[2022-12-05T19:20:36.317+0000] {subprocess.py:63} INFO - Tmp dir root location: 
 /tmp
[2022-12-05T19:20:36.342+0000] {subprocess.py:75} INFO - Running command: ['/bin/bash', '-c', 'echo hello']
[2022-12-05T19:20:36.526+0000] {subprocess.py:86} INFO - Output:
[2022-12-05T19:20:36.531+0000] {subprocess.py:93} INFO - hello
[2022-12-05T19:20:36.535+0000] {subprocess.py:97} INFO - Command exited with return code 0
[2022-12-05T19:20:36.652+0000] {taskinstance.py:1406} INFO - Marking task as SUCCESS. dag_id=first_dag, task_id=hello, execution_date=20221205T004500, start_date=20221205T192035, end_date=20221205T192036
[2022-12-05T19:20:36.720+0000] {local_task_job.py:159} INFO - Task exited with return code 0
[2022-12-05T19:20:36.831+0000] {taskinstance.py:2623} INFO - 1 downstream tasks scheduled from follow-on schedule check
