[2022-12-05T19:20:36.920+0000] {taskinstance.py:1165} INFO - Dependencies all met for <TaskInstance: first_dag.hello scheduled__2022-12-05T00:50:00+00:00 [queued]>
[2022-12-05T19:20:36.969+0000] {taskinstance.py:1165} INFO - Dependencies all met for <TaskInstance: first_dag.hello scheduled__2022-12-05T00:50:00+00:00 [queued]>
[2022-12-05T19:20:36.969+0000] {taskinstance.py:1362} INFO - 
--------------------------------------------------------------------------------
[2022-12-05T19:20:36.970+0000] {taskinstance.py:1363} INFO - Starting attempt 1 of 1
[2022-12-05T19:20:36.970+0000] {taskinstance.py:1364} INFO - 
--------------------------------------------------------------------------------
[2022-12-05T19:20:37.321+0000] {taskinstance.py:1383} INFO - Executing <Task(BashOperator): hello> on 2022-12-05 00:50:00+00:00
[2022-12-05T19:20:37.328+0000] {standard_task_runner.py:55} INFO - Started process 11141 to run task
[2022-12-05T19:20:37.353+0000] {standard_task_runner.py:82} INFO - Running: ['***', 'tasks', 'run', 'first_dag', 'hello', 'scheduled__2022-12-05T00:50:00+00:00', '--job-id', '1353', '--raw', '--subdir', 'DAGS_FOLDER/***1t.py', '--cfg-path', '/tmp/tmpoi5mpw_k']
[2022-12-05T19:20:37.377+0000] {standard_task_runner.py:83} INFO - Job 1353: Subtask hello
[2022-12-05T19:20:37.706+0000] {task_command.py:376} INFO - Running <TaskInstance: first_dag.hello scheduled__2022-12-05T00:50:00+00:00 [running]> on host debdf09646d4
[2022-12-05T19:20:37.934+0000] {taskinstance.py:1592} INFO - Exporting the following env vars:
AIRFLOW_CTX_DAG_OWNER=***
AIRFLOW_CTX_DAG_ID=first_dag
AIRFLOW_CTX_TASK_ID=hello
AIRFLOW_CTX_EXECUTION_DATE=2022-12-05T00:50:00+00:00
AIRFLOW_CTX_TRY_NUMBER=1
AIRFLOW_CTX_DAG_RUN_ID=scheduled__2022-12-05T00:50:00+00:00
[2022-12-05T19:20:37.936+0000] {subprocess.py:63} INFO - Tmp dir root location: 
 /tmp
[2022-12-05T19:20:37.937+0000] {subprocess.py:75} INFO - Running command: ['/bin/bash', '-c', 'echo hello']
[2022-12-05T19:20:37.983+0000] {subprocess.py:86} INFO - Output:
[2022-12-05T19:20:37.986+0000] {subprocess.py:93} INFO - hello
[2022-12-05T19:20:37.987+0000] {subprocess.py:97} INFO - Command exited with return code 0
[2022-12-05T19:20:38.112+0000] {taskinstance.py:1406} INFO - Marking task as SUCCESS. dag_id=first_dag, task_id=hello, execution_date=20221205T005000, start_date=20221205T192036, end_date=20221205T192038
[2022-12-05T19:20:38.214+0000] {local_task_job.py:159} INFO - Task exited with return code 0
[2022-12-05T19:20:38.406+0000] {taskinstance.py:2623} INFO - 1 downstream tasks scheduled from follow-on schedule check
