[2022-11-28T20:10:00.755+0000] {taskinstance.py:1165} INFO - Dependencies all met for <TaskInstance: first_dag.world scheduled__2022-02-10T00:00:00+00:00 [queued]>
[2022-11-28T20:10:00.766+0000] {taskinstance.py:1165} INFO - Dependencies all met for <TaskInstance: first_dag.world scheduled__2022-02-10T00:00:00+00:00 [queued]>
[2022-11-28T20:10:00.766+0000] {taskinstance.py:1362} INFO - 
--------------------------------------------------------------------------------
[2022-11-28T20:10:00.767+0000] {taskinstance.py:1363} INFO - Starting attempt 1 of 1
[2022-11-28T20:10:00.768+0000] {taskinstance.py:1364} INFO - 
--------------------------------------------------------------------------------
[2022-11-28T20:10:00.786+0000] {taskinstance.py:1383} INFO - Executing <Task(PythonOperator): world> on 2022-02-10 00:00:00+00:00
[2022-11-28T20:10:00.791+0000] {standard_task_runner.py:55} INFO - Started process 335 to run task
[2022-11-28T20:10:00.794+0000] {standard_task_runner.py:82} INFO - Running: ['***', 'tasks', 'run', 'first_dag', 'world', 'scheduled__2022-02-10T00:00:00+00:00', '--job-id', '94', '--raw', '--subdir', 'DAGS_FOLDER/***1t.py', '--cfg-path', '/tmp/tmp3hx6e2dk']
[2022-11-28T20:10:00.795+0000] {standard_task_runner.py:83} INFO - Job 94: Subtask world
[2022-11-28T20:10:00.860+0000] {task_command.py:376} INFO - Running <TaskInstance: first_dag.world scheduled__2022-02-10T00:00:00+00:00 [running]> on host 7720011b9adc
[2022-11-28T20:10:00.944+0000] {taskinstance.py:1592} INFO - Exporting the following env vars:
AIRFLOW_CTX_DAG_OWNER=***
AIRFLOW_CTX_DAG_ID=first_dag
AIRFLOW_CTX_TASK_ID=world
AIRFLOW_CTX_EXECUTION_DATE=2022-02-10T00:00:00+00:00
AIRFLOW_CTX_TRY_NUMBER=1
AIRFLOW_CTX_DAG_RUN_ID=scheduled__2022-02-10T00:00:00+00:00
[2022-11-28T20:10:00.945+0000] {logging_mixin.py:137} INFO - Airflow
[2022-11-28T20:10:00.946+0000] {python.py:177} INFO - Done. Returned value was: None
[2022-11-28T20:10:00.958+0000] {taskinstance.py:1406} INFO - Marking task as SUCCESS. dag_id=first_dag, task_id=world, execution_date=20220210T000000, start_date=20221128T201000, end_date=20221128T201000
[2022-11-28T20:10:01.006+0000] {local_task_job.py:159} INFO - Task exited with return code 0
[2022-11-28T20:10:01.042+0000] {taskinstance.py:2623} INFO - 0 downstream tasks scheduled from follow-on schedule check
