[2022-12-01T16:28:57.054+0000] {taskinstance.py:1165} INFO - Dependencies all met for <TaskInstance: first_dag.hello manual__2022-12-01T16:28:56.092276+00:00 [queued]>
[2022-12-01T16:28:57.064+0000] {taskinstance.py:1165} INFO - Dependencies all met for <TaskInstance: first_dag.hello manual__2022-12-01T16:28:56.092276+00:00 [queued]>
[2022-12-01T16:28:57.064+0000] {taskinstance.py:1362} INFO - 
--------------------------------------------------------------------------------
[2022-12-01T16:28:57.065+0000] {taskinstance.py:1363} INFO - Starting attempt 1 of 1
[2022-12-01T16:28:57.066+0000] {taskinstance.py:1364} INFO - 
--------------------------------------------------------------------------------
[2022-12-01T16:28:57.081+0000] {taskinstance.py:1383} INFO - Executing <Task(BashOperator): hello> on 2022-12-01 16:28:56.092276+00:00
[2022-12-01T16:28:57.085+0000] {standard_task_runner.py:55} INFO - Started process 932 to run task
[2022-12-01T16:28:57.089+0000] {standard_task_runner.py:82} INFO - Running: ['***', 'tasks', 'run', 'first_dag', 'hello', 'manual__2022-12-01T16:28:56.092276+00:00', '--job-id', '846', '--raw', '--subdir', 'DAGS_FOLDER/***1t.py', '--cfg-path', '/tmp/tmp0k10f3ts']
[2022-12-01T16:28:57.091+0000] {standard_task_runner.py:83} INFO - Job 846: Subtask hello
[2022-12-01T16:28:57.157+0000] {task_command.py:376} INFO - Running <TaskInstance: first_dag.hello manual__2022-12-01T16:28:56.092276+00:00 [running]> on host debdf09646d4
[2022-12-01T16:28:57.258+0000] {taskinstance.py:1592} INFO - Exporting the following env vars:
AIRFLOW_CTX_DAG_OWNER=***
AIRFLOW_CTX_DAG_ID=first_dag
AIRFLOW_CTX_TASK_ID=hello
AIRFLOW_CTX_EXECUTION_DATE=2022-12-01T16:28:56.092276+00:00
AIRFLOW_CTX_TRY_NUMBER=1
AIRFLOW_CTX_DAG_RUN_ID=manual__2022-12-01T16:28:56.092276+00:00
[2022-12-01T16:28:57.259+0000] {subprocess.py:63} INFO - Tmp dir root location: 
 /tmp
[2022-12-01T16:28:57.260+0000] {subprocess.py:75} INFO - Running command: ['/bin/bash', '-c', 'echo hello']
[2022-12-01T16:28:57.269+0000] {subprocess.py:86} INFO - Output:
[2022-12-01T16:28:57.270+0000] {subprocess.py:93} INFO - hello
[2022-12-01T16:28:57.271+0000] {subprocess.py:97} INFO - Command exited with return code 0
[2022-12-01T16:28:57.297+0000] {taskinstance.py:1406} INFO - Marking task as SUCCESS. dag_id=first_dag, task_id=hello, execution_date=20221201T162856, start_date=20221201T162857, end_date=20221201T162857
[2022-12-01T16:28:57.341+0000] {local_task_job.py:159} INFO - Task exited with return code 0
[2022-12-01T16:28:57.370+0000] {taskinstance.py:2623} INFO - 1 downstream tasks scheduled from follow-on schedule check
