[2022-11-28T20:13:18.651+0000] {taskinstance.py:1165} INFO - Dependencies all met for <TaskInstance: first_dag.world scheduled__2022-11-11T00:00:00+00:00 [queued]>
[2022-11-28T20:13:18.664+0000] {taskinstance.py:1165} INFO - Dependencies all met for <TaskInstance: first_dag.world scheduled__2022-11-11T00:00:00+00:00 [queued]>
[2022-11-28T20:13:18.664+0000] {taskinstance.py:1362} INFO - 
--------------------------------------------------------------------------------
[2022-11-28T20:13:18.664+0000] {taskinstance.py:1363} INFO - Starting attempt 1 of 1
[2022-11-28T20:13:18.665+0000] {taskinstance.py:1364} INFO - 
--------------------------------------------------------------------------------
[2022-11-28T20:13:18.685+0000] {taskinstance.py:1383} INFO - Executing <Task(PythonOperator): world> on 2022-11-11 00:00:00+00:00
[2022-11-28T20:13:18.690+0000] {standard_task_runner.py:55} INFO - Started process 1855 to run task
[2022-11-28T20:13:18.695+0000] {standard_task_runner.py:82} INFO - Running: ['***', 'tasks', 'run', 'first_dag', 'world', 'scheduled__2022-11-11T00:00:00+00:00', '--job-id', '640', '--raw', '--subdir', 'DAGS_FOLDER/***1t.py', '--cfg-path', '/tmp/tmphiuab65p']
[2022-11-28T20:13:18.696+0000] {standard_task_runner.py:83} INFO - Job 640: Subtask world
[2022-11-28T20:13:18.780+0000] {task_command.py:376} INFO - Running <TaskInstance: first_dag.world scheduled__2022-11-11T00:00:00+00:00 [running]> on host 7720011b9adc
[2022-11-28T20:13:18.905+0000] {taskinstance.py:1592} INFO - Exporting the following env vars:
AIRFLOW_CTX_DAG_OWNER=***
AIRFLOW_CTX_DAG_ID=first_dag
AIRFLOW_CTX_TASK_ID=world
AIRFLOW_CTX_EXECUTION_DATE=2022-11-11T00:00:00+00:00
AIRFLOW_CTX_TRY_NUMBER=1
AIRFLOW_CTX_DAG_RUN_ID=scheduled__2022-11-11T00:00:00+00:00
[2022-11-28T20:13:18.908+0000] {logging_mixin.py:137} INFO - Airflow
[2022-11-28T20:13:18.913+0000] {python.py:177} INFO - Done. Returned value was: None
[2022-11-28T20:13:18.929+0000] {taskinstance.py:1406} INFO - Marking task as SUCCESS. dag_id=first_dag, task_id=world, execution_date=20221111T000000, start_date=20221128T201318, end_date=20221128T201318
[2022-11-28T20:13:18.991+0000] {local_task_job.py:159} INFO - Task exited with return code 0
[2022-11-28T20:13:19.086+0000] {taskinstance.py:2623} INFO - 0 downstream tasks scheduled from follow-on schedule check
