[2022-12-05T19:28:23.125+0000] {taskinstance.py:1165} INFO - Dependencies all met for <TaskInstance: first_dag.sum_task scheduled__2022-12-05T19:20:00+00:00 [queued]>
[2022-12-05T19:28:23.138+0000] {taskinstance.py:1165} INFO - Dependencies all met for <TaskInstance: first_dag.sum_task scheduled__2022-12-05T19:20:00+00:00 [queued]>
[2022-12-05T19:28:23.138+0000] {taskinstance.py:1362} INFO - 
--------------------------------------------------------------------------------
[2022-12-05T19:28:23.138+0000] {taskinstance.py:1363} INFO - Starting attempt 1 of 1
[2022-12-05T19:28:23.139+0000] {taskinstance.py:1364} INFO - 
--------------------------------------------------------------------------------
[2022-12-05T19:28:23.155+0000] {taskinstance.py:1383} INFO - Executing <Task(PythonOperator): sum_task> on 2022-12-05 19:20:00+00:00
[2022-12-05T19:28:23.161+0000] {standard_task_runner.py:55} INFO - Started process 16520 to run task
[2022-12-05T19:28:23.164+0000] {standard_task_runner.py:82} INFO - Running: ['***', 'tasks', 'run', 'first_dag', 'sum_task', 'scheduled__2022-12-05T19:20:00+00:00', '--job-id', '2973', '--raw', '--subdir', 'DAGS_FOLDER/***1t.py', '--cfg-path', '/tmp/tmpx9snd9yx']
[2022-12-05T19:28:23.169+0000] {standard_task_runner.py:83} INFO - Job 2973: Subtask sum_task
[2022-12-05T19:28:23.234+0000] {task_command.py:376} INFO - Running <TaskInstance: first_dag.sum_task scheduled__2022-12-05T19:20:00+00:00 [running]> on host debdf09646d4
[2022-12-05T19:28:23.318+0000] {taskinstance.py:1592} INFO - Exporting the following env vars:
AIRFLOW_CTX_DAG_OWNER=***
AIRFLOW_CTX_DAG_ID=first_dag
AIRFLOW_CTX_TASK_ID=sum_task
AIRFLOW_CTX_EXECUTION_DATE=2022-12-05T19:20:00+00:00
AIRFLOW_CTX_TRY_NUMBER=1
AIRFLOW_CTX_DAG_RUN_ID=scheduled__2022-12-05T19:20:00+00:00
[2022-12-05T19:28:23.321+0000] {python.py:177} INFO - Done. Returned value was: None
[2022-12-05T19:28:23.331+0000] {taskinstance.py:1406} INFO - Marking task as SUCCESS. dag_id=first_dag, task_id=sum_task, execution_date=20221205T192000, start_date=20221205T192823, end_date=20221205T192823
[2022-12-05T19:28:23.376+0000] {local_task_job.py:159} INFO - Task exited with return code 0
[2022-12-05T19:28:23.395+0000] {taskinstance.py:2623} INFO - 0 downstream tasks scheduled from follow-on schedule check
