[2022-12-05T19:28:03.850+0000] {taskinstance.py:1165} INFO - Dependencies all met for <TaskInstance: first_dag.number_task scheduled__2022-12-05T18:35:00+00:00 [queued]>
[2022-12-05T19:28:03.879+0000] {taskinstance.py:1165} INFO - Dependencies all met for <TaskInstance: first_dag.number_task scheduled__2022-12-05T18:35:00+00:00 [queued]>
[2022-12-05T19:28:03.880+0000] {taskinstance.py:1362} INFO - 
--------------------------------------------------------------------------------
[2022-12-05T19:28:03.880+0000] {taskinstance.py:1363} INFO - Starting attempt 1 of 1
[2022-12-05T19:28:03.883+0000] {taskinstance.py:1364} INFO - 
--------------------------------------------------------------------------------
[2022-12-05T19:28:03.949+0000] {taskinstance.py:1383} INFO - Executing <Task(PythonOperator): number_task> on 2022-12-05 18:35:00+00:00
[2022-12-05T19:28:03.958+0000] {standard_task_runner.py:55} INFO - Started process 16392 to run task
[2022-12-05T19:28:03.974+0000] {standard_task_runner.py:82} INFO - Running: ['***', 'tasks', 'run', 'first_dag', 'number_task', 'scheduled__2022-12-05T18:35:00+00:00', '--job-id', '2932', '--raw', '--subdir', 'DAGS_FOLDER/***1t.py', '--cfg-path', '/tmp/tmplv9q6pez']
[2022-12-05T19:28:03.994+0000] {standard_task_runner.py:83} INFO - Job 2932: Subtask number_task
[2022-12-05T19:28:04.271+0000] {task_command.py:376} INFO - Running <TaskInstance: first_dag.number_task scheduled__2022-12-05T18:35:00+00:00 [running]> on host debdf09646d4
[2022-12-05T19:28:04.481+0000] {taskinstance.py:1592} INFO - Exporting the following env vars:
AIRFLOW_CTX_DAG_OWNER=***
AIRFLOW_CTX_DAG_ID=first_dag
AIRFLOW_CTX_TASK_ID=number_task
AIRFLOW_CTX_EXECUTION_DATE=2022-12-05T18:35:00+00:00
AIRFLOW_CTX_TRY_NUMBER=1
AIRFLOW_CTX_DAG_RUN_ID=scheduled__2022-12-05T18:35:00+00:00
[2022-12-05T19:28:04.484+0000] {logging_mixin.py:137} INFO - 122   107
[2022-12-05T19:28:04.486+0000] {logging_mixin.py:137} INFO - <_io.TextIOWrapper name='file.txt' mode='a' encoding='UTF-8'>
[2022-12-05T19:28:04.488+0000] {python.py:177} INFO - Done. Returned value was: None
[2022-12-05T19:28:04.530+0000] {taskinstance.py:1406} INFO - Marking task as SUCCESS. dag_id=first_dag, task_id=number_task, execution_date=20221205T183500, start_date=20221205T192803, end_date=20221205T192804
[2022-12-05T19:28:04.598+0000] {local_task_job.py:159} INFO - Task exited with return code 0
[2022-12-05T19:28:04.694+0000] {taskinstance.py:2623} INFO - 1 downstream tasks scheduled from follow-on schedule check
