[2022-12-01T17:33:32.773+0000] {taskinstance.py:1165} INFO - Dependencies all met for <TaskInstance: first_dag.hello manual__2022-12-01T17:33:31.361966+00:00 [queued]>
[2022-12-01T17:33:32.782+0000] {taskinstance.py:1165} INFO - Dependencies all met for <TaskInstance: first_dag.hello manual__2022-12-01T17:33:31.361966+00:00 [queued]>
[2022-12-01T17:33:32.783+0000] {taskinstance.py:1362} INFO - 
--------------------------------------------------------------------------------
[2022-12-01T17:33:32.783+0000] {taskinstance.py:1363} INFO - Starting attempt 1 of 1
[2022-12-01T17:33:32.784+0000] {taskinstance.py:1364} INFO - 
--------------------------------------------------------------------------------
[2022-12-01T17:33:32.799+0000] {taskinstance.py:1383} INFO - Executing <Task(BashOperator): hello> on 2022-12-01 17:33:31.361966+00:00
[2022-12-01T17:33:32.805+0000] {standard_task_runner.py:55} INFO - Started process 4087 to run task
[2022-12-01T17:33:32.810+0000] {standard_task_runner.py:82} INFO - Running: ['***', 'tasks', 'run', 'first_dag', 'hello', 'manual__2022-12-01T17:33:31.361966+00:00', '--job-id', '871', '--raw', '--subdir', 'DAGS_FOLDER/***1t.py', '--cfg-path', '/tmp/tmpjzk_rn89']
[2022-12-01T17:33:32.812+0000] {standard_task_runner.py:83} INFO - Job 871: Subtask hello
[2022-12-01T17:33:32.880+0000] {task_command.py:376} INFO - Running <TaskInstance: first_dag.hello manual__2022-12-01T17:33:31.361966+00:00 [running]> on host debdf09646d4
[2022-12-01T17:33:32.957+0000] {taskinstance.py:1592} INFO - Exporting the following env vars:
AIRFLOW_CTX_DAG_OWNER=***
AIRFLOW_CTX_DAG_ID=first_dag
AIRFLOW_CTX_TASK_ID=hello
AIRFLOW_CTX_EXECUTION_DATE=2022-12-01T17:33:31.361966+00:00
AIRFLOW_CTX_TRY_NUMBER=1
AIRFLOW_CTX_DAG_RUN_ID=manual__2022-12-01T17:33:31.361966+00:00
[2022-12-01T17:33:32.958+0000] {subprocess.py:63} INFO - Tmp dir root location: 
 /tmp
[2022-12-01T17:33:32.959+0000] {subprocess.py:75} INFO - Running command: ['/bin/bash', '-c', 'echo hello']
[2022-12-01T17:33:32.970+0000] {subprocess.py:86} INFO - Output:
[2022-12-01T17:33:32.971+0000] {subprocess.py:93} INFO - hello
[2022-12-01T17:33:32.972+0000] {subprocess.py:97} INFO - Command exited with return code 0
[2022-12-01T17:33:32.996+0000] {taskinstance.py:1406} INFO - Marking task as SUCCESS. dag_id=first_dag, task_id=hello, execution_date=20221201T173331, start_date=20221201T173332, end_date=20221201T173332
[2022-12-01T17:33:33.021+0000] {local_task_job.py:159} INFO - Task exited with return code 0
[2022-12-01T17:33:33.048+0000] {taskinstance.py:2623} INFO - 1 downstream tasks scheduled from follow-on schedule check
