[2022-12-05T19:21:41.617+0000] {taskinstance.py:1165} INFO - Dependencies all met for <TaskInstance: first_dag.pull_task scheduled__2022-12-05T02:50:00+00:00 [queued]>
[2022-12-05T19:21:41.635+0000] {taskinstance.py:1165} INFO - Dependencies all met for <TaskInstance: first_dag.pull_task scheduled__2022-12-05T02:50:00+00:00 [queued]>
[2022-12-05T19:21:41.636+0000] {taskinstance.py:1362} INFO - 
--------------------------------------------------------------------------------
[2022-12-05T19:21:41.636+0000] {taskinstance.py:1363} INFO - Starting attempt 1 of 1
[2022-12-05T19:21:41.638+0000] {taskinstance.py:1364} INFO - 
--------------------------------------------------------------------------------
[2022-12-05T19:21:41.660+0000] {taskinstance.py:1383} INFO - Executing <Task(PythonOperator): pull_task> on 2022-12-05 02:50:00+00:00
[2022-12-05T19:21:41.666+0000] {standard_task_runner.py:55} INFO - Started process 11950 to run task
[2022-12-05T19:21:41.671+0000] {standard_task_runner.py:82} INFO - Running: ['***', 'tasks', 'run', 'first_dag', 'pull_task', 'scheduled__2022-12-05T02:50:00+00:00', '--job-id', '1602', '--raw', '--subdir', 'DAGS_FOLDER/***1t.py', '--cfg-path', '/tmp/tmpykafpkho']
[2022-12-05T19:21:41.677+0000] {standard_task_runner.py:83} INFO - Job 1602: Subtask pull_task
[2022-12-05T19:21:41.866+0000] {task_command.py:376} INFO - Running <TaskInstance: first_dag.pull_task scheduled__2022-12-05T02:50:00+00:00 [running]> on host debdf09646d4
[2022-12-05T19:21:42.207+0000] {taskinstance.py:1592} INFO - Exporting the following env vars:
AIRFLOW_CTX_DAG_OWNER=***
AIRFLOW_CTX_DAG_ID=first_dag
AIRFLOW_CTX_TASK_ID=pull_task
AIRFLOW_CTX_EXECUTION_DATE=2022-12-05T02:50:00+00:00
AIRFLOW_CTX_TRY_NUMBER=1
AIRFLOW_CTX_DAG_RUN_ID=scheduled__2022-12-05T02:50:00+00:00
[2022-12-05T19:21:43.452+0000] {logging_mixin.py:137} INFO - 23
[2022-12-05T19:21:43.455+0000] {python.py:177} INFO - Done. Returned value was: None
[2022-12-05T19:21:43.519+0000] {taskinstance.py:1406} INFO - Marking task as SUCCESS. dag_id=first_dag, task_id=pull_task, execution_date=20221205T025000, start_date=20221205T192141, end_date=20221205T192143
[2022-12-05T19:21:43.645+0000] {local_task_job.py:159} INFO - Task exited with return code 0
[2022-12-05T19:21:43.742+0000] {taskinstance.py:2623} INFO - 1 downstream tasks scheduled from follow-on schedule check
