[2022-12-05T18:06:11.361+0000] {taskinstance.py:1165} INFO - Dependencies all met for <TaskInstance: first_dag.number_task manual__2022-12-05T18:05:58.761368+00:00 [queued]>
[2022-12-05T18:06:11.372+0000] {taskinstance.py:1165} INFO - Dependencies all met for <TaskInstance: first_dag.number_task manual__2022-12-05T18:05:58.761368+00:00 [queued]>
[2022-12-05T18:06:11.372+0000] {taskinstance.py:1362} INFO - 
--------------------------------------------------------------------------------
[2022-12-05T18:06:11.373+0000] {taskinstance.py:1363} INFO - Starting attempt 1 of 1
[2022-12-05T18:06:11.374+0000] {taskinstance.py:1364} INFO - 
--------------------------------------------------------------------------------
[2022-12-05T18:06:11.390+0000] {taskinstance.py:1383} INFO - Executing <Task(PythonOperator): number_task> on 2022-12-05 18:05:58.761368+00:00
[2022-12-05T18:06:11.395+0000] {standard_task_runner.py:55} INFO - Started process 6835 to run task
[2022-12-05T18:06:11.398+0000] {standard_task_runner.py:82} INFO - Running: ['***', 'tasks', 'run', 'first_dag', 'number_task', 'manual__2022-12-05T18:05:58.761368+00:00', '--job-id', '1111', '--raw', '--subdir', 'DAGS_FOLDER/***1t.py', '--cfg-path', '/tmp/tmp5gdjnaxp']
[2022-12-05T18:06:11.400+0000] {standard_task_runner.py:83} INFO - Job 1111: Subtask number_task
[2022-12-05T18:06:11.461+0000] {task_command.py:376} INFO - Running <TaskInstance: first_dag.number_task manual__2022-12-05T18:05:58.761368+00:00 [running]> on host debdf09646d4
[2022-12-05T18:06:11.527+0000] {taskinstance.py:1592} INFO - Exporting the following env vars:
AIRFLOW_CTX_DAG_OWNER=***
AIRFLOW_CTX_DAG_ID=first_dag
AIRFLOW_CTX_TASK_ID=number_task
AIRFLOW_CTX_EXECUTION_DATE=2022-12-05T18:05:58.761368+00:00
AIRFLOW_CTX_TRY_NUMBER=1
AIRFLOW_CTX_DAG_RUN_ID=manual__2022-12-05T18:05:58.761368+00:00
[2022-12-05T18:06:11.528+0000] {logging_mixin.py:137} INFO - 0   12
[2022-12-05T18:06:11.528+0000] {python.py:177} INFO - Done. Returned value was: None
[2022-12-05T18:06:11.537+0000] {taskinstance.py:1406} INFO - Marking task as SUCCESS. dag_id=first_dag, task_id=number_task, execution_date=20221205T180558, start_date=20221205T180611, end_date=20221205T180611
[2022-12-05T18:06:11.569+0000] {local_task_job.py:159} INFO - Task exited with return code 0
[2022-12-05T18:06:11.589+0000] {taskinstance.py:2623} INFO - 1 downstream tasks scheduled from follow-on schedule check
