[2022-11-28T20:11:46.597+0000] {taskinstance.py:1165} INFO - Dependencies all met for <TaskInstance: first_dag.hello scheduled__2022-07-09T00:00:00+00:00 [queued]>
[2022-11-28T20:11:46.611+0000] {taskinstance.py:1165} INFO - Dependencies all met for <TaskInstance: first_dag.hello scheduled__2022-07-09T00:00:00+00:00 [queued]>
[2022-11-28T20:11:46.612+0000] {taskinstance.py:1362} INFO - 
--------------------------------------------------------------------------------
[2022-11-28T20:11:46.612+0000] {taskinstance.py:1363} INFO - Starting attempt 1 of 1
[2022-11-28T20:11:46.613+0000] {taskinstance.py:1364} INFO - 
--------------------------------------------------------------------------------
[2022-11-28T20:11:46.635+0000] {taskinstance.py:1383} INFO - Executing <Task(BashOperator): hello> on 2022-07-09 00:00:00+00:00
[2022-11-28T20:11:46.641+0000] {standard_task_runner.py:55} INFO - Started process 1146 to run task
[2022-11-28T20:11:46.645+0000] {standard_task_runner.py:82} INFO - Running: ['***', 'tasks', 'run', 'first_dag', 'hello', 'scheduled__2022-07-09T00:00:00+00:00', '--job-id', '386', '--raw', '--subdir', 'DAGS_FOLDER/***1t.py', '--cfg-path', '/tmp/tmp7cglu1_m']
[2022-11-28T20:11:46.646+0000] {standard_task_runner.py:83} INFO - Job 386: Subtask hello
[2022-11-28T20:11:46.744+0000] {task_command.py:376} INFO - Running <TaskInstance: first_dag.hello scheduled__2022-07-09T00:00:00+00:00 [running]> on host 7720011b9adc
[2022-11-28T20:11:46.896+0000] {taskinstance.py:1592} INFO - Exporting the following env vars:
AIRFLOW_CTX_DAG_OWNER=***
AIRFLOW_CTX_DAG_ID=first_dag
AIRFLOW_CTX_TASK_ID=hello
AIRFLOW_CTX_EXECUTION_DATE=2022-07-09T00:00:00+00:00
AIRFLOW_CTX_TRY_NUMBER=1
AIRFLOW_CTX_DAG_RUN_ID=scheduled__2022-07-09T00:00:00+00:00
[2022-11-28T20:11:46.898+0000] {subprocess.py:63} INFO - Tmp dir root location: 
 /tmp
[2022-11-28T20:11:46.899+0000] {subprocess.py:75} INFO - Running command: ['/bin/bash', '-c', 'echo hello']
[2022-11-28T20:11:46.914+0000] {subprocess.py:86} INFO - Output:
[2022-11-28T20:11:46.916+0000] {subprocess.py:93} INFO - hello
[2022-11-28T20:11:46.917+0000] {subprocess.py:97} INFO - Command exited with return code 0
[2022-11-28T20:11:46.966+0000] {taskinstance.py:1406} INFO - Marking task as SUCCESS. dag_id=first_dag, task_id=hello, execution_date=20220709T000000, start_date=20221128T201146, end_date=20221128T201146
[2022-11-28T20:11:47.020+0000] {local_task_job.py:159} INFO - Task exited with return code 0
[2022-11-28T20:11:47.052+0000] {taskinstance.py:2623} INFO - 1 downstream tasks scheduled from follow-on schedule check
