[2022-11-30T16:28:18.610+0000] {taskinstance.py:1165} INFO - Dependencies all met for <TaskInstance: first_dag.conn_to_psql scheduled__2022-11-29T00:00:00+00:00 [queued]>
[2022-11-30T16:28:18.620+0000] {taskinstance.py:1165} INFO - Dependencies all met for <TaskInstance: first_dag.conn_to_psql scheduled__2022-11-29T00:00:00+00:00 [queued]>
[2022-11-30T16:28:18.620+0000] {taskinstance.py:1362} INFO - 
--------------------------------------------------------------------------------
[2022-11-30T16:28:18.621+0000] {taskinstance.py:1363} INFO - Starting attempt 1 of 1
[2022-11-30T16:28:18.621+0000] {taskinstance.py:1364} INFO - 
--------------------------------------------------------------------------------
[2022-11-30T16:28:18.636+0000] {taskinstance.py:1383} INFO - Executing <Task(PythonOperator): conn_to_psql> on 2022-11-29 00:00:00+00:00
[2022-11-30T16:28:18.641+0000] {standard_task_runner.py:55} INFO - Started process 160 to run task
[2022-11-30T16:28:18.644+0000] {standard_task_runner.py:82} INFO - Running: ['***', 'tasks', 'run', 'first_dag', 'conn_to_psql', 'scheduled__2022-11-29T00:00:00+00:00', '--job-id', '691', '--raw', '--subdir', 'DAGS_FOLDER/***1t.py', '--cfg-path', '/tmp/tmpfqnltm35']
[2022-11-30T16:28:18.644+0000] {standard_task_runner.py:83} INFO - Job 691: Subtask conn_to_psql
[2022-11-30T16:28:18.704+0000] {task_command.py:376} INFO - Running <TaskInstance: first_dag.conn_to_psql scheduled__2022-11-29T00:00:00+00:00 [running]> on host debdf09646d4
[2022-11-30T16:28:18.780+0000] {taskinstance.py:1592} INFO - Exporting the following env vars:
AIRFLOW_CTX_DAG_OWNER=***
AIRFLOW_CTX_DAG_ID=first_dag
AIRFLOW_CTX_TASK_ID=conn_to_psql
AIRFLOW_CTX_EXECUTION_DATE=2022-11-29T00:00:00+00:00
AIRFLOW_CTX_TRY_NUMBER=1
AIRFLOW_CTX_DAG_RUN_ID=scheduled__2022-11-29T00:00:00+00:00
[2022-11-30T16:28:18.827+0000] {python.py:177} INFO - Done. Returned value was: None
[2022-11-30T16:28:18.840+0000] {taskinstance.py:1406} INFO - Marking task as SUCCESS. dag_id=first_dag, task_id=conn_to_psql, execution_date=20221129T000000, start_date=20221130T162818, end_date=20221130T162818
[2022-11-30T16:28:18.896+0000] {local_task_job.py:159} INFO - Task exited with return code 0
[2022-11-30T16:28:18.917+0000] {taskinstance.py:2623} INFO - 1 downstream tasks scheduled from follow-on schedule check
