[2022-12-05T19:24:04.824+0000] {taskinstance.py:1165} INFO - Dependencies all met for <TaskInstance: first_dag.sum_task scheduled__2022-12-05T08:35:00+00:00 [queued]>
[2022-12-05T19:24:04.844+0000] {taskinstance.py:1165} INFO - Dependencies all met for <TaskInstance: first_dag.sum_task scheduled__2022-12-05T08:35:00+00:00 [queued]>
[2022-12-05T19:24:04.844+0000] {taskinstance.py:1362} INFO - 
--------------------------------------------------------------------------------
[2022-12-05T19:24:04.845+0000] {taskinstance.py:1363} INFO - Starting attempt 1 of 1
[2022-12-05T19:24:04.846+0000] {taskinstance.py:1364} INFO - 
--------------------------------------------------------------------------------
[2022-12-05T19:24:04.872+0000] {taskinstance.py:1383} INFO - Executing <Task(PythonOperator): sum_task> on 2022-12-05 08:35:00+00:00
[2022-12-05T19:24:04.882+0000] {standard_task_runner.py:55} INFO - Started process 13618 to run task
[2022-12-05T19:24:04.888+0000] {standard_task_runner.py:82} INFO - Running: ['***', 'tasks', 'run', 'first_dag', 'sum_task', 'scheduled__2022-12-05T08:35:00+00:00', '--job-id', '2106', '--raw', '--subdir', 'DAGS_FOLDER/***1t.py', '--cfg-path', '/tmp/tmpq7udagnq']
[2022-12-05T19:24:04.893+0000] {standard_task_runner.py:83} INFO - Job 2106: Subtask sum_task
[2022-12-05T19:24:05.159+0000] {task_command.py:376} INFO - Running <TaskInstance: first_dag.sum_task scheduled__2022-12-05T08:35:00+00:00 [running]> on host debdf09646d4
[2022-12-05T19:24:05.333+0000] {taskinstance.py:1592} INFO - Exporting the following env vars:
AIRFLOW_CTX_DAG_OWNER=***
AIRFLOW_CTX_DAG_ID=first_dag
AIRFLOW_CTX_TASK_ID=sum_task
AIRFLOW_CTX_EXECUTION_DATE=2022-12-05T08:35:00+00:00
AIRFLOW_CTX_TRY_NUMBER=1
AIRFLOW_CTX_DAG_RUN_ID=scheduled__2022-12-05T08:35:00+00:00
[2022-12-05T19:24:05.335+0000] {python.py:177} INFO - Done. Returned value was: None
[2022-12-05T19:24:05.357+0000] {taskinstance.py:1406} INFO - Marking task as SUCCESS. dag_id=first_dag, task_id=sum_task, execution_date=20221205T083500, start_date=20221205T192404, end_date=20221205T192405
[2022-12-05T19:24:05.424+0000] {local_task_job.py:159} INFO - Task exited with return code 0
[2022-12-05T19:24:05.465+0000] {taskinstance.py:2623} INFO - 0 downstream tasks scheduled from follow-on schedule check
