[2022-12-01T17:38:03.020+0000] {taskinstance.py:1165} INFO - Dependencies all met for <TaskInstance: first_dag.world manual__2022-12-01T17:38:00.724362+00:00 [queued]>
[2022-12-01T17:38:03.031+0000] {taskinstance.py:1165} INFO - Dependencies all met for <TaskInstance: first_dag.world manual__2022-12-01T17:38:00.724362+00:00 [queued]>
[2022-12-01T17:38:03.031+0000] {taskinstance.py:1362} INFO - 
--------------------------------------------------------------------------------
[2022-12-01T17:38:03.032+0000] {taskinstance.py:1363} INFO - Starting attempt 1 of 1
[2022-12-01T17:38:03.032+0000] {taskinstance.py:1364} INFO - 
--------------------------------------------------------------------------------
[2022-12-01T17:38:03.047+0000] {taskinstance.py:1383} INFO - Executing <Task(PythonOperator): world> on 2022-12-01 17:38:00.724362+00:00
[2022-12-01T17:38:03.052+0000] {standard_task_runner.py:55} INFO - Started process 4364 to run task
[2022-12-01T17:38:03.056+0000] {standard_task_runner.py:82} INFO - Running: ['***', 'tasks', 'run', 'first_dag', 'world', 'manual__2022-12-01T17:38:00.724362+00:00', '--job-id', '892', '--raw', '--subdir', 'DAGS_FOLDER/***1t.py', '--cfg-path', '/tmp/tmpg8k66wd_']
[2022-12-01T17:38:03.059+0000] {standard_task_runner.py:83} INFO - Job 892: Subtask world
[2022-12-01T17:38:03.128+0000] {task_command.py:376} INFO - Running <TaskInstance: first_dag.world manual__2022-12-01T17:38:00.724362+00:00 [running]> on host debdf09646d4
[2022-12-01T17:38:03.199+0000] {taskinstance.py:1592} INFO - Exporting the following env vars:
AIRFLOW_CTX_DAG_OWNER=***
AIRFLOW_CTX_DAG_ID=first_dag
AIRFLOW_CTX_TASK_ID=world
AIRFLOW_CTX_EXECUTION_DATE=2022-12-01T17:38:00.724362+00:00
AIRFLOW_CTX_TRY_NUMBER=1
AIRFLOW_CTX_DAG_RUN_ID=manual__2022-12-01T17:38:00.724362+00:00
[2022-12-01T17:38:03.200+0000] {logging_mixin.py:137} INFO - Hello!
[2022-12-01T17:38:03.200+0000] {python.py:177} INFO - Done. Returned value was: None
[2022-12-01T17:38:03.209+0000] {taskinstance.py:1406} INFO - Marking task as SUCCESS. dag_id=first_dag, task_id=world, execution_date=20221201T173800, start_date=20221201T173803, end_date=20221201T173803
[2022-12-01T17:38:03.227+0000] {local_task_job.py:159} INFO - Task exited with return code 0
[2022-12-01T17:38:03.256+0000] {taskinstance.py:2623} INFO - 1 downstream tasks scheduled from follow-on schedule check
