[2022-11-30T20:35:37.365+0000] {taskinstance.py:1165} INFO - Dependencies all met for <TaskInstance: first_dag.len_csv manual__2022-11-30T20:35:34.233455+00:00 [queued]>
[2022-11-30T20:35:37.374+0000] {taskinstance.py:1165} INFO - Dependencies all met for <TaskInstance: first_dag.len_csv manual__2022-11-30T20:35:34.233455+00:00 [queued]>
[2022-11-30T20:35:37.375+0000] {taskinstance.py:1362} INFO - 
--------------------------------------------------------------------------------
[2022-11-30T20:35:37.375+0000] {taskinstance.py:1363} INFO - Starting attempt 1 of 1
[2022-11-30T20:35:37.376+0000] {taskinstance.py:1364} INFO - 
--------------------------------------------------------------------------------
[2022-11-30T20:35:37.389+0000] {taskinstance.py:1383} INFO - Executing <Task(PythonOperator): len_csv> on 2022-11-30 20:35:34.233455+00:00
[2022-11-30T20:35:37.394+0000] {standard_task_runner.py:55} INFO - Started process 12301 to run task
[2022-11-30T20:35:37.397+0000] {standard_task_runner.py:82} INFO - Running: ['***', 'tasks', 'run', 'first_dag', 'len_csv', 'manual__2022-11-30T20:35:34.233455+00:00', '--job-id', '816', '--raw', '--subdir', 'DAGS_FOLDER/***1t.py', '--cfg-path', '/tmp/tmpl1qbqjb9']
[2022-11-30T20:35:37.399+0000] {standard_task_runner.py:83} INFO - Job 816: Subtask len_csv
[2022-11-30T20:35:37.460+0000] {task_command.py:376} INFO - Running <TaskInstance: first_dag.len_csv manual__2022-11-30T20:35:34.233455+00:00 [running]> on host debdf09646d4
[2022-11-30T20:35:37.526+0000] {taskinstance.py:1592} INFO - Exporting the following env vars:
AIRFLOW_CTX_DAG_OWNER=***
AIRFLOW_CTX_DAG_ID=first_dag
AIRFLOW_CTX_TASK_ID=len_csv
AIRFLOW_CTX_EXECUTION_DATE=2022-11-30T20:35:34.233455+00:00
AIRFLOW_CTX_TRY_NUMBER=1
AIRFLOW_CTX_DAG_RUN_ID=manual__2022-11-30T20:35:34.233455+00:00
[2022-11-30T20:35:38.287+0000] {logging_mixin.py:137} INFO - 23
[2022-11-30T20:35:38.287+0000] {python.py:177} INFO - Done. Returned value was: None
[2022-11-30T20:35:38.296+0000] {taskinstance.py:1406} INFO - Marking task as SUCCESS. dag_id=first_dag, task_id=len_csv, execution_date=20221130T203534, start_date=20221130T203537, end_date=20221130T203538
[2022-11-30T20:35:38.334+0000] {local_task_job.py:159} INFO - Task exited with return code 0
[2022-11-30T20:35:38.350+0000] {taskinstance.py:2623} INFO - 0 downstream tasks scheduled from follow-on schedule check
