[2022-12-05T16:45:50.999+0000] {taskinstance.py:1165} INFO - Dependencies all met for <TaskInstance: first_dag.hello manual__2022-12-05T16:45:49.876562+00:00 [queued]>
[2022-12-05T16:45:51.009+0000] {taskinstance.py:1165} INFO - Dependencies all met for <TaskInstance: first_dag.hello manual__2022-12-05T16:45:49.876562+00:00 [queued]>
[2022-12-05T16:45:51.010+0000] {taskinstance.py:1362} INFO - 
--------------------------------------------------------------------------------
[2022-12-05T16:45:51.010+0000] {taskinstance.py:1363} INFO - Starting attempt 1 of 1
[2022-12-05T16:45:51.011+0000] {taskinstance.py:1364} INFO - 
--------------------------------------------------------------------------------
[2022-12-05T16:45:51.027+0000] {taskinstance.py:1383} INFO - Executing <Task(BashOperator): hello> on 2022-12-05 16:45:49.876562+00:00
[2022-12-05T16:45:51.032+0000] {standard_task_runner.py:55} INFO - Started process 2759 to run task
[2022-12-05T16:45:51.035+0000] {standard_task_runner.py:82} INFO - Running: ['***', 'tasks', 'run', 'first_dag', 'hello', 'manual__2022-12-05T16:45:49.876562+00:00', '--job-id', '1019', '--raw', '--subdir', 'DAGS_FOLDER/***1t.py', '--cfg-path', '/tmp/tmpkh6ojrn7']
[2022-12-05T16:45:51.036+0000] {standard_task_runner.py:83} INFO - Job 1019: Subtask hello
[2022-12-05T16:45:51.102+0000] {task_command.py:376} INFO - Running <TaskInstance: first_dag.hello manual__2022-12-05T16:45:49.876562+00:00 [running]> on host debdf09646d4
[2022-12-05T16:45:51.190+0000] {taskinstance.py:1592} INFO - Exporting the following env vars:
AIRFLOW_CTX_DAG_OWNER=***
AIRFLOW_CTX_DAG_ID=first_dag
AIRFLOW_CTX_TASK_ID=hello
AIRFLOW_CTX_EXECUTION_DATE=2022-12-05T16:45:49.876562+00:00
AIRFLOW_CTX_TRY_NUMBER=1
AIRFLOW_CTX_DAG_RUN_ID=manual__2022-12-05T16:45:49.876562+00:00
[2022-12-05T16:45:51.192+0000] {subprocess.py:63} INFO - Tmp dir root location: 
 /tmp
[2022-12-05T16:45:51.194+0000] {subprocess.py:75} INFO - Running command: ['/bin/bash', '-c', 'echo hello']
[2022-12-05T16:45:51.209+0000] {subprocess.py:86} INFO - Output:
[2022-12-05T16:45:51.211+0000] {subprocess.py:93} INFO - hello
[2022-12-05T16:45:51.212+0000] {subprocess.py:97} INFO - Command exited with return code 0
[2022-12-05T16:45:51.245+0000] {taskinstance.py:1406} INFO - Marking task as SUCCESS. dag_id=first_dag, task_id=hello, execution_date=20221205T164549, start_date=20221205T164551, end_date=20221205T164551
[2022-12-05T16:45:51.287+0000] {local_task_job.py:159} INFO - Task exited with return code 0
[2022-12-05T16:45:51.321+0000] {taskinstance.py:2623} INFO - 1 downstream tasks scheduled from follow-on schedule check
