[2022-11-28T20:10:57.012+0000] {taskinstance.py:1165} INFO - Dependencies all met for <TaskInstance: first_dag.hello scheduled__2022-05-02T00:00:00+00:00 [queued]>
[2022-11-28T20:10:57.028+0000] {taskinstance.py:1165} INFO - Dependencies all met for <TaskInstance: first_dag.hello scheduled__2022-05-02T00:00:00+00:00 [queued]>
[2022-11-28T20:10:57.029+0000] {taskinstance.py:1362} INFO - 
--------------------------------------------------------------------------------
[2022-11-28T20:10:57.033+0000] {taskinstance.py:1363} INFO - Starting attempt 1 of 1
[2022-11-28T20:10:57.034+0000] {taskinstance.py:1364} INFO - 
--------------------------------------------------------------------------------
[2022-11-28T20:10:57.070+0000] {taskinstance.py:1383} INFO - Executing <Task(BashOperator): hello> on 2022-05-02 00:00:00+00:00
[2022-11-28T20:10:57.076+0000] {standard_task_runner.py:55} INFO - Started process 769 to run task
[2022-11-28T20:10:57.082+0000] {standard_task_runner.py:82} INFO - Running: ['***', 'tasks', 'run', 'first_dag', 'hello', 'scheduled__2022-05-02T00:00:00+00:00', '--job-id', '248', '--raw', '--subdir', 'DAGS_FOLDER/***1t.py', '--cfg-path', '/tmp/tmp9zki92ld']
[2022-11-28T20:10:57.083+0000] {standard_task_runner.py:83} INFO - Job 248: Subtask hello
[2022-11-28T20:10:57.188+0000] {task_command.py:376} INFO - Running <TaskInstance: first_dag.hello scheduled__2022-05-02T00:00:00+00:00 [running]> on host 7720011b9adc
[2022-11-28T20:10:57.345+0000] {taskinstance.py:1592} INFO - Exporting the following env vars:
AIRFLOW_CTX_DAG_OWNER=***
AIRFLOW_CTX_DAG_ID=first_dag
AIRFLOW_CTX_TASK_ID=hello
AIRFLOW_CTX_EXECUTION_DATE=2022-05-02T00:00:00+00:00
AIRFLOW_CTX_TRY_NUMBER=1
AIRFLOW_CTX_DAG_RUN_ID=scheduled__2022-05-02T00:00:00+00:00
[2022-11-28T20:10:57.346+0000] {subprocess.py:63} INFO - Tmp dir root location: 
 /tmp
[2022-11-28T20:10:57.347+0000] {subprocess.py:75} INFO - Running command: ['/bin/bash', '-c', 'echo hello']
[2022-11-28T20:10:57.366+0000] {subprocess.py:86} INFO - Output:
[2022-11-28T20:10:57.369+0000] {subprocess.py:93} INFO - hello
[2022-11-28T20:10:57.369+0000] {subprocess.py:97} INFO - Command exited with return code 0
[2022-11-28T20:10:57.451+0000] {taskinstance.py:1406} INFO - Marking task as SUCCESS. dag_id=first_dag, task_id=hello, execution_date=20220502T000000, start_date=20221128T201057, end_date=20221128T201057
[2022-11-28T20:10:57.507+0000] {local_task_job.py:159} INFO - Task exited with return code 0
[2022-11-28T20:10:57.551+0000] {taskinstance.py:2623} INFO - 1 downstream tasks scheduled from follow-on schedule check
