[2022-12-05T19:26:31.199+0000] {taskinstance.py:1165} INFO - Dependencies all met for <TaskInstance: first_dag.broadcast_task scheduled__2022-12-05T15:05:00+00:00 [queued]>
[2022-12-05T19:26:31.228+0000] {taskinstance.py:1165} INFO - Dependencies all met for <TaskInstance: first_dag.broadcast_task scheduled__2022-12-05T15:05:00+00:00 [queued]>
[2022-12-05T19:26:31.228+0000] {taskinstance.py:1362} INFO - 
--------------------------------------------------------------------------------
[2022-12-05T19:26:31.230+0000] {taskinstance.py:1363} INFO - Starting attempt 1 of 1
[2022-12-05T19:26:31.231+0000] {taskinstance.py:1364} INFO - 
--------------------------------------------------------------------------------
[2022-12-05T19:26:31.298+0000] {taskinstance.py:1383} INFO - Executing <Task(PythonOperator): broadcast_task> on 2022-12-05 15:05:00+00:00
[2022-12-05T19:26:31.311+0000] {standard_task_runner.py:55} INFO - Started process 15353 to run task
[2022-12-05T19:26:31.346+0000] {standard_task_runner.py:82} INFO - Running: ['***', 'tasks', 'run', 'first_dag', 'broadcast_task', 'scheduled__2022-12-05T15:05:00+00:00', '--job-id', '2624', '--raw', '--subdir', 'DAGS_FOLDER/***1t.py', '--cfg-path', '/tmp/tmp_kxuyav8']
[2022-12-05T19:26:31.350+0000] {standard_task_runner.py:83} INFO - Job 2624: Subtask broadcast_task
[2022-12-05T19:26:31.516+0000] {task_command.py:376} INFO - Running <TaskInstance: first_dag.broadcast_task scheduled__2022-12-05T15:05:00+00:00 [running]> on host debdf09646d4
[2022-12-05T19:26:31.654+0000] {taskinstance.py:1592} INFO - Exporting the following env vars:
AIRFLOW_CTX_DAG_OWNER=***
AIRFLOW_CTX_DAG_ID=first_dag
AIRFLOW_CTX_TASK_ID=broadcast_task
AIRFLOW_CTX_EXECUTION_DATE=2022-12-05T15:05:00+00:00
AIRFLOW_CTX_TRY_NUMBER=1
AIRFLOW_CTX_DAG_RUN_ID=scheduled__2022-12-05T15:05:00+00:00
[2022-12-05T19:26:33.465+0000] {logging_mixin.py:137} INFO - 23
[2022-12-05T19:26:33.468+0000] {python.py:177} INFO - Done. Returned value was: None
[2022-12-05T19:26:33.498+0000] {taskinstance.py:1406} INFO - Marking task as SUCCESS. dag_id=first_dag, task_id=broadcast_task, execution_date=20221205T150500, start_date=20221205T192631, end_date=20221205T192633
[2022-12-05T19:26:33.536+0000] {local_task_job.py:159} INFO - Task exited with return code 0
[2022-12-05T19:26:33.610+0000] {taskinstance.py:2623} INFO - 1 downstream tasks scheduled from follow-on schedule check
