[2022-12-05T18:39:39.049+0000] {taskinstance.py:1165} INFO - Dependencies all met for <TaskInstance: first_dag.pull_task manual__2022-12-05T18:39:33.788656+00:00 [queued]>
[2022-12-05T18:39:39.059+0000] {taskinstance.py:1165} INFO - Dependencies all met for <TaskInstance: first_dag.pull_task manual__2022-12-05T18:39:33.788656+00:00 [queued]>
[2022-12-05T18:39:39.060+0000] {taskinstance.py:1362} INFO - 
--------------------------------------------------------------------------------
[2022-12-05T18:39:39.061+0000] {taskinstance.py:1363} INFO - Starting attempt 1 of 1
[2022-12-05T18:39:39.062+0000] {taskinstance.py:1364} INFO - 
--------------------------------------------------------------------------------
[2022-12-05T18:39:39.077+0000] {taskinstance.py:1383} INFO - Executing <Task(PythonOperator): pull_task> on 2022-12-05 18:39:33.788656+00:00
[2022-12-05T18:39:39.083+0000] {standard_task_runner.py:55} INFO - Started process 8749 to run task
[2022-12-05T18:39:39.086+0000] {standard_task_runner.py:82} INFO - Running: ['***', 'tasks', 'run', 'first_dag', 'pull_task', 'manual__2022-12-05T18:39:33.788656+00:00', '--job-id', '1215', '--raw', '--subdir', 'DAGS_FOLDER/***1t.py', '--cfg-path', '/tmp/tmpuw1wl4t3']
[2022-12-05T18:39:39.088+0000] {standard_task_runner.py:83} INFO - Job 1215: Subtask pull_task
[2022-12-05T18:39:39.156+0000] {task_command.py:376} INFO - Running <TaskInstance: first_dag.pull_task manual__2022-12-05T18:39:33.788656+00:00 [running]> on host debdf09646d4
[2022-12-05T18:39:39.228+0000] {taskinstance.py:1592} INFO - Exporting the following env vars:
AIRFLOW_CTX_DAG_OWNER=***
AIRFLOW_CTX_DAG_ID=first_dag
AIRFLOW_CTX_TASK_ID=pull_task
AIRFLOW_CTX_EXECUTION_DATE=2022-12-05T18:39:33.788656+00:00
AIRFLOW_CTX_TRY_NUMBER=1
AIRFLOW_CTX_DAG_RUN_ID=manual__2022-12-05T18:39:33.788656+00:00
[2022-12-05T18:39:40.344+0000] {logging_mixin.py:137} INFO - 23
[2022-12-05T18:39:40.345+0000] {python.py:177} INFO - Done. Returned value was: None
[2022-12-05T18:39:40.356+0000] {taskinstance.py:1406} INFO - Marking task as SUCCESS. dag_id=first_dag, task_id=pull_task, execution_date=20221205T183933, start_date=20221205T183939, end_date=20221205T183940
[2022-12-05T18:39:40.384+0000] {local_task_job.py:159} INFO - Task exited with return code 0
[2022-12-05T18:39:40.423+0000] {taskinstance.py:2623} INFO - 1 downstream tasks scheduled from follow-on schedule check
