[2022-12-05T18:15:00.360+0000] {taskinstance.py:1165} INFO - Dependencies all met for <TaskInstance: first_dag.hello manual__2022-12-05T18:14:58.688581+00:00 [queued]>
[2022-12-05T18:15:00.369+0000] {taskinstance.py:1165} INFO - Dependencies all met for <TaskInstance: first_dag.hello manual__2022-12-05T18:14:58.688581+00:00 [queued]>
[2022-12-05T18:15:00.370+0000] {taskinstance.py:1362} INFO - 
--------------------------------------------------------------------------------
[2022-12-05T18:15:00.370+0000] {taskinstance.py:1363} INFO - Starting attempt 1 of 1
[2022-12-05T18:15:00.371+0000] {taskinstance.py:1364} INFO - 
--------------------------------------------------------------------------------
[2022-12-05T18:15:00.386+0000] {taskinstance.py:1383} INFO - Executing <Task(BashOperator): hello> on 2022-12-05 18:14:58.688581+00:00
[2022-12-05T18:15:00.390+0000] {standard_task_runner.py:55} INFO - Started process 7305 to run task
[2022-12-05T18:15:00.393+0000] {standard_task_runner.py:82} INFO - Running: ['***', 'tasks', 'run', 'first_dag', 'hello', 'manual__2022-12-05T18:14:58.688581+00:00', '--job-id', '1127', '--raw', '--subdir', 'DAGS_FOLDER/***1t.py', '--cfg-path', '/tmp/tmpv9loozqu']
[2022-12-05T18:15:00.395+0000] {standard_task_runner.py:83} INFO - Job 1127: Subtask hello
[2022-12-05T18:15:00.456+0000] {task_command.py:376} INFO - Running <TaskInstance: first_dag.hello manual__2022-12-05T18:14:58.688581+00:00 [running]> on host debdf09646d4
[2022-12-05T18:15:00.527+0000] {taskinstance.py:1592} INFO - Exporting the following env vars:
AIRFLOW_CTX_DAG_OWNER=***
AIRFLOW_CTX_DAG_ID=first_dag
AIRFLOW_CTX_TASK_ID=hello
AIRFLOW_CTX_EXECUTION_DATE=2022-12-05T18:14:58.688581+00:00
AIRFLOW_CTX_TRY_NUMBER=1
AIRFLOW_CTX_DAG_RUN_ID=manual__2022-12-05T18:14:58.688581+00:00
[2022-12-05T18:15:00.528+0000] {subprocess.py:63} INFO - Tmp dir root location: 
 /tmp
[2022-12-05T18:15:00.529+0000] {subprocess.py:75} INFO - Running command: ['/bin/bash', '-c', 'echo hello']
[2022-12-05T18:15:00.538+0000] {subprocess.py:86} INFO - Output:
[2022-12-05T18:15:00.539+0000] {subprocess.py:93} INFO - hello
[2022-12-05T18:15:00.540+0000] {subprocess.py:97} INFO - Command exited with return code 0
[2022-12-05T18:15:00.563+0000] {taskinstance.py:1406} INFO - Marking task as SUCCESS. dag_id=first_dag, task_id=hello, execution_date=20221205T181458, start_date=20221205T181500, end_date=20221205T181500
[2022-12-05T18:15:00.606+0000] {local_task_job.py:159} INFO - Task exited with return code 0
[2022-12-05T18:15:00.633+0000] {taskinstance.py:2623} INFO - 1 downstream tasks scheduled from follow-on schedule check
