[2022-12-05T19:25:00.519+0000] {taskinstance.py:1165} INFO - Dependencies all met for <TaskInstance: first_dag.number_task scheduled__2022-12-05T10:45:00+00:00 [queued]>
[2022-12-05T19:25:00.545+0000] {taskinstance.py:1165} INFO - Dependencies all met for <TaskInstance: first_dag.number_task scheduled__2022-12-05T10:45:00+00:00 [queued]>
[2022-12-05T19:25:00.558+0000] {taskinstance.py:1362} INFO - 
--------------------------------------------------------------------------------
[2022-12-05T19:25:00.560+0000] {taskinstance.py:1363} INFO - Starting attempt 1 of 1
[2022-12-05T19:25:00.560+0000] {taskinstance.py:1364} INFO - 
--------------------------------------------------------------------------------
[2022-12-05T19:25:00.638+0000] {taskinstance.py:1383} INFO - Executing <Task(PythonOperator): number_task> on 2022-12-05 10:45:00+00:00
[2022-12-05T19:25:00.645+0000] {standard_task_runner.py:55} INFO - Started process 14280 to run task
[2022-12-05T19:25:00.662+0000] {standard_task_runner.py:82} INFO - Running: ['***', 'tasks', 'run', 'first_dag', 'number_task', 'scheduled__2022-12-05T10:45:00+00:00', '--job-id', '2298', '--raw', '--subdir', 'DAGS_FOLDER/***1t.py', '--cfg-path', '/tmp/tmpz3dc_yks']
[2022-12-05T19:25:00.668+0000] {standard_task_runner.py:83} INFO - Job 2298: Subtask number_task
[2022-12-05T19:25:00.985+0000] {task_command.py:376} INFO - Running <TaskInstance: first_dag.number_task scheduled__2022-12-05T10:45:00+00:00 [running]> on host debdf09646d4
[2022-12-05T19:25:01.226+0000] {taskinstance.py:1592} INFO - Exporting the following env vars:
AIRFLOW_CTX_DAG_OWNER=***
AIRFLOW_CTX_DAG_ID=first_dag
AIRFLOW_CTX_TASK_ID=number_task
AIRFLOW_CTX_EXECUTION_DATE=2022-12-05T10:45:00+00:00
AIRFLOW_CTX_TRY_NUMBER=1
AIRFLOW_CTX_DAG_RUN_ID=scheduled__2022-12-05T10:45:00+00:00
[2022-12-05T19:25:01.232+0000] {logging_mixin.py:137} INFO - 9   19
[2022-12-05T19:25:01.233+0000] {logging_mixin.py:137} INFO - <_io.TextIOWrapper name='file.txt' mode='a' encoding='UTF-8'>
[2022-12-05T19:25:01.234+0000] {python.py:177} INFO - Done. Returned value was: None
[2022-12-05T19:25:01.283+0000] {taskinstance.py:1406} INFO - Marking task as SUCCESS. dag_id=first_dag, task_id=number_task, execution_date=20221205T104500, start_date=20221205T192500, end_date=20221205T192501
[2022-12-05T19:25:01.386+0000] {local_task_job.py:159} INFO - Task exited with return code 0
[2022-12-05T19:25:01.439+0000] {taskinstance.py:2623} INFO - 1 downstream tasks scheduled from follow-on schedule check
