[2022-11-30T18:36:33.458+0000] {taskinstance.py:1165} INFO - Dependencies all met for <TaskInstance: first_dag.ford_dataset manual__2022-11-30T18:36:30.274261+00:00 [queued]>
[2022-11-30T18:36:33.467+0000] {taskinstance.py:1165} INFO - Dependencies all met for <TaskInstance: first_dag.ford_dataset manual__2022-11-30T18:36:30.274261+00:00 [queued]>
[2022-11-30T18:36:33.467+0000] {taskinstance.py:1362} INFO - 
--------------------------------------------------------------------------------
[2022-11-30T18:36:33.468+0000] {taskinstance.py:1363} INFO - Starting attempt 1 of 1
[2022-11-30T18:36:33.469+0000] {taskinstance.py:1364} INFO - 
--------------------------------------------------------------------------------
[2022-11-30T18:36:33.483+0000] {taskinstance.py:1383} INFO - Executing <Task(PythonOperator): ford_dataset> on 2022-11-30 18:36:30.274261+00:00
[2022-11-30T18:36:33.487+0000] {standard_task_runner.py:55} INFO - Started process 6273 to run task
[2022-11-30T18:36:33.490+0000] {standard_task_runner.py:82} INFO - Running: ['***', 'tasks', 'run', 'first_dag', 'ford_dataset', 'manual__2022-11-30T18:36:30.274261+00:00', '--job-id', '711', '--raw', '--subdir', 'DAGS_FOLDER/***1t.py', '--cfg-path', '/tmp/tmpvmwbvc63']
[2022-11-30T18:36:33.492+0000] {standard_task_runner.py:83} INFO - Job 711: Subtask ford_dataset
[2022-11-30T18:36:33.551+0000] {task_command.py:376} INFO - Running <TaskInstance: first_dag.ford_dataset manual__2022-11-30T18:36:30.274261+00:00 [running]> on host debdf09646d4
[2022-11-30T18:36:33.615+0000] {taskinstance.py:1592} INFO - Exporting the following env vars:
AIRFLOW_CTX_DAG_OWNER=***
AIRFLOW_CTX_DAG_ID=first_dag
AIRFLOW_CTX_TASK_ID=ford_dataset
AIRFLOW_CTX_EXECUTION_DATE=2022-11-30T18:36:30.274261+00:00
AIRFLOW_CTX_TRY_NUMBER=1
AIRFLOW_CTX_DAG_RUN_ID=manual__2022-11-30T18:36:30.274261+00:00
[2022-11-30T18:36:35.859+0000] {python.py:177} INFO - Done. Returned value was: None
[2022-11-30T18:36:35.869+0000] {taskinstance.py:1406} INFO - Marking task as SUCCESS. dag_id=first_dag, task_id=ford_dataset, execution_date=20221130T183630, start_date=20221130T183633, end_date=20221130T183635
[2022-11-30T18:36:35.915+0000] {local_task_job.py:159} INFO - Task exited with return code 0
[2022-11-30T18:36:35.931+0000] {taskinstance.py:2623} INFO - 0 downstream tasks scheduled from follow-on schedule check
