[2022-11-28T20:11:11.499+0000] {taskinstance.py:1165} INFO - Dependencies all met for <TaskInstance: first_dag.world scheduled__2022-05-20T00:00:00+00:00 [queued]>
[2022-11-28T20:11:11.516+0000] {taskinstance.py:1165} INFO - Dependencies all met for <TaskInstance: first_dag.world scheduled__2022-05-20T00:00:00+00:00 [queued]>
[2022-11-28T20:11:11.517+0000] {taskinstance.py:1362} INFO - 
--------------------------------------------------------------------------------
[2022-11-28T20:11:11.518+0000] {taskinstance.py:1363} INFO - Starting attempt 1 of 1
[2022-11-28T20:11:11.519+0000] {taskinstance.py:1364} INFO - 
--------------------------------------------------------------------------------
[2022-11-28T20:11:11.544+0000] {taskinstance.py:1383} INFO - Executing <Task(PythonOperator): world> on 2022-05-20 00:00:00+00:00
[2022-11-28T20:11:11.551+0000] {standard_task_runner.py:55} INFO - Started process 890 to run task
[2022-11-28T20:11:11.560+0000] {standard_task_runner.py:82} INFO - Running: ['***', 'tasks', 'run', 'first_dag', 'world', 'scheduled__2022-05-20T00:00:00+00:00', '--job-id', '294', '--raw', '--subdir', 'DAGS_FOLDER/***1t.py', '--cfg-path', '/tmp/tmpv7mza6n_']
[2022-11-28T20:11:11.561+0000] {standard_task_runner.py:83} INFO - Job 294: Subtask world
[2022-11-28T20:11:11.655+0000] {task_command.py:376} INFO - Running <TaskInstance: first_dag.world scheduled__2022-05-20T00:00:00+00:00 [running]> on host 7720011b9adc
[2022-11-28T20:11:11.756+0000] {taskinstance.py:1592} INFO - Exporting the following env vars:
AIRFLOW_CTX_DAG_OWNER=***
AIRFLOW_CTX_DAG_ID=first_dag
AIRFLOW_CTX_TASK_ID=world
AIRFLOW_CTX_EXECUTION_DATE=2022-05-20T00:00:00+00:00
AIRFLOW_CTX_TRY_NUMBER=1
AIRFLOW_CTX_DAG_RUN_ID=scheduled__2022-05-20T00:00:00+00:00
[2022-11-28T20:11:11.757+0000] {logging_mixin.py:137} INFO - Airflow
[2022-11-28T20:11:11.758+0000] {python.py:177} INFO - Done. Returned value was: None
[2022-11-28T20:11:11.771+0000] {taskinstance.py:1406} INFO - Marking task as SUCCESS. dag_id=first_dag, task_id=world, execution_date=20220520T000000, start_date=20221128T201111, end_date=20221128T201111
[2022-11-28T20:11:11.810+0000] {local_task_job.py:159} INFO - Task exited with return code 0
[2022-11-28T20:11:11.830+0000] {taskinstance.py:2623} INFO - 0 downstream tasks scheduled from follow-on schedule check
