[2022-12-05T19:21:14.254+0000] {taskinstance.py:1165} INFO - Dependencies all met for <TaskInstance: first_dag.number_task manual__2022-12-05T19:20:43.091415+00:00 [queued]>
[2022-12-05T19:21:14.289+0000] {taskinstance.py:1165} INFO - Dependencies all met for <TaskInstance: first_dag.number_task manual__2022-12-05T19:20:43.091415+00:00 [queued]>
[2022-12-05T19:21:14.289+0000] {taskinstance.py:1362} INFO - 
--------------------------------------------------------------------------------
[2022-12-05T19:21:14.290+0000] {taskinstance.py:1363} INFO - Starting attempt 1 of 1
[2022-12-05T19:21:14.290+0000] {taskinstance.py:1364} INFO - 
--------------------------------------------------------------------------------
[2022-12-05T19:21:14.342+0000] {taskinstance.py:1383} INFO - Executing <Task(PythonOperator): number_task> on 2022-12-05 19:20:43.091415+00:00
[2022-12-05T19:21:14.354+0000] {standard_task_runner.py:55} INFO - Started process 11663 to run task
[2022-12-05T19:21:14.386+0000] {standard_task_runner.py:82} INFO - Running: ['***', 'tasks', 'run', 'first_dag', 'number_task', 'manual__2022-12-05T19:20:43.091415+00:00', '--job-id', '1514', '--raw', '--subdir', 'DAGS_FOLDER/***1t.py', '--cfg-path', '/tmp/tmp45fsqswb']
[2022-12-05T19:21:14.388+0000] {standard_task_runner.py:83} INFO - Job 1514: Subtask number_task
[2022-12-05T19:21:14.544+0000] {task_command.py:376} INFO - Running <TaskInstance: first_dag.number_task manual__2022-12-05T19:20:43.091415+00:00 [running]> on host debdf09646d4
[2022-12-05T19:21:14.726+0000] {taskinstance.py:1592} INFO - Exporting the following env vars:
AIRFLOW_CTX_DAG_OWNER=***
AIRFLOW_CTX_DAG_ID=first_dag
AIRFLOW_CTX_TASK_ID=number_task
AIRFLOW_CTX_EXECUTION_DATE=2022-12-05T19:20:43.091415+00:00
AIRFLOW_CTX_TRY_NUMBER=1
AIRFLOW_CTX_DAG_RUN_ID=manual__2022-12-05T19:20:43.091415+00:00
[2022-12-05T19:21:14.729+0000] {logging_mixin.py:137} INFO - 85   3
[2022-12-05T19:21:14.730+0000] {logging_mixin.py:137} INFO - <_io.TextIOWrapper name='file.txt' mode='a' encoding='UTF-8'>
[2022-12-05T19:21:14.730+0000] {python.py:177} INFO - Done. Returned value was: None
[2022-12-05T19:21:14.766+0000] {taskinstance.py:1406} INFO - Marking task as SUCCESS. dag_id=first_dag, task_id=number_task, execution_date=20221205T192043, start_date=20221205T192114, end_date=20221205T192114
[2022-12-05T19:21:14.860+0000] {local_task_job.py:159} INFO - Task exited with return code 0
[2022-12-05T19:21:14.885+0000] {taskinstance.py:2623} INFO - 0 downstream tasks scheduled from follow-on schedule check
