[2022-11-30T18:34:39.967+0000] {taskinstance.py:1165} INFO - Dependencies all met for <TaskInstance: first_dag.download_ford_dataset manual__2022-11-30T18:34:34.468519+00:00 [queued]>
[2022-11-30T18:34:39.976+0000] {taskinstance.py:1165} INFO - Dependencies all met for <TaskInstance: first_dag.download_ford_dataset manual__2022-11-30T18:34:34.468519+00:00 [queued]>
[2022-11-30T18:34:39.977+0000] {taskinstance.py:1362} INFO - 
--------------------------------------------------------------------------------
[2022-11-30T18:34:39.978+0000] {taskinstance.py:1363} INFO - Starting attempt 1 of 1
[2022-11-30T18:34:39.978+0000] {taskinstance.py:1364} INFO - 
--------------------------------------------------------------------------------
[2022-11-30T18:34:39.994+0000] {taskinstance.py:1383} INFO - Executing <Task(PythonOperator): download_ford_dataset> on 2022-11-30 18:34:34.468519+00:00
[2022-11-30T18:34:39.998+0000] {standard_task_runner.py:55} INFO - Started process 6163 to run task
[2022-11-30T18:34:40.001+0000] {standard_task_runner.py:82} INFO - Running: ['***', 'tasks', 'run', 'first_dag', 'download_ford_dataset', 'manual__2022-11-30T18:34:34.468519+00:00', '--job-id', '705', '--raw', '--subdir', 'DAGS_FOLDER/***1t.py', '--cfg-path', '/tmp/tmpdfcstpeu']
[2022-11-30T18:34:40.003+0000] {standard_task_runner.py:83} INFO - Job 705: Subtask download_ford_dataset
[2022-11-30T18:34:40.070+0000] {task_command.py:376} INFO - Running <TaskInstance: first_dag.download_ford_dataset manual__2022-11-30T18:34:34.468519+00:00 [running]> on host debdf09646d4
[2022-11-30T18:34:40.199+0000] {taskinstance.py:1592} INFO - Exporting the following env vars:
AIRFLOW_CTX_DAG_OWNER=***
AIRFLOW_CTX_DAG_ID=first_dag
AIRFLOW_CTX_TASK_ID=download_ford_dataset
AIRFLOW_CTX_EXECUTION_DATE=2022-11-30T18:34:34.468519+00:00
AIRFLOW_CTX_TRY_NUMBER=1
AIRFLOW_CTX_DAG_RUN_ID=manual__2022-11-30T18:34:34.468519+00:00
[2022-11-30T18:34:46.706+0000] {python.py:177} INFO - Done. Returned value was: None
[2022-11-30T18:34:46.715+0000] {taskinstance.py:1406} INFO - Marking task as SUCCESS. dag_id=first_dag, task_id=download_ford_dataset, execution_date=20221130T183434, start_date=20221130T183439, end_date=20221130T183446
[2022-11-30T18:34:46.767+0000] {local_task_job.py:159} INFO - Task exited with return code 0
[2022-11-30T18:34:46.783+0000] {taskinstance.py:2623} INFO - 0 downstream tasks scheduled from follow-on schedule check
