[2022-11-30T19:05:38.921+0000] {taskinstance.py:1165} INFO - Dependencies all met for <TaskInstance: first_dag.ford_dataset manual__2022-11-30T19:05:34.767615+00:00 [queued]>
[2022-11-30T19:05:38.931+0000] {taskinstance.py:1165} INFO - Dependencies all met for <TaskInstance: first_dag.ford_dataset manual__2022-11-30T19:05:34.767615+00:00 [queued]>
[2022-11-30T19:05:38.931+0000] {taskinstance.py:1362} INFO - 
--------------------------------------------------------------------------------
[2022-11-30T19:05:38.932+0000] {taskinstance.py:1363} INFO - Starting attempt 1 of 1
[2022-11-30T19:05:38.932+0000] {taskinstance.py:1364} INFO - 
--------------------------------------------------------------------------------
[2022-11-30T19:05:38.947+0000] {taskinstance.py:1383} INFO - Executing <Task(PythonOperator): ford_dataset> on 2022-11-30 19:05:34.767615+00:00
[2022-11-30T19:05:38.953+0000] {standard_task_runner.py:55} INFO - Started process 7738 to run task
[2022-11-30T19:05:38.956+0000] {standard_task_runner.py:82} INFO - Running: ['***', 'tasks', 'run', 'first_dag', 'ford_dataset', 'manual__2022-11-30T19:05:34.767615+00:00', '--job-id', '735', '--raw', '--subdir', 'DAGS_FOLDER/***1t.py', '--cfg-path', '/tmp/tmpu3oyheur']
[2022-11-30T19:05:38.958+0000] {standard_task_runner.py:83} INFO - Job 735: Subtask ford_dataset
[2022-11-30T19:05:39.021+0000] {task_command.py:376} INFO - Running <TaskInstance: first_dag.ford_dataset manual__2022-11-30T19:05:34.767615+00:00 [running]> on host debdf09646d4
[2022-11-30T19:05:39.092+0000] {taskinstance.py:1592} INFO - Exporting the following env vars:
AIRFLOW_CTX_DAG_OWNER=***
AIRFLOW_CTX_DAG_ID=first_dag
AIRFLOW_CTX_TASK_ID=ford_dataset
AIRFLOW_CTX_EXECUTION_DATE=2022-11-30T19:05:34.767615+00:00
AIRFLOW_CTX_TRY_NUMBER=1
AIRFLOW_CTX_DAG_RUN_ID=manual__2022-11-30T19:05:34.767615+00:00
[2022-11-30T19:05:40.495+0000] {logging_mixin.py:137} INFO - our value:  12348765
[2022-11-30T19:05:40.495+0000] {python.py:177} INFO - Done. Returned value was: None
[2022-11-30T19:05:40.503+0000] {taskinstance.py:1406} INFO - Marking task as SUCCESS. dag_id=first_dag, task_id=ford_dataset, execution_date=20221130T190534, start_date=20221130T190538, end_date=20221130T190540
[2022-11-30T19:05:40.534+0000] {local_task_job.py:159} INFO - Task exited with return code 0
[2022-11-30T19:05:40.553+0000] {taskinstance.py:2623} INFO - 0 downstream tasks scheduled from follow-on schedule check
