[2022-12-01T18:46:35.857+0000] {taskinstance.py:1165} INFO - Dependencies all met for <TaskInstance: first_dag.world manual__2022-12-01T18:46:33.537672+00:00 [queued]>
[2022-12-01T18:46:35.867+0000] {taskinstance.py:1165} INFO - Dependencies all met for <TaskInstance: first_dag.world manual__2022-12-01T18:46:33.537672+00:00 [queued]>
[2022-12-01T18:46:35.868+0000] {taskinstance.py:1362} INFO - 
--------------------------------------------------------------------------------
[2022-12-01T18:46:35.868+0000] {taskinstance.py:1363} INFO - Starting attempt 1 of 1
[2022-12-01T18:46:35.869+0000] {taskinstance.py:1364} INFO - 
--------------------------------------------------------------------------------
[2022-12-01T18:46:35.882+0000] {taskinstance.py:1383} INFO - Executing <Task(PythonOperator): world> on 2022-12-01 18:46:33.537672+00:00
[2022-12-01T18:46:35.887+0000] {standard_task_runner.py:55} INFO - Started process 7661 to run task
[2022-12-01T18:46:35.890+0000] {standard_task_runner.py:82} INFO - Running: ['***', 'tasks', 'run', 'first_dag', 'world', 'manual__2022-12-01T18:46:33.537672+00:00', '--job-id', '904', '--raw', '--subdir', 'DAGS_FOLDER/***1t.py', '--cfg-path', '/tmp/tmphpgly4ug']
[2022-12-01T18:46:35.892+0000] {standard_task_runner.py:83} INFO - Job 904: Subtask world
[2022-12-01T18:46:35.951+0000] {task_command.py:376} INFO - Running <TaskInstance: first_dag.world manual__2022-12-01T18:46:33.537672+00:00 [running]> on host debdf09646d4
[2022-12-01T18:46:36.020+0000] {taskinstance.py:1592} INFO - Exporting the following env vars:
AIRFLOW_CTX_DAG_OWNER=***
AIRFLOW_CTX_DAG_ID=first_dag
AIRFLOW_CTX_TASK_ID=world
AIRFLOW_CTX_EXECUTION_DATE=2022-12-01T18:46:33.537672+00:00
AIRFLOW_CTX_TRY_NUMBER=1
AIRFLOW_CTX_DAG_RUN_ID=manual__2022-12-01T18:46:33.537672+00:00
[2022-12-01T18:46:36.022+0000] {logging_mixin.py:137} INFO - Hello!
[2022-12-01T18:46:36.022+0000] {python.py:177} INFO - Done. Returned value was: None
[2022-12-01T18:46:36.030+0000] {taskinstance.py:1406} INFO - Marking task as SUCCESS. dag_id=first_dag, task_id=world, execution_date=20221201T184633, start_date=20221201T184635, end_date=20221201T184636
[2022-12-01T18:46:36.061+0000] {local_task_job.py:159} INFO - Task exited with return code 0
[2022-12-01T18:46:36.087+0000] {taskinstance.py:2623} INFO - 1 downstream tasks scheduled from follow-on schedule check
