[2022-12-05T19:23:21.358+0000] {taskinstance.py:1165} INFO - Dependencies all met for <TaskInstance: first_dag.broadcast_task scheduled__2022-12-05T06:50:00+00:00 [queued]>
[2022-12-05T19:23:21.385+0000] {taskinstance.py:1165} INFO - Dependencies all met for <TaskInstance: first_dag.broadcast_task scheduled__2022-12-05T06:50:00+00:00 [queued]>
[2022-12-05T19:23:21.385+0000] {taskinstance.py:1362} INFO - 
--------------------------------------------------------------------------------
[2022-12-05T19:23:21.386+0000] {taskinstance.py:1363} INFO - Starting attempt 1 of 1
[2022-12-05T19:23:21.387+0000] {taskinstance.py:1364} INFO - 
--------------------------------------------------------------------------------
[2022-12-05T19:23:21.619+0000] {taskinstance.py:1383} INFO - Executing <Task(PythonOperator): broadcast_task> on 2022-12-05 06:50:00+00:00
[2022-12-05T19:23:21.626+0000] {standard_task_runner.py:55} INFO - Started process 13124 to run task
[2022-12-05T19:23:21.641+0000] {standard_task_runner.py:82} INFO - Running: ['***', 'tasks', 'run', 'first_dag', 'broadcast_task', 'scheduled__2022-12-05T06:50:00+00:00', '--job-id', '1953', '--raw', '--subdir', 'DAGS_FOLDER/***1t.py', '--cfg-path', '/tmp/tmpll506j3y']
[2022-12-05T19:23:21.644+0000] {standard_task_runner.py:83} INFO - Job 1953: Subtask broadcast_task
[2022-12-05T19:23:21.761+0000] {task_command.py:376} INFO - Running <TaskInstance: first_dag.broadcast_task scheduled__2022-12-05T06:50:00+00:00 [running]> on host debdf09646d4
[2022-12-05T19:23:21.985+0000] {taskinstance.py:1592} INFO - Exporting the following env vars:
AIRFLOW_CTX_DAG_OWNER=***
AIRFLOW_CTX_DAG_ID=first_dag
AIRFLOW_CTX_TASK_ID=broadcast_task
AIRFLOW_CTX_EXECUTION_DATE=2022-12-05T06:50:00+00:00
AIRFLOW_CTX_TRY_NUMBER=1
AIRFLOW_CTX_DAG_RUN_ID=scheduled__2022-12-05T06:50:00+00:00
[2022-12-05T19:23:24.284+0000] {logging_mixin.py:137} INFO - 23
[2022-12-05T19:23:24.285+0000] {python.py:177} INFO - Done. Returned value was: None
[2022-12-05T19:23:24.300+0000] {taskinstance.py:1406} INFO - Marking task as SUCCESS. dag_id=first_dag, task_id=broadcast_task, execution_date=20221205T065000, start_date=20221205T192321, end_date=20221205T192324
[2022-12-05T19:23:24.553+0000] {local_task_job.py:159} INFO - Task exited with return code 0
[2022-12-05T19:23:24.597+0000] {taskinstance.py:2623} INFO - 1 downstream tasks scheduled from follow-on schedule check
