[2022-12-05T19:21:43.645+0000] {taskinstance.py:1165} INFO - Dependencies all met for <TaskInstance: first_dag.file_path scheduled__2022-12-05T03:25:00+00:00 [queued]>
[2022-12-05T19:21:43.663+0000] {taskinstance.py:1165} INFO - Dependencies all met for <TaskInstance: first_dag.file_path scheduled__2022-12-05T03:25:00+00:00 [queued]>
[2022-12-05T19:21:43.664+0000] {taskinstance.py:1362} INFO - 
--------------------------------------------------------------------------------
[2022-12-05T19:21:43.665+0000] {taskinstance.py:1363} INFO - Starting attempt 1 of 1
[2022-12-05T19:21:43.671+0000] {taskinstance.py:1364} INFO - 
--------------------------------------------------------------------------------
[2022-12-05T19:21:43.706+0000] {taskinstance.py:1383} INFO - Executing <Task(PythonOperator): file_path> on 2022-12-05 03:25:00+00:00
[2022-12-05T19:21:43.718+0000] {standard_task_runner.py:55} INFO - Started process 11987 to run task
[2022-12-05T19:21:43.727+0000] {standard_task_runner.py:82} INFO - Running: ['***', 'tasks', 'run', 'first_dag', 'file_path', 'scheduled__2022-12-05T03:25:00+00:00', '--job-id', '1612', '--raw', '--subdir', 'DAGS_FOLDER/***1t.py', '--cfg-path', '/tmp/tmpmqsr9mso']
[2022-12-05T19:21:43.746+0000] {standard_task_runner.py:83} INFO - Job 1612: Subtask file_path
[2022-12-05T19:21:44.068+0000] {task_command.py:376} INFO - Running <TaskInstance: first_dag.file_path scheduled__2022-12-05T03:25:00+00:00 [running]> on host debdf09646d4
[2022-12-05T19:21:44.279+0000] {taskinstance.py:1592} INFO - Exporting the following env vars:
AIRFLOW_CTX_DAG_OWNER=***
AIRFLOW_CTX_DAG_ID=first_dag
AIRFLOW_CTX_TASK_ID=file_path
AIRFLOW_CTX_EXECUTION_DATE=2022-12-05T03:25:00+00:00
AIRFLOW_CTX_TRY_NUMBER=1
AIRFLOW_CTX_DAG_RUN_ID=scheduled__2022-12-05T03:25:00+00:00
[2022-12-05T19:21:44.302+0000] {logging_mixin.py:137} INFO - our value:  https://people.sc.fsu.edu/~jburkardt/data/csv/ford_escort.csv
[2022-12-05T19:21:44.302+0000] {python.py:177} INFO - Done. Returned value was: None
[2022-12-05T19:21:44.316+0000] {taskinstance.py:1406} INFO - Marking task as SUCCESS. dag_id=first_dag, task_id=file_path, execution_date=20221205T032500, start_date=20221205T192143, end_date=20221205T192144
[2022-12-05T19:21:44.371+0000] {local_task_job.py:159} INFO - Task exited with return code 0
[2022-12-05T19:21:44.449+0000] {taskinstance.py:2623} INFO - 1 downstream tasks scheduled from follow-on schedule check
