[2022-12-05T19:27:11.625+0000] {taskinstance.py:1165} INFO - Dependencies all met for <TaskInstance: first_dag.number_task scheduled__2022-12-05T16:20:00+00:00 [queued]>
[2022-12-05T19:27:11.669+0000] {taskinstance.py:1165} INFO - Dependencies all met for <TaskInstance: first_dag.number_task scheduled__2022-12-05T16:20:00+00:00 [queued]>
[2022-12-05T19:27:11.672+0000] {taskinstance.py:1362} INFO - 
--------------------------------------------------------------------------------
[2022-12-05T19:27:11.673+0000] {taskinstance.py:1363} INFO - Starting attempt 1 of 1
[2022-12-05T19:27:11.674+0000] {taskinstance.py:1364} INFO - 
--------------------------------------------------------------------------------
[2022-12-05T19:27:11.723+0000] {taskinstance.py:1383} INFO - Executing <Task(PythonOperator): number_task> on 2022-12-05 16:20:00+00:00
[2022-12-05T19:27:11.731+0000] {standard_task_runner.py:55} INFO - Started process 15791 to run task
[2022-12-05T19:27:11.747+0000] {standard_task_runner.py:82} INFO - Running: ['***', 'tasks', 'run', 'first_dag', 'number_task', 'scheduled__2022-12-05T16:20:00+00:00', '--job-id', '2753', '--raw', '--subdir', 'DAGS_FOLDER/***1t.py', '--cfg-path', '/tmp/tmpuqcgl6w2']
[2022-12-05T19:27:11.758+0000] {standard_task_runner.py:83} INFO - Job 2753: Subtask number_task
[2022-12-05T19:27:11.950+0000] {task_command.py:376} INFO - Running <TaskInstance: first_dag.number_task scheduled__2022-12-05T16:20:00+00:00 [running]> on host debdf09646d4
[2022-12-05T19:27:12.123+0000] {taskinstance.py:1592} INFO - Exporting the following env vars:
AIRFLOW_CTX_DAG_OWNER=***
AIRFLOW_CTX_DAG_ID=first_dag
AIRFLOW_CTX_TASK_ID=number_task
AIRFLOW_CTX_EXECUTION_DATE=2022-12-05T16:20:00+00:00
AIRFLOW_CTX_TRY_NUMBER=1
AIRFLOW_CTX_DAG_RUN_ID=scheduled__2022-12-05T16:20:00+00:00
[2022-12-05T19:27:12.127+0000] {logging_mixin.py:137} INFO - 67   26
[2022-12-05T19:27:12.128+0000] {logging_mixin.py:137} INFO - <_io.TextIOWrapper name='file.txt' mode='a' encoding='UTF-8'>
[2022-12-05T19:27:12.128+0000] {python.py:177} INFO - Done. Returned value was: None
[2022-12-05T19:27:12.151+0000] {taskinstance.py:1406} INFO - Marking task as SUCCESS. dag_id=first_dag, task_id=number_task, execution_date=20221205T162000, start_date=20221205T192711, end_date=20221205T192712
[2022-12-05T19:27:12.211+0000] {local_task_job.py:159} INFO - Task exited with return code 0
[2022-12-05T19:27:12.246+0000] {taskinstance.py:2623} INFO - 1 downstream tasks scheduled from follow-on schedule check
