[2022-12-05T19:27:55.423+0000] {taskinstance.py:1165} INFO - Dependencies all met for <TaskInstance: first_dag.sum_task scheduled__2022-12-05T18:10:00+00:00 [queued]>
[2022-12-05T19:27:55.440+0000] {taskinstance.py:1165} INFO - Dependencies all met for <TaskInstance: first_dag.sum_task scheduled__2022-12-05T18:10:00+00:00 [queued]>
[2022-12-05T19:27:55.441+0000] {taskinstance.py:1362} INFO - 
--------------------------------------------------------------------------------
[2022-12-05T19:27:55.441+0000] {taskinstance.py:1363} INFO - Starting attempt 1 of 1
[2022-12-05T19:27:55.442+0000] {taskinstance.py:1364} INFO - 
--------------------------------------------------------------------------------
[2022-12-05T19:27:55.468+0000] {taskinstance.py:1383} INFO - Executing <Task(PythonOperator): sum_task> on 2022-12-05 18:10:00+00:00
[2022-12-05T19:27:55.474+0000] {standard_task_runner.py:55} INFO - Started process 16320 to run task
[2022-12-05T19:27:55.479+0000] {standard_task_runner.py:82} INFO - Running: ['***', 'tasks', 'run', 'first_dag', 'sum_task', 'scheduled__2022-12-05T18:10:00+00:00', '--job-id', '2912', '--raw', '--subdir', 'DAGS_FOLDER/***1t.py', '--cfg-path', '/tmp/tmpiu8d2cyv']
[2022-12-05T19:27:55.481+0000] {standard_task_runner.py:83} INFO - Job 2912: Subtask sum_task
[2022-12-05T19:27:55.565+0000] {task_command.py:376} INFO - Running <TaskInstance: first_dag.sum_task scheduled__2022-12-05T18:10:00+00:00 [running]> on host debdf09646d4
[2022-12-05T19:27:55.726+0000] {taskinstance.py:1592} INFO - Exporting the following env vars:
AIRFLOW_CTX_DAG_OWNER=***
AIRFLOW_CTX_DAG_ID=first_dag
AIRFLOW_CTX_TASK_ID=sum_task
AIRFLOW_CTX_EXECUTION_DATE=2022-12-05T18:10:00+00:00
AIRFLOW_CTX_TRY_NUMBER=1
AIRFLOW_CTX_DAG_RUN_ID=scheduled__2022-12-05T18:10:00+00:00
[2022-12-05T19:27:55.728+0000] {python.py:177} INFO - Done. Returned value was: None
[2022-12-05T19:27:55.741+0000] {taskinstance.py:1406} INFO - Marking task as SUCCESS. dag_id=first_dag, task_id=sum_task, execution_date=20221205T181000, start_date=20221205T192755, end_date=20221205T192755
[2022-12-05T19:27:55.770+0000] {local_task_job.py:159} INFO - Task exited with return code 0
[2022-12-05T19:27:55.792+0000] {taskinstance.py:2623} INFO - 0 downstream tasks scheduled from follow-on schedule check
