[2022-12-05T18:15:03.009+0000] {taskinstance.py:1165} INFO - Dependencies all met for <TaskInstance: first_dag.file_path manual__2022-12-05T18:14:58.688581+00:00 [queued]>
[2022-12-05T18:15:03.019+0000] {taskinstance.py:1165} INFO - Dependencies all met for <TaskInstance: first_dag.file_path manual__2022-12-05T18:14:58.688581+00:00 [queued]>
[2022-12-05T18:15:03.020+0000] {taskinstance.py:1362} INFO - 
--------------------------------------------------------------------------------
[2022-12-05T18:15:03.020+0000] {taskinstance.py:1363} INFO - Starting attempt 1 of 1
[2022-12-05T18:15:03.020+0000] {taskinstance.py:1364} INFO - 
--------------------------------------------------------------------------------
[2022-12-05T18:15:03.034+0000] {taskinstance.py:1383} INFO - Executing <Task(PythonOperator): file_path> on 2022-12-05 18:14:58.688581+00:00
[2022-12-05T18:15:03.039+0000] {standard_task_runner.py:55} INFO - Started process 7321 to run task
[2022-12-05T18:15:03.042+0000] {standard_task_runner.py:82} INFO - Running: ['***', 'tasks', 'run', 'first_dag', 'file_path', 'manual__2022-12-05T18:14:58.688581+00:00', '--job-id', '1129', '--raw', '--subdir', 'DAGS_FOLDER/***1t.py', '--cfg-path', '/tmp/tmp21kqx2jz']
[2022-12-05T18:15:03.044+0000] {standard_task_runner.py:83} INFO - Job 1129: Subtask file_path
[2022-12-05T18:15:03.107+0000] {task_command.py:376} INFO - Running <TaskInstance: first_dag.file_path manual__2022-12-05T18:14:58.688581+00:00 [running]> on host debdf09646d4
[2022-12-05T18:15:03.180+0000] {taskinstance.py:1592} INFO - Exporting the following env vars:
AIRFLOW_CTX_DAG_OWNER=***
AIRFLOW_CTX_DAG_ID=first_dag
AIRFLOW_CTX_TASK_ID=file_path
AIRFLOW_CTX_EXECUTION_DATE=2022-12-05T18:14:58.688581+00:00
AIRFLOW_CTX_TRY_NUMBER=1
AIRFLOW_CTX_DAG_RUN_ID=manual__2022-12-05T18:14:58.688581+00:00
[2022-12-05T18:15:03.188+0000] {logging_mixin.py:137} INFO - our value:  https://people.sc.fsu.edu/~jburkardt/data/csv/ford_escort.csv
[2022-12-05T18:15:03.189+0000] {python.py:177} INFO - Done. Returned value was: None
[2022-12-05T18:15:03.198+0000] {taskinstance.py:1406} INFO - Marking task as SUCCESS. dag_id=first_dag, task_id=file_path, execution_date=20221205T181458, start_date=20221205T181503, end_date=20221205T181503
[2022-12-05T18:15:03.253+0000] {local_task_job.py:159} INFO - Task exited with return code 0
[2022-12-05T18:15:03.300+0000] {taskinstance.py:2623} INFO - 1 downstream tasks scheduled from follow-on schedule check
