[2022-11-30T20:36:49.902+0000] {taskinstance.py:1165} INFO - Dependencies all met for <TaskInstance: first_dag.world manual__2022-11-30T20:36:48.032153+00:00 [queued]>
[2022-11-30T20:36:49.912+0000] {taskinstance.py:1165} INFO - Dependencies all met for <TaskInstance: first_dag.world manual__2022-11-30T20:36:48.032153+00:00 [queued]>
[2022-11-30T20:36:49.912+0000] {taskinstance.py:1362} INFO - 
--------------------------------------------------------------------------------
[2022-11-30T20:36:49.913+0000] {taskinstance.py:1363} INFO - Starting attempt 1 of 1
[2022-11-30T20:36:49.913+0000] {taskinstance.py:1364} INFO - 
--------------------------------------------------------------------------------
[2022-11-30T20:36:49.929+0000] {taskinstance.py:1383} INFO - Executing <Task(PythonOperator): world> on 2022-11-30 20:36:48.032153+00:00
[2022-11-30T20:36:49.933+0000] {standard_task_runner.py:55} INFO - Started process 12362 to run task
[2022-11-30T20:36:49.936+0000] {standard_task_runner.py:82} INFO - Running: ['***', 'tasks', 'run', 'first_dag', 'world', 'manual__2022-11-30T20:36:48.032153+00:00', '--job-id', '818', '--raw', '--subdir', 'DAGS_FOLDER/***1t.py', '--cfg-path', '/tmp/tmptc9vg2yw']
[2022-11-30T20:36:49.938+0000] {standard_task_runner.py:83} INFO - Job 818: Subtask world
[2022-11-30T20:36:50.001+0000] {task_command.py:376} INFO - Running <TaskInstance: first_dag.world manual__2022-11-30T20:36:48.032153+00:00 [running]> on host debdf09646d4
[2022-11-30T20:36:50.070+0000] {taskinstance.py:1592} INFO - Exporting the following env vars:
AIRFLOW_CTX_DAG_OWNER=***
AIRFLOW_CTX_DAG_ID=first_dag
AIRFLOW_CTX_TASK_ID=world
AIRFLOW_CTX_EXECUTION_DATE=2022-11-30T20:36:48.032153+00:00
AIRFLOW_CTX_TRY_NUMBER=1
AIRFLOW_CTX_DAG_RUN_ID=manual__2022-11-30T20:36:48.032153+00:00
[2022-11-30T20:36:50.071+0000] {logging_mixin.py:137} INFO - Hello!
[2022-11-30T20:36:50.072+0000] {python.py:177} INFO - Done. Returned value was: None
[2022-11-30T20:36:50.080+0000] {taskinstance.py:1406} INFO - Marking task as SUCCESS. dag_id=first_dag, task_id=world, execution_date=20221130T203648, start_date=20221130T203649, end_date=20221130T203650
[2022-11-30T20:36:50.108+0000] {local_task_job.py:159} INFO - Task exited with return code 0
[2022-11-30T20:36:50.134+0000] {taskinstance.py:2623} INFO - 1 downstream tasks scheduled from follow-on schedule check
