[2022-12-01T16:11:59.258+0000] {taskinstance.py:1165} INFO - Dependencies all met for <TaskInstance: first_dag.file_path scheduled__2022-11-30T00:00:00+00:00 [queued]>
[2022-12-01T16:11:59.277+0000] {taskinstance.py:1165} INFO - Dependencies all met for <TaskInstance: first_dag.file_path scheduled__2022-11-30T00:00:00+00:00 [queued]>
[2022-12-01T16:11:59.277+0000] {taskinstance.py:1362} INFO - 
--------------------------------------------------------------------------------
[2022-12-01T16:11:59.278+0000] {taskinstance.py:1363} INFO - Starting attempt 1 of 1
[2022-12-01T16:11:59.279+0000] {taskinstance.py:1364} INFO - 
--------------------------------------------------------------------------------
[2022-12-01T16:11:59.307+0000] {taskinstance.py:1383} INFO - Executing <Task(PythonOperator): file_path> on 2022-11-30 00:00:00+00:00
[2022-12-01T16:11:59.313+0000] {standard_task_runner.py:55} INFO - Started process 73 to run task
[2022-12-01T16:11:59.317+0000] {standard_task_runner.py:82} INFO - Running: ['***', 'tasks', 'run', 'first_dag', 'file_path', 'scheduled__2022-11-30T00:00:00+00:00', '--job-id', '830', '--raw', '--subdir', 'DAGS_FOLDER/***1t.py', '--cfg-path', '/tmp/tmpoycqg324']
[2022-12-01T16:11:59.319+0000] {standard_task_runner.py:83} INFO - Job 830: Subtask file_path
[2022-12-01T16:11:59.404+0000] {task_command.py:376} INFO - Running <TaskInstance: first_dag.file_path scheduled__2022-11-30T00:00:00+00:00 [running]> on host debdf09646d4
[2022-12-01T16:11:59.528+0000] {taskinstance.py:1592} INFO - Exporting the following env vars:
AIRFLOW_CTX_DAG_OWNER=***
AIRFLOW_CTX_DAG_ID=first_dag
AIRFLOW_CTX_TASK_ID=file_path
AIRFLOW_CTX_EXECUTION_DATE=2022-11-30T00:00:00+00:00
AIRFLOW_CTX_TRY_NUMBER=1
AIRFLOW_CTX_DAG_RUN_ID=scheduled__2022-11-30T00:00:00+00:00
[2022-12-01T16:11:59.542+0000] {logging_mixin.py:137} INFO - our value:  https://people.sc.fsu.edu/~jburkardt/data/csv/ford_escort.csv
[2022-12-01T16:11:59.544+0000] {python.py:177} INFO - Done. Returned value was: None
[2022-12-01T16:11:59.563+0000] {taskinstance.py:1406} INFO - Marking task as SUCCESS. dag_id=first_dag, task_id=file_path, execution_date=20221130T000000, start_date=20221201T161159, end_date=20221201T161159
[2022-12-01T16:11:59.608+0000] {local_task_job.py:159} INFO - Task exited with return code 0
[2022-12-01T16:11:59.671+0000] {taskinstance.py:2623} INFO - 1 downstream tasks scheduled from follow-on schedule check
