[2022-12-05T19:22:41.966+0000] {taskinstance.py:1165} INFO - Dependencies all met for <TaskInstance: first_dag.hello scheduled__2022-12-05T06:05:00+00:00 [queued]>
[2022-12-05T19:22:41.989+0000] {taskinstance.py:1165} INFO - Dependencies all met for <TaskInstance: first_dag.hello scheduled__2022-12-05T06:05:00+00:00 [queued]>
[2022-12-05T19:22:41.998+0000] {taskinstance.py:1362} INFO - 
--------------------------------------------------------------------------------
[2022-12-05T19:22:41.999+0000] {taskinstance.py:1363} INFO - Starting attempt 1 of 1
[2022-12-05T19:22:42.001+0000] {taskinstance.py:1364} INFO - 
--------------------------------------------------------------------------------
[2022-12-05T19:22:42.070+0000] {taskinstance.py:1383} INFO - Executing <Task(BashOperator): hello> on 2022-12-05 06:05:00+00:00
[2022-12-05T19:22:42.092+0000] {standard_task_runner.py:55} INFO - Started process 12627 to run task
[2022-12-05T19:22:42.107+0000] {standard_task_runner.py:82} INFO - Running: ['***', 'tasks', 'run', 'first_dag', 'hello', 'scheduled__2022-12-05T06:05:00+00:00', '--job-id', '1802', '--raw', '--subdir', 'DAGS_FOLDER/***1t.py', '--cfg-path', '/tmp/tmps8ehpm0d']
[2022-12-05T19:22:42.138+0000] {standard_task_runner.py:83} INFO - Job 1802: Subtask hello
[2022-12-05T19:22:42.483+0000] {task_command.py:376} INFO - Running <TaskInstance: first_dag.hello scheduled__2022-12-05T06:05:00+00:00 [running]> on host debdf09646d4
[2022-12-05T19:22:42.828+0000] {taskinstance.py:1592} INFO - Exporting the following env vars:
AIRFLOW_CTX_DAG_OWNER=***
AIRFLOW_CTX_DAG_ID=first_dag
AIRFLOW_CTX_TASK_ID=hello
AIRFLOW_CTX_EXECUTION_DATE=2022-12-05T06:05:00+00:00
AIRFLOW_CTX_TRY_NUMBER=1
AIRFLOW_CTX_DAG_RUN_ID=scheduled__2022-12-05T06:05:00+00:00
[2022-12-05T19:22:42.833+0000] {subprocess.py:63} INFO - Tmp dir root location: 
 /tmp
[2022-12-05T19:22:42.834+0000] {subprocess.py:75} INFO - Running command: ['/bin/bash', '-c', 'echo hello']
[2022-12-05T19:22:42.893+0000] {subprocess.py:86} INFO - Output:
[2022-12-05T19:22:42.901+0000] {subprocess.py:93} INFO - hello
[2022-12-05T19:22:42.902+0000] {subprocess.py:97} INFO - Command exited with return code 0
[2022-12-05T19:22:42.992+0000] {taskinstance.py:1406} INFO - Marking task as SUCCESS. dag_id=first_dag, task_id=hello, execution_date=20221205T060500, start_date=20221205T192241, end_date=20221205T192242
[2022-12-05T19:22:43.113+0000] {local_task_job.py:159} INFO - Task exited with return code 0
[2022-12-05T19:22:43.180+0000] {taskinstance.py:2623} INFO - 1 downstream tasks scheduled from follow-on schedule check
