[2022-11-28T20:12:48.971+0000] {taskinstance.py:1165} INFO - Dependencies all met for <TaskInstance: first_dag.world scheduled__2022-10-04T00:00:00+00:00 [queued]>
[2022-11-28T20:12:48.987+0000] {taskinstance.py:1165} INFO - Dependencies all met for <TaskInstance: first_dag.world scheduled__2022-10-04T00:00:00+00:00 [queued]>
[2022-11-28T20:12:48.990+0000] {taskinstance.py:1362} INFO - 
--------------------------------------------------------------------------------
[2022-11-28T20:12:48.990+0000] {taskinstance.py:1363} INFO - Starting attempt 1 of 1
[2022-11-28T20:12:48.991+0000] {taskinstance.py:1364} INFO - 
--------------------------------------------------------------------------------
[2022-11-28T20:12:49.030+0000] {taskinstance.py:1383} INFO - Executing <Task(PythonOperator): world> on 2022-10-04 00:00:00+00:00
[2022-11-28T20:12:49.035+0000] {standard_task_runner.py:55} INFO - Started process 1641 to run task
[2022-11-28T20:12:49.039+0000] {standard_task_runner.py:82} INFO - Running: ['***', 'tasks', 'run', 'first_dag', 'world', 'scheduled__2022-10-04T00:00:00+00:00', '--job-id', '566', '--raw', '--subdir', 'DAGS_FOLDER/***1t.py', '--cfg-path', '/tmp/tmp2b9jsc7r']
[2022-11-28T20:12:49.040+0000] {standard_task_runner.py:83} INFO - Job 566: Subtask world
[2022-11-28T20:12:49.120+0000] {task_command.py:376} INFO - Running <TaskInstance: first_dag.world scheduled__2022-10-04T00:00:00+00:00 [running]> on host 7720011b9adc
[2022-11-28T20:12:49.203+0000] {taskinstance.py:1592} INFO - Exporting the following env vars:
AIRFLOW_CTX_DAG_OWNER=***
AIRFLOW_CTX_DAG_ID=first_dag
AIRFLOW_CTX_TASK_ID=world
AIRFLOW_CTX_EXECUTION_DATE=2022-10-04T00:00:00+00:00
AIRFLOW_CTX_TRY_NUMBER=1
AIRFLOW_CTX_DAG_RUN_ID=scheduled__2022-10-04T00:00:00+00:00
[2022-11-28T20:12:49.204+0000] {logging_mixin.py:137} INFO - Airflow
[2022-11-28T20:12:49.204+0000] {python.py:177} INFO - Done. Returned value was: None
[2022-11-28T20:12:49.214+0000] {taskinstance.py:1406} INFO - Marking task as SUCCESS. dag_id=first_dag, task_id=world, execution_date=20221004T000000, start_date=20221128T201248, end_date=20221128T201249
[2022-11-28T20:12:49.251+0000] {local_task_job.py:159} INFO - Task exited with return code 0
[2022-11-28T20:12:49.272+0000] {taskinstance.py:2623} INFO - 0 downstream tasks scheduled from follow-on schedule check
