[2022-12-05T15:55:43.903+0000] {taskinstance.py:1165} INFO - Dependencies all met for <TaskInstance: first_dag.world scheduled__2022-12-01T00:00:00+00:00 [queued]>
[2022-12-05T15:55:43.918+0000] {taskinstance.py:1165} INFO - Dependencies all met for <TaskInstance: first_dag.world scheduled__2022-12-01T00:00:00+00:00 [queued]>
[2022-12-05T15:55:43.919+0000] {taskinstance.py:1362} INFO - 
--------------------------------------------------------------------------------
[2022-12-05T15:55:43.920+0000] {taskinstance.py:1363} INFO - Starting attempt 1 of 1
[2022-12-05T15:55:43.920+0000] {taskinstance.py:1364} INFO - 
--------------------------------------------------------------------------------
[2022-12-05T15:55:43.938+0000] {taskinstance.py:1383} INFO - Executing <Task(PythonOperator): world> on 2022-12-01 00:00:00+00:00
[2022-12-05T15:55:43.990+0000] {standard_task_runner.py:55} INFO - Started process 89 to run task
[2022-12-05T15:55:43.994+0000] {standard_task_runner.py:82} INFO - Running: ['***', 'tasks', 'run', 'first_dag', 'world', 'scheduled__2022-12-01T00:00:00+00:00', '--job-id', '920', '--raw', '--subdir', 'DAGS_FOLDER/***1t.py', '--cfg-path', '/tmp/tmpz34dg21m']
[2022-12-05T15:55:44.000+0000] {standard_task_runner.py:83} INFO - Job 920: Subtask world
[2022-12-05T15:55:44.082+0000] {task_command.py:376} INFO - Running <TaskInstance: first_dag.world scheduled__2022-12-01T00:00:00+00:00 [running]> on host debdf09646d4
[2022-12-05T15:55:44.179+0000] {taskinstance.py:1592} INFO - Exporting the following env vars:
AIRFLOW_CTX_DAG_OWNER=***
AIRFLOW_CTX_DAG_ID=first_dag
AIRFLOW_CTX_TASK_ID=world
AIRFLOW_CTX_EXECUTION_DATE=2022-12-01T00:00:00+00:00
AIRFLOW_CTX_TRY_NUMBER=1
AIRFLOW_CTX_DAG_RUN_ID=scheduled__2022-12-01T00:00:00+00:00
[2022-12-05T15:55:44.180+0000] {logging_mixin.py:137} INFO - Hello!
[2022-12-05T15:55:44.181+0000] {python.py:177} INFO - Done. Returned value was: None
[2022-12-05T15:55:44.195+0000] {taskinstance.py:1406} INFO - Marking task as SUCCESS. dag_id=first_dag, task_id=world, execution_date=20221201T000000, start_date=20221205T155543, end_date=20221205T155544
[2022-12-05T15:55:44.248+0000] {local_task_job.py:159} INFO - Task exited with return code 0
[2022-12-05T15:55:44.283+0000] {taskinstance.py:2623} INFO - 1 downstream tasks scheduled from follow-on schedule check
