[2022-12-05T19:24:57.181+0000] {taskinstance.py:1165} INFO - Dependencies all met for <TaskInstance: first_dag.file_path scheduled__2022-12-05T11:40:00+00:00 [queued]>
[2022-12-05T19:24:57.198+0000] {taskinstance.py:1165} INFO - Dependencies all met for <TaskInstance: first_dag.file_path scheduled__2022-12-05T11:40:00+00:00 [queued]>
[2022-12-05T19:24:57.201+0000] {taskinstance.py:1362} INFO - 
--------------------------------------------------------------------------------
[2022-12-05T19:24:57.202+0000] {taskinstance.py:1363} INFO - Starting attempt 1 of 1
[2022-12-05T19:24:57.205+0000] {taskinstance.py:1364} INFO - 
--------------------------------------------------------------------------------
[2022-12-05T19:24:57.257+0000] {taskinstance.py:1383} INFO - Executing <Task(PythonOperator): file_path> on 2022-12-05 11:40:00+00:00
[2022-12-05T19:24:57.267+0000] {standard_task_runner.py:55} INFO - Started process 14241 to run task
[2022-12-05T19:24:57.296+0000] {standard_task_runner.py:82} INFO - Running: ['***', 'tasks', 'run', 'first_dag', 'file_path', 'scheduled__2022-12-05T11:40:00+00:00', '--job-id', '2289', '--raw', '--subdir', 'DAGS_FOLDER/***1t.py', '--cfg-path', '/tmp/tmp4bwdy0jt']
[2022-12-05T19:24:57.305+0000] {standard_task_runner.py:83} INFO - Job 2289: Subtask file_path
[2022-12-05T19:24:57.832+0000] {task_command.py:376} INFO - Running <TaskInstance: first_dag.file_path scheduled__2022-12-05T11:40:00+00:00 [running]> on host debdf09646d4
[2022-12-05T19:24:58.337+0000] {taskinstance.py:1592} INFO - Exporting the following env vars:
AIRFLOW_CTX_DAG_OWNER=***
AIRFLOW_CTX_DAG_ID=first_dag
AIRFLOW_CTX_TASK_ID=file_path
AIRFLOW_CTX_EXECUTION_DATE=2022-12-05T11:40:00+00:00
AIRFLOW_CTX_TRY_NUMBER=1
AIRFLOW_CTX_DAG_RUN_ID=scheduled__2022-12-05T11:40:00+00:00
[2022-12-05T19:24:58.382+0000] {logging_mixin.py:137} INFO - our value:  https://people.sc.fsu.edu/~jburkardt/data/csv/ford_escort.csv
[2022-12-05T19:24:58.382+0000] {python.py:177} INFO - Done. Returned value was: None
[2022-12-05T19:24:58.414+0000] {taskinstance.py:1406} INFO - Marking task as SUCCESS. dag_id=first_dag, task_id=file_path, execution_date=20221205T114000, start_date=20221205T192457, end_date=20221205T192458
[2022-12-05T19:24:58.453+0000] {local_task_job.py:159} INFO - Task exited with return code 0
[2022-12-05T19:24:58.518+0000] {taskinstance.py:2623} INFO - 0 downstream tasks scheduled from follow-on schedule check
