[2022-12-05T19:26:25.763+0000] {taskinstance.py:1165} INFO - Dependencies all met for <TaskInstance: first_dag.hello scheduled__2022-12-05T15:40:00+00:00 [queued]>
[2022-12-05T19:26:25.802+0000] {taskinstance.py:1165} INFO - Dependencies all met for <TaskInstance: first_dag.hello scheduled__2022-12-05T15:40:00+00:00 [queued]>
[2022-12-05T19:26:25.803+0000] {taskinstance.py:1362} INFO - 
--------------------------------------------------------------------------------
[2022-12-05T19:26:25.803+0000] {taskinstance.py:1363} INFO - Starting attempt 1 of 1
[2022-12-05T19:26:25.803+0000] {taskinstance.py:1364} INFO - 
--------------------------------------------------------------------------------
[2022-12-05T19:26:26.110+0000] {taskinstance.py:1383} INFO - Executing <Task(BashOperator): hello> on 2022-12-05 15:40:00+00:00
[2022-12-05T19:26:26.120+0000] {standard_task_runner.py:55} INFO - Started process 15280 to run task
[2022-12-05T19:26:26.135+0000] {standard_task_runner.py:82} INFO - Running: ['***', 'tasks', 'run', 'first_dag', 'hello', 'scheduled__2022-12-05T15:40:00+00:00', '--job-id', '2596', '--raw', '--subdir', 'DAGS_FOLDER/***1t.py', '--cfg-path', '/tmp/tmpc1wb18l2']
[2022-12-05T19:26:26.168+0000] {standard_task_runner.py:83} INFO - Job 2596: Subtask hello
[2022-12-05T19:26:26.471+0000] {task_command.py:376} INFO - Running <TaskInstance: first_dag.hello scheduled__2022-12-05T15:40:00+00:00 [running]> on host debdf09646d4
[2022-12-05T19:26:26.769+0000] {taskinstance.py:1592} INFO - Exporting the following env vars:
AIRFLOW_CTX_DAG_OWNER=***
AIRFLOW_CTX_DAG_ID=first_dag
AIRFLOW_CTX_TASK_ID=hello
AIRFLOW_CTX_EXECUTION_DATE=2022-12-05T15:40:00+00:00
AIRFLOW_CTX_TRY_NUMBER=1
AIRFLOW_CTX_DAG_RUN_ID=scheduled__2022-12-05T15:40:00+00:00
[2022-12-05T19:26:26.771+0000] {subprocess.py:63} INFO - Tmp dir root location: 
 /tmp
[2022-12-05T19:26:26.773+0000] {subprocess.py:75} INFO - Running command: ['/bin/bash', '-c', 'echo hello']
[2022-12-05T19:26:26.816+0000] {subprocess.py:86} INFO - Output:
[2022-12-05T19:26:26.818+0000] {subprocess.py:93} INFO - hello
[2022-12-05T19:26:26.819+0000] {subprocess.py:97} INFO - Command exited with return code 0
[2022-12-05T19:26:26.896+0000] {taskinstance.py:1406} INFO - Marking task as SUCCESS. dag_id=first_dag, task_id=hello, execution_date=20221205T154000, start_date=20221205T192625, end_date=20221205T192626
[2022-12-05T19:26:26.970+0000] {local_task_job.py:159} INFO - Task exited with return code 0
[2022-12-05T19:26:27.122+0000] {taskinstance.py:2623} INFO - 1 downstream tasks scheduled from follow-on schedule check
