[2022-12-05T19:26:11.202+0000] {taskinstance.py:1165} INFO - Dependencies all met for <TaskInstance: first_dag.sum_task scheduled__2022-12-05T14:05:00+00:00 [queued]>
[2022-12-05T19:26:11.226+0000] {taskinstance.py:1165} INFO - Dependencies all met for <TaskInstance: first_dag.sum_task scheduled__2022-12-05T14:05:00+00:00 [queued]>
[2022-12-05T19:26:11.226+0000] {taskinstance.py:1362} INFO - 
--------------------------------------------------------------------------------
[2022-12-05T19:26:11.227+0000] {taskinstance.py:1363} INFO - Starting attempt 1 of 1
[2022-12-05T19:26:11.227+0000] {taskinstance.py:1364} INFO - 
--------------------------------------------------------------------------------
[2022-12-05T19:26:11.263+0000] {taskinstance.py:1383} INFO - Executing <Task(PythonOperator): sum_task> on 2022-12-05 14:05:00+00:00
[2022-12-05T19:26:11.271+0000] {standard_task_runner.py:55} INFO - Started process 15097 to run task
[2022-12-05T19:26:11.279+0000] {standard_task_runner.py:82} INFO - Running: ['***', 'tasks', 'run', 'first_dag', 'sum_task', 'scheduled__2022-12-05T14:05:00+00:00', '--job-id', '2546', '--raw', '--subdir', 'DAGS_FOLDER/***1t.py', '--cfg-path', '/tmp/tmpyqsr7shp']
[2022-12-05T19:26:11.283+0000] {standard_task_runner.py:83} INFO - Job 2546: Subtask sum_task
[2022-12-05T19:26:11.391+0000] {task_command.py:376} INFO - Running <TaskInstance: first_dag.sum_task scheduled__2022-12-05T14:05:00+00:00 [running]> on host debdf09646d4
[2022-12-05T19:26:11.561+0000] {taskinstance.py:1592} INFO - Exporting the following env vars:
AIRFLOW_CTX_DAG_OWNER=***
AIRFLOW_CTX_DAG_ID=first_dag
AIRFLOW_CTX_TASK_ID=sum_task
AIRFLOW_CTX_EXECUTION_DATE=2022-12-05T14:05:00+00:00
AIRFLOW_CTX_TRY_NUMBER=1
AIRFLOW_CTX_DAG_RUN_ID=scheduled__2022-12-05T14:05:00+00:00
[2022-12-05T19:26:11.565+0000] {python.py:177} INFO - Done. Returned value was: None
[2022-12-05T19:26:11.580+0000] {taskinstance.py:1406} INFO - Marking task as SUCCESS. dag_id=first_dag, task_id=sum_task, execution_date=20221205T140500, start_date=20221205T192611, end_date=20221205T192611
[2022-12-05T19:26:11.620+0000] {local_task_job.py:159} INFO - Task exited with return code 0
[2022-12-05T19:26:11.647+0000] {taskinstance.py:2623} INFO - 0 downstream tasks scheduled from follow-on schedule check
