[2022-12-05T19:22:17.722+0000] {taskinstance.py:1165} INFO - Dependencies all met for <TaskInstance: first_dag.pull_task scheduled__2022-12-05T04:40:00+00:00 [queued]>
[2022-12-05T19:22:17.759+0000] {taskinstance.py:1165} INFO - Dependencies all met for <TaskInstance: first_dag.pull_task scheduled__2022-12-05T04:40:00+00:00 [queued]>
[2022-12-05T19:22:17.760+0000] {taskinstance.py:1362} INFO - 
--------------------------------------------------------------------------------
[2022-12-05T19:22:17.760+0000] {taskinstance.py:1363} INFO - Starting attempt 1 of 1
[2022-12-05T19:22:17.761+0000] {taskinstance.py:1364} INFO - 
--------------------------------------------------------------------------------
[2022-12-05T19:22:17.830+0000] {taskinstance.py:1383} INFO - Executing <Task(PythonOperator): pull_task> on 2022-12-05 04:40:00+00:00
[2022-12-05T19:22:17.841+0000] {standard_task_runner.py:55} INFO - Started process 12371 to run task
[2022-12-05T19:22:17.873+0000] {standard_task_runner.py:82} INFO - Running: ['***', 'tasks', 'run', 'first_dag', 'pull_task', 'scheduled__2022-12-05T04:40:00+00:00', '--job-id', '1727', '--raw', '--subdir', 'DAGS_FOLDER/***1t.py', '--cfg-path', '/tmp/tmpm1h7zy05']
[2022-12-05T19:22:17.895+0000] {standard_task_runner.py:83} INFO - Job 1727: Subtask pull_task
[2022-12-05T19:22:18.102+0000] {task_command.py:376} INFO - Running <TaskInstance: first_dag.pull_task scheduled__2022-12-05T04:40:00+00:00 [running]> on host debdf09646d4
[2022-12-05T19:22:18.274+0000] {taskinstance.py:1592} INFO - Exporting the following env vars:
AIRFLOW_CTX_DAG_OWNER=***
AIRFLOW_CTX_DAG_ID=first_dag
AIRFLOW_CTX_TASK_ID=pull_task
AIRFLOW_CTX_EXECUTION_DATE=2022-12-05T04:40:00+00:00
AIRFLOW_CTX_TRY_NUMBER=1
AIRFLOW_CTX_DAG_RUN_ID=scheduled__2022-12-05T04:40:00+00:00
[2022-12-05T19:22:19.233+0000] {logging_mixin.py:137} INFO - 23
[2022-12-05T19:22:19.233+0000] {python.py:177} INFO - Done. Returned value was: None
[2022-12-05T19:22:19.250+0000] {taskinstance.py:1406} INFO - Marking task as SUCCESS. dag_id=first_dag, task_id=pull_task, execution_date=20221205T044000, start_date=20221205T192217, end_date=20221205T192219
[2022-12-05T19:22:19.340+0000] {local_task_job.py:159} INFO - Task exited with return code 0
[2022-12-05T19:22:19.398+0000] {taskinstance.py:2623} INFO - 1 downstream tasks scheduled from follow-on schedule check
