[2022-12-05T19:21:08.339+0000] {taskinstance.py:1165} INFO - Dependencies all met for <TaskInstance: first_dag.file_path scheduled__2022-12-05T01:40:00+00:00 [queued]>
[2022-12-05T19:21:08.379+0000] {taskinstance.py:1165} INFO - Dependencies all met for <TaskInstance: first_dag.file_path scheduled__2022-12-05T01:40:00+00:00 [queued]>
[2022-12-05T19:21:08.388+0000] {taskinstance.py:1362} INFO - 
--------------------------------------------------------------------------------
[2022-12-05T19:21:08.389+0000] {taskinstance.py:1363} INFO - Starting attempt 1 of 1
[2022-12-05T19:21:08.391+0000] {taskinstance.py:1364} INFO - 
--------------------------------------------------------------------------------
[2022-12-05T19:21:08.463+0000] {taskinstance.py:1383} INFO - Executing <Task(PythonOperator): file_path> on 2022-12-05 01:40:00+00:00
[2022-12-05T19:21:08.470+0000] {standard_task_runner.py:55} INFO - Started process 11573 to run task
[2022-12-05T19:21:08.483+0000] {standard_task_runner.py:82} INFO - Running: ['***', 'tasks', 'run', 'first_dag', 'file_path', 'scheduled__2022-12-05T01:40:00+00:00', '--job-id', '1484', '--raw', '--subdir', 'DAGS_FOLDER/***1t.py', '--cfg-path', '/tmp/tmpluowzsin']
[2022-12-05T19:21:08.500+0000] {standard_task_runner.py:83} INFO - Job 1484: Subtask file_path
[2022-12-05T19:21:08.690+0000] {task_command.py:376} INFO - Running <TaskInstance: first_dag.file_path scheduled__2022-12-05T01:40:00+00:00 [running]> on host debdf09646d4
[2022-12-05T19:21:09.003+0000] {taskinstance.py:1592} INFO - Exporting the following env vars:
AIRFLOW_CTX_DAG_OWNER=***
AIRFLOW_CTX_DAG_ID=first_dag
AIRFLOW_CTX_TASK_ID=file_path
AIRFLOW_CTX_EXECUTION_DATE=2022-12-05T01:40:00+00:00
AIRFLOW_CTX_TRY_NUMBER=1
AIRFLOW_CTX_DAG_RUN_ID=scheduled__2022-12-05T01:40:00+00:00
[2022-12-05T19:21:09.046+0000] {logging_mixin.py:137} INFO - our value:  https://people.sc.fsu.edu/~jburkardt/data/csv/ford_escort.csv
[2022-12-05T19:21:09.049+0000] {python.py:177} INFO - Done. Returned value was: None
[2022-12-05T19:21:09.078+0000] {taskinstance.py:1406} INFO - Marking task as SUCCESS. dag_id=first_dag, task_id=file_path, execution_date=20221205T014000, start_date=20221205T192108, end_date=20221205T192109
[2022-12-05T19:21:09.197+0000] {local_task_job.py:159} INFO - Task exited with return code 0
[2022-12-05T19:21:09.275+0000] {taskinstance.py:2623} INFO - 1 downstream tasks scheduled from follow-on schedule check
