[2022-12-05T19:21:06.606+0000] {taskinstance.py:1165} INFO - Dependencies all met for <TaskInstance: first_dag.hello scheduled__2022-12-05T02:00:00+00:00 [queued]>
[2022-12-05T19:21:06.624+0000] {taskinstance.py:1165} INFO - Dependencies all met for <TaskInstance: first_dag.hello scheduled__2022-12-05T02:00:00+00:00 [queued]>
[2022-12-05T19:21:06.625+0000] {taskinstance.py:1362} INFO - 
--------------------------------------------------------------------------------
[2022-12-05T19:21:06.626+0000] {taskinstance.py:1363} INFO - Starting attempt 1 of 1
[2022-12-05T19:21:06.627+0000] {taskinstance.py:1364} INFO - 
--------------------------------------------------------------------------------
[2022-12-05T19:21:06.671+0000] {taskinstance.py:1383} INFO - Executing <Task(BashOperator): hello> on 2022-12-05 02:00:00+00:00
[2022-12-05T19:21:06.679+0000] {standard_task_runner.py:55} INFO - Started process 11538 to run task
[2022-12-05T19:21:06.684+0000] {standard_task_runner.py:82} INFO - Running: ['***', 'tasks', 'run', 'first_dag', 'hello', 'scheduled__2022-12-05T02:00:00+00:00', '--job-id', '1479', '--raw', '--subdir', 'DAGS_FOLDER/***1t.py', '--cfg-path', '/tmp/tmp1vhcb5ab']
[2022-12-05T19:21:06.689+0000] {standard_task_runner.py:83} INFO - Job 1479: Subtask hello
[2022-12-05T19:21:06.783+0000] {task_command.py:376} INFO - Running <TaskInstance: first_dag.hello scheduled__2022-12-05T02:00:00+00:00 [running]> on host debdf09646d4
[2022-12-05T19:21:06.900+0000] {taskinstance.py:1592} INFO - Exporting the following env vars:
AIRFLOW_CTX_DAG_OWNER=***
AIRFLOW_CTX_DAG_ID=first_dag
AIRFLOW_CTX_TASK_ID=hello
AIRFLOW_CTX_EXECUTION_DATE=2022-12-05T02:00:00+00:00
AIRFLOW_CTX_TRY_NUMBER=1
AIRFLOW_CTX_DAG_RUN_ID=scheduled__2022-12-05T02:00:00+00:00
[2022-12-05T19:21:06.904+0000] {subprocess.py:63} INFO - Tmp dir root location: 
 /tmp
[2022-12-05T19:21:06.905+0000] {subprocess.py:75} INFO - Running command: ['/bin/bash', '-c', 'echo hello']
[2022-12-05T19:21:06.932+0000] {subprocess.py:86} INFO - Output:
[2022-12-05T19:21:06.938+0000] {subprocess.py:93} INFO - hello
[2022-12-05T19:21:06.945+0000] {subprocess.py:97} INFO - Command exited with return code 0
[2022-12-05T19:21:07.047+0000] {taskinstance.py:1406} INFO - Marking task as SUCCESS. dag_id=first_dag, task_id=hello, execution_date=20221205T020000, start_date=20221205T192106, end_date=20221205T192107
[2022-12-05T19:21:07.141+0000] {local_task_job.py:159} INFO - Task exited with return code 0
[2022-12-05T19:21:07.206+0000] {taskinstance.py:2623} INFO - 1 downstream tasks scheduled from follow-on schedule check
