[2022-12-05T19:25:30.670+0000] {taskinstance.py:1165} INFO - Dependencies all met for <TaskInstance: first_dag.pull_task scheduled__2022-12-05T12:55:00+00:00 [queued]>
[2022-12-05T19:25:30.707+0000] {taskinstance.py:1165} INFO - Dependencies all met for <TaskInstance: first_dag.pull_task scheduled__2022-12-05T12:55:00+00:00 [queued]>
[2022-12-05T19:25:30.707+0000] {taskinstance.py:1362} INFO - 
--------------------------------------------------------------------------------
[2022-12-05T19:25:30.708+0000] {taskinstance.py:1363} INFO - Starting attempt 1 of 1
[2022-12-05T19:25:30.708+0000] {taskinstance.py:1364} INFO - 
--------------------------------------------------------------------------------
[2022-12-05T19:25:30.749+0000] {taskinstance.py:1383} INFO - Executing <Task(PythonOperator): pull_task> on 2022-12-05 12:55:00+00:00
[2022-12-05T19:25:30.764+0000] {standard_task_runner.py:82} INFO - Running: ['***', 'tasks', 'run', 'first_dag', 'pull_task', 'scheduled__2022-12-05T12:55:00+00:00', '--job-id', '2412', '--raw', '--subdir', 'DAGS_FOLDER/***1t.py', '--cfg-path', '/tmp/tmpz23paaz4']
[2022-12-05T19:25:30.768+0000] {standard_task_runner.py:55} INFO - Started process 14640 to run task
[2022-12-05T19:25:30.769+0000] {standard_task_runner.py:83} INFO - Job 2412: Subtask pull_task
[2022-12-05T19:25:30.940+0000] {task_command.py:376} INFO - Running <TaskInstance: first_dag.pull_task scheduled__2022-12-05T12:55:00+00:00 [running]> on host debdf09646d4
[2022-12-05T19:25:31.069+0000] {taskinstance.py:1592} INFO - Exporting the following env vars:
AIRFLOW_CTX_DAG_OWNER=***
AIRFLOW_CTX_DAG_ID=first_dag
AIRFLOW_CTX_TASK_ID=pull_task
AIRFLOW_CTX_EXECUTION_DATE=2022-12-05T12:55:00+00:00
AIRFLOW_CTX_TRY_NUMBER=1
AIRFLOW_CTX_DAG_RUN_ID=scheduled__2022-12-05T12:55:00+00:00
[2022-12-05T19:25:31.883+0000] {logging_mixin.py:137} INFO - 23
[2022-12-05T19:25:31.885+0000] {python.py:177} INFO - Done. Returned value was: None
[2022-12-05T19:25:31.914+0000] {taskinstance.py:1406} INFO - Marking task as SUCCESS. dag_id=first_dag, task_id=pull_task, execution_date=20221205T125500, start_date=20221205T192530, end_date=20221205T192531
[2022-12-05T19:25:32.026+0000] {local_task_job.py:159} INFO - Task exited with return code 0
[2022-12-05T19:25:32.126+0000] {taskinstance.py:2623} INFO - 1 downstream tasks scheduled from follow-on schedule check
