[2022-12-05T19:20:56.118+0000] {taskinstance.py:1165} INFO - Dependencies all met for <TaskInstance: first_dag.number_task scheduled__2022-12-05T00:05:00+00:00 [queued]>
[2022-12-05T19:20:56.243+0000] {taskinstance.py:1165} INFO - Dependencies all met for <TaskInstance: first_dag.number_task scheduled__2022-12-05T00:05:00+00:00 [queued]>
[2022-12-05T19:20:56.245+0000] {taskinstance.py:1362} INFO - 
--------------------------------------------------------------------------------
[2022-12-05T19:20:56.255+0000] {taskinstance.py:1363} INFO - Starting attempt 1 of 1
[2022-12-05T19:20:56.259+0000] {taskinstance.py:1364} INFO - 
--------------------------------------------------------------------------------
[2022-12-05T19:20:56.307+0000] {taskinstance.py:1383} INFO - Executing <Task(PythonOperator): number_task> on 2022-12-05 00:05:00+00:00
[2022-12-05T19:20:56.324+0000] {standard_task_runner.py:55} INFO - Started process 11395 to run task
[2022-12-05T19:20:56.371+0000] {standard_task_runner.py:82} INFO - Running: ['***', 'tasks', 'run', 'first_dag', 'number_task', 'scheduled__2022-12-05T00:05:00+00:00', '--job-id', '1439', '--raw', '--subdir', 'DAGS_FOLDER/***1t.py', '--cfg-path', '/tmp/tmphl8oxw_1']
[2022-12-05T19:20:56.378+0000] {standard_task_runner.py:83} INFO - Job 1439: Subtask number_task
[2022-12-05T19:20:56.613+0000] {task_command.py:376} INFO - Running <TaskInstance: first_dag.number_task scheduled__2022-12-05T00:05:00+00:00 [running]> on host debdf09646d4
[2022-12-05T19:20:56.818+0000] {taskinstance.py:1592} INFO - Exporting the following env vars:
AIRFLOW_CTX_DAG_OWNER=***
AIRFLOW_CTX_DAG_ID=first_dag
AIRFLOW_CTX_TASK_ID=number_task
AIRFLOW_CTX_EXECUTION_DATE=2022-12-05T00:05:00+00:00
AIRFLOW_CTX_TRY_NUMBER=1
AIRFLOW_CTX_DAG_RUN_ID=scheduled__2022-12-05T00:05:00+00:00
[2022-12-05T19:20:56.820+0000] {logging_mixin.py:137} INFO - 14   67
[2022-12-05T19:20:56.820+0000] {logging_mixin.py:137} INFO - <_io.TextIOWrapper name='file.txt' mode='a' encoding='UTF-8'>
[2022-12-05T19:20:56.821+0000] {python.py:177} INFO - Done. Returned value was: None
[2022-12-05T19:20:56.835+0000] {taskinstance.py:1406} INFO - Marking task as SUCCESS. dag_id=first_dag, task_id=number_task, execution_date=20221205T000500, start_date=20221205T192056, end_date=20221205T192056
[2022-12-05T19:20:56.874+0000] {local_task_job.py:159} INFO - Task exited with return code 0
[2022-12-05T19:20:57.092+0000] {taskinstance.py:2623} INFO - 0 downstream tasks scheduled from follow-on schedule check
