[2022-12-05T19:23:23.042+0000] {taskinstance.py:1165} INFO - Dependencies all met for <TaskInstance: first_dag.pull_task scheduled__2022-12-05T07:30:00+00:00 [queued]>
[2022-12-05T19:23:23.069+0000] {taskinstance.py:1165} INFO - Dependencies all met for <TaskInstance: first_dag.pull_task scheduled__2022-12-05T07:30:00+00:00 [queued]>
[2022-12-05T19:23:23.071+0000] {taskinstance.py:1362} INFO - 
--------------------------------------------------------------------------------
[2022-12-05T19:23:23.072+0000] {taskinstance.py:1363} INFO - Starting attempt 1 of 1
[2022-12-05T19:23:23.072+0000] {taskinstance.py:1364} INFO - 
--------------------------------------------------------------------------------
[2022-12-05T19:23:23.264+0000] {taskinstance.py:1383} INFO - Executing <Task(PythonOperator): pull_task> on 2022-12-05 07:30:00+00:00
[2022-12-05T19:23:23.274+0000] {standard_task_runner.py:55} INFO - Started process 13141 to run task
[2022-12-05T19:23:23.279+0000] {standard_task_runner.py:82} INFO - Running: ['***', 'tasks', 'run', 'first_dag', 'pull_task', 'scheduled__2022-12-05T07:30:00+00:00', '--job-id', '1960', '--raw', '--subdir', 'DAGS_FOLDER/***1t.py', '--cfg-path', '/tmp/tmpj6y84hqy']
[2022-12-05T19:23:23.283+0000] {standard_task_runner.py:83} INFO - Job 1960: Subtask pull_task
[2022-12-05T19:23:23.480+0000] {task_command.py:376} INFO - Running <TaskInstance: first_dag.pull_task scheduled__2022-12-05T07:30:00+00:00 [running]> on host debdf09646d4
[2022-12-05T19:23:23.637+0000] {taskinstance.py:1592} INFO - Exporting the following env vars:
AIRFLOW_CTX_DAG_OWNER=***
AIRFLOW_CTX_DAG_ID=first_dag
AIRFLOW_CTX_TASK_ID=pull_task
AIRFLOW_CTX_EXECUTION_DATE=2022-12-05T07:30:00+00:00
AIRFLOW_CTX_TRY_NUMBER=1
AIRFLOW_CTX_DAG_RUN_ID=scheduled__2022-12-05T07:30:00+00:00
[2022-12-05T19:23:25.958+0000] {logging_mixin.py:137} INFO - 23
[2022-12-05T19:23:25.958+0000] {python.py:177} INFO - Done. Returned value was: None
[2022-12-05T19:23:25.973+0000] {taskinstance.py:1406} INFO - Marking task as SUCCESS. dag_id=first_dag, task_id=pull_task, execution_date=20221205T073000, start_date=20221205T192323, end_date=20221205T192325
[2022-12-05T19:23:26.130+0000] {local_task_job.py:159} INFO - Task exited with return code 0
[2022-12-05T19:23:26.256+0000] {taskinstance.py:2623} INFO - 1 downstream tasks scheduled from follow-on schedule check
