[2022-12-05T19:23:12.478+0000] {taskinstance.py:1165} INFO - Dependencies all met for <TaskInstance: first_dag.file_path scheduled__2022-12-05T06:45:00+00:00 [queued]>
[2022-12-05T19:23:12.496+0000] {taskinstance.py:1165} INFO - Dependencies all met for <TaskInstance: first_dag.file_path scheduled__2022-12-05T06:45:00+00:00 [queued]>
[2022-12-05T19:23:12.497+0000] {taskinstance.py:1362} INFO - 
--------------------------------------------------------------------------------
[2022-12-05T19:23:12.498+0000] {taskinstance.py:1363} INFO - Starting attempt 1 of 1
[2022-12-05T19:23:12.499+0000] {taskinstance.py:1364} INFO - 
--------------------------------------------------------------------------------
[2022-12-05T19:23:12.566+0000] {taskinstance.py:1383} INFO - Executing <Task(PythonOperator): file_path> on 2022-12-05 06:45:00+00:00
[2022-12-05T19:23:12.573+0000] {standard_task_runner.py:55} INFO - Started process 13000 to run task
[2022-12-05T19:23:12.594+0000] {standard_task_runner.py:82} INFO - Running: ['***', 'tasks', 'run', 'first_dag', 'file_path', 'scheduled__2022-12-05T06:45:00+00:00', '--job-id', '1914', '--raw', '--subdir', 'DAGS_FOLDER/***1t.py', '--cfg-path', '/tmp/tmpen41a34s']
[2022-12-05T19:23:12.616+0000] {standard_task_runner.py:83} INFO - Job 1914: Subtask file_path
[2022-12-05T19:23:12.825+0000] {task_command.py:376} INFO - Running <TaskInstance: first_dag.file_path scheduled__2022-12-05T06:45:00+00:00 [running]> on host debdf09646d4
[2022-12-05T19:23:13.115+0000] {taskinstance.py:1592} INFO - Exporting the following env vars:
AIRFLOW_CTX_DAG_OWNER=***
AIRFLOW_CTX_DAG_ID=first_dag
AIRFLOW_CTX_TASK_ID=file_path
AIRFLOW_CTX_EXECUTION_DATE=2022-12-05T06:45:00+00:00
AIRFLOW_CTX_TRY_NUMBER=1
AIRFLOW_CTX_DAG_RUN_ID=scheduled__2022-12-05T06:45:00+00:00
[2022-12-05T19:23:13.134+0000] {logging_mixin.py:137} INFO - our value:  https://people.sc.fsu.edu/~jburkardt/data/csv/ford_escort.csv
[2022-12-05T19:23:13.138+0000] {python.py:177} INFO - Done. Returned value was: None
[2022-12-05T19:23:13.160+0000] {taskinstance.py:1406} INFO - Marking task as SUCCESS. dag_id=first_dag, task_id=file_path, execution_date=20221205T064500, start_date=20221205T192312, end_date=20221205T192313
[2022-12-05T19:23:13.216+0000] {local_task_job.py:159} INFO - Task exited with return code 0
[2022-12-05T19:23:13.468+0000] {taskinstance.py:2623} INFO - 0 downstream tasks scheduled from follow-on schedule check
