[2022-12-01T17:41:23.243+0000] {taskinstance.py:1165} INFO - Dependencies all met for <TaskInstance: first_dag.file_path manual__2022-12-01T17:41:18.695147+00:00 [queued]>
[2022-12-01T17:41:23.253+0000] {taskinstance.py:1165} INFO - Dependencies all met for <TaskInstance: first_dag.file_path manual__2022-12-01T17:41:18.695147+00:00 [queued]>
[2022-12-01T17:41:23.254+0000] {taskinstance.py:1362} INFO - 
--------------------------------------------------------------------------------
[2022-12-01T17:41:23.255+0000] {taskinstance.py:1363} INFO - Starting attempt 1 of 1
[2022-12-01T17:41:23.255+0000] {taskinstance.py:1364} INFO - 
--------------------------------------------------------------------------------
[2022-12-01T17:41:23.270+0000] {taskinstance.py:1383} INFO - Executing <Task(PythonOperator): file_path> on 2022-12-01 17:41:18.695147+00:00
[2022-12-01T17:41:23.275+0000] {standard_task_runner.py:55} INFO - Started process 4542 to run task
[2022-12-01T17:41:23.278+0000] {standard_task_runner.py:82} INFO - Running: ['***', 'tasks', 'run', 'first_dag', 'file_path', 'manual__2022-12-01T17:41:18.695147+00:00', '--job-id', '897', '--raw', '--subdir', 'DAGS_FOLDER/***1t.py', '--cfg-path', '/tmp/tmp4i7q91op']
[2022-12-01T17:41:23.280+0000] {standard_task_runner.py:83} INFO - Job 897: Subtask file_path
[2022-12-01T17:41:23.344+0000] {task_command.py:376} INFO - Running <TaskInstance: first_dag.file_path manual__2022-12-01T17:41:18.695147+00:00 [running]> on host debdf09646d4
[2022-12-01T17:41:23.417+0000] {taskinstance.py:1592} INFO - Exporting the following env vars:
AIRFLOW_CTX_DAG_OWNER=***
AIRFLOW_CTX_DAG_ID=first_dag
AIRFLOW_CTX_TASK_ID=file_path
AIRFLOW_CTX_EXECUTION_DATE=2022-12-01T17:41:18.695147+00:00
AIRFLOW_CTX_TRY_NUMBER=1
AIRFLOW_CTX_DAG_RUN_ID=manual__2022-12-01T17:41:18.695147+00:00
[2022-12-01T17:41:23.426+0000] {logging_mixin.py:137} INFO - our value:  https://people.sc.fsu.edu/~jburkardt/data/csv/ford_escort.csv
[2022-12-01T17:41:23.427+0000] {python.py:177} INFO - Done. Returned value was: None
[2022-12-01T17:41:23.436+0000] {taskinstance.py:1406} INFO - Marking task as SUCCESS. dag_id=first_dag, task_id=file_path, execution_date=20221201T174118, start_date=20221201T174123, end_date=20221201T174123
[2022-12-01T17:41:23.490+0000] {local_task_job.py:159} INFO - Task exited with return code 0
[2022-12-01T17:41:23.510+0000] {taskinstance.py:2623} INFO - 0 downstream tasks scheduled from follow-on schedule check
