[2022-12-05T19:22:56.165+0000] {taskinstance.py:1165} INFO - Dependencies all met for <TaskInstance: first_dag.sum_task scheduled__2022-12-05T05:20:00+00:00 [queued]>
[2022-12-05T19:22:56.183+0000] {taskinstance.py:1165} INFO - Dependencies all met for <TaskInstance: first_dag.sum_task scheduled__2022-12-05T05:20:00+00:00 [queued]>
[2022-12-05T19:22:56.184+0000] {taskinstance.py:1362} INFO - 
--------------------------------------------------------------------------------
[2022-12-05T19:22:56.185+0000] {taskinstance.py:1363} INFO - Starting attempt 1 of 1
[2022-12-05T19:22:56.194+0000] {taskinstance.py:1364} INFO - 
--------------------------------------------------------------------------------
[2022-12-05T19:22:56.233+0000] {taskinstance.py:1383} INFO - Executing <Task(PythonOperator): sum_task> on 2022-12-05 05:20:00+00:00
[2022-12-05T19:22:56.243+0000] {standard_task_runner.py:55} INFO - Started process 12809 to run task
[2022-12-05T19:22:56.253+0000] {standard_task_runner.py:82} INFO - Running: ['***', 'tasks', 'run', 'first_dag', 'sum_task', 'scheduled__2022-12-05T05:20:00+00:00', '--job-id', '1860', '--raw', '--subdir', 'DAGS_FOLDER/***1t.py', '--cfg-path', '/tmp/tmptpgpwdqd']
[2022-12-05T19:22:56.258+0000] {standard_task_runner.py:83} INFO - Job 1860: Subtask sum_task
[2022-12-05T19:22:56.433+0000] {task_command.py:376} INFO - Running <TaskInstance: first_dag.sum_task scheduled__2022-12-05T05:20:00+00:00 [running]> on host debdf09646d4
[2022-12-05T19:22:56.632+0000] {taskinstance.py:1592} INFO - Exporting the following env vars:
AIRFLOW_CTX_DAG_OWNER=***
AIRFLOW_CTX_DAG_ID=first_dag
AIRFLOW_CTX_TASK_ID=sum_task
AIRFLOW_CTX_EXECUTION_DATE=2022-12-05T05:20:00+00:00
AIRFLOW_CTX_TRY_NUMBER=1
AIRFLOW_CTX_DAG_RUN_ID=scheduled__2022-12-05T05:20:00+00:00
[2022-12-05T19:22:56.640+0000] {python.py:177} INFO - Done. Returned value was: None
[2022-12-05T19:22:56.677+0000] {taskinstance.py:1406} INFO - Marking task as SUCCESS. dag_id=first_dag, task_id=sum_task, execution_date=20221205T052000, start_date=20221205T192256, end_date=20221205T192256
[2022-12-05T19:22:56.747+0000] {local_task_job.py:159} INFO - Task exited with return code 0
[2022-12-05T19:22:56.783+0000] {taskinstance.py:2623} INFO - 0 downstream tasks scheduled from follow-on schedule check
