[2022-12-05T19:26:24.683+0000] {taskinstance.py:1165} INFO - Dependencies all met for <TaskInstance: first_dag.world scheduled__2022-12-05T15:20:00+00:00 [queued]>
[2022-12-05T19:26:24.717+0000] {taskinstance.py:1165} INFO - Dependencies all met for <TaskInstance: first_dag.world scheduled__2022-12-05T15:20:00+00:00 [queued]>
[2022-12-05T19:26:24.721+0000] {taskinstance.py:1362} INFO - 
--------------------------------------------------------------------------------
[2022-12-05T19:26:24.722+0000] {taskinstance.py:1363} INFO - Starting attempt 1 of 1
[2022-12-05T19:26:24.727+0000] {taskinstance.py:1364} INFO - 
--------------------------------------------------------------------------------
[2022-12-05T19:26:24.783+0000] {taskinstance.py:1383} INFO - Executing <Task(PythonOperator): world> on 2022-12-05 15:20:00+00:00
[2022-12-05T19:26:24.792+0000] {standard_task_runner.py:55} INFO - Started process 15265 to run task
[2022-12-05T19:26:24.804+0000] {standard_task_runner.py:82} INFO - Running: ['***', 'tasks', 'run', 'first_dag', 'world', 'scheduled__2022-12-05T15:20:00+00:00', '--job-id', '2595', '--raw', '--subdir', 'DAGS_FOLDER/***1t.py', '--cfg-path', '/tmp/tmp4my207pf']
[2022-12-05T19:26:24.829+0000] {standard_task_runner.py:83} INFO - Job 2595: Subtask world
[2022-12-05T19:26:25.153+0000] {task_command.py:376} INFO - Running <TaskInstance: first_dag.world scheduled__2022-12-05T15:20:00+00:00 [running]> on host debdf09646d4
[2022-12-05T19:26:25.370+0000] {taskinstance.py:1592} INFO - Exporting the following env vars:
AIRFLOW_CTX_DAG_OWNER=***
AIRFLOW_CTX_DAG_ID=first_dag
AIRFLOW_CTX_TASK_ID=world
AIRFLOW_CTX_EXECUTION_DATE=2022-12-05T15:20:00+00:00
AIRFLOW_CTX_TRY_NUMBER=1
AIRFLOW_CTX_DAG_RUN_ID=scheduled__2022-12-05T15:20:00+00:00
[2022-12-05T19:26:25.372+0000] {logging_mixin.py:137} INFO - Hello!
[2022-12-05T19:26:25.372+0000] {python.py:177} INFO - Done. Returned value was: None
[2022-12-05T19:26:25.413+0000] {taskinstance.py:1406} INFO - Marking task as SUCCESS. dag_id=first_dag, task_id=world, execution_date=20221205T152000, start_date=20221205T192624, end_date=20221205T192625
[2022-12-05T19:26:25.499+0000] {local_task_job.py:159} INFO - Task exited with return code 0
[2022-12-05T19:26:25.659+0000] {taskinstance.py:2623} INFO - 1 downstream tasks scheduled from follow-on schedule check
