[2022-11-28T20:11:54.362+0000] {taskinstance.py:1165} INFO - Dependencies all met for <TaskInstance: first_dag.world scheduled__2022-07-15T00:00:00+00:00 [queued]>
[2022-11-28T20:11:54.383+0000] {taskinstance.py:1165} INFO - Dependencies all met for <TaskInstance: first_dag.world scheduled__2022-07-15T00:00:00+00:00 [queued]>
[2022-11-28T20:11:54.385+0000] {taskinstance.py:1362} INFO - 
--------------------------------------------------------------------------------
[2022-11-28T20:11:54.386+0000] {taskinstance.py:1363} INFO - Starting attempt 1 of 1
[2022-11-28T20:11:54.387+0000] {taskinstance.py:1364} INFO - 
--------------------------------------------------------------------------------
[2022-11-28T20:11:54.428+0000] {taskinstance.py:1383} INFO - Executing <Task(PythonOperator): world> on 2022-07-15 00:00:00+00:00
[2022-11-28T20:11:54.438+0000] {standard_task_runner.py:55} INFO - Started process 1209 to run task
[2022-11-28T20:11:54.444+0000] {standard_task_runner.py:82} INFO - Running: ['***', 'tasks', 'run', 'first_dag', 'world', 'scheduled__2022-07-15T00:00:00+00:00', '--job-id', '407', '--raw', '--subdir', 'DAGS_FOLDER/***1t.py', '--cfg-path', '/tmp/tmpqm20rzbm']
[2022-11-28T20:11:54.445+0000] {standard_task_runner.py:83} INFO - Job 407: Subtask world
[2022-11-28T20:11:54.534+0000] {task_command.py:376} INFO - Running <TaskInstance: first_dag.world scheduled__2022-07-15T00:00:00+00:00 [running]> on host 7720011b9adc
[2022-11-28T20:11:54.631+0000] {taskinstance.py:1592} INFO - Exporting the following env vars:
AIRFLOW_CTX_DAG_OWNER=***
AIRFLOW_CTX_DAG_ID=first_dag
AIRFLOW_CTX_TASK_ID=world
AIRFLOW_CTX_EXECUTION_DATE=2022-07-15T00:00:00+00:00
AIRFLOW_CTX_TRY_NUMBER=1
AIRFLOW_CTX_DAG_RUN_ID=scheduled__2022-07-15T00:00:00+00:00
[2022-11-28T20:11:54.632+0000] {logging_mixin.py:137} INFO - Airflow
[2022-11-28T20:11:54.633+0000] {python.py:177} INFO - Done. Returned value was: None
[2022-11-28T20:11:54.643+0000] {taskinstance.py:1406} INFO - Marking task as SUCCESS. dag_id=first_dag, task_id=world, execution_date=20220715T000000, start_date=20221128T201154, end_date=20221128T201154
[2022-11-28T20:11:54.699+0000] {local_task_job.py:159} INFO - Task exited with return code 0
[2022-11-28T20:11:54.720+0000] {taskinstance.py:2623} INFO - 0 downstream tasks scheduled from follow-on schedule check
