[2022-12-05T19:26:51.063+0000] {taskinstance.py:1165} INFO - Dependencies all met for <TaskInstance: first_dag.world scheduled__2022-12-05T16:20:00+00:00 [queued]>
[2022-12-05T19:26:51.080+0000] {taskinstance.py:1165} INFO - Dependencies all met for <TaskInstance: first_dag.world scheduled__2022-12-05T16:20:00+00:00 [queued]>
[2022-12-05T19:26:51.080+0000] {taskinstance.py:1362} INFO - 
--------------------------------------------------------------------------------
[2022-12-05T19:26:51.081+0000] {taskinstance.py:1363} INFO - Starting attempt 1 of 1
[2022-12-05T19:26:51.084+0000] {taskinstance.py:1364} INFO - 
--------------------------------------------------------------------------------
[2022-12-05T19:26:51.131+0000] {taskinstance.py:1383} INFO - Executing <Task(PythonOperator): world> on 2022-12-05 16:20:00+00:00
[2022-12-05T19:26:51.143+0000] {standard_task_runner.py:55} INFO - Started process 15573 to run task
[2022-12-05T19:26:51.155+0000] {standard_task_runner.py:82} INFO - Running: ['***', 'tasks', 'run', 'first_dag', 'world', 'scheduled__2022-12-05T16:20:00+00:00', '--job-id', '2686', '--raw', '--subdir', 'DAGS_FOLDER/***1t.py', '--cfg-path', '/tmp/tmp_rup9wi1']
[2022-12-05T19:26:51.161+0000] {standard_task_runner.py:83} INFO - Job 2686: Subtask world
[2022-12-05T19:26:51.314+0000] {task_command.py:376} INFO - Running <TaskInstance: first_dag.world scheduled__2022-12-05T16:20:00+00:00 [running]> on host debdf09646d4
[2022-12-05T19:26:51.452+0000] {taskinstance.py:1592} INFO - Exporting the following env vars:
AIRFLOW_CTX_DAG_OWNER=***
AIRFLOW_CTX_DAG_ID=first_dag
AIRFLOW_CTX_TASK_ID=world
AIRFLOW_CTX_EXECUTION_DATE=2022-12-05T16:20:00+00:00
AIRFLOW_CTX_TRY_NUMBER=1
AIRFLOW_CTX_DAG_RUN_ID=scheduled__2022-12-05T16:20:00+00:00
[2022-12-05T19:26:51.456+0000] {logging_mixin.py:137} INFO - Hello!
[2022-12-05T19:26:51.457+0000] {python.py:177} INFO - Done. Returned value was: None
[2022-12-05T19:26:51.483+0000] {taskinstance.py:1406} INFO - Marking task as SUCCESS. dag_id=first_dag, task_id=world, execution_date=20221205T162000, start_date=20221205T192651, end_date=20221205T192651
[2022-12-05T19:26:51.566+0000] {local_task_job.py:159} INFO - Task exited with return code 0
[2022-12-05T19:26:51.626+0000] {taskinstance.py:2623} INFO - 1 downstream tasks scheduled from follow-on schedule check
