[2022-11-28T20:12:34.213+0000] {taskinstance.py:1165} INFO - Dependencies all met for <TaskInstance: first_dag.hello scheduled__2022-09-14T00:00:00+00:00 [queued]>
[2022-11-28T20:12:34.227+0000] {taskinstance.py:1165} INFO - Dependencies all met for <TaskInstance: first_dag.hello scheduled__2022-09-14T00:00:00+00:00 [queued]>
[2022-11-28T20:12:34.227+0000] {taskinstance.py:1362} INFO - 
--------------------------------------------------------------------------------
[2022-11-28T20:12:34.227+0000] {taskinstance.py:1363} INFO - Starting attempt 1 of 1
[2022-11-28T20:12:34.228+0000] {taskinstance.py:1364} INFO - 
--------------------------------------------------------------------------------
[2022-11-28T20:12:34.287+0000] {taskinstance.py:1383} INFO - Executing <Task(BashOperator): hello> on 2022-09-14 00:00:00+00:00
[2022-11-28T20:12:34.293+0000] {standard_task_runner.py:55} INFO - Started process 1515 to run task
[2022-11-28T20:12:34.303+0000] {standard_task_runner.py:82} INFO - Running: ['***', 'tasks', 'run', 'first_dag', 'hello', 'scheduled__2022-09-14T00:00:00+00:00', '--job-id', '519', '--raw', '--subdir', 'DAGS_FOLDER/***1t.py', '--cfg-path', '/tmp/tmpv8gna6fg']
[2022-11-28T20:12:34.303+0000] {standard_task_runner.py:83} INFO - Job 519: Subtask hello
[2022-11-28T20:12:34.433+0000] {task_command.py:376} INFO - Running <TaskInstance: first_dag.hello scheduled__2022-09-14T00:00:00+00:00 [running]> on host 7720011b9adc
[2022-11-28T20:12:34.591+0000] {taskinstance.py:1592} INFO - Exporting the following env vars:
AIRFLOW_CTX_DAG_OWNER=***
AIRFLOW_CTX_DAG_ID=first_dag
AIRFLOW_CTX_TASK_ID=hello
AIRFLOW_CTX_EXECUTION_DATE=2022-09-14T00:00:00+00:00
AIRFLOW_CTX_TRY_NUMBER=1
AIRFLOW_CTX_DAG_RUN_ID=scheduled__2022-09-14T00:00:00+00:00
[2022-11-28T20:12:34.593+0000] {subprocess.py:63} INFO - Tmp dir root location: 
 /tmp
[2022-11-28T20:12:34.594+0000] {subprocess.py:75} INFO - Running command: ['/bin/bash', '-c', 'echo hello']
[2022-11-28T20:12:34.609+0000] {subprocess.py:86} INFO - Output:
[2022-11-28T20:12:34.611+0000] {subprocess.py:93} INFO - hello
[2022-11-28T20:12:34.611+0000] {subprocess.py:97} INFO - Command exited with return code 0
[2022-11-28T20:12:34.645+0000] {taskinstance.py:1406} INFO - Marking task as SUCCESS. dag_id=first_dag, task_id=hello, execution_date=20220914T000000, start_date=20221128T201234, end_date=20221128T201234
[2022-11-28T20:12:34.685+0000] {local_task_job.py:159} INFO - Task exited with return code 0
[2022-11-28T20:12:34.761+0000] {taskinstance.py:2623} INFO - 0 downstream tasks scheduled from follow-on schedule check
