[2022-12-05T16:26:26.834+0000] {taskinstance.py:1165} INFO - Dependencies all met for <TaskInstance: first_dag.hello manual__2022-12-05T16:26:25.799827+00:00 [queued]>
[2022-12-05T16:26:26.844+0000] {taskinstance.py:1165} INFO - Dependencies all met for <TaskInstance: first_dag.hello manual__2022-12-05T16:26:25.799827+00:00 [queued]>
[2022-12-05T16:26:26.844+0000] {taskinstance.py:1362} INFO - 
--------------------------------------------------------------------------------
[2022-12-05T16:26:26.845+0000] {taskinstance.py:1363} INFO - Starting attempt 1 of 1
[2022-12-05T16:26:26.845+0000] {taskinstance.py:1364} INFO - 
--------------------------------------------------------------------------------
[2022-12-05T16:26:26.859+0000] {taskinstance.py:1383} INFO - Executing <Task(BashOperator): hello> on 2022-12-05 16:26:25.799827+00:00
[2022-12-05T16:26:26.863+0000] {standard_task_runner.py:55} INFO - Started process 1691 to run task
[2022-12-05T16:26:26.867+0000] {standard_task_runner.py:82} INFO - Running: ['***', 'tasks', 'run', 'first_dag', 'hello', 'manual__2022-12-05T16:26:25.799827+00:00', '--job-id', '971', '--raw', '--subdir', 'DAGS_FOLDER/***1t.py', '--cfg-path', '/tmp/tmp_950wxii']
[2022-12-05T16:26:26.869+0000] {standard_task_runner.py:83} INFO - Job 971: Subtask hello
[2022-12-05T16:26:26.929+0000] {task_command.py:376} INFO - Running <TaskInstance: first_dag.hello manual__2022-12-05T16:26:25.799827+00:00 [running]> on host debdf09646d4
[2022-12-05T16:26:26.999+0000] {taskinstance.py:1592} INFO - Exporting the following env vars:
AIRFLOW_CTX_DAG_OWNER=***
AIRFLOW_CTX_DAG_ID=first_dag
AIRFLOW_CTX_TASK_ID=hello
AIRFLOW_CTX_EXECUTION_DATE=2022-12-05T16:26:25.799827+00:00
AIRFLOW_CTX_TRY_NUMBER=1
AIRFLOW_CTX_DAG_RUN_ID=manual__2022-12-05T16:26:25.799827+00:00
[2022-12-05T16:26:27.000+0000] {subprocess.py:63} INFO - Tmp dir root location: 
 /tmp
[2022-12-05T16:26:27.001+0000] {subprocess.py:75} INFO - Running command: ['/bin/bash', '-c', 'echo hello']
[2022-12-05T16:26:27.010+0000] {subprocess.py:86} INFO - Output:
[2022-12-05T16:26:27.011+0000] {subprocess.py:93} INFO - hello
[2022-12-05T16:26:27.011+0000] {subprocess.py:97} INFO - Command exited with return code 0
[2022-12-05T16:26:27.034+0000] {taskinstance.py:1406} INFO - Marking task as SUCCESS. dag_id=first_dag, task_id=hello, execution_date=20221205T162625, start_date=20221205T162626, end_date=20221205T162627
[2022-12-05T16:26:27.079+0000] {local_task_job.py:159} INFO - Task exited with return code 0
[2022-12-05T16:26:27.106+0000] {taskinstance.py:2623} INFO - 1 downstream tasks scheduled from follow-on schedule check
