[2022-12-05T19:26:52.047+0000] {taskinstance.py:1165} INFO - Dependencies all met for <TaskInstance: first_dag.hello scheduled__2022-12-05T16:40:00+00:00 [queued]>
[2022-12-05T19:26:52.062+0000] {taskinstance.py:1165} INFO - Dependencies all met for <TaskInstance: first_dag.hello scheduled__2022-12-05T16:40:00+00:00 [queued]>
[2022-12-05T19:26:52.063+0000] {taskinstance.py:1362} INFO - 
--------------------------------------------------------------------------------
[2022-12-05T19:26:52.063+0000] {taskinstance.py:1363} INFO - Starting attempt 1 of 1
[2022-12-05T19:26:52.064+0000] {taskinstance.py:1364} INFO - 
--------------------------------------------------------------------------------
[2022-12-05T19:26:52.107+0000] {taskinstance.py:1383} INFO - Executing <Task(BashOperator): hello> on 2022-12-05 16:40:00+00:00
[2022-12-05T19:26:52.115+0000] {standard_task_runner.py:55} INFO - Started process 15589 to run task
[2022-12-05T19:26:52.122+0000] {standard_task_runner.py:82} INFO - Running: ['***', 'tasks', 'run', 'first_dag', 'hello', 'scheduled__2022-12-05T16:40:00+00:00', '--job-id', '2691', '--raw', '--subdir', 'DAGS_FOLDER/***1t.py', '--cfg-path', '/tmp/tmpa_6keg4x']
[2022-12-05T19:26:52.127+0000] {standard_task_runner.py:83} INFO - Job 2691: Subtask hello
[2022-12-05T19:26:52.329+0000] {task_command.py:376} INFO - Running <TaskInstance: first_dag.hello scheduled__2022-12-05T16:40:00+00:00 [running]> on host debdf09646d4
[2022-12-05T19:26:52.559+0000] {taskinstance.py:1592} INFO - Exporting the following env vars:
AIRFLOW_CTX_DAG_OWNER=***
AIRFLOW_CTX_DAG_ID=first_dag
AIRFLOW_CTX_TASK_ID=hello
AIRFLOW_CTX_EXECUTION_DATE=2022-12-05T16:40:00+00:00
AIRFLOW_CTX_TRY_NUMBER=1
AIRFLOW_CTX_DAG_RUN_ID=scheduled__2022-12-05T16:40:00+00:00
[2022-12-05T19:26:52.564+0000] {subprocess.py:63} INFO - Tmp dir root location: 
 /tmp
[2022-12-05T19:26:52.565+0000] {subprocess.py:75} INFO - Running command: ['/bin/bash', '-c', 'echo hello']
[2022-12-05T19:26:52.607+0000] {subprocess.py:86} INFO - Output:
[2022-12-05T19:26:52.608+0000] {subprocess.py:93} INFO - hello
[2022-12-05T19:26:52.609+0000] {subprocess.py:97} INFO - Command exited with return code 0
[2022-12-05T19:26:52.687+0000] {taskinstance.py:1406} INFO - Marking task as SUCCESS. dag_id=first_dag, task_id=hello, execution_date=20221205T164000, start_date=20221205T192652, end_date=20221205T192652
[2022-12-05T19:26:52.824+0000] {local_task_job.py:159} INFO - Task exited with return code 0
[2022-12-05T19:26:52.894+0000] {taskinstance.py:2623} INFO - 1 downstream tasks scheduled from follow-on schedule check
