[2022-12-05T19:25:55.866+0000] {taskinstance.py:1165} INFO - Dependencies all met for <TaskInstance: first_dag.pull_task scheduled__2022-12-05T13:30:00+00:00 [queued]>
[2022-12-05T19:25:55.888+0000] {taskinstance.py:1165} INFO - Dependencies all met for <TaskInstance: first_dag.pull_task scheduled__2022-12-05T13:30:00+00:00 [queued]>
[2022-12-05T19:25:55.888+0000] {taskinstance.py:1362} INFO - 
--------------------------------------------------------------------------------
[2022-12-05T19:25:55.889+0000] {taskinstance.py:1363} INFO - Starting attempt 1 of 1
[2022-12-05T19:25:55.892+0000] {taskinstance.py:1364} INFO - 
--------------------------------------------------------------------------------
[2022-12-05T19:25:55.944+0000] {taskinstance.py:1383} INFO - Executing <Task(PythonOperator): pull_task> on 2022-12-05 13:30:00+00:00
[2022-12-05T19:25:55.951+0000] {standard_task_runner.py:55} INFO - Started process 14900 to run task
[2022-12-05T19:25:55.974+0000] {standard_task_runner.py:82} INFO - Running: ['***', 'tasks', 'run', 'first_dag', 'pull_task', 'scheduled__2022-12-05T13:30:00+00:00', '--job-id', '2483', '--raw', '--subdir', 'DAGS_FOLDER/***1t.py', '--cfg-path', '/tmp/tmpair7dvmy']
[2022-12-05T19:25:55.977+0000] {standard_task_runner.py:83} INFO - Job 2483: Subtask pull_task
[2022-12-05T19:25:56.154+0000] {task_command.py:376} INFO - Running <TaskInstance: first_dag.pull_task scheduled__2022-12-05T13:30:00+00:00 [running]> on host debdf09646d4
[2022-12-05T19:25:56.427+0000] {taskinstance.py:1592} INFO - Exporting the following env vars:
AIRFLOW_CTX_DAG_OWNER=***
AIRFLOW_CTX_DAG_ID=first_dag
AIRFLOW_CTX_TASK_ID=pull_task
AIRFLOW_CTX_EXECUTION_DATE=2022-12-05T13:30:00+00:00
AIRFLOW_CTX_TRY_NUMBER=1
AIRFLOW_CTX_DAG_RUN_ID=scheduled__2022-12-05T13:30:00+00:00
[2022-12-05T19:25:57.319+0000] {logging_mixin.py:137} INFO - 23
[2022-12-05T19:25:57.322+0000] {python.py:177} INFO - Done. Returned value was: None
[2022-12-05T19:25:57.377+0000] {taskinstance.py:1406} INFO - Marking task as SUCCESS. dag_id=first_dag, task_id=pull_task, execution_date=20221205T133000, start_date=20221205T192555, end_date=20221205T192557
[2022-12-05T19:25:57.561+0000] {local_task_job.py:159} INFO - Task exited with return code 0
[2022-12-05T19:25:57.719+0000] {taskinstance.py:2623} INFO - 1 downstream tasks scheduled from follow-on schedule check
