[2022-11-28T20:09:31.489+0000] {taskinstance.py:1165} INFO - Dependencies all met for <TaskInstance: first_dag.hello scheduled__2022-01-06T00:00:00+00:00 [queued]>
[2022-11-28T20:09:31.516+0000] {taskinstance.py:1165} INFO - Dependencies all met for <TaskInstance: first_dag.hello scheduled__2022-01-06T00:00:00+00:00 [queued]>
[2022-11-28T20:09:31.517+0000] {taskinstance.py:1362} INFO - 
--------------------------------------------------------------------------------
[2022-11-28T20:09:31.517+0000] {taskinstance.py:1363} INFO - Starting attempt 1 of 1
[2022-11-28T20:09:31.521+0000] {taskinstance.py:1364} INFO - 
--------------------------------------------------------------------------------
[2022-11-28T20:09:31.571+0000] {taskinstance.py:1383} INFO - Executing <Task(BashOperator): hello> on 2022-01-06 00:00:00+00:00
[2022-11-28T20:09:31.581+0000] {standard_task_runner.py:55} INFO - Started process 125 to run task
[2022-11-28T20:09:31.589+0000] {standard_task_runner.py:82} INFO - Running: ['***', 'tasks', 'run', 'first_dag', 'hello', 'scheduled__2022-01-06T00:00:00+00:00', '--job-id', '16', '--raw', '--subdir', 'DAGS_FOLDER/***1t.py', '--cfg-path', '/tmp/tmpmod9095e']
[2022-11-28T20:09:31.590+0000] {standard_task_runner.py:83} INFO - Job 16: Subtask hello
[2022-11-28T20:09:31.810+0000] {task_command.py:376} INFO - Running <TaskInstance: first_dag.hello scheduled__2022-01-06T00:00:00+00:00 [running]> on host 7720011b9adc
[2022-11-28T20:09:32.036+0000] {taskinstance.py:1592} INFO - Exporting the following env vars:
AIRFLOW_CTX_DAG_OWNER=***
AIRFLOW_CTX_DAG_ID=first_dag
AIRFLOW_CTX_TASK_ID=hello
AIRFLOW_CTX_EXECUTION_DATE=2022-01-06T00:00:00+00:00
AIRFLOW_CTX_TRY_NUMBER=1
AIRFLOW_CTX_DAG_RUN_ID=scheduled__2022-01-06T00:00:00+00:00
[2022-11-28T20:09:32.040+0000] {subprocess.py:63} INFO - Tmp dir root location: 
 /tmp
[2022-11-28T20:09:32.042+0000] {subprocess.py:75} INFO - Running command: ['/bin/bash', '-c', 'echo hello']
[2022-11-28T20:09:32.069+0000] {subprocess.py:86} INFO - Output:
[2022-11-28T20:09:32.087+0000] {subprocess.py:93} INFO - hello
[2022-11-28T20:09:32.104+0000] {subprocess.py:97} INFO - Command exited with return code 0
[2022-11-28T20:09:32.178+0000] {taskinstance.py:1406} INFO - Marking task as SUCCESS. dag_id=first_dag, task_id=hello, execution_date=20220106T000000, start_date=20221128T200931, end_date=20221128T200932
[2022-11-28T20:09:32.248+0000] {local_task_job.py:159} INFO - Task exited with return code 0
[2022-11-28T20:09:32.474+0000] {taskinstance.py:2623} INFO - 0 downstream tasks scheduled from follow-on schedule check
