[2022-12-05T18:33:41.830+0000] {taskinstance.py:1165} INFO - Dependencies all met for <TaskInstance: first_dag.hello manual__2022-12-05T18:33:40.371391+00:00 [queued]>
[2022-12-05T18:33:41.842+0000] {taskinstance.py:1165} INFO - Dependencies all met for <TaskInstance: first_dag.hello manual__2022-12-05T18:33:40.371391+00:00 [queued]>
[2022-12-05T18:33:41.842+0000] {taskinstance.py:1362} INFO - 
--------------------------------------------------------------------------------
[2022-12-05T18:33:41.843+0000] {taskinstance.py:1363} INFO - Starting attempt 1 of 1
[2022-12-05T18:33:41.843+0000] {taskinstance.py:1364} INFO - 
--------------------------------------------------------------------------------
[2022-12-05T18:33:41.862+0000] {taskinstance.py:1383} INFO - Executing <Task(BashOperator): hello> on 2022-12-05 18:33:40.371391+00:00
[2022-12-05T18:33:41.867+0000] {standard_task_runner.py:55} INFO - Started process 8412 to run task
[2022-12-05T18:33:41.871+0000] {standard_task_runner.py:82} INFO - Running: ['***', 'tasks', 'run', 'first_dag', 'hello', 'manual__2022-12-05T18:33:40.371391+00:00', '--job-id', '1197', '--raw', '--subdir', 'DAGS_FOLDER/***1t.py', '--cfg-path', '/tmp/tmp7snnxaya']
[2022-12-05T18:33:41.874+0000] {standard_task_runner.py:83} INFO - Job 1197: Subtask hello
[2022-12-05T18:33:41.946+0000] {task_command.py:376} INFO - Running <TaskInstance: first_dag.hello manual__2022-12-05T18:33:40.371391+00:00 [running]> on host debdf09646d4
[2022-12-05T18:33:42.031+0000] {taskinstance.py:1592} INFO - Exporting the following env vars:
AIRFLOW_CTX_DAG_OWNER=***
AIRFLOW_CTX_DAG_ID=first_dag
AIRFLOW_CTX_TASK_ID=hello
AIRFLOW_CTX_EXECUTION_DATE=2022-12-05T18:33:40.371391+00:00
AIRFLOW_CTX_TRY_NUMBER=1
AIRFLOW_CTX_DAG_RUN_ID=manual__2022-12-05T18:33:40.371391+00:00
[2022-12-05T18:33:42.032+0000] {subprocess.py:63} INFO - Tmp dir root location: 
 /tmp
[2022-12-05T18:33:42.033+0000] {subprocess.py:75} INFO - Running command: ['/bin/bash', '-c', 'echo hello']
[2022-12-05T18:33:42.045+0000] {subprocess.py:86} INFO - Output:
[2022-12-05T18:33:42.047+0000] {subprocess.py:93} INFO - hello
[2022-12-05T18:33:42.048+0000] {subprocess.py:97} INFO - Command exited with return code 0
[2022-12-05T18:33:42.080+0000] {taskinstance.py:1406} INFO - Marking task as SUCCESS. dag_id=first_dag, task_id=hello, execution_date=20221205T183340, start_date=20221205T183341, end_date=20221205T183342
[2022-12-05T18:33:42.123+0000] {local_task_job.py:159} INFO - Task exited with return code 0
[2022-12-05T18:33:42.157+0000] {taskinstance.py:2623} INFO - 1 downstream tasks scheduled from follow-on schedule check
