[2022-11-30T18:36:31.266+0000] {taskinstance.py:1165} INFO - Dependencies all met for <TaskInstance: first_dag.hello manual__2022-11-30T18:36:30.274261+00:00 [queued]>
[2022-11-30T18:36:31.277+0000] {taskinstance.py:1165} INFO - Dependencies all met for <TaskInstance: first_dag.hello manual__2022-11-30T18:36:30.274261+00:00 [queued]>
[2022-11-30T18:36:31.278+0000] {taskinstance.py:1362} INFO - 
--------------------------------------------------------------------------------
[2022-11-30T18:36:31.278+0000] {taskinstance.py:1363} INFO - Starting attempt 1 of 1
[2022-11-30T18:36:31.279+0000] {taskinstance.py:1364} INFO - 
--------------------------------------------------------------------------------
[2022-11-30T18:36:31.296+0000] {taskinstance.py:1383} INFO - Executing <Task(BashOperator): hello> on 2022-11-30 18:36:30.274261+00:00
[2022-11-30T18:36:31.304+0000] {standard_task_runner.py:55} INFO - Started process 6266 to run task
[2022-11-30T18:36:31.309+0000] {standard_task_runner.py:82} INFO - Running: ['***', 'tasks', 'run', 'first_dag', 'hello', 'manual__2022-11-30T18:36:30.274261+00:00', '--job-id', '709', '--raw', '--subdir', 'DAGS_FOLDER/***1t.py', '--cfg-path', '/tmp/tmppkykql07']
[2022-11-30T18:36:31.311+0000] {standard_task_runner.py:83} INFO - Job 709: Subtask hello
[2022-11-30T18:36:31.397+0000] {task_command.py:376} INFO - Running <TaskInstance: first_dag.hello manual__2022-11-30T18:36:30.274261+00:00 [running]> on host debdf09646d4
[2022-11-30T18:36:31.472+0000] {taskinstance.py:1592} INFO - Exporting the following env vars:
AIRFLOW_CTX_DAG_OWNER=***
AIRFLOW_CTX_DAG_ID=first_dag
AIRFLOW_CTX_TASK_ID=hello
AIRFLOW_CTX_EXECUTION_DATE=2022-11-30T18:36:30.274261+00:00
AIRFLOW_CTX_TRY_NUMBER=1
AIRFLOW_CTX_DAG_RUN_ID=manual__2022-11-30T18:36:30.274261+00:00
[2022-11-30T18:36:31.474+0000] {subprocess.py:63} INFO - Tmp dir root location: 
 /tmp
[2022-11-30T18:36:31.475+0000] {subprocess.py:75} INFO - Running command: ['/bin/bash', '-c', 'echo hello']
[2022-11-30T18:36:31.483+0000] {subprocess.py:86} INFO - Output:
[2022-11-30T18:36:31.485+0000] {subprocess.py:93} INFO - hello
[2022-11-30T18:36:31.486+0000] {subprocess.py:97} INFO - Command exited with return code 0
[2022-11-30T18:36:31.513+0000] {taskinstance.py:1406} INFO - Marking task as SUCCESS. dag_id=first_dag, task_id=hello, execution_date=20221130T183630, start_date=20221130T183631, end_date=20221130T183631
[2022-11-30T18:36:31.560+0000] {local_task_job.py:159} INFO - Task exited with return code 0
[2022-11-30T18:36:31.587+0000] {taskinstance.py:2623} INFO - 1 downstream tasks scheduled from follow-on schedule check
