[2022-12-05T18:24:39.429+0000] {taskinstance.py:1165} INFO - Dependencies all met for <TaskInstance: first_dag.sum_task manual__2022-12-05T18:24:37.732641+00:00 [queued]>
[2022-12-05T18:24:39.439+0000] {taskinstance.py:1165} INFO - Dependencies all met for <TaskInstance: first_dag.sum_task manual__2022-12-05T18:24:37.732641+00:00 [queued]>
[2022-12-05T18:24:39.440+0000] {taskinstance.py:1362} INFO - 
--------------------------------------------------------------------------------
[2022-12-05T18:24:39.440+0000] {taskinstance.py:1363} INFO - Starting attempt 1 of 1
[2022-12-05T18:24:39.441+0000] {taskinstance.py:1364} INFO - 
--------------------------------------------------------------------------------
[2022-12-05T18:24:39.459+0000] {taskinstance.py:1383} INFO - Executing <Task(PythonOperator): sum_task> on 2022-12-05 18:24:37.732641+00:00
[2022-12-05T18:24:39.464+0000] {standard_task_runner.py:55} INFO - Started process 7878 to run task
[2022-12-05T18:24:39.468+0000] {standard_task_runner.py:82} INFO - Running: ['***', 'tasks', 'run', 'first_dag', 'sum_task', 'manual__2022-12-05T18:24:37.732641+00:00', '--job-id', '1162', '--raw', '--subdir', 'DAGS_FOLDER/***1t.py', '--cfg-path', '/tmp/tmporvqyp2h']
[2022-12-05T18:24:39.470+0000] {standard_task_runner.py:83} INFO - Job 1162: Subtask sum_task
[2022-12-05T18:24:39.538+0000] {task_command.py:376} INFO - Running <TaskInstance: first_dag.sum_task manual__2022-12-05T18:24:37.732641+00:00 [running]> on host debdf09646d4
[2022-12-05T18:24:39.628+0000] {taskinstance.py:1592} INFO - Exporting the following env vars:
AIRFLOW_CTX_DAG_OWNER=***
AIRFLOW_CTX_DAG_ID=first_dag
AIRFLOW_CTX_TASK_ID=sum_task
AIRFLOW_CTX_EXECUTION_DATE=2022-12-05T18:24:37.732641+00:00
AIRFLOW_CTX_TRY_NUMBER=1
AIRFLOW_CTX_DAG_RUN_ID=manual__2022-12-05T18:24:37.732641+00:00
[2022-12-05T18:24:39.629+0000] {logging_mixin.py:137} INFO - [[8], [9]]
[2022-12-05T18:24:39.630+0000] {python.py:177} INFO - Done. Returned value was: None
[2022-12-05T18:24:39.641+0000] {taskinstance.py:1406} INFO - Marking task as SUCCESS. dag_id=first_dag, task_id=sum_task, execution_date=20221205T182437, start_date=20221205T182439, end_date=20221205T182439
[2022-12-05T18:24:39.680+0000] {local_task_job.py:159} INFO - Task exited with return code 0
[2022-12-05T18:24:39.699+0000] {taskinstance.py:2623} INFO - 0 downstream tasks scheduled from follow-on schedule check
