[2022-12-05T19:23:51.990+0000] {taskinstance.py:1165} INFO - Dependencies all met for <TaskInstance: first_dag.pull_task scheduled__2022-12-05T08:35:00+00:00 [queued]>
[2022-12-05T19:23:52.017+0000] {taskinstance.py:1165} INFO - Dependencies all met for <TaskInstance: first_dag.pull_task scheduled__2022-12-05T08:35:00+00:00 [queued]>
[2022-12-05T19:23:52.018+0000] {taskinstance.py:1362} INFO - 
--------------------------------------------------------------------------------
[2022-12-05T19:23:52.020+0000] {taskinstance.py:1363} INFO - Starting attempt 1 of 1
[2022-12-05T19:23:52.022+0000] {taskinstance.py:1364} INFO - 
--------------------------------------------------------------------------------
[2022-12-05T19:23:52.063+0000] {taskinstance.py:1383} INFO - Executing <Task(PythonOperator): pull_task> on 2022-12-05 08:35:00+00:00
[2022-12-05T19:23:52.080+0000] {standard_task_runner.py:55} INFO - Started process 13483 to run task
[2022-12-05T19:23:52.104+0000] {standard_task_runner.py:82} INFO - Running: ['***', 'tasks', 'run', 'first_dag', 'pull_task', 'scheduled__2022-12-05T08:35:00+00:00', '--job-id', '2063', '--raw', '--subdir', 'DAGS_FOLDER/***1t.py', '--cfg-path', '/tmp/tmpo62u7cnf']
[2022-12-05T19:23:52.113+0000] {standard_task_runner.py:83} INFO - Job 2063: Subtask pull_task
[2022-12-05T19:23:52.285+0000] {task_command.py:376} INFO - Running <TaskInstance: first_dag.pull_task scheduled__2022-12-05T08:35:00+00:00 [running]> on host debdf09646d4
[2022-12-05T19:23:52.592+0000] {taskinstance.py:1592} INFO - Exporting the following env vars:
AIRFLOW_CTX_DAG_OWNER=***
AIRFLOW_CTX_DAG_ID=first_dag
AIRFLOW_CTX_TASK_ID=pull_task
AIRFLOW_CTX_EXECUTION_DATE=2022-12-05T08:35:00+00:00
AIRFLOW_CTX_TRY_NUMBER=1
AIRFLOW_CTX_DAG_RUN_ID=scheduled__2022-12-05T08:35:00+00:00
[2022-12-05T19:23:53.479+0000] {logging_mixin.py:137} INFO - 23
[2022-12-05T19:23:53.480+0000] {python.py:177} INFO - Done. Returned value was: None
[2022-12-05T19:23:53.539+0000] {taskinstance.py:1406} INFO - Marking task as SUCCESS. dag_id=first_dag, task_id=pull_task, execution_date=20221205T083500, start_date=20221205T192351, end_date=20221205T192353
[2022-12-05T19:23:53.869+0000] {local_task_job.py:159} INFO - Task exited with return code 0
[2022-12-05T19:23:53.981+0000] {taskinstance.py:2623} INFO - 1 downstream tasks scheduled from follow-on schedule check
