[2022-12-01T17:34:51.156+0000] {taskinstance.py:1165} INFO - Dependencies all met for <TaskInstance: first_dag.file_path manual__2022-12-01T17:34:47.239647+00:00 [queued]>
[2022-12-01T17:34:51.167+0000] {taskinstance.py:1165} INFO - Dependencies all met for <TaskInstance: first_dag.file_path manual__2022-12-01T17:34:47.239647+00:00 [queued]>
[2022-12-01T17:34:51.168+0000] {taskinstance.py:1362} INFO - 
--------------------------------------------------------------------------------
[2022-12-01T17:34:51.168+0000] {taskinstance.py:1363} INFO - Starting attempt 1 of 1
[2022-12-01T17:34:51.169+0000] {taskinstance.py:1364} INFO - 
--------------------------------------------------------------------------------
[2022-12-01T17:34:51.184+0000] {taskinstance.py:1383} INFO - Executing <Task(PythonOperator): file_path> on 2022-12-01 17:34:47.239647+00:00
[2022-12-01T17:34:51.189+0000] {standard_task_runner.py:55} INFO - Started process 4187 to run task
[2022-12-01T17:34:51.192+0000] {standard_task_runner.py:82} INFO - Running: ['***', 'tasks', 'run', 'first_dag', 'file_path', 'manual__2022-12-01T17:34:47.239647+00:00', '--job-id', '885', '--raw', '--subdir', 'DAGS_FOLDER/***1t.py', '--cfg-path', '/tmp/tmpa08pslmi']
[2022-12-01T17:34:51.195+0000] {standard_task_runner.py:83} INFO - Job 885: Subtask file_path
[2022-12-01T17:34:51.254+0000] {task_command.py:376} INFO - Running <TaskInstance: first_dag.file_path manual__2022-12-01T17:34:47.239647+00:00 [running]> on host debdf09646d4
[2022-12-01T17:34:51.318+0000] {taskinstance.py:1592} INFO - Exporting the following env vars:
AIRFLOW_CTX_DAG_OWNER=***
AIRFLOW_CTX_DAG_ID=first_dag
AIRFLOW_CTX_TASK_ID=file_path
AIRFLOW_CTX_EXECUTION_DATE=2022-12-01T17:34:47.239647+00:00
AIRFLOW_CTX_TRY_NUMBER=1
AIRFLOW_CTX_DAG_RUN_ID=manual__2022-12-01T17:34:47.239647+00:00
[2022-12-01T17:34:51.326+0000] {logging_mixin.py:137} INFO - our value:  https://people.sc.fsu.edu/~jburkardt/data/csv/ford_escort.csv
[2022-12-01T17:34:51.326+0000] {python.py:177} INFO - Done. Returned value was: None
[2022-12-01T17:34:51.334+0000] {taskinstance.py:1406} INFO - Marking task as SUCCESS. dag_id=first_dag, task_id=file_path, execution_date=20221201T173447, start_date=20221201T173451, end_date=20221201T173451
[2022-12-01T17:34:51.364+0000] {local_task_job.py:159} INFO - Task exited with return code 0
[2022-12-01T17:34:51.384+0000] {taskinstance.py:2623} INFO - 1 downstream tasks scheduled from follow-on schedule check
