[2022-12-05T16:52:04.118+0000] {taskinstance.py:1165} INFO - Dependencies all met for <TaskInstance: first_dag.pull_task manual__2022-12-05T16:51:59.473548+00:00 [queued]>
[2022-12-05T16:52:04.129+0000] {taskinstance.py:1165} INFO - Dependencies all met for <TaskInstance: first_dag.pull_task manual__2022-12-05T16:51:59.473548+00:00 [queued]>
[2022-12-05T16:52:04.129+0000] {taskinstance.py:1362} INFO - 
--------------------------------------------------------------------------------
[2022-12-05T16:52:04.130+0000] {taskinstance.py:1363} INFO - Starting attempt 1 of 1
[2022-12-05T16:52:04.130+0000] {taskinstance.py:1364} INFO - 
--------------------------------------------------------------------------------
[2022-12-05T16:52:04.145+0000] {taskinstance.py:1383} INFO - Executing <Task(PythonOperator): pull_task> on 2022-12-05 16:51:59.473548+00:00
[2022-12-05T16:52:04.150+0000] {standard_task_runner.py:55} INFO - Started process 3086 to run task
[2022-12-05T16:52:04.153+0000] {standard_task_runner.py:82} INFO - Running: ['***', 'tasks', 'run', 'first_dag', 'pull_task', 'manual__2022-12-05T16:51:59.473548+00:00', '--job-id', '1028', '--raw', '--subdir', 'DAGS_FOLDER/***1t.py', '--cfg-path', '/tmp/tmpiekul9z0']
[2022-12-05T16:52:04.154+0000] {standard_task_runner.py:83} INFO - Job 1028: Subtask pull_task
[2022-12-05T16:52:04.218+0000] {task_command.py:376} INFO - Running <TaskInstance: first_dag.pull_task manual__2022-12-05T16:51:59.473548+00:00 [running]> on host debdf09646d4
[2022-12-05T16:52:04.294+0000] {taskinstance.py:1592} INFO - Exporting the following env vars:
AIRFLOW_CTX_DAG_OWNER=***
AIRFLOW_CTX_DAG_ID=first_dag
AIRFLOW_CTX_TASK_ID=pull_task
AIRFLOW_CTX_EXECUTION_DATE=2022-12-05T16:51:59.473548+00:00
AIRFLOW_CTX_TRY_NUMBER=1
AIRFLOW_CTX_DAG_RUN_ID=manual__2022-12-05T16:51:59.473548+00:00
[2022-12-05T16:52:09.017+0000] {logging_mixin.py:137} INFO - 23
[2022-12-05T16:52:09.018+0000] {python.py:177} INFO - Done. Returned value was: None
[2022-12-05T16:52:09.028+0000] {taskinstance.py:1406} INFO - Marking task as SUCCESS. dag_id=first_dag, task_id=pull_task, execution_date=20221205T165159, start_date=20221205T165204, end_date=20221205T165209
[2022-12-05T16:52:09.068+0000] {local_task_job.py:159} INFO - Task exited with return code 0
[2022-12-05T16:52:09.102+0000] {taskinstance.py:2623} INFO - 1 downstream tasks scheduled from follow-on schedule check
