[2022-12-05T19:25:59.316+0000] {taskinstance.py:1165} INFO - Dependencies all met for <TaskInstance: first_dag.broadcast_task scheduled__2022-12-05T13:10:00+00:00 [queued]>
[2022-12-05T19:25:59.368+0000] {taskinstance.py:1165} INFO - Dependencies all met for <TaskInstance: first_dag.broadcast_task scheduled__2022-12-05T13:10:00+00:00 [queued]>
[2022-12-05T19:25:59.379+0000] {taskinstance.py:1362} INFO - 
--------------------------------------------------------------------------------
[2022-12-05T19:25:59.379+0000] {taskinstance.py:1363} INFO - Starting attempt 1 of 1
[2022-12-05T19:25:59.380+0000] {taskinstance.py:1364} INFO - 
--------------------------------------------------------------------------------
[2022-12-05T19:25:59.467+0000] {taskinstance.py:1383} INFO - Executing <Task(PythonOperator): broadcast_task> on 2022-12-05 13:10:00+00:00
[2022-12-05T19:25:59.480+0000] {standard_task_runner.py:55} INFO - Started process 14954 to run task
[2022-12-05T19:25:59.502+0000] {standard_task_runner.py:82} INFO - Running: ['***', 'tasks', 'run', 'first_dag', 'broadcast_task', 'scheduled__2022-12-05T13:10:00+00:00', '--job-id', '2500', '--raw', '--subdir', 'DAGS_FOLDER/***1t.py', '--cfg-path', '/tmp/tmptmhi3l2r']
[2022-12-05T19:25:59.505+0000] {standard_task_runner.py:83} INFO - Job 2500: Subtask broadcast_task
[2022-12-05T19:25:59.763+0000] {task_command.py:376} INFO - Running <TaskInstance: first_dag.broadcast_task scheduled__2022-12-05T13:10:00+00:00 [running]> on host debdf09646d4
[2022-12-05T19:26:00.069+0000] {taskinstance.py:1592} INFO - Exporting the following env vars:
AIRFLOW_CTX_DAG_OWNER=***
AIRFLOW_CTX_DAG_ID=first_dag
AIRFLOW_CTX_TASK_ID=broadcast_task
AIRFLOW_CTX_EXECUTION_DATE=2022-12-05T13:10:00+00:00
AIRFLOW_CTX_TRY_NUMBER=1
AIRFLOW_CTX_DAG_RUN_ID=scheduled__2022-12-05T13:10:00+00:00
[2022-12-05T19:26:00.989+0000] {logging_mixin.py:137} INFO - 23
[2022-12-05T19:26:00.991+0000] {python.py:177} INFO - Done. Returned value was: None
[2022-12-05T19:26:01.021+0000] {taskinstance.py:1406} INFO - Marking task as SUCCESS. dag_id=first_dag, task_id=broadcast_task, execution_date=20221205T131000, start_date=20221205T192559, end_date=20221205T192601
[2022-12-05T19:26:01.087+0000] {local_task_job.py:159} INFO - Task exited with return code 0
[2022-12-05T19:26:01.397+0000] {taskinstance.py:2623} INFO - 0 downstream tasks scheduled from follow-on schedule check
