[2022-12-05T19:04:33.903+0000] {taskinstance.py:1165} INFO - Dependencies all met for <TaskInstance: first_dag.number_task manual__2022-12-05T19:04:25.401461+00:00 [queued]>
[2022-12-05T19:04:33.913+0000] {taskinstance.py:1165} INFO - Dependencies all met for <TaskInstance: first_dag.number_task manual__2022-12-05T19:04:25.401461+00:00 [queued]>
[2022-12-05T19:04:33.913+0000] {taskinstance.py:1362} INFO - 
--------------------------------------------------------------------------------
[2022-12-05T19:04:33.914+0000] {taskinstance.py:1363} INFO - Starting attempt 1 of 1
[2022-12-05T19:04:33.914+0000] {taskinstance.py:1364} INFO - 
--------------------------------------------------------------------------------
[2022-12-05T19:04:33.929+0000] {taskinstance.py:1383} INFO - Executing <Task(PythonOperator): number_task> on 2022-12-05 19:04:25.401461+00:00
[2022-12-05T19:04:33.934+0000] {standard_task_runner.py:55} INFO - Started process 10127 to run task
[2022-12-05T19:04:33.938+0000] {standard_task_runner.py:82} INFO - Running: ['***', 'tasks', 'run', 'first_dag', 'number_task', 'manual__2022-12-05T19:04:25.401461+00:00', '--job-id', '1280', '--raw', '--subdir', 'DAGS_FOLDER/***1t.py', '--cfg-path', '/tmp/tmpcckawovr']
[2022-12-05T19:04:33.940+0000] {standard_task_runner.py:83} INFO - Job 1280: Subtask number_task
[2022-12-05T19:04:34.001+0000] {task_command.py:376} INFO - Running <TaskInstance: first_dag.number_task manual__2022-12-05T19:04:25.401461+00:00 [running]> on host debdf09646d4
[2022-12-05T19:04:34.069+0000] {taskinstance.py:1592} INFO - Exporting the following env vars:
AIRFLOW_CTX_DAG_OWNER=***
AIRFLOW_CTX_DAG_ID=first_dag
AIRFLOW_CTX_TASK_ID=number_task
AIRFLOW_CTX_EXECUTION_DATE=2022-12-05T19:04:25.401461+00:00
AIRFLOW_CTX_TRY_NUMBER=1
AIRFLOW_CTX_DAG_RUN_ID=manual__2022-12-05T19:04:25.401461+00:00
[2022-12-05T19:04:34.071+0000] {logging_mixin.py:137} INFO - 122   26
[2022-12-05T19:04:34.071+0000] {logging_mixin.py:137} INFO - <_io.TextIOWrapper name='file.txt' mode='a' encoding='UTF-8'>
[2022-12-05T19:04:34.072+0000] {python.py:177} INFO - Done. Returned value was: None
[2022-12-05T19:04:34.080+0000] {taskinstance.py:1406} INFO - Marking task as SUCCESS. dag_id=first_dag, task_id=number_task, execution_date=20221205T190425, start_date=20221205T190433, end_date=20221205T190434
[2022-12-05T19:04:34.110+0000] {local_task_job.py:159} INFO - Task exited with return code 0
[2022-12-05T19:04:34.126+0000] {taskinstance.py:2623} INFO - 0 downstream tasks scheduled from follow-on schedule check
