[2022-12-05T19:23:10.612+0000] {taskinstance.py:1165} INFO - Dependencies all met for <TaskInstance: first_dag.world scheduled__2022-12-05T06:55:00+00:00 [queued]>
[2022-12-05T19:23:10.647+0000] {taskinstance.py:1165} INFO - Dependencies all met for <TaskInstance: first_dag.world scheduled__2022-12-05T06:55:00+00:00 [queued]>
[2022-12-05T19:23:10.647+0000] {taskinstance.py:1362} INFO - 
--------------------------------------------------------------------------------
[2022-12-05T19:23:10.648+0000] {taskinstance.py:1363} INFO - Starting attempt 1 of 1
[2022-12-05T19:23:10.648+0000] {taskinstance.py:1364} INFO - 
--------------------------------------------------------------------------------
[2022-12-05T19:23:10.685+0000] {taskinstance.py:1383} INFO - Executing <Task(PythonOperator): world> on 2022-12-05 06:55:00+00:00
[2022-12-05T19:23:10.692+0000] {standard_task_runner.py:55} INFO - Started process 12965 to run task
[2022-12-05T19:23:10.697+0000] {standard_task_runner.py:82} INFO - Running: ['***', 'tasks', 'run', 'first_dag', 'world', 'scheduled__2022-12-05T06:55:00+00:00', '--job-id', '1908', '--raw', '--subdir', 'DAGS_FOLDER/***1t.py', '--cfg-path', '/tmp/tmpq2qfdcdm']
[2022-12-05T19:23:10.703+0000] {standard_task_runner.py:83} INFO - Job 1908: Subtask world
[2022-12-05T19:23:10.825+0000] {task_command.py:376} INFO - Running <TaskInstance: first_dag.world scheduled__2022-12-05T06:55:00+00:00 [running]> on host debdf09646d4
[2022-12-05T19:23:10.965+0000] {taskinstance.py:1592} INFO - Exporting the following env vars:
AIRFLOW_CTX_DAG_OWNER=***
AIRFLOW_CTX_DAG_ID=first_dag
AIRFLOW_CTX_TASK_ID=world
AIRFLOW_CTX_EXECUTION_DATE=2022-12-05T06:55:00+00:00
AIRFLOW_CTX_TRY_NUMBER=1
AIRFLOW_CTX_DAG_RUN_ID=scheduled__2022-12-05T06:55:00+00:00
[2022-12-05T19:23:10.968+0000] {logging_mixin.py:137} INFO - Hello!
[2022-12-05T19:23:10.978+0000] {python.py:177} INFO - Done. Returned value was: None
[2022-12-05T19:23:11.004+0000] {taskinstance.py:1406} INFO - Marking task as SUCCESS. dag_id=first_dag, task_id=world, execution_date=20221205T065500, start_date=20221205T192310, end_date=20221205T192311
[2022-12-05T19:23:11.079+0000] {local_task_job.py:159} INFO - Task exited with return code 0
[2022-12-05T19:23:11.178+0000] {taskinstance.py:2623} INFO - 1 downstream tasks scheduled from follow-on schedule check
