[2022-11-30T20:35:35.194+0000] {taskinstance.py:1165} INFO - Dependencies all met for <TaskInstance: first_dag.hello manual__2022-11-30T20:35:34.233455+00:00 [queued]>
[2022-11-30T20:35:35.205+0000] {taskinstance.py:1165} INFO - Dependencies all met for <TaskInstance: first_dag.hello manual__2022-11-30T20:35:34.233455+00:00 [queued]>
[2022-11-30T20:35:35.206+0000] {taskinstance.py:1362} INFO - 
--------------------------------------------------------------------------------
[2022-11-30T20:35:35.206+0000] {taskinstance.py:1363} INFO - Starting attempt 1 of 1
[2022-11-30T20:35:35.206+0000] {taskinstance.py:1364} INFO - 
--------------------------------------------------------------------------------
[2022-11-30T20:35:35.225+0000] {taskinstance.py:1383} INFO - Executing <Task(BashOperator): hello> on 2022-11-30 20:35:34.233455+00:00
[2022-11-30T20:35:35.230+0000] {standard_task_runner.py:55} INFO - Started process 12294 to run task
[2022-11-30T20:35:35.234+0000] {standard_task_runner.py:82} INFO - Running: ['***', 'tasks', 'run', 'first_dag', 'hello', 'manual__2022-11-30T20:35:34.233455+00:00', '--job-id', '814', '--raw', '--subdir', 'DAGS_FOLDER/***1t.py', '--cfg-path', '/tmp/tmp5_p2pkxj']
[2022-11-30T20:35:35.236+0000] {standard_task_runner.py:83} INFO - Job 814: Subtask hello
[2022-11-30T20:35:35.313+0000] {task_command.py:376} INFO - Running <TaskInstance: first_dag.hello manual__2022-11-30T20:35:34.233455+00:00 [running]> on host debdf09646d4
[2022-11-30T20:35:35.403+0000] {taskinstance.py:1592} INFO - Exporting the following env vars:
AIRFLOW_CTX_DAG_OWNER=***
AIRFLOW_CTX_DAG_ID=first_dag
AIRFLOW_CTX_TASK_ID=hello
AIRFLOW_CTX_EXECUTION_DATE=2022-11-30T20:35:34.233455+00:00
AIRFLOW_CTX_TRY_NUMBER=1
AIRFLOW_CTX_DAG_RUN_ID=manual__2022-11-30T20:35:34.233455+00:00
[2022-11-30T20:35:35.405+0000] {subprocess.py:63} INFO - Tmp dir root location: 
 /tmp
[2022-11-30T20:35:35.406+0000] {subprocess.py:75} INFO - Running command: ['/bin/bash', '-c', 'echo hello']
[2022-11-30T20:35:35.417+0000] {subprocess.py:86} INFO - Output:
[2022-11-30T20:35:35.418+0000] {subprocess.py:93} INFO - hello
[2022-11-30T20:35:35.419+0000] {subprocess.py:97} INFO - Command exited with return code 0
[2022-11-30T20:35:35.447+0000] {taskinstance.py:1406} INFO - Marking task as SUCCESS. dag_id=first_dag, task_id=hello, execution_date=20221130T203534, start_date=20221130T203535, end_date=20221130T203535
[2022-11-30T20:35:35.485+0000] {local_task_job.py:159} INFO - Task exited with return code 0
[2022-11-30T20:35:35.564+0000] {taskinstance.py:2623} INFO - 1 downstream tasks scheduled from follow-on schedule check
