[2022-12-05T19:25:00.532+0000] {taskinstance.py:1165} INFO - Dependencies all met for <TaskInstance: first_dag.broadcast_task scheduled__2022-12-05T11:20:00+00:00 [queued]>
[2022-12-05T19:25:00.584+0000] {taskinstance.py:1165} INFO - Dependencies all met for <TaskInstance: first_dag.broadcast_task scheduled__2022-12-05T11:20:00+00:00 [queued]>
[2022-12-05T19:25:00.592+0000] {taskinstance.py:1362} INFO - 
--------------------------------------------------------------------------------
[2022-12-05T19:25:00.594+0000] {taskinstance.py:1363} INFO - Starting attempt 1 of 1
[2022-12-05T19:25:00.597+0000] {taskinstance.py:1364} INFO - 
--------------------------------------------------------------------------------
[2022-12-05T19:25:00.648+0000] {taskinstance.py:1383} INFO - Executing <Task(PythonOperator): broadcast_task> on 2022-12-05 11:20:00+00:00
[2022-12-05T19:25:00.656+0000] {standard_task_runner.py:55} INFO - Started process 14281 to run task
[2022-12-05T19:25:00.667+0000] {standard_task_runner.py:82} INFO - Running: ['***', 'tasks', 'run', 'first_dag', 'broadcast_task', 'scheduled__2022-12-05T11:20:00+00:00', '--job-id', '2299', '--raw', '--subdir', 'DAGS_FOLDER/***1t.py', '--cfg-path', '/tmp/tmpsxcjsnzu']
[2022-12-05T19:25:00.680+0000] {standard_task_runner.py:83} INFO - Job 2299: Subtask broadcast_task
[2022-12-05T19:25:01.017+0000] {task_command.py:376} INFO - Running <TaskInstance: first_dag.broadcast_task scheduled__2022-12-05T11:20:00+00:00 [running]> on host debdf09646d4
[2022-12-05T19:25:01.419+0000] {taskinstance.py:1592} INFO - Exporting the following env vars:
AIRFLOW_CTX_DAG_OWNER=***
AIRFLOW_CTX_DAG_ID=first_dag
AIRFLOW_CTX_TASK_ID=broadcast_task
AIRFLOW_CTX_EXECUTION_DATE=2022-12-05T11:20:00+00:00
AIRFLOW_CTX_TRY_NUMBER=1
AIRFLOW_CTX_DAG_RUN_ID=scheduled__2022-12-05T11:20:00+00:00
[2022-12-05T19:25:02.368+0000] {logging_mixin.py:137} INFO - 23
[2022-12-05T19:25:02.369+0000] {python.py:177} INFO - Done. Returned value was: None
[2022-12-05T19:25:02.441+0000] {taskinstance.py:1406} INFO - Marking task as SUCCESS. dag_id=first_dag, task_id=broadcast_task, execution_date=20221205T112000, start_date=20221205T192500, end_date=20221205T192502
[2022-12-05T19:25:02.812+0000] {local_task_job.py:159} INFO - Task exited with return code 0
[2022-12-05T19:25:02.928+0000] {taskinstance.py:2623} INFO - 1 downstream tasks scheduled from follow-on schedule check
