[2022-12-05T19:26:19.280+0000] {taskinstance.py:1165} INFO - Dependencies all met for <TaskInstance: first_dag.hello scheduled__2022-12-05T15:10:00+00:00 [queued]>
[2022-12-05T19:26:19.317+0000] {taskinstance.py:1165} INFO - Dependencies all met for <TaskInstance: first_dag.hello scheduled__2022-12-05T15:10:00+00:00 [queued]>
[2022-12-05T19:26:19.318+0000] {taskinstance.py:1362} INFO - 
--------------------------------------------------------------------------------
[2022-12-05T19:26:19.318+0000] {taskinstance.py:1363} INFO - Starting attempt 1 of 1
[2022-12-05T19:26:19.319+0000] {taskinstance.py:1364} INFO - 
--------------------------------------------------------------------------------
[2022-12-05T19:26:19.384+0000] {taskinstance.py:1383} INFO - Executing <Task(BashOperator): hello> on 2022-12-05 15:10:00+00:00
[2022-12-05T19:26:19.393+0000] {standard_task_runner.py:55} INFO - Started process 15187 to run task
[2022-12-05T19:26:19.438+0000] {standard_task_runner.py:82} INFO - Running: ['***', 'tasks', 'run', 'first_dag', 'hello', 'scheduled__2022-12-05T15:10:00+00:00', '--job-id', '2570', '--raw', '--subdir', 'DAGS_FOLDER/***1t.py', '--cfg-path', '/tmp/tmpeauvmttd']
[2022-12-05T19:26:19.449+0000] {standard_task_runner.py:83} INFO - Job 2570: Subtask hello
[2022-12-05T19:26:19.603+0000] {task_command.py:376} INFO - Running <TaskInstance: first_dag.hello scheduled__2022-12-05T15:10:00+00:00 [running]> on host debdf09646d4
[2022-12-05T19:26:19.909+0000] {taskinstance.py:1592} INFO - Exporting the following env vars:
AIRFLOW_CTX_DAG_OWNER=***
AIRFLOW_CTX_DAG_ID=first_dag
AIRFLOW_CTX_TASK_ID=hello
AIRFLOW_CTX_EXECUTION_DATE=2022-12-05T15:10:00+00:00
AIRFLOW_CTX_TRY_NUMBER=1
AIRFLOW_CTX_DAG_RUN_ID=scheduled__2022-12-05T15:10:00+00:00
[2022-12-05T19:26:19.913+0000] {subprocess.py:63} INFO - Tmp dir root location: 
 /tmp
[2022-12-05T19:26:19.914+0000] {subprocess.py:75} INFO - Running command: ['/bin/bash', '-c', 'echo hello']
[2022-12-05T19:26:19.937+0000] {subprocess.py:86} INFO - Output:
[2022-12-05T19:26:19.945+0000] {subprocess.py:93} INFO - hello
[2022-12-05T19:26:19.946+0000] {subprocess.py:97} INFO - Command exited with return code 0
[2022-12-05T19:26:20.017+0000] {taskinstance.py:1406} INFO - Marking task as SUCCESS. dag_id=first_dag, task_id=hello, execution_date=20221205T151000, start_date=20221205T192619, end_date=20221205T192620
[2022-12-05T19:26:20.099+0000] {local_task_job.py:159} INFO - Task exited with return code 0
[2022-12-05T19:26:20.160+0000] {taskinstance.py:2623} INFO - 1 downstream tasks scheduled from follow-on schedule check
