[2022-11-30T18:34:36.811+0000] {taskinstance.py:1165} INFO - Dependencies all met for <TaskInstance: first_dag.hello manual__2022-11-30T18:34:34.468519+00:00 [queued]>
[2022-11-30T18:34:36.823+0000] {taskinstance.py:1165} INFO - Dependencies all met for <TaskInstance: first_dag.hello manual__2022-11-30T18:34:34.468519+00:00 [queued]>
[2022-11-30T18:34:36.823+0000] {taskinstance.py:1362} INFO - 
--------------------------------------------------------------------------------
[2022-11-30T18:34:36.824+0000] {taskinstance.py:1363} INFO - Starting attempt 1 of 1
[2022-11-30T18:34:36.825+0000] {taskinstance.py:1364} INFO - 
--------------------------------------------------------------------------------
[2022-11-30T18:34:36.844+0000] {taskinstance.py:1383} INFO - Executing <Task(BashOperator): hello> on 2022-11-30 18:34:34.468519+00:00
[2022-11-30T18:34:36.849+0000] {standard_task_runner.py:55} INFO - Started process 6156 to run task
[2022-11-30T18:34:36.852+0000] {standard_task_runner.py:82} INFO - Running: ['***', 'tasks', 'run', 'first_dag', 'hello', 'manual__2022-11-30T18:34:34.468519+00:00', '--job-id', '703', '--raw', '--subdir', 'DAGS_FOLDER/***1t.py', '--cfg-path', '/tmp/tmpfxm47hc_']
[2022-11-30T18:34:36.854+0000] {standard_task_runner.py:83} INFO - Job 703: Subtask hello
[2022-11-30T18:34:36.913+0000] {task_command.py:376} INFO - Running <TaskInstance: first_dag.hello manual__2022-11-30T18:34:34.468519+00:00 [running]> on host debdf09646d4
[2022-11-30T18:34:36.990+0000] {taskinstance.py:1592} INFO - Exporting the following env vars:
AIRFLOW_CTX_DAG_OWNER=***
AIRFLOW_CTX_DAG_ID=first_dag
AIRFLOW_CTX_TASK_ID=hello
AIRFLOW_CTX_EXECUTION_DATE=2022-11-30T18:34:34.468519+00:00
AIRFLOW_CTX_TRY_NUMBER=1
AIRFLOW_CTX_DAG_RUN_ID=manual__2022-11-30T18:34:34.468519+00:00
[2022-11-30T18:34:36.992+0000] {subprocess.py:63} INFO - Tmp dir root location: 
 /tmp
[2022-11-30T18:34:36.993+0000] {subprocess.py:75} INFO - Running command: ['/bin/bash', '-c', 'echo hello']
[2022-11-30T18:34:37.002+0000] {subprocess.py:86} INFO - Output:
[2022-11-30T18:34:37.003+0000] {subprocess.py:93} INFO - hello
[2022-11-30T18:34:37.004+0000] {subprocess.py:97} INFO - Command exited with return code 0
[2022-11-30T18:34:37.029+0000] {taskinstance.py:1406} INFO - Marking task as SUCCESS. dag_id=first_dag, task_id=hello, execution_date=20221130T183434, start_date=20221130T183436, end_date=20221130T183437
[2022-11-30T18:34:37.065+0000] {local_task_job.py:159} INFO - Task exited with return code 0
[2022-11-30T18:34:37.091+0000] {taskinstance.py:2623} INFO - 1 downstream tasks scheduled from follow-on schedule check
