[2022-12-05T19:27:23.675+0000] {taskinstance.py:1165} INFO - Dependencies all met for <TaskInstance: first_dag.hello scheduled__2022-12-05T17:35:00+00:00 [queued]>
[2022-12-05T19:27:23.699+0000] {taskinstance.py:1165} INFO - Dependencies all met for <TaskInstance: first_dag.hello scheduled__2022-12-05T17:35:00+00:00 [queued]>
[2022-12-05T19:27:23.699+0000] {taskinstance.py:1362} INFO - 
--------------------------------------------------------------------------------
[2022-12-05T19:27:23.700+0000] {taskinstance.py:1363} INFO - Starting attempt 1 of 1
[2022-12-05T19:27:23.700+0000] {taskinstance.py:1364} INFO - 
--------------------------------------------------------------------------------
[2022-12-05T19:27:23.727+0000] {taskinstance.py:1383} INFO - Executing <Task(BashOperator): hello> on 2022-12-05 17:35:00+00:00
[2022-12-05T19:27:23.735+0000] {standard_task_runner.py:55} INFO - Started process 15925 to run task
[2022-12-05T19:27:23.742+0000] {standard_task_runner.py:82} INFO - Running: ['***', 'tasks', 'run', 'first_dag', 'hello', 'scheduled__2022-12-05T17:35:00+00:00', '--job-id', '2796', '--raw', '--subdir', 'DAGS_FOLDER/***1t.py', '--cfg-path', '/tmp/tmpddq8ekq4']
[2022-12-05T19:27:23.748+0000] {standard_task_runner.py:83} INFO - Job 2796: Subtask hello
[2022-12-05T19:27:23.849+0000] {task_command.py:376} INFO - Running <TaskInstance: first_dag.hello scheduled__2022-12-05T17:35:00+00:00 [running]> on host debdf09646d4
[2022-12-05T19:27:24.015+0000] {taskinstance.py:1592} INFO - Exporting the following env vars:
AIRFLOW_CTX_DAG_OWNER=***
AIRFLOW_CTX_DAG_ID=first_dag
AIRFLOW_CTX_TASK_ID=hello
AIRFLOW_CTX_EXECUTION_DATE=2022-12-05T17:35:00+00:00
AIRFLOW_CTX_TRY_NUMBER=1
AIRFLOW_CTX_DAG_RUN_ID=scheduled__2022-12-05T17:35:00+00:00
[2022-12-05T19:27:24.018+0000] {subprocess.py:63} INFO - Tmp dir root location: 
 /tmp
[2022-12-05T19:27:24.020+0000] {subprocess.py:75} INFO - Running command: ['/bin/bash', '-c', 'echo hello']
[2022-12-05T19:27:24.039+0000] {subprocess.py:86} INFO - Output:
[2022-12-05T19:27:24.040+0000] {subprocess.py:93} INFO - hello
[2022-12-05T19:27:24.041+0000] {subprocess.py:97} INFO - Command exited with return code 0
[2022-12-05T19:27:24.082+0000] {taskinstance.py:1406} INFO - Marking task as SUCCESS. dag_id=first_dag, task_id=hello, execution_date=20221205T173500, start_date=20221205T192723, end_date=20221205T192724
[2022-12-05T19:27:24.160+0000] {local_task_job.py:159} INFO - Task exited with return code 0
[2022-12-05T19:27:24.232+0000] {taskinstance.py:2623} INFO - 1 downstream tasks scheduled from follow-on schedule check
