[2022-12-01T16:26:55.238+0000] {taskinstance.py:1165} INFO - Dependencies all met for <TaskInstance: first_dag.pull_task manual__2022-12-01T16:26:49.363430+00:00 [queued]>
[2022-12-01T16:26:55.248+0000] {taskinstance.py:1165} INFO - Dependencies all met for <TaskInstance: first_dag.pull_task manual__2022-12-01T16:26:49.363430+00:00 [queued]>
[2022-12-01T16:26:55.249+0000] {taskinstance.py:1362} INFO - 
--------------------------------------------------------------------------------
[2022-12-01T16:26:55.249+0000] {taskinstance.py:1363} INFO - Starting attempt 1 of 1
[2022-12-01T16:26:55.250+0000] {taskinstance.py:1364} INFO - 
--------------------------------------------------------------------------------
[2022-12-01T16:26:55.264+0000] {taskinstance.py:1383} INFO - Executing <Task(PythonOperator): pull_task> on 2022-12-01 16:26:49.363430+00:00
[2022-12-01T16:26:55.268+0000] {standard_task_runner.py:55} INFO - Started process 830 to run task
[2022-12-01T16:26:55.272+0000] {standard_task_runner.py:82} INFO - Running: ['***', 'tasks', 'run', 'first_dag', 'pull_task', 'manual__2022-12-01T16:26:49.363430+00:00', '--job-id', '843', '--raw', '--subdir', 'DAGS_FOLDER/***1t.py', '--cfg-path', '/tmp/tmpcjs72b5f']
[2022-12-01T16:26:55.274+0000] {standard_task_runner.py:83} INFO - Job 843: Subtask pull_task
[2022-12-01T16:26:55.331+0000] {task_command.py:376} INFO - Running <TaskInstance: first_dag.pull_task manual__2022-12-01T16:26:49.363430+00:00 [running]> on host debdf09646d4
[2022-12-01T16:26:55.393+0000] {taskinstance.py:1592} INFO - Exporting the following env vars:
AIRFLOW_CTX_DAG_OWNER=***
AIRFLOW_CTX_DAG_ID=first_dag
AIRFLOW_CTX_TASK_ID=pull_task
AIRFLOW_CTX_EXECUTION_DATE=2022-12-01T16:26:49.363430+00:00
AIRFLOW_CTX_TRY_NUMBER=1
AIRFLOW_CTX_DAG_RUN_ID=manual__2022-12-01T16:26:49.363430+00:00
[2022-12-01T16:26:55.404+0000] {logging_mixin.py:137} INFO - None
[2022-12-01T16:26:55.405+0000] {python.py:177} INFO - Done. Returned value was: None
[2022-12-01T16:26:55.412+0000] {taskinstance.py:1406} INFO - Marking task as SUCCESS. dag_id=first_dag, task_id=pull_task, execution_date=20221201T162649, start_date=20221201T162655, end_date=20221201T162655
[2022-12-01T16:26:55.443+0000] {local_task_job.py:159} INFO - Task exited with return code 0
[2022-12-01T16:26:55.458+0000] {taskinstance.py:2623} INFO - 0 downstream tasks scheduled from follow-on schedule check
