[2022-12-05T19:20:50.752+0000] {taskinstance.py:1165} INFO - Dependencies all met for <TaskInstance: first_dag.broadcast_task scheduled__2022-12-05T00:50:00+00:00 [queued]>
[2022-12-05T19:20:50.784+0000] {taskinstance.py:1165} INFO - Dependencies all met for <TaskInstance: first_dag.broadcast_task scheduled__2022-12-05T00:50:00+00:00 [queued]>
[2022-12-05T19:20:50.789+0000] {taskinstance.py:1362} INFO - 
--------------------------------------------------------------------------------
[2022-12-05T19:20:50.790+0000] {taskinstance.py:1363} INFO - Starting attempt 1 of 1
[2022-12-05T19:20:50.797+0000] {taskinstance.py:1364} INFO - 
--------------------------------------------------------------------------------
[2022-12-05T19:20:50.843+0000] {taskinstance.py:1383} INFO - Executing <Task(PythonOperator): broadcast_task> on 2022-12-05 00:50:00+00:00
[2022-12-05T19:20:50.853+0000] {standard_task_runner.py:55} INFO - Started process 11330 to run task
[2022-12-05T19:20:50.872+0000] {standard_task_runner.py:82} INFO - Running: ['***', 'tasks', 'run', 'first_dag', 'broadcast_task', 'scheduled__2022-12-05T00:50:00+00:00', '--job-id', '1410', '--raw', '--subdir', 'DAGS_FOLDER/***1t.py', '--cfg-path', '/tmp/tmpjsjjhd27']
[2022-12-05T19:20:50.875+0000] {standard_task_runner.py:83} INFO - Job 1410: Subtask broadcast_task
[2022-12-05T19:20:51.236+0000] {task_command.py:376} INFO - Running <TaskInstance: first_dag.broadcast_task scheduled__2022-12-05T00:50:00+00:00 [running]> on host debdf09646d4
[2022-12-05T19:20:51.470+0000] {taskinstance.py:1592} INFO - Exporting the following env vars:
AIRFLOW_CTX_DAG_OWNER=***
AIRFLOW_CTX_DAG_ID=first_dag
AIRFLOW_CTX_TASK_ID=broadcast_task
AIRFLOW_CTX_EXECUTION_DATE=2022-12-05T00:50:00+00:00
AIRFLOW_CTX_TRY_NUMBER=1
AIRFLOW_CTX_DAG_RUN_ID=scheduled__2022-12-05T00:50:00+00:00
[2022-12-05T19:20:52.312+0000] {logging_mixin.py:137} INFO - 23
[2022-12-05T19:20:52.313+0000] {python.py:177} INFO - Done. Returned value was: None
[2022-12-05T19:20:52.324+0000] {taskinstance.py:1406} INFO - Marking task as SUCCESS. dag_id=first_dag, task_id=broadcast_task, execution_date=20221205T005000, start_date=20221205T192050, end_date=20221205T192052
[2022-12-05T19:20:52.366+0000] {local_task_job.py:159} INFO - Task exited with return code 0
[2022-12-05T19:20:52.398+0000] {taskinstance.py:2623} INFO - 1 downstream tasks scheduled from follow-on schedule check
