[2022-11-28T20:10:51.131+0000] {taskinstance.py:1165} INFO - Dependencies all met for <TaskInstance: first_dag.world scheduled__2022-04-20T00:00:00+00:00 [queued]>
[2022-11-28T20:10:51.144+0000] {taskinstance.py:1165} INFO - Dependencies all met for <TaskInstance: first_dag.world scheduled__2022-04-20T00:00:00+00:00 [queued]>
[2022-11-28T20:10:51.145+0000] {taskinstance.py:1362} INFO - 
--------------------------------------------------------------------------------
[2022-11-28T20:10:51.145+0000] {taskinstance.py:1363} INFO - Starting attempt 1 of 1
[2022-11-28T20:10:51.146+0000] {taskinstance.py:1364} INFO - 
--------------------------------------------------------------------------------
[2022-11-28T20:10:51.166+0000] {taskinstance.py:1383} INFO - Executing <Task(PythonOperator): world> on 2022-04-20 00:00:00+00:00
[2022-11-28T20:10:51.172+0000] {standard_task_runner.py:55} INFO - Started process 713 to run task
[2022-11-28T20:10:51.176+0000] {standard_task_runner.py:82} INFO - Running: ['***', 'tasks', 'run', 'first_dag', 'world', 'scheduled__2022-04-20T00:00:00+00:00', '--job-id', '231', '--raw', '--subdir', 'DAGS_FOLDER/***1t.py', '--cfg-path', '/tmp/tmpbxfqjqzv']
[2022-11-28T20:10:51.177+0000] {standard_task_runner.py:83} INFO - Job 231: Subtask world
[2022-11-28T20:10:51.263+0000] {task_command.py:376} INFO - Running <TaskInstance: first_dag.world scheduled__2022-04-20T00:00:00+00:00 [running]> on host 7720011b9adc
[2022-11-28T20:10:51.370+0000] {taskinstance.py:1592} INFO - Exporting the following env vars:
AIRFLOW_CTX_DAG_OWNER=***
AIRFLOW_CTX_DAG_ID=first_dag
AIRFLOW_CTX_TASK_ID=world
AIRFLOW_CTX_EXECUTION_DATE=2022-04-20T00:00:00+00:00
AIRFLOW_CTX_TRY_NUMBER=1
AIRFLOW_CTX_DAG_RUN_ID=scheduled__2022-04-20T00:00:00+00:00
[2022-11-28T20:10:51.371+0000] {logging_mixin.py:137} INFO - Airflow
[2022-11-28T20:10:51.372+0000] {python.py:177} INFO - Done. Returned value was: None
[2022-11-28T20:10:51.389+0000] {taskinstance.py:1406} INFO - Marking task as SUCCESS. dag_id=first_dag, task_id=world, execution_date=20220420T000000, start_date=20221128T201051, end_date=20221128T201051
[2022-11-28T20:10:51.428+0000] {local_task_job.py:159} INFO - Task exited with return code 0
[2022-11-28T20:10:51.451+0000] {taskinstance.py:2623} INFO - 0 downstream tasks scheduled from follow-on schedule check
