[2022-11-28T20:09:46.870+0000] {taskinstance.py:1165} INFO - Dependencies all met for <TaskInstance: first_dag.world scheduled__2022-01-17T00:00:00+00:00 [queued]>
[2022-11-28T20:09:46.888+0000] {taskinstance.py:1165} INFO - Dependencies all met for <TaskInstance: first_dag.world scheduled__2022-01-17T00:00:00+00:00 [queued]>
[2022-11-28T20:09:46.888+0000] {taskinstance.py:1362} INFO - 
--------------------------------------------------------------------------------
[2022-11-28T20:09:46.890+0000] {taskinstance.py:1363} INFO - Starting attempt 1 of 1
[2022-11-28T20:09:46.891+0000] {taskinstance.py:1364} INFO - 
--------------------------------------------------------------------------------
[2022-11-28T20:09:46.917+0000] {taskinstance.py:1383} INFO - Executing <Task(PythonOperator): world> on 2022-01-17 00:00:00+00:00
[2022-11-28T20:09:46.925+0000] {standard_task_runner.py:55} INFO - Started process 218 to run task
[2022-11-28T20:09:46.932+0000] {standard_task_runner.py:82} INFO - Running: ['***', 'tasks', 'run', 'first_dag', 'world', 'scheduled__2022-01-17T00:00:00+00:00', '--job-id', '48', '--raw', '--subdir', 'DAGS_FOLDER/***1t.py', '--cfg-path', '/tmp/tmpt5zsr8hq']
[2022-11-28T20:09:46.933+0000] {standard_task_runner.py:83} INFO - Job 48: Subtask world
[2022-11-28T20:09:47.040+0000] {task_command.py:376} INFO - Running <TaskInstance: first_dag.world scheduled__2022-01-17T00:00:00+00:00 [running]> on host 7720011b9adc
[2022-11-28T20:09:47.144+0000] {taskinstance.py:1592} INFO - Exporting the following env vars:
AIRFLOW_CTX_DAG_OWNER=***
AIRFLOW_CTX_DAG_ID=first_dag
AIRFLOW_CTX_TASK_ID=world
AIRFLOW_CTX_EXECUTION_DATE=2022-01-17T00:00:00+00:00
AIRFLOW_CTX_TRY_NUMBER=1
AIRFLOW_CTX_DAG_RUN_ID=scheduled__2022-01-17T00:00:00+00:00
[2022-11-28T20:09:47.145+0000] {logging_mixin.py:137} INFO - Airflow
[2022-11-28T20:09:47.150+0000] {python.py:177} INFO - Done. Returned value was: None
[2022-11-28T20:09:47.170+0000] {taskinstance.py:1406} INFO - Marking task as SUCCESS. dag_id=first_dag, task_id=world, execution_date=20220117T000000, start_date=20221128T200946, end_date=20221128T200947
[2022-11-28T20:09:47.225+0000] {local_task_job.py:159} INFO - Task exited with return code 0
[2022-11-28T20:09:47.258+0000] {taskinstance.py:2623} INFO - 0 downstream tasks scheduled from follow-on schedule check
