[2022-11-30T20:34:55.747+0000] {taskinstance.py:1165} INFO - Dependencies all met for <TaskInstance: first_dag.len_csv manual__2022-11-30T20:34:52.592424+00:00 [queued]>
[2022-11-30T20:34:55.756+0000] {taskinstance.py:1165} INFO - Dependencies all met for <TaskInstance: first_dag.len_csv manual__2022-11-30T20:34:52.592424+00:00 [queued]>
[2022-11-30T20:34:55.757+0000] {taskinstance.py:1362} INFO - 
--------------------------------------------------------------------------------
[2022-11-30T20:34:55.757+0000] {taskinstance.py:1363} INFO - Starting attempt 1 of 1
[2022-11-30T20:34:55.758+0000] {taskinstance.py:1364} INFO - 
--------------------------------------------------------------------------------
[2022-11-30T20:34:55.771+0000] {taskinstance.py:1383} INFO - Executing <Task(PythonOperator): len_csv> on 2022-11-30 20:34:52.592424+00:00
[2022-11-30T20:34:55.776+0000] {standard_task_runner.py:55} INFO - Started process 12245 to run task
[2022-11-30T20:34:55.779+0000] {standard_task_runner.py:82} INFO - Running: ['***', 'tasks', 'run', 'first_dag', 'len_csv', 'manual__2022-11-30T20:34:52.592424+00:00', '--job-id', '810', '--raw', '--subdir', 'DAGS_FOLDER/***1t.py', '--cfg-path', '/tmp/tmpt1o2s3lx']
[2022-11-30T20:34:55.781+0000] {standard_task_runner.py:83} INFO - Job 810: Subtask len_csv
[2022-11-30T20:34:55.840+0000] {task_command.py:376} INFO - Running <TaskInstance: first_dag.len_csv manual__2022-11-30T20:34:52.592424+00:00 [running]> on host debdf09646d4
[2022-11-30T20:34:55.904+0000] {taskinstance.py:1592} INFO - Exporting the following env vars:
AIRFLOW_CTX_DAG_OWNER=***
AIRFLOW_CTX_DAG_ID=first_dag
AIRFLOW_CTX_TASK_ID=len_csv
AIRFLOW_CTX_EXECUTION_DATE=2022-11-30T20:34:52.592424+00:00
AIRFLOW_CTX_TRY_NUMBER=1
AIRFLOW_CTX_DAG_RUN_ID=manual__2022-11-30T20:34:52.592424+00:00
[2022-11-30T20:34:56.649+0000] {logging_mixin.py:137} INFO - 23
[2022-11-30T20:34:56.649+0000] {python.py:177} INFO - Done. Returned value was: None
[2022-11-30T20:34:56.658+0000] {taskinstance.py:1406} INFO - Marking task as SUCCESS. dag_id=first_dag, task_id=len_csv, execution_date=20221130T203452, start_date=20221130T203455, end_date=20221130T203456
[2022-11-30T20:34:56.676+0000] {local_task_job.py:159} INFO - Task exited with return code 0
[2022-11-30T20:34:56.693+0000] {taskinstance.py:2623} INFO - 0 downstream tasks scheduled from follow-on schedule check
