[2022-12-05T19:23:31.946+0000] {taskinstance.py:1165} INFO - Dependencies all met for <TaskInstance: first_dag.sum_task scheduled__2022-12-05T07:20:00+00:00 [queued]>
[2022-12-05T19:23:31.963+0000] {taskinstance.py:1165} INFO - Dependencies all met for <TaskInstance: first_dag.sum_task scheduled__2022-12-05T07:20:00+00:00 [queued]>
[2022-12-05T19:23:31.963+0000] {taskinstance.py:1362} INFO - 
--------------------------------------------------------------------------------
[2022-12-05T19:23:31.964+0000] {taskinstance.py:1363} INFO - Starting attempt 1 of 1
[2022-12-05T19:23:31.964+0000] {taskinstance.py:1364} INFO - 
--------------------------------------------------------------------------------
[2022-12-05T19:23:32.018+0000] {taskinstance.py:1383} INFO - Executing <Task(PythonOperator): sum_task> on 2022-12-05 07:20:00+00:00
[2022-12-05T19:23:32.025+0000] {standard_task_runner.py:55} INFO - Started process 13248 to run task
[2022-12-05T19:23:32.039+0000] {standard_task_runner.py:82} INFO - Running: ['***', 'tasks', 'run', 'first_dag', 'sum_task', 'scheduled__2022-12-05T07:20:00+00:00', '--job-id', '1994', '--raw', '--subdir', 'DAGS_FOLDER/***1t.py', '--cfg-path', '/tmp/tmpi51pg_ut']
[2022-12-05T19:23:32.041+0000] {standard_task_runner.py:83} INFO - Job 1994: Subtask sum_task
[2022-12-05T19:23:32.162+0000] {task_command.py:376} INFO - Running <TaskInstance: first_dag.sum_task scheduled__2022-12-05T07:20:00+00:00 [running]> on host debdf09646d4
[2022-12-05T19:23:32.311+0000] {taskinstance.py:1592} INFO - Exporting the following env vars:
AIRFLOW_CTX_DAG_OWNER=***
AIRFLOW_CTX_DAG_ID=first_dag
AIRFLOW_CTX_TASK_ID=sum_task
AIRFLOW_CTX_EXECUTION_DATE=2022-12-05T07:20:00+00:00
AIRFLOW_CTX_TRY_NUMBER=1
AIRFLOW_CTX_DAG_RUN_ID=scheduled__2022-12-05T07:20:00+00:00
[2022-12-05T19:23:32.315+0000] {python.py:177} INFO - Done. Returned value was: None
[2022-12-05T19:23:32.342+0000] {taskinstance.py:1406} INFO - Marking task as SUCCESS. dag_id=first_dag, task_id=sum_task, execution_date=20221205T072000, start_date=20221205T192331, end_date=20221205T192332
[2022-12-05T19:23:32.411+0000] {local_task_job.py:159} INFO - Task exited with return code 0
[2022-12-05T19:23:32.448+0000] {taskinstance.py:2623} INFO - 0 downstream tasks scheduled from follow-on schedule check
