[2022-12-05T19:25:06.820+0000] {taskinstance.py:1165} INFO - Dependencies all met for <TaskInstance: first_dag.number_task scheduled__2022-12-05T11:35:00+00:00 [queued]>
[2022-12-05T19:25:06.839+0000] {taskinstance.py:1165} INFO - Dependencies all met for <TaskInstance: first_dag.number_task scheduled__2022-12-05T11:35:00+00:00 [queued]>
[2022-12-05T19:25:06.840+0000] {taskinstance.py:1362} INFO - 
--------------------------------------------------------------------------------
[2022-12-05T19:25:06.842+0000] {taskinstance.py:1363} INFO - Starting attempt 1 of 1
[2022-12-05T19:25:06.844+0000] {taskinstance.py:1364} INFO - 
--------------------------------------------------------------------------------
[2022-12-05T19:25:06.879+0000] {taskinstance.py:1383} INFO - Executing <Task(PythonOperator): number_task> on 2022-12-05 11:35:00+00:00
[2022-12-05T19:25:06.888+0000] {standard_task_runner.py:55} INFO - Started process 14350 to run task
[2022-12-05T19:25:06.904+0000] {standard_task_runner.py:82} INFO - Running: ['***', 'tasks', 'run', 'first_dag', 'number_task', 'scheduled__2022-12-05T11:35:00+00:00', '--job-id', '2324', '--raw', '--subdir', 'DAGS_FOLDER/***1t.py', '--cfg-path', '/tmp/tmp99s66xk2']
[2022-12-05T19:25:06.908+0000] {standard_task_runner.py:83} INFO - Job 2324: Subtask number_task
[2022-12-05T19:25:07.174+0000] {task_command.py:376} INFO - Running <TaskInstance: first_dag.number_task scheduled__2022-12-05T11:35:00+00:00 [running]> on host debdf09646d4
[2022-12-05T19:25:07.504+0000] {taskinstance.py:1592} INFO - Exporting the following env vars:
AIRFLOW_CTX_DAG_OWNER=***
AIRFLOW_CTX_DAG_ID=first_dag
AIRFLOW_CTX_TASK_ID=number_task
AIRFLOW_CTX_EXECUTION_DATE=2022-12-05T11:35:00+00:00
AIRFLOW_CTX_TRY_NUMBER=1
AIRFLOW_CTX_DAG_RUN_ID=scheduled__2022-12-05T11:35:00+00:00
[2022-12-05T19:25:07.522+0000] {logging_mixin.py:137} INFO - 43   36
[2022-12-05T19:25:07.523+0000] {logging_mixin.py:137} INFO - <_io.TextIOWrapper name='file.txt' mode='a' encoding='UTF-8'>
[2022-12-05T19:25:07.526+0000] {python.py:177} INFO - Done. Returned value was: None
[2022-12-05T19:25:07.543+0000] {taskinstance.py:1406} INFO - Marking task as SUCCESS. dag_id=first_dag, task_id=number_task, execution_date=20221205T113500, start_date=20221205T192506, end_date=20221205T192507
[2022-12-05T19:25:07.618+0000] {local_task_job.py:159} INFO - Task exited with return code 0
[2022-12-05T19:25:07.689+0000] {taskinstance.py:2623} INFO - 1 downstream tasks scheduled from follow-on schedule check
