[2022-11-28T20:12:23.274+0000] {taskinstance.py:1165} INFO - Dependencies all met for <TaskInstance: first_dag.hello scheduled__2022-08-26T00:00:00+00:00 [queued]>
[2022-11-28T20:12:23.292+0000] {taskinstance.py:1165} INFO - Dependencies all met for <TaskInstance: first_dag.hello scheduled__2022-08-26T00:00:00+00:00 [queued]>
[2022-11-28T20:12:23.293+0000] {taskinstance.py:1362} INFO - 
--------------------------------------------------------------------------------
[2022-11-28T20:12:23.293+0000] {taskinstance.py:1363} INFO - Starting attempt 1 of 1
[2022-11-28T20:12:23.294+0000] {taskinstance.py:1364} INFO - 
--------------------------------------------------------------------------------
[2022-11-28T20:12:23.394+0000] {taskinstance.py:1383} INFO - Executing <Task(BashOperator): hello> on 2022-08-26 00:00:00+00:00
[2022-11-28T20:12:23.400+0000] {standard_task_runner.py:55} INFO - Started process 1416 to run task
[2022-11-28T20:12:23.404+0000] {standard_task_runner.py:82} INFO - Running: ['***', 'tasks', 'run', 'first_dag', 'hello', 'scheduled__2022-08-26T00:00:00+00:00', '--job-id', '483', '--raw', '--subdir', 'DAGS_FOLDER/***1t.py', '--cfg-path', '/tmp/tmp1wqlzvz8']
[2022-11-28T20:12:23.405+0000] {standard_task_runner.py:83} INFO - Job 483: Subtask hello
[2022-11-28T20:12:23.488+0000] {task_command.py:376} INFO - Running <TaskInstance: first_dag.hello scheduled__2022-08-26T00:00:00+00:00 [running]> on host 7720011b9adc
[2022-11-28T20:12:23.594+0000] {taskinstance.py:1592} INFO - Exporting the following env vars:
AIRFLOW_CTX_DAG_OWNER=***
AIRFLOW_CTX_DAG_ID=first_dag
AIRFLOW_CTX_TASK_ID=hello
AIRFLOW_CTX_EXECUTION_DATE=2022-08-26T00:00:00+00:00
AIRFLOW_CTX_TRY_NUMBER=1
AIRFLOW_CTX_DAG_RUN_ID=scheduled__2022-08-26T00:00:00+00:00
[2022-11-28T20:12:23.596+0000] {subprocess.py:63} INFO - Tmp dir root location: 
 /tmp
[2022-11-28T20:12:23.597+0000] {subprocess.py:75} INFO - Running command: ['/bin/bash', '-c', 'echo hello']
[2022-11-28T20:12:23.609+0000] {subprocess.py:86} INFO - Output:
[2022-11-28T20:12:23.610+0000] {subprocess.py:93} INFO - hello
[2022-11-28T20:12:23.611+0000] {subprocess.py:97} INFO - Command exited with return code 0
[2022-11-28T20:12:23.642+0000] {taskinstance.py:1406} INFO - Marking task as SUCCESS. dag_id=first_dag, task_id=hello, execution_date=20220826T000000, start_date=20221128T201223, end_date=20221128T201223
[2022-11-28T20:12:23.696+0000] {local_task_job.py:159} INFO - Task exited with return code 0
[2022-11-28T20:12:23.721+0000] {taskinstance.py:2623} INFO - 1 downstream tasks scheduled from follow-on schedule check
