[2022-12-05T18:22:33.717+0000] {taskinstance.py:1165} INFO - Dependencies all met for <TaskInstance: first_dag.broadcast_task manual__2022-12-05T18:22:26.379699+00:00 [queued]>
[2022-12-05T18:22:33.726+0000] {taskinstance.py:1165} INFO - Dependencies all met for <TaskInstance: first_dag.broadcast_task manual__2022-12-05T18:22:26.379699+00:00 [queued]>
[2022-12-05T18:22:33.727+0000] {taskinstance.py:1362} INFO - 
--------------------------------------------------------------------------------
[2022-12-05T18:22:33.727+0000] {taskinstance.py:1363} INFO - Starting attempt 1 of 1
[2022-12-05T18:22:33.728+0000] {taskinstance.py:1364} INFO - 
--------------------------------------------------------------------------------
[2022-12-05T18:22:33.742+0000] {taskinstance.py:1383} INFO - Executing <Task(PythonOperator): broadcast_task> on 2022-12-05 18:22:26.379699+00:00
[2022-12-05T18:22:33.747+0000] {standard_task_runner.py:55} INFO - Started process 7746 to run task
[2022-12-05T18:22:33.750+0000] {standard_task_runner.py:82} INFO - Running: ['***', 'tasks', 'run', 'first_dag', 'broadcast_task', 'manual__2022-12-05T18:22:26.379699+00:00', '--job-id', '1152', '--raw', '--subdir', 'DAGS_FOLDER/***1t.py', '--cfg-path', '/tmp/tmpqv770v0r']
[2022-12-05T18:22:33.752+0000] {standard_task_runner.py:83} INFO - Job 1152: Subtask broadcast_task
[2022-12-05T18:22:33.818+0000] {task_command.py:376} INFO - Running <TaskInstance: first_dag.broadcast_task manual__2022-12-05T18:22:26.379699+00:00 [running]> on host debdf09646d4
[2022-12-05T18:22:33.887+0000] {taskinstance.py:1592} INFO - Exporting the following env vars:
AIRFLOW_CTX_DAG_OWNER=***
AIRFLOW_CTX_DAG_ID=first_dag
AIRFLOW_CTX_TASK_ID=broadcast_task
AIRFLOW_CTX_EXECUTION_DATE=2022-12-05T18:22:26.379699+00:00
AIRFLOW_CTX_TRY_NUMBER=1
AIRFLOW_CTX_DAG_RUN_ID=manual__2022-12-05T18:22:26.379699+00:00
[2022-12-05T18:22:34.685+0000] {logging_mixin.py:137} INFO - 23
[2022-12-05T18:22:34.686+0000] {python.py:177} INFO - Done. Returned value was: None
[2022-12-05T18:22:34.694+0000] {taskinstance.py:1406} INFO - Marking task as SUCCESS. dag_id=first_dag, task_id=broadcast_task, execution_date=20221205T182226, start_date=20221205T182233, end_date=20221205T182234
[2022-12-05T18:22:34.727+0000] {local_task_job.py:159} INFO - Task exited with return code 0
[2022-12-05T18:22:34.753+0000] {taskinstance.py:2623} INFO - 1 downstream tasks scheduled from follow-on schedule check
