[2022-12-05T19:21:09.577+0000] {taskinstance.py:1165} INFO - Dependencies all met for <TaskInstance: first_dag.hello scheduled__2022-12-05T02:15:00+00:00 [queued]>
[2022-12-05T19:21:09.609+0000] {taskinstance.py:1165} INFO - Dependencies all met for <TaskInstance: first_dag.hello scheduled__2022-12-05T02:15:00+00:00 [queued]>
[2022-12-05T19:21:09.612+0000] {taskinstance.py:1362} INFO - 
--------------------------------------------------------------------------------
[2022-12-05T19:21:09.613+0000] {taskinstance.py:1363} INFO - Starting attempt 1 of 1
[2022-12-05T19:21:09.640+0000] {taskinstance.py:1364} INFO - 
--------------------------------------------------------------------------------
[2022-12-05T19:21:09.926+0000] {taskinstance.py:1383} INFO - Executing <Task(BashOperator): hello> on 2022-12-05 02:15:00+00:00
[2022-12-05T19:21:09.934+0000] {standard_task_runner.py:55} INFO - Started process 11593 to run task
[2022-12-05T19:21:09.945+0000] {standard_task_runner.py:82} INFO - Running: ['***', 'tasks', 'run', 'first_dag', 'hello', 'scheduled__2022-12-05T02:15:00+00:00', '--job-id', '1494', '--raw', '--subdir', 'DAGS_FOLDER/***1t.py', '--cfg-path', '/tmp/tmpu7atmsnb']
[2022-12-05T19:21:09.951+0000] {standard_task_runner.py:83} INFO - Job 1494: Subtask hello
[2022-12-05T19:21:10.175+0000] {task_command.py:376} INFO - Running <TaskInstance: first_dag.hello scheduled__2022-12-05T02:15:00+00:00 [running]> on host debdf09646d4
[2022-12-05T19:21:10.390+0000] {taskinstance.py:1592} INFO - Exporting the following env vars:
AIRFLOW_CTX_DAG_OWNER=***
AIRFLOW_CTX_DAG_ID=first_dag
AIRFLOW_CTX_TASK_ID=hello
AIRFLOW_CTX_EXECUTION_DATE=2022-12-05T02:15:00+00:00
AIRFLOW_CTX_TRY_NUMBER=1
AIRFLOW_CTX_DAG_RUN_ID=scheduled__2022-12-05T02:15:00+00:00
[2022-12-05T19:21:10.392+0000] {subprocess.py:63} INFO - Tmp dir root location: 
 /tmp
[2022-12-05T19:21:10.394+0000] {subprocess.py:75} INFO - Running command: ['/bin/bash', '-c', 'echo hello']
[2022-12-05T19:21:10.431+0000] {subprocess.py:86} INFO - Output:
[2022-12-05T19:21:10.435+0000] {subprocess.py:93} INFO - hello
[2022-12-05T19:21:10.436+0000] {subprocess.py:97} INFO - Command exited with return code 0
[2022-12-05T19:21:10.506+0000] {taskinstance.py:1406} INFO - Marking task as SUCCESS. dag_id=first_dag, task_id=hello, execution_date=20221205T021500, start_date=20221205T192109, end_date=20221205T192110
[2022-12-05T19:21:10.610+0000] {local_task_job.py:159} INFO - Task exited with return code 0
[2022-12-05T19:21:10.781+0000] {taskinstance.py:2623} INFO - 1 downstream tasks scheduled from follow-on schedule check
